0 0.000136963 1565
1 0.000280717 1150
2 0.00121401 165
3 0.00312535 78
4 0.00355361 315
5 0.00915098 24
6 0.0155913 21
7 0.0218234 22
8 0.0277015 24
9 0.036049 17
10 0.0445895 17
11 0.0523437 19
12 0.0605891 18
13 0.0691236 18
14 0.0788176 16
15 0.0887811 16
16 0.0970498 20
17 0.106335 18
18 0.11705 16
19 0.12523 22
20 0.136137 17
21 0.146612 18
22 0.156355 20
23 0.167402 18
24 0.178565 18
25 0.189631 19
26 0.203019 16
27 0.21502 18
28 0.228661 16
29 0.239967 20
30 0.249875 24
31 0.261969 20
32 0.275685 18
33 0.291427 16
34 0.307497 16
35 0.321289 19
36 0.335304 19
37 0.345774 26
38 0.36138 18
39 0.378314 17
40 0.394707 18
41 0.409536 20
42 0.421742 25
43 0.437928 19
44 0.452813 21
45 0.466067 24
46 0.47873 26
47 0.490333 29
48 0.511506 16
49 0.530595 18
50 0.549808 18
51 0.571717 16
52 0.59376 16
53 0.615945 16
54 0.638297 16
55 0.654896 22
56 0.673279 20
57 0.696606 16
58 0.705612 42
59 0.727087 18
60 0.748825 18
61 0.765312 24
62 0.788739 17
63 0.811017 18
64 0.834766 17
65 0.858849 17
66 0.880659 19
67 0.906697 16
68 0.919918 32
69 0.935744 27
70 0.954419 23
71 0.981539 16
72 1.00576 18
73 1.03325 16
74 1.06086 16
75 1.08564 18
76 1.10458 24
77 1.12864 19
78 1.15275 19
79 1.18145 16
80 1.20864 17
81 1.22883 23
82 1.25331 19
83 1.27922 18
84 1.30842 16
85 1.33769 16
86 1.35914 22
87 1.38281 20
88 1.40776 19
89 1.43573 17
90 1.46218 18
91 1.48053 26
92 1.50568 19
93 1.53229 18
94 1.56051 17
95 1.58876 17
96 1.61882 16
97 1.6489 16
98 1.67568 18
99 1.69355 27
100 1.72373 16
101 1.75395 16
102 1.77945 19
103 1.80983 16
104 1.83097 23
105 1.86139 16
106 1.89184 16
107 1.91893 18
108 1.94218 21
109 1.9727 16
110 1.9949 22
111 2.01934 20
112 2.04991 16
113 2.08048 16
114 2.1077 18
115 2.13833 16
116 2.16897 16
117 2.18713 27
118 2.21165 20
119 2.23748 19
120 2.26475 18
121 2.29544 16
122 2.32434 17
123 2.34774 21
124 2.37845 16
125 2.40737 17
126 2.43809 16
127 2.4654 18
128 2.49272 18
129 2.52164 17
130 2.54897 18
131 2.57356 20
132 2.60089 18
133 2.62983 17
134 2.65326 21
135 2.67787 20
136 2.70247 20
137 2.72838 19
138 2.75733 17
139 2.77971 22
140 2.80705 18
141 2.83049 21
142 2.86126 16
143 2.88861 18
144 2.91597 18
145 2.94332 18
146 2.97068 18
147 3.00146 16
148 3.02608 20
149 3.05344 18
150 3.07102 28
151 3.09839 18
152 3.12575 18
153 3.14813 22
154 3.17052 22
155 3.2013 16
156 3.23209 16
157 3.26287 16
158 3.29024 18
159 3.31076 24
160 3.33539 20
161 3.35592 24
162 3.3867 16
163 3.41407 18
164 3.44486 16
165 3.47564 16
166 3.50643 16
167 3.53236 19
168 3.55972 18
169 3.59051 16
170 3.61788 18
171 3.64525 18
172 3.66764 22
173 3.68462 29
174 3.70604 23
175 3.73683 16
176 3.76146 20
177 3.78883 18
178 3.81476 19
179 3.84374 17
180 3.86966 19
181 3.90045 16
182 3.92782 18
183 3.94835 24
184 3.97914 16
185 4.0065 18
186 4.03729 16
187 4.057 25
188 4.08437 18
189 4.10676 22
190 4.13755 16
191 4.16834 16
192 4.19732 17
193 4.22811 16
194 4.2589 16
195 4.28235 21
196 4.30699 20
197 4.32841 23
198 4.35433 19
199 4.3817 18
200 4.41249 16
201 4.43842 19
202 4.4674 17
203 4.49333 19
204 4.52069 18
205 4.54806 18
206 4.57885 16
207 4.60124 22
208 4.62717 19
209 4.65615 17
210 4.68208 19
211 4.70945 18
212 4.74024 16
213 4.76616 19
214 4.7908 20
215 4.81817 18
216 4.83787 25
217 4.86524 18
218 4.88763 22
219 4.90816 24
220 4.93895 16
221 4.96632 18
222 4.98871 22
223 5.01608 18
224 5.04071 20
225 5.0631 22
226 5.08656 21
227 5.11735 16
228 5.14633 17
229 5.17531 17
230 5.19876 21
231 5.22613 18
232 5.25692 16
233 5.28771 16
234 5.3185 16
235 5.34929 16
236 5.37275 21
237 5.39738 20
238 5.41791 24
239 5.44528 18
240 5.46767 22
241 5.49504 18
242 5.52583 16
243 5.55481 17
244 5.57944 20
245 5.60407 20
246 5.6287 20
247 5.65949 16
248 5.6792 25
249 5.70265 21
250 5.73002 18
251 5.75739 18
252 5.78476 18
253 5.81555 16
254 5.84148 19
255 5.87227 16
256 5.90306 16
257 5.91948 30
258 5.95027 16
259 5.9749 20
260 6.00227 18
261 6.0269 20
262 6.05427 18
263 6.08506 16
264 6.11243 18
265 6.13979 18
266 6.16219 22
267 6.19298 16
268 6.2135 24
269 6.24429 16
270 6.27327 17
271 6.2992 19
272 6.32999 16
273 6.35345 21
274 6.37691 21
275 6.40427 18
276 6.43164 18
277 6.45627 20
278 6.48706 16
279 6.51785 16
280 6.54378 19
281 6.57457 16
282 6.59803 21
283 6.62882 16
284 6.64524 30
285 6.67603 16
286 6.69302 29
287 6.71765 20
288 6.74844 16
289 6.76986 23
290 6.80065 16
291 6.82528 20
292 6.85265 18
293 6.87728 20
294 6.90465 18
295 6.93202 18
296 6.95665 20
297 6.98563 17
298 7.01299 18
299 7.04378 16
300 7.07457 16
301 7.10194 18
302 7.12657 20
303 7.15555 17
304 7.18292 18
305 7.21029 18
306 7.24108 16
307 7.26571 20
308 7.29308 18
309 7.32045 18
310 7.35124 16
311 7.38203 16
312 7.40795 19
313 7.43874 16
314 7.46953 16
315 7.48713 28
316 7.51611 17
317 7.53663 24
318 7.55902 22
319 7.58248 21
320 7.61327 16
321 7.64064 18
322 7.66527 20
323 7.69264 18
324 7.72001 18
325 7.74143 23
326 7.76606 20
327 7.79069 20
328 7.81806 18
329 7.84885 16
330 7.87783 17
331 7.90862 16
332 7.93325 20
333 7.96223 17
334 7.98816 19
335 8.01161 21
336 8.04059 17
337 8.06299 22
338 8.09378 16
339 8.12275 17
340 8.15173 17
341 8.18252 16
342 8.20989 18
343 8.24068 16
344 8.27147 16
345 8.30226 16
346 8.33305 16
347 8.36203 17
348 8.3894 18
349 8.41403 20
350 8.4414 18
351 8.46603 20
352 8.49066 20
353 8.52145 16
354 8.54491 21
355 8.56837 21
356 8.59573 18
357 8.6231 18
358 8.65389 16
359 8.68468 16
360 8.71547 16
361 8.74626 16
362 8.77219 19
363 8.78918 29
364 8.81263 21
365 8.83856 19
366 8.86935 16
367 8.89281 21
368 8.92018 18
369 8.95097 16
370 8.98176 16
371 9.00769 19
372 9.03008 22
373 9.05745 18
374 9.08824 16
375 9.11903 16
376 9.14982 16
377 9.17221 22
378 9.19684 20
379 9.2203 21
380 9.24623 19
381 9.2736 18
382 9.29599 22
383 9.32678 16
384 9.35757 16
385 9.38836 16
386 9.41573 18
387 9.44651 16
388 9.46411 28
389 9.48874 20
390 9.51953 16
391 9.5469 18
392 9.57427 18
393 9.60164 18
394 9.63243 16
395 9.65979 18
396 9.69058 16
397 9.72137 16
398 9.74874 18
399 9.77953 16
400 9.80416 20
401 9.83153 18
402 9.86232 16
403 9.89311 16
404 9.9239 16
405 9.95288 17
406 9.97527 22
407 10.0012 19
408 10.032 16
409 10.061 17
410 10.0899 17
411 10.1159 19
412 10.1449 17
413 10.1756 16
414 10.2064 16
415 10.2338 18
416 10.2612 18
417 10.292 16
418 10.3227 16
419 10.3501 18
420 10.3775 18
421 10.4065 17
422 10.4373 16
423 10.4662 17
424 10.4936 18
425 10.521 18
426 10.5456 20
427 10.5746 17
428 10.598 21
429 10.627 17
430 10.6544 18
431 10.6818 18
432 10.7015 25
433 10.7322 16
434 10.7596 18
435 10.7904 16
436 10.8178 18
437 10.8486 16
438 10.8759 18
439 10.9049 17
440 10.9339 17
441 10.9647 16
442 10.9955 16
443 11.0263 16
444 11.0509 20
445 11.0783 18
446 11.0959 28
447 11.1232 18
448 11.1479 20
449 11.1725 20
450 11.1959 21
451 11.2219 19
452 11.2527 16
453 11.2834 16
454 11.3081 20
455 11.334 19
456 11.3648 16
457 11.3922 18
458 11.4195 18
459 11.4503 16
460 11.4811 16
461 11.5119 16
462 11.5365 20
463 11.5673 16
464 11.5897 22
465 11.6171 18
466 11.6479 16
467 11.6738 19
468 11.6952 23
469 11.7242 17
470 11.7516 18
471 11.7762 20
472 11.7951 26
473 11.8259 16
474 11.8567 16
475 11.8827 19
476 11.9116 17
477 11.9424 16
478 11.9698 18
479 12.0006 16
480 12.0296 17
481 12.0603 16
482 12.0827 22
483 12.1087 19
484 12.1321 21
485 12.1629 16
486 12.1937 16
487 12.2211 18
488 12.2519 16
489 12.2792 18
490 12.31 16
491 12.3335 21
492 12.3559 22
493 12.3867 16
494 12.4175 16
495 12.4434 19
496 12.4708 18
497 12.4997 17
498 12.5271 18
499 12.5561 17
500 12.5834 18
501 12.6108 18
502 12.6343 21
503 12.6589 20
504 12.6897 16
505 12.7132 21
506 12.7391 19
507 12.7637 20
508 12.7861 22
509 12.8169 16
510 12.8428 19
511 12.8675 20
512 12.8982 16
513 12.9229 20
514 12.9443 23
515 12.9733 17
516 13.0041 16
517 13.0246 24
518 13.0554 16
519 13.0827 18
520 13.1087 19
521 13.1377 17
522 13.1623 20
523 13.1931 16
524 13.2204 18
525 13.2494 17
526 13.2768 18
527 13.3076 16
528 13.3349 18
529 13.3657 16
530 13.3965 16
531 13.4225 19
532 13.4498 18
533 13.4772 18
534 13.508 16
535 13.5339 19
536 13.5647 16
537 13.5882 21
538 13.6128 20
539 13.6436 16
540 13.6709 18
541 13.6983 18
542 13.7291 16
543 13.7599 16
544 13.7845 20
545 13.8119 18
546 13.8393 18
547 13.8701 16
548 13.899 17
549 13.928 17
550 13.9515 21
551 13.9823 16
552 14.0112 17
553 14.0372 19
554 14.068 16
555 14.0987 16
556 14.1211 22
557 14.1519 16
558 14.1766 20
559 14.2 21
560 14.2308 16
561 14.2582 18
562 14.289 16
563 14.3163 18
564 14.3471 16
565 14.3779 16
566 14.4025 20
567 14.4315 17
568 14.4574 19
569 14.4848 18
570 14.5031 27
571 14.5339 16
572 14.5646 16
573 14.5954 16
574 14.6228 18
575 14.6487 19
576 14.6777 17
577 14.7085 16
578 14.7393 16
579 14.7617 22
580 14.7925 16
581 14.8233 16
582 14.8506 18
583 14.8814 16
584 14.9088 18
585 14.9396 16
586 14.9669 18
587 14.9959 17
588 15.0206 20
589 15.0513 16
590 15.0787 18
591 15.0992 24
592 15.1239 20
593 15.1463 22
594 15.1722 19
595 15.1968 20
596 15.2258 17
597 15.2455 25
598 15.2763 16
599 15.3037 18
600 15.3283 20
601 15.3557 18
602 15.3846 17
603 15.4052 24
604 15.4276 22
605 15.4583 16
606 15.4891 16
607 15.5165 18
608 15.5411 20
609 15.5671 19
610 15.5944 18
611 15.6252 16
612 15.656 16
613 15.6868 16
614 15.7176 16
615 15.745 18
616 15.7758 16
617 15.8065 16
618 15.8339 18
619 15.8647 16
620 15.8955 16
621 15.9263 16
622 15.9509 20
623 15.9817 16
624 16.0091 18
625 16.0364 18
626 16.057 24
627 16.0816 20
628 16.1051 21
629 16.1358 16
630 16.1632 18
631 16.194 16
632 16.2186 20
633 16.2494 16
634 16.2802 16
635 16.311 16
636 16.3384 18
637 16.3673 17
638 16.392 20
639 16.4166 20
640 16.4474 16
641 16.4782 16
642 16.5056 18
643 16.5363 16
644 16.5653 17
645 16.5913 19
646 16.6159 20
647 16.6433 18
648 16.6679 20
649 16.6969 17
650 16.7242 18
651 16.7516 18
652 16.7824 16
653 16.8083 19
654 16.8357 18
655 16.8631 18
656 16.8877 20
657 16.9185 16
658 16.9458 18
659 16.9766 16
660 17.0056 17
661 17.0302 20
662 17.061 16
663 17.0918 16
664 17.1192 18
665 17.1438 20
666 17.1746 16
667 17.2005 19
668 17.222 23
669 17.2479 19
670 17.2725 20
671 17.3033 16
672 17.3341 16
673 17.3649 16
674 17.3939 17
675 17.4185 20
676 17.4444 19
677 17.4668 22
678 17.4873 24
679 17.5147 18
680 17.5455 16
681 17.5679 22
682 17.5938 19
683 17.6246 16
684 17.647 22
685 17.6778 16
686 17.7068 17
687 17.7341 18
688 17.7649 16
689 17.7957 16
690 17.8181 22
691 17.8489 16
692 17.8713 22
693 17.9003 17
694 17.9311 16
695 17.96 17
696 17.9847 20
697 18.012 18
698 18.0317 25
699 18.0607 17
700 18.0804 25
701 18.1112 16
702 18.1326 23
703 18.1634 16
704 18.1908 18
705 18.2167 19
706 18.2457 17
707 18.2765 16
708 18.3011 20
709 18.3319 16
710 18.3593 18
711 18.3867 18
712 18.4156 17
713 18.4446 17
714 18.4692 20
715 18.5 16
716 18.5308 16
717 18.5555 20
718 18.5828 18
719 18.6042 23
720 18.6332 17
721 18.6546 23
722 18.6806 19
723 18.7114 16
724 18.7403 17
725 18.7627 22
726 18.7851 22
727 18.8159 16
728 18.8449 17
729 18.8723 18
730 18.903 16
731 18.932 17
732 18.961 17
733 18.9884 18
734 19.0192 16
735 19.0426 21
736 19.0734 16
737 19.1042 16
738 19.1266 22
739 19.149 22
740 19.1798 16
741 19.2106 16
742 19.2365 19
743 19.2673 16
744 19.2963 17
745 19.3236 18
746 19.3544 16
747 19.3852 16
748 19.4076 22
749 19.4366 17
750 19.4674 16
751 19.4823 33
752 19.5113 17
753 19.5337 22
754 19.5583 20
755 19.5891 16
756 19.6137 20
757 19.6445 16
758 19.6753 16
759 19.7043 17
760 19.7351 16
761 19.7624 18
762 19.7932 16
763 19.8167 21
764 19.8475 16
765 19.8783 16
766 19.909 16
767 19.935 19
768 19.9584 21
769 19.9858 18
770 20.0093 21
771 20.0327 21
772 20.0601 18
773 20.0875 18
774 20.1164 17
775 20.1438 18
776 20.1746 16
777 20.1951 24
778 20.221 19
779 20.2518 16
780 20.2826 16
781 20.3116 17
782 20.3424 16
783 20.3732 16
784 20.3978 20
785 20.4252 18
786 20.4511 19
787 20.4819 16
788 20.5078 19
789 20.5386 16
790 20.5633 20
791 20.5922 17
792 20.6182 19
793 20.6441 19
794 20.67 19
795 20.7008 16
796 20.7222 23
797 20.7496 18
798 20.777 18
799 20.7975 24
800 20.8283 16
801 20.8529 20
802 20.8775 20
803 20.9049 18
804 20.9323 18
805 20.9631 16
806 20.9904 18
807 21.0212 16
808 21.052 16
809 21.0794 18
810 21.104 20
811 21.1348 16
812 21.1622 18
813 21.1895 18
814 21.2155 19
815 21.2401 20
816 21.2636 21
817 21.2925 17
818 21.3199 18
819 21.3445 20
820 21.3753 16
821 21.4043 17
822 21.4289 20
823 21.4563 18
824 21.4853 17
825 21.5127 18
826 21.5434 16
827 21.5742 16
828 21.6032 17
829 21.6306 18
830 21.6614 16
831 21.6887 18
832 21.7161 18
833 21.7469 16
834 21.7777 16
835 21.7936 31
836 21.8195 19
837 21.84 24
838 21.8708 16
839 21.8998 17
840 21.9306 16
841 21.954 21
842 21.983 17
843 22.0138 16
844 22.0446 16
845 22.0754 16
846 22.1062 16
847 22.1352 17
848 22.166 16
849 22.1967 16
850 22.2214 20
851 22.2522 16
852 22.283 16
853 22.3137 16
854 22.3427 17
855 22.3674 20
856 22.3947 18
857 22.4206 19
858 22.4496 17
859 22.477 18
860 22.506 17
861 22.5306 20
862 22.5614 16
863 22.586 20
864 22.615 17
865 22.6458 16
866 22.6748 17
867 22.7056 16
868 22.7329 18
869 22.7553 22
870 22.7861 16
871 22.8135 18
872 22.8409 18
873 22.8668 19
874 22.8927 19
875 22.9235 16
876 22.9543 16
877 22.9851 16
878 23.0124 18
879 23.0398 18
880 23.0688 17
881 23.0978 17
882 23.1202 22
883 23.1475 18
884 23.1765 17
885 23.2073 16
886 23.2332 19
887 23.264 16
888 23.2948 16
889 23.3256 16
890 23.3564 16
891 23.3838 18
892 23.4061 22
893 23.4369 16
894 23.4616 20
895 23.4821 24
896 23.5095 18
897 23.5341 20
898 23.5615 18
899 23.5923 16
900 23.6128 24
901 23.6362 21
902 23.6586 22
903 23.6876 17
904 23.7184 16
905 23.7458 18
906 23.7731 18
907 23.7991 19
908 23.8225 21
909 23.8472 20
910 23.8706 21
911 23.9014 16
912 23.9322 16
913 23.9581 19
914 23.9889 16
915 24.0197 16
916 24.0505 16
917 24.0795 17
918 24.1068 18
919 24.1328 19
920 24.1601 18
921 24.1848 20
922 24.2137 17
923 24.2361 22
924 24.2608 20
925 24.2916 16
926 24.3223 16
927 24.3531 16
928 24.3737 24
929 24.3926 26
930 24.4234 16
931 24.4493 19
932 24.474 20
933 24.5029 17
934 24.5303 18
935 24.5577 18
936 24.5885 16
937 24.6174 17
938 24.6482 16
939 24.6742 19
940 24.7015 18
941 24.7323 16
942 24.7631 16
943 24.789 19
944 24.818 17
945 24.8454 18
946 24.8762 16
947 24.9008 20
948 24.9267 19
949 24.9491 22
950 24.9799 16
951 25.0073 18
952 25.0346 18
953 25.0654 16
954 25.0928 18
955 25.1202 18
956 25.151 16
957 25.1783 18
958 25.2057 18
959 25.2303 20
960 25.2577 18
961 25.2851 18
962 25.3124 18
963 25.3398 18
964 25.3633 21
965 25.383 25
966 25.4119 17
967 25.4427 16
968 25.4735 16
969 25.5043 16
970 25.5351 16
971 25.5641 17
972 25.5949 16
973 25.6257 16
974 25.653 18
975 25.6838 16
976 25.7146 16
977 25.7454 16
978 25.7728 18
979 25.8001 18
980 25.8275 18
981 25.8534 19
982 25.8781 20
983 25.9027 20
984 25.9317 17
985 25.9551 21
986 25.9859 16
987 26.0083 22
988 26.0357 18
989 26.0665 16
990 26.0938 18
991 26.1246 16
992 26.152 18
993 26.181 17
994 26.2069 19
995 26.2343 18
996 26.2616 18
997 26.2924 16
998 26.3214 17
999 26.3522 16
1000 26.3812 17
1001 26.412 16
1002 26.4393 18
1003 26.4701 16
1004 26.4975 18
1005 26.5189 23
1006 26.5435 20
1007 26.5743 16
1008 26.6033 17
1009 26.6341 16
1010 26.66 19
1011 26.686 19
1012 26.7149 17
1013 26.7457 16
1014 26.7747 17
1015 26.8055 16
1016 26.8363 16
1017 26.8671 16
1018 26.893 19
1019 26.9189 19
1020 26.9463 18
1021 26.9753 17
1022 27.0012 19
1023 27.0302 17
1024 27.0592 17
1025 27.09 16
1026 27.1207 16
1027 27.1454 20
1028 27.1727 18
1029 27.2035 16
1030 27.2282 20
1031 27.259 16
1032 27.2897 16
1033 27.3205 16
1034 27.3513 16
1035 27.376 20
1036 27.4019 19
1037 27.4327 16
1038 27.4635 16
1039 27.4943 16
1040 27.525 16
1041 27.5558 16
1042 27.5805 20
1043 27.6113 16
1044 27.642 16
1045 27.6694 18
1046 27.6918 22
1047 27.7123 24
1048 27.7413 17
1049 27.7637 22
1050 27.7911 18
1051 27.8219 16
1052 27.8453 21
1053 27.8727 18
1054 27.8986 19
1055 27.926 18
1056 27.9494 21
1057 27.9768 18
1058 28.0076 16
1059 28.0384 16
1060 28.0692 16
1061 28.1 16
1062 28.1273 18
1063 28.1581 16
1064 28.1889 16
1065 28.2197 16
1066 28.2505 16
1067 28.2813 16
1068 28.3018 24
1069 28.3326 16
1070 28.36 18
1071 28.3908 16
1072 28.4197 17
1073 28.4421 22
1074 28.4729 16
1075 28.5037 16
1076 28.5261 22
1077 28.552 19
1078 28.5828 16
1079 28.6102 18
1080 28.6392 17
1081 28.6597 24
1082 28.6831 21
1083 28.7139 16
1084 28.7386 20
1085 28.7632 20
1086 28.794 16
1087 28.8199 19
1088 28.8458 19
1089 28.8766 16
1090 28.9056 17
1091 28.928 22
1092 28.9554 18
1093 28.9862 16
1094 29.0108 20
1095 29.0416 16
1096 29.063 23
1097 29.0938 16
1098 29.1173 21
1099 29.148 16
1100 29.1754 18
1101 29.2062 16
1102 29.2336 18
1103 29.257 21
1104 29.2844 18
1105 29.3103 19
1106 29.3411 16
1107 29.3701 17
1108 29.3925 22
1109 29.4199 18
1110 29.4445 20
1111 29.4753 16
1112 29.4999 20
1113 29.5234 21
1114 29.5542 16
1115 29.5815 18
1116 29.6123 16
1117 29.6397 18
1118 29.6705 16
1119 29.6978 18
1120 29.7286 16
1121 29.751 22
1122 29.7757 20
1123 29.7971 23
1124 29.8261 17
1125 29.8475 23
1126 29.8783 16
1127 29.8997 23
1128 29.9305 16
1129 29.9613 16
1130 29.992 16
1131 30.0194 18
1132 30.0468 18
1133 30.0742 18
1134 30.1049 16
1135 30.1273 22
1136 30.1581 16
1137 30.1841 19
1138 30.2148 16
1139 30.2422 18
1140 30.273 16
1141 30.3004 18
1142 30.3312 16
1143 30.3619 16
1144 30.3893 18
1145 30.4201 16
1146 30.4491 17
1147 30.4737 20
1148 30.5011 18
1149 30.527 19
1150 30.5544 18
1151 30.579 20
1152 30.6098 16
1153 30.6372 18
1154 30.6661 17
1155 30.6935 18
1156 30.7132 25
1157 30.7379 20
1158 30.7668 17
1159 30.7976 16
1160 30.8236 19
1161 30.8509 18
1162 30.8768 19
1163 30.9058 17
1164 30.9366 16
1165 30.9612 20
1166 30.9886 18
1167 31.0194 16
1168 31.0502 16
1169 31.0792 17
1170 31.1065 18
1171 31.1289 22
1172 31.1536 20
1173 31.1844 16
1174 31.2133 17
1175 31.2441 16
1176 31.2749 16
1177 31.3008 19
1178 31.3282 18
1179 31.359 16
1180 31.3849 19
1181 31.4157 16
1182 31.4431 18
1183 31.4739 16
1184 31.5029 17
1185 31.5336 16
1186 31.561 18
1187 31.5884 18
1188 31.6174 17
1189 31.6481 16
1190 31.6755 18
1191 31.7063 16
1192 31.7298 21
1193 31.7571 18
1194 31.7818 20
1195 31.8064 20
1196 31.8299 21
1197 31.8572 18
1198 31.8862 17
1199 31.917 16
1200 31.9444 18
1201 31.9751 16
1202 32.0025 18
1203 32.0299 18
1204 32.0573 18
1205 32.088 16
1206 32.1154 18
1207 32.1428 18
1208 32.1736 16
1209 32.2025 17
1210 32.2333 16
1211 32.2623 17
1212 32.2897 18
1213 32.3156 19
1214 32.343 18
1215 32.3738 16
1216 32.4011 18
1217 32.4319 16
1218 32.4627 16
1219 32.4874 20
1220 32.5108 21
1221 32.5416 16
1222 32.5724 16
1223 32.6014 17
1224 32.6322 16
1225 32.6545 22
1226 32.6835 17
1227 32.7109 18
1228 32.7383 18
1229 32.7691 16
1230 32.7964 18
1231 32.8178 23
1232 32.8486 16
1233 32.8794 16
1234 32.9084 17
1235 32.9374 17
1236 32.962 20
1237 32.9817 25
1238 33.0125 16
1239 33.0415 17
1240 33.0705 17
1241 33.0939 21
1242 33.1186 20
1243 33.1459 18
1244 33.1767 16
1245 33.2057 17
1246 33.2347 17
1247 33.2636 17
1248 33.2944 16
1249 33.3159 23
1250 33.3382 22
1251 33.3617 21
1252 33.3925 16
1253 33.4199 18
1254 33.4507 16
1255 33.4766 19
1256 33.5012 20
1257 33.5286 18
1258 33.5491 24
1259 33.5799 16
1260 33.6107 16
1261 33.6415 16
1262 33.6723 16
1263 33.6996 18
1264 33.7243 20
1265 33.7551 16
1266 33.7858 16
1267 33.8148 17
1268 33.8422 18
1269 33.873 16
1270 33.9038 16
1271 33.9346 16
1272 33.9653 16
1273 33.9961 16
1274 34.0269 16
1275 34.0493 22
1276 34.0801 16
1277 34.1109 16
1278 34.1417 16
1279 34.1725 16
1280 34.2015 17
1281 34.2288 18
1282 34.2562 18
1283 34.2836 18
1284 34.3144 16
1285 34.3451 16
1286 34.3711 19
1287 34.3984 18
1288 34.4208 22
1289 34.4455 20
1290 34.4728 18
1291 34.5036 16
1292 34.5344 16
1293 34.5652 16
1294 34.5898 20
1295 34.6188 17
1296 34.6462 18
1297 34.677 16
1298 34.7078 16
1299 34.7337 19
1300 34.7611 18
1301 34.7918 16
1302 34.8101 27
1303 34.8325 22
1304 34.8633 16
1305 34.8941 16
1306 34.9249 16
1307 34.9522 18
1308 34.983 16
1309 35.012 17
1310 35.0428 16
1311 35.0674 20
1312 35.0982 16
1313 35.129 16
1314 35.1504 23
1315 35.1739 21
1316 35.2047 16
1317 35.2354 16
1318 35.2614 19
1319 35.2922 16
1320 35.3195 18
1321 35.3485 17
1322 35.3775 17
1323 35.4049 18
1324 35.4322 18
1325 35.4596 18
1326 35.4886 17
1327 35.5175 17
1328 35.5483 16
1329 35.5791 16
1330 35.5997 24
1331 35.6256 19
1332 35.6564 16
1333 35.6872 16
1334 35.7118 20
1335 35.7364 20
1336 35.7672 16
1337 35.7931 19
1338 35.8221 17
1339 35.8495 18
1340 35.8769 18
1341 35.9076 16
1342 35.9384 16
1343 35.9674 17
1344 35.9857 27
1345 36.0116 19
1346 36.0424 16
1347 36.0629 24
1348 36.0853 22
1349 36.1161 16
1350 36.1407 20
1351 36.1666 19
1352 36.1974 16
1353 36.2264 17
1354 36.2538 18
1355 36.2846 16
1356 36.3119 18
1357 36.3343 22
1358 36.3567 22
1359 36.3875 16
1360 36.4134 19
1361 36.4442 16
1362 36.475 16
1363 36.4955 24
1364 36.5263 16
1365 36.5571 16
1366 36.5806 21
1367 36.6096 17
1368 36.6404 16
1369 36.6711 16
1370 36.6958 20
1371 36.7231 18
1372 36.7521 17
1373 36.7768 20
1374 36.8075 16
1375 36.8349 18
1376 36.8623 18
1377 36.8897 18
1378 36.912 22
1379 36.9394 18
1380 36.9684 17
1381 36.9992 16
1382 37.0282 17
1383 37.0571 17
1384 37.0845 18
1385 37.1153 16
1386 37.1427 18
1387 37.1673 20
1388 37.1981 16
1389 37.2163 27
1390 37.2437 18
1391 37.2711 18
1392 37.3019 16
1393 37.3278 19
1394 37.3492 23
1395 37.3766 18
1396 37.4074 16
1397 37.4298 22
1398 37.4605 16
1399 37.4865 19
1400 37.5138 18
1401 37.5428 17
1402 37.5652 22
1403 37.5926 18
1404 37.6185 19
1405 37.6409 22
1406 37.6668 19
1407 37.6915 20
1408 37.7204 17
1409 37.7512 16
1410 37.7772 19
1411 37.8031 19
1412 37.8228 25
1413 37.8502 18
1414 37.8791 17
1415 37.9065 18
1416 37.9339 18
1417 37.9629 17
1418 37.9826 25
1419 38.0133 16
1420 38.0407 18
1421 38.0666 19
1422 38.0863 25
1423 38.1171 16
1424 38.1479 16
1425 38.1769 17
1426 38.2028 19
1427 38.2336 16
1428 38.255 23
1429 38.2824 18
1430 38.3132 16
1431 38.3406 18
1432 38.3714 16
1433 38.4003 17
1434 38.4263 19
1435 38.4509 20
1436 38.4744 21
1437 38.5051 16
1438 38.5359 16
1439 38.5619 19
1440 38.5927 16
1441 38.6173 20
1442 38.6447 18
1443 38.672 18
1444 38.7028 16
1445 38.7302 18
1446 38.7526 22
1447 38.7834 16
1448 38.8107 18
1449 38.8415 16
1450 38.865 21
1451 38.8958 16
1452 38.9192 21
1453 38.9466 18
1454 38.9712 20
1455 38.9972 19
1456 39.0261 17
1457 39.0508 20
1458 39.0797 17
1459 39.1044 20
1460 39.1352 16
1461 39.166 16
1462 39.1967 16
1463 39.2275 16
1464 39.2549 18
1465 39.2784 21
1466 39.3057 18
1467 39.3365 16
1468 39.3673 16
1469 39.3908 21
1470 39.4181 18
1471 39.4489 16
1472 39.4713 22
1473 39.5021 16
1474 39.5267 20
1475 39.5557 17
1476 39.5865 16
1477 39.61 21
1478 39.6373 18
1479 39.662 20
1480 39.6909 17
1481 39.7199 17
1482 39.7473 18
1483 39.7747 18
1484 39.8006 19
1485 39.828 18
1486 39.8569 17
1487 39.8859 17
1488 39.9133 18
1489 39.9441 16
1490 39.973 17
1491 39.9945 23
1492 40.0253 16
1493 40.0542 17
1494 40.0802 19
1495 40.111 16
1496 40.1417 16
1497 40.1691 18
1498 40.1981 17
1499 40.2227 20
1500 40.2517 17
1501 40.2776 19
1502 40.3084 16
1503 40.3319 21
1504 40.3592 18
1505 40.3866 18
1506 40.4125 19
1507 40.4399 18
1508 40.4673 18
1509 40.4981 16
1510 40.5289 16
1511 40.5578 17
1512 40.5868 17
1513 40.6176 16
1514 40.645 18
1515 40.6696 20
1516 40.7004 16
1517 40.7218 23
1518 40.7492 18
1519 40.7751 19
1520 40.8041 17
1521 40.8349 16
1522 40.8657 16
1523 40.8965 16
1524 40.9272 16
1525 40.958 16
1526 40.9888 16
1527 41.0102 23
1528 41.0392 17
1529 41.0651 19
1530 41.0959 16
1531 41.1267 16
1532 41.1575 16
1533 41.1883 16
1534 41.2129 20
1535 41.2389 19
1536 41.2697 16
1537 41.2986 17
1538 41.3276 17
1539 41.3566 17
1540 41.3825 19
1541 41.4133 16
1542 41.4368 21
1543 41.4614 20
1544 41.4849 21
1545 41.5156 16
1546 41.5464 16
1547 41.5738 18
1548 41.6046 16
1549 41.6292 20
1550 41.6516 22
1551 41.679 18
1552 41.708 17
1553 41.7388 16
1554 41.7677 17
1555 41.7937 19
1556 41.8226 17
1557 41.8516 17
1558 41.8824 16
1559 41.9083 19
1560 41.9298 23
1561 41.9571 18
1562 41.9861 17
1563 42.0169 16
1564 42.0459 17
1565 42.0748 17
1566 42.1056 16
1567 42.133 18
1568 42.1638 16
1569 42.1946 16
1570 42.2254 16
1571 42.2544 17
1572 42.2817 18
1573 42.3091 18
1574 42.3399 16
1575 42.3645 20
1576 42.3919 18
1577 42.4209 17
1578 42.4498 17
1579 42.4788 17
1580 42.5034 20
1581 42.5342 16
1582 42.565 16
1583 42.5958 16
1584 42.6232 18
1585 42.654 16
1586 42.6813 18
1587 42.7073 19
1588 42.7362 17
1589 42.7597 21
1590 42.7887 17
1591 42.8177 17
1592 42.8485 16
1593 42.8719 21
1594 42.8902 27
1595 42.9175 18
1596 42.9449 18
1597 42.9757 16
1598 43.0065 16
1599 43.0373 16
1600 43.0662 17
1601 43.0909 20
1602 43.1217 16
1603 43.1506 17
1604 43.178 18
1605 43.207 17
1606 43.2329 19
1607 43.2603 18
1608 43.2877 18
1609 43.3123 20
1610 43.3413 17
1611 43.3702 17
1612 43.3976 18
1613 43.425 18
1614 43.4496 20
1615 43.4804 16
1616 43.5039 21
1617 43.5346 16
1618 43.5636 17
1619 43.5944 16
1620 43.6234 17
1621 43.6524 17
1622 43.6814 17
1623 43.706 20
1624 43.7368 16
1625 43.7641 18
1626 43.7888 20
1627 43.8161 18
1628 43.8451 17
1629 43.8741 17
1630 43.9015 18
1631 43.9304 17
1632 43.9564 19
1633 43.9823 19
1634 44.0131 16
1635 44.0405 18
1636 44.0694 17
1637 44.0984 17
1638 44.1292 16
1639 44.1551 19
1640 44.1798 20
1641 44.2106 16
1642 44.2352 20
1643 44.266 16
1644 44.2968 16
1645 44.3276 16
1646 44.3583 16
1647 44.383 20
1648 44.4138 16
1649 44.4427 17
1650 44.4701 18
1651 44.4975 18
1652 44.5209 21
1653 44.5444 21
1654 44.5752 16
1655 44.5976 22
1656 44.625 18
1657 44.6523 18
1658 44.677 20
1659 44.7077 16
1660 44.7351 18
1661 44.7625 18
1662 44.7871 20
1663 44.8145 18
1664 44.8453 16
1665 44.8742 17
1666 44.905 16
1667 44.9358 16
1668 44.9632 18
1669 44.994 16
1670 45.0248 16
1671 45.0494 20
1672 45.0802 16
1673 45.111 16
1674 45.1418 16
1675 45.1726 16
1676 45.2034 16
1677 45.2323 17
1678 45.2613 17
1679 45.2887 18
1680 45.316 18
1681 45.3468 16
1682 45.3742 18
1683 45.4016 18
1684 45.4324 16
1685 45.4632 16
1686 45.4939 16
1687 45.5247 16
1688 45.5555 16
1689 45.5863 16
1690 45.6171 16
1691 45.6479 16
1692 45.6753 18
1693 45.706 16
1694 45.7334 18
1695 45.7593 19
1696 45.7867 18
1697 45.8141 18
1698 45.84 19
1699 45.8708 16
1700 45.8913 24
1701 45.9221 16
1702 45.9529 16
1703 45.9819 17
1704 46.0092 18
1705 46.0352 19
1706 46.0586 21
1707 46.0894 16
1708 46.1154 19
1709 46.1443 17
1710 46.1733 17
1711 46.2041 16
1712 46.2331 17
1713 46.2639 16
1714 46.2885 20
1715 46.3144 19
1716 46.3452 16
1717 46.3726 18
1718 46.3985 19
1719 46.4259 18
1720 46.4533 18
1721 46.484 16
1722 46.5148 16
1723 46.5422 18
1724 46.573 16
1725 46.6004 18
1726 46.6311 16
1727 46.6601 17
1728 46.6861 19
1729 46.7134 18
1730 46.7424 17
1731 46.7732 16
1732 46.8006 18
1733 46.822 23
1734 46.8493 18
1735 46.8783 17
1736 46.9091 16
1737 46.9381 17
1738 46.9671 17
1739 46.9917 20
1740 47.0225 16
1741 47.0533 16
1742 47.0747 23
1743 47.1006 19
1744 47.1314 16
1745 47.1622 16
1746 47.193 16
1747 47.2204 18
1748 47.2512 16
1749 47.2819 16
1750 47.3079 19
1751 47.3387 16
1752 47.3695 16
1753 47.3984 17
1754 47.4292 16
1755 47.4551 19
1756 47.4825 18
1757 47.5133 16
1758 47.5407 18
1759 47.5715 16
1760 47.6004 17
1761 47.6278 18
1762 47.6552 18
1763 47.686 16
1764 47.7149 17
1765 47.7439 17
1766 47.7747 16
1767 47.8055 16
1768 47.8363 16
1769 47.8653 17
1770 47.8961 16
1771 47.9269 16
1772 47.9515 20
1773 47.9823 16
1774 48.0096 18
1775 48.0386 17
1776 48.0694 16
1777 48.1002 16
1778 48.131 16
1779 48.1618 16
1780 48.1908 17
1781 48.2142 21
1782 48.245 16
1783 48.2758 16
1784 48.3048 17
1785 48.3321 18
1786 48.3611 17
1787 48.3919 16
1788 48.4209 17
1789 48.4517 16
1790 48.4825 16
1791 48.5084 19
1792 48.5392 16
1793 48.57 16
1794 48.5914 23
1795 48.6222 16
1796 48.6481 19
1797 48.6789 16
1798 48.7063 18
1799 48.7352 17
1800 48.7626 18
1801 48.79 18
1802 48.8089 26
1803 48.8363 18
1804 48.8577 23
1805 48.8801 22
1806 48.9025 22
1807 48.9299 18
1808 48.9545 20
1809 48.9819 18
1810 49.0065 20
1811 49.0339 18
1812 49.0612 18
1813 49.0827 23
1814 49.1116 17
1815 49.1424 16
1816 49.1648 22
1817 49.1956 16
1818 49.223 18
1819 49.2538 16
1820 49.2846 16
1821 49.3119 18
1822 49.3427 16
1823 49.3701 18
1824 49.3975 18
1825 49.4248 18
1826 49.4556 16
1827 49.483 18
1828 49.5054 22
1829 49.5362 16
1830 49.5608 20
1831 49.5882 18
1832 49.6155 18
1833 49.6445 17
1834 49.6704 19
1835 49.7012 16
1836 49.732 16
1837 49.761 17
1838 49.7884 18
1839 49.8157 18
1840 49.8465 16
1841 49.8739 18
1842 49.9013 18
1843 49.9286 18
1844 49.9533 20
1845 49.9792 19
1846 50.0051 19
1847 50.0359 16
1848 50.0667 16
1849 50.0926 19
1850 50.1216 17
1851 50.149 18
1852 50.1798 16
1853 50.2105 16
1854 50.2379 18
1855 50.2669 17
1856 50.2915 20
1857 50.315 21
1858 50.344 17
1859 50.3748 16
1860 50.4007 19
1861 50.428 18
1862 50.4554 18
1863 50.4789 21
1864 50.5035 20
1865 50.5325 17
1866 50.5633 16
1867 50.5941 16
1868 50.6249 16
1869 50.6556 16
1870 50.6864 16
1871 50.7172 16
1872 50.748 16
1873 50.7754 18
1874 50.8062 16
1875 50.837 16
1876 50.8677 16
1877 50.8985 16
1878 50.9293 16
1879 50.954 20
1880 50.9813 18
1881 51.0121 16
1882 51.0429 16
1883 51.0737 16
1884 51.1011 18
1885 51.1319 16
1886 51.1533 23
1887 51.1806 18
1888 51.208 18
1889 51.2388 16
1890 51.2696 16
1891 51.3004 16
1892 51.3277 18
1893 51.3585 16
1894 51.3893 16
1895 51.4167 18
1896 51.4426 19
1897 51.4734 16
1898 51.5042 16
1899 51.5256 23
1900 51.5546 17
1901 51.582 18
1902 51.6054 21
1903 51.6362 16
1904 51.6621 19
1905 51.6881 19
1906 51.7127 20
1907 51.7435 16
1908 51.767 21
1909 51.7977 16
1910 51.8285 16
1911 51.8593 16
1912 51.8901 16
1913 51.9191 17
1914 51.9499 16
1915 51.9807 16
1916 52.0115 16
1917 52.0422 16
1918 52.0696 18
1919 52.0942 20
1920 52.1216 18
1921 52.143 23
1922 52.1677 20
1923 52.1901 22
1924 52.2208 16
1925 52.2498 17
1926 52.2772 18
1927 52.308 16
1928 52.3354 18
1929 52.3627 18
1930 52.3901 18
1931 52.4175 18
1932 52.4482 16
1933 52.4772 17
1934 52.5046 18
1935 52.532 18
1936 52.5609 17
1937 52.5917 16
1938 52.6177 19
1939 52.6436 19
1940 52.6744 16
1941 52.7017 18
1942 52.7325 16
1943 52.7633 16
1944 52.7941 16
1945 52.8231 17
1946 52.8539 16
1947 52.8813 18
1948 52.912 16
1949 52.9428 16
1950 52.9736 16
1951 53.0044 16
1952 53.0303 19
1953 53.055 20
1954 53.0839 17
1955 53.1147 16
1956 53.1455 16
1957 53.1745 17
1958 53.2053 16
1959 53.2361 16
1960 53.2595 21
1961 53.2885 17
1962 53.3159 18
1963 53.3467 16
1964 53.3664 25
1965 53.3923 19
1966 53.4197 18
1967 53.4487 17
1968 53.4795 16
1969 53.5102 16
1970 53.541 16
1971 53.5684 18
1972 53.5992 16
1973 53.6266 18
1974 53.6539 18
1975 53.6799 19
1976 53.7045 20
1977 53.7319 18
1978 53.7626 16
1979 53.7916 17
1980 53.8163 20
1981 53.8422 19
1982 53.873 16
1983 53.8976 20
1984 53.925 18
1985 53.9558 16
1986 53.9831 18
1987 54.0105 18
1988 54.0413 16
1989 54.0659 20
1990 54.0967 16
1991 54.1226 19
1992 54.15 18
1993 54.1774 18
1994 54.2047 18
1995 54.2321 18
1996 54.2595 18
1997 54.2903 16
1998 54.3162 19
1999 54.347 16
2000 54.3716 20
2001 54.399 18
2002 54.4236 20
2003 54.4544 16
2004 54.4818 18
2005 54.5126 16
2006 54.5399 18
2007 54.5673 18
2008 54.5932 19
2009 54.6167 21
2010 54.6426 19
2011 54.6734 16
2012 54.7008 18
2013 54.7281 18
2014 54.7541 19
2015 54.7814 18
2016 54.8122 16
2017 54.8346 22
2018 54.8605 19
2019 54.8913 16
2020 54.9187 18
2021 54.9422 21
2022 54.9695 18
2023 54.9942 20
2024 55.0231 17
2025 55.0455 22
2026 55.0763 16
2027 55.1037 18
2028 55.1327 17
2029 55.1617 17
2030 55.1924 16
2031 55.2184 19
2032 55.2492 16
2033 55.2781 17
2034 55.3055 18
2035 55.3329 18
2036 55.3553 22
2037 55.3812 19
2038 55.4047 21
2039 55.4293 20
2040 55.4527 21
2041 55.4774 20
2042 55.5064 17
2043 55.5371 16
2044 55.5631 19
2045 55.5921 17
2046 55.6194 18
2047 55.6484 17
2048 55.6743 19
2049 55.7003 19
2050 55.7262 19
2051 55.757 16
2052 55.7878 16
2053 55.8137 19
2054 55.8445 16
2055 55.8704 19
2056 55.8978 18
2057 55.9268 17
2058 55.9575 16
2059 55.9883 16
2060 56.0157 18
2061 56.0465 16
2062 56.0724 19
2063 56.0998 18
2064 56.1306 16
2065 56.1614 16
2066 56.1903 17
2067 56.2211 16
2068 56.2519 16
2069 56.2779 19
2070 56.3038 19
2071 56.3311 18
2072 56.3585 18
2073 56.3893 16
2074 56.4183 17
2075 56.4491 16
2076 56.4781 17
2077 56.5088 16
2078 56.5396 16
2079 56.5656 19
2080 56.5945 17
2081 56.6169 22
2082 56.6459 17
2083 56.6749 17
2084 56.7008 19
2085 56.7267 19
2086 56.7557 17
2087 56.7847 17
2088 56.8093 20
2089 56.8401 16
2090 56.8675 18
2091 56.8949 18
2092 56.9238 17
2093 56.9546 16
2094 56.982 18
2095 57.0128 16
2096 57.0374 20
2097 57.062 20
2098 57.0928 16
2099 57.1218 17
2100 57.1526 16
2101 57.1816 17
2102 57.209 18
2103 57.2363 18
2104 57.2653 17
2105 57.2961 16
2106 57.3251 17
2107 57.3559 16
2108 57.3848 17
2109 57.4138 17
2110 57.4446 16
2111 57.4754 16
2112 57.5028 18
2113 57.5233 24
2114 57.5541 16
2115 57.58 19
2116 57.6046 20
2117 57.632 18
2118 57.661 17
2119 57.6869 19
2120 57.7159 17
2121 57.7433 18
2122 57.7679 20
2123 57.7913 21
2124 57.8187 18
2125 57.8461 18
2126 57.872 19
2127 57.8994 18
2128 57.9302 16
2129 57.9548 20
2130 57.9822 18
2131 58.0081 19
2132 58.0389 16
2133 58.0663 18
2134 58.097 16
2135 58.126 17
2136 58.1534 18
2137 58.1808 18
2138 58.2097 17
2139 58.2332 21
2140 58.264 16
2141 58.2948 16
2142 58.3256 16
2143 58.3515 19
2144 58.3823 16
2145 58.4082 19
2146 58.4372 17
2147 58.4618 20
2148 58.4926 16
2149 58.5216 17
2150 58.5475 19
2151 58.5783 16
2152 58.6073 17
2153 58.6363 17
2154 58.6671 16
2155 58.6944 18
2156 58.7234 17
2157 58.7542 16
2158 58.785 16
2159 58.8158 16
2160 58.8404 20
2161 58.8694 17
2162 58.9002 16
2163 58.931 16
2164 58.9583 18
2165 58.9857 18
2166 59.0131 18
2167 59.0404 18
2168 59.0678 18
2169 59.0952 18
2170 59.126 16
2171 59.1533 18
2172 59.1807 18
2173 59.2115 16
2174 59.2389 18
2175 59.2662 18
2176 59.297 16
2177 59.3244 18
2178 59.3552 16
2179 59.3842 17
2180 59.4115 18
2181 59.4362 20
2182 59.4651 17
2183 59.4941 17
2184 59.5215 18
2185 59.5523 16
2186 59.5812 17
2187 59.612 16
2188 59.6394 18
2189 59.664 20
2190 59.6948 16
2191 59.7183 21
2192 59.7457 18
2193 59.7764 16
2194 59.8024 19
2195 59.8313 17
2196 59.8511 25
2197 59.8818 16
2198 59.9108 17
2199 59.9382 18
2200 59.9672 17
2201 59.998 16
2202 60.0287 16
2203 60.0561 18
2204 60.0869 16
2205 60.1159 17
2206 60.1467 16
2207 60.1701 21
2208 60.1975 18
2209 60.2265 17
2210 60.2573 16
2211 60.2881 16
2212 60.317 17
2213 60.3478 16
2214 60.3786 16
2215 60.406 18
2216 60.4368 16
2217 60.4641 18
2218 60.4931 17
2219 60.5239 16
2220 60.5513 18
2221 60.5821 16
2222 60.6094 18
2223 60.6368 18
2224 60.6603 21
2225 60.6876 18
2226 60.7166 17
2227 60.7412 20
2228 60.7686 18
2229 60.7976 17
2230 60.825 18
2231 60.8539 17
2232 60.8799 19
2233 60.9107 16
2234 60.9366 19
2235 60.964 18
2236 60.9913 18
2237 61.0187 18
2238 61.0495 16
2239 61.0768 18
2240 61.0992 22
2241 61.13 16
2242 61.1574 18
2243 61.1864 17
2244 61.2172 16
2245 61.2461 17
2246 61.2769 16
2247 61.3077 16
2248 61.3385 16
2249 61.3659 18
2250 61.3873 23
2251 61.4163 17
2252 61.4471 16
2253 61.4779 16
2254 61.4993 23
2255 61.5266 18
2256 61.5513 20
2257 61.5786 18
2258 61.601 22
2259 61.6318 16
2260 61.6626 16
2261 61.6934 16
2262 61.7242 16
2263 61.755 16
2264 61.7858 16
2265 61.8166 16
2266 61.8455 17
2267 61.8745 17
2268 61.9035 17
2269 61.9325 17
2270 61.9598 18
2271 61.9906 16
2272 62.0153 20
2273 62.0412 19
2274 62.072 16
2275 62.101 17
2276 62.1318 16
2277 62.1607 17
2278 62.1915 16
2279 62.2223 16
2280 62.2482 19
2281 62.2756 18
2282 62.3064 16
2283 62.3354 17
2284 62.3662 16
2285 62.3908 20
2286 62.4182 18
2287 62.4471 17
2288 62.4761 17
2289 62.5008 20
2290 62.5315 16
2291 62.5589 18
2292 62.5848 19
2293 62.6156 16
2294 62.6464 16
2295 62.6754 17
2296 62.7013 19
2297 62.7321 16
2298 62.7629 16
2299 62.7919 17
2300 62.8209 17
2301 62.8516 16
2302 62.8806 17
2303 62.9114 16
2304 62.9422 16
2305 62.9681 19
2306 62.9971 17
2307 63.0261 17
2308 63.0569 16
2309 63.0859 17
2310 63.1118 19
2311 63.1377 19
2312 63.1636 19
2313 63.191 18
2314 63.2156 20
2315 63.2446 17
2316 63.2754 16
2317 63.3062 16
2318 63.3336 18
2319 63.3644 16
2320 63.3951 16
2321 63.4259 16
2322 63.4549 17
2323 63.4773 22
2324 63.5081 16
2325 63.5389 16
2326 63.5697 16
2327 63.6005 16
2328 63.6294 17
2329 63.6602 16
2330 63.6892 17
2331 63.7082 26
2332 63.739 16
2333 63.7697 16
2334 63.7987 17
2335 63.8295 16
2336 63.8603 16
2337 63.8911 16
2338 63.9145 21
2339 63.9419 18
2340 63.9693 18
2341 63.9983 17
2342 64.0272 17
2343 64.058 16
2344 64.084 19
2345 64.1086 20
2346 64.132 21
2347 64.1628 16
2348 64.1863 21
2349 64.2171 16
2350 64.2445 18
2351 64.2691 20
2352 64.2999 16
2353 64.3307 16
2354 64.3566 19
2355 64.384 18
2356 64.4086 20
2357 64.4321 21
2358 64.4594 18
2359 64.4841 20
2360 64.513 17
2361 64.5404 18
2362 64.5678 18
2363 64.5967 17
2364 64.6241 18
2365 64.6531 17
2366 64.6805 18
2367 64.7078 18
2368 64.7368 17
2369 64.7642 18
2370 64.795 16
2371 64.8258 16
2372 64.8504 20
2373 64.8794 17
2374 64.9102 16
2375 64.9409 16
2376 64.9717 16
2377 65.0025 16
2378 65.0299 18
2379 65.0589 17
2380 65.0848 19
2381 65.1094 20
2382 65.1402 16
2383 65.1676 18
2384 65.1935 19
2385 65.2225 17
2386 65.2499 18
2387 65.2807 16
2388 65.308 18
2389 65.3388 16
2390 65.3662 18
2391 65.397 16
2392 65.4278 16
2393 65.4585 16
2394 65.4859 18
2395 65.5133 18
2396 65.5407 18
2397 65.563 22
2398 65.589 19
2399 65.6163 18
2400 65.6471 16
2401 65.6779 16
2402 65.7087 16
2403 65.7395 16
2404 65.7685 17
2405 65.7975 17
2406 65.8248 18
2407 65.8556 16
2408 65.8761 24
2409 65.9021 19
2410 65.9267 20
2411 65.9575 16
2412 65.9821 20
2413 66.0081 19
2414 66.037 17
2415 66.0678 16
2416 66.0925 20
2417 66.1232 16
2418 66.1522 17
2419 66.1796 18
2420 66.2042 20
2421 66.235 16
2422 66.2624 18
2423 66.2932 16
2424 66.324 16
2425 66.3529 17
2426 66.3803 18
2427 66.4111 16
2428 66.4401 17
2429 66.4674 18
2430 66.4982 16
2431 66.529 16
2432 66.5598 16
2433 66.5906 16
2434 66.618 18
2435 66.6385 24
2436 66.6659 18
2437 66.6932 18
2438 66.724 16
2439 66.7548 16
2440 66.7856 16
2441 66.813 18
2442 66.8403 18
2443 66.8711 16
2444 66.9001 17
2445 66.9275 18
2446 66.9583 16
2447 66.9856 18
2448 67.0116 19
2449 67.0423 16
2450 67.0713 17
2451 67.0987 18
2452 67.1295 16
2453 67.1569 18
2454 67.1842 18
2455 67.2101 19
2456 67.2391 17
2457 67.2699 16
2458 67.3007 16
2459 67.3281 18
2460 67.3571 17
2461 67.3878 16
2462 67.4186 16
2463 67.4476 17
2464 67.4766 17
2465 67.5025 19
2466 67.5299 18
2467 67.5573 18
2468 67.5846 18
2469 67.612 18
2470 67.641 17
2471 67.6699 17
2472 67.6973 18
2473 67.7232 19
2474 67.7506 18
2475 67.778 18
2476 67.807 17
2477 67.8378 16
2478 67.8637 19
2479 67.8945 16
2480 67.9234 17
2481 67.9508 18
2482 67.9816 16
2483 68.0106 17
2484 68.0352 20
2485 68.0598 20
2486 68.0845 20
2487 68.1153 16
2488 68.1461 16
2489 68.1707 20
2490 68.1904 25
2491 68.2212 16
2492 68.252 16
2493 68.2793 18
2494 68.3067 18
2495 68.3281 23
2496 68.3571 17
2497 68.383 19
2498 68.412 17
2499 68.4428 16
2500 68.4687 19
2501 68.4947 19
2502 68.522 18
2503 68.5494 18
2504 68.5802 16
2505 68.6048 20
2506 68.6356 16
2507 68.6615 19
2508 68.6923 16
2509 68.7197 18
2510 68.7505 16
2511 68.7795 17
2512 68.8084 17
2513 68.8392 16
2514 68.8682 17
2515 68.899 16
2516 68.9298 16
2517 68.9606 16
2518 68.9914 16
2519 69.0222 16
2520 69.0511 17
2521 69.0785 18
2522 69.1093 16
2523 69.1367 18
2524 69.164 18
2525 69.19 19
2526 69.2173 18
2527 69.242 20
2528 69.2709 17
2529 69.2956 20
2530 69.3264 16
2531 69.3571 16
2532 69.3845 18
2533 69.408 21
2534 69.4353 18
2535 69.4627 18
2536 69.4886 19
2537 69.5194 16
2538 69.5484 17
2539 69.5743 19
2540 69.6051 16
2541 69.6341 17
2542 69.6615 18
2543 69.6888 18
2544 69.7162 18
2545 69.7452 17
2546 69.776 16
2547 69.805 17
2548 69.8357 16
2549 69.8631 18
2550 69.8939 16
2551 69.9247 16
2552 69.9537 17
2553 69.9796 19
2554 70.0104 16
2555 70.0412 16
2556 70.0702 17
2557 70.1009 16
2558 70.1283 18
2559 70.1573 17
2560 70.1881 16
2561 70.2189 16
2562 70.2497 16
2563 70.2805 16
2564 70.3094 17
2565 70.3384 17
2566 70.363 20
2567 70.392 17
2568 70.4194 18
2569 70.4453 19
2570 70.4761 16
2571 70.4985 22
2572 70.5293 16
2573 70.5601 16
2574 70.5874 18
2575 70.6182 16
2576 70.649 16
2577 70.6764 18
2578 70.7072 16
2579 70.7345 18
2580 70.7653 16
2581 70.7961 16
2582 70.8269 16
2583 70.8577 16
2584 70.8885 16
2585 70.9193 16
2586 70.9501 16
2587 70.9809 16
2588 71.0098 17
2589 71.0406 16
2590 71.068 18
2591 71.0988 16
2592 71.1278 17
2593 71.1537 19
2594 71.1845 16
2595 71.2153 16
2596 71.2461 16
2597 71.2734 18
2598 71.2981 20
2599 71.327 17
2600 71.3578 16
2601 71.3868 17
2602 71.4158 17
2603 71.4466 16
2604 71.4774 16
2605 71.5082 16
2606 71.539 16
2607 71.5663 18
2608 71.5953 17
2609 71.6227 18
2610 71.6535 16
2611 71.6781 20
2612 71.7089 16
2613 71.7397 16
2614 71.767 18
2615 71.7978 16
2616 71.8225 20
2617 71.8532 16
2618 71.8822 17
2619 71.9057 21
2620 71.9365 16
2621 71.9638 18
2622 71.9928 17
2623 72.0202 18
2624 72.051 16
2625 72.0769 19
2626 72.1043 18
2627 72.1316 18
2628 72.1624 16
2629 72.1932 16
2630 72.2222 17
2631 72.253 16
2632 72.2727 25
2633 72.3017 17
2634 72.3307 17
2635 72.3596 17
2636 72.3904 16
2637 72.4194 17
2638 72.4502 16
2639 72.481 16
2640 72.5083 18
2641 72.5273 26
2642 72.5547 18
2643 72.5793 20
2644 72.6101 16
2645 72.636 19
2646 72.6668 16
2647 72.6942 18
2648 72.725 16
2649 72.7509 19
2650 72.7817 16
2651 72.809 18
2652 72.835 19
2653 72.8623 18
2654 72.887 20
2655 72.9143 18
2656 72.9417 18
2657 72.9725 16
2658 72.9999 18
2659 73.0307 16
2660 73.0614 16
2661 73.0922 16
2662 73.123 16
2663 73.1538 16
2664 73.1828 17
2665 73.2136 16
2666 73.2382 20
2667 73.269 16
2668 73.2949 19
2669 73.3257 16
2670 73.3565 16
2671 73.3839 18
2672 73.4112 18
2673 73.442 16
2674 73.4728 16
2675 73.5018 17
2676 73.5308 17
2677 73.5542 21
2678 73.5816 18
2679 73.6075 19
2680 73.6383 16
2681 73.6657 18
2682 73.6931 18
2683 73.7239 16
2684 73.7485 20
2685 73.7793 16
2686 73.8101 16
2687 73.8347 20
2688 73.8637 17
2689 73.8945 16
2690 73.9234 17
2691 73.9494 19
2692 73.9802 16
2693 74.0075 18
2694 74.0349 18
2695 74.0595 20
2696 74.0869 18
2697 74.1159 17
2698 74.1467 16
2699 74.1775 16
2700 74.2082 16
2701 74.2342 19
2702 74.2615 18
2703 74.2923 16
2704 74.3183 19
2705 74.3491 16
2706 74.3764 18
2707 74.4038 18
2708 74.4312 18
2709 74.4601 17
2710 74.4909 16
2711 74.5144 21
2712 74.5452 16
2713 74.576 16
2714 74.6006 20
2715 74.6314 16
2716 74.6622 16
2717 74.6895 18
2718 74.7185 17
2719 74.7459 18
2720 74.7767 16
2721 74.8075 16
2722 74.8334 19
2723 74.8624 17
2724 74.8883 19
2725 74.9157 18
2726 74.943 18
2727 74.9738 16
2728 75.0046 16
2729 75.0354 16
2730 75.0578 22
2731 75.0802 22
2732 75.1076 18
2733 75.1349 18
2734 75.1657 16
2735 75.1965 16
2736 75.2273 16
2737 75.2547 18
2738 75.282 18
2739 75.3067 20
2740 75.3375 16
2741 75.3634 19
2742 75.3924 17
2743 75.417 20
2744 75.4444 18
2745 75.4752 16
2746 75.5059 16
2747 75.5367 16
2748 75.5657 17
2749 75.5931 18
2750 75.6165 21
2751 75.6439 18
2752 75.6713 18
2753 75.7003 17
2754 75.7292 17
2755 75.7566 18
2756 75.7874 16
2757 75.8182 16
2758 75.8472 17
2759 75.8745 18
2760 75.9053 16
2761 75.9327 18
2762 75.9586 19
2763 75.9894 16
2764 76.0202 16
2765 76.051 16
2766 76.0783 18
2767 76.1043 19
2768 76.1316 18
2769 76.159 18
2770 76.188 17
2771 76.2188 16
2772 76.2461 18
2773 76.2696 21
2774 76.3004 16
2775 76.3294 17
2776 76.3567 18
2777 76.3827 19
2778 76.4135 16
2779 76.4443 16
2780 76.475 16
2781 76.5058 16
2782 76.5366 16
2783 76.5601 21
2784 76.5874 18
2785 76.6121 20
2786 76.6429 16
2787 76.6737 16
2788 76.6996 19
2789 76.727 18
2790 76.7493 22
2791 76.7753 19
2792 76.8061 16
2793 76.8369 16
2794 76.8642 18
2795 76.8932 17
2796 76.9206 18
2797 76.9479 18
2798 76.9787 16
2799 77.0095 16
2800 77.0354 19
2801 77.0601 20
2802 77.0909 16
2803 77.1198 17
2804 77.1472 18
2805 77.1718 20
2806 77.2008 17
2807 77.2298 17
2808 77.2588 17
2809 77.2896 16
2810 77.3204 16
2811 77.3438 21
2812 77.3728 17
2813 77.3974 20
2814 77.4282 16
2815 77.4556 18
2816 77.4802 20
2817 77.5076 18
2818 77.5366 17
2819 77.5674 16
2820 77.5981 16
2821 77.6271 17
2822 77.6579 16
2823 77.6887 16
2824 77.7177 17
2825 77.745 18
2826 77.7758 16
2827 77.8048 17
2828 77.8338 17
2829 77.8628 17
2830 77.8874 20
2831 77.9164 17
2832 77.9454 17
2833 77.97 20
2834 78.0008 16
2835 78.0316 16
2836 78.0575 19
2837 78.0883 16
2838 78.1191 16
2839 78.1499 16
2840 78.1807 16
2841 78.2096 17
2842 78.237 18
2843 78.2678 16
2844 78.2968 17
2845 78.3276 16
2846 78.3549 18
2847 78.3839 17
2848 78.4129 17
2849 78.4437 16
2850 78.471 18
2851 78.5018 16
2852 78.5308 17
2853 78.5582 18
2854 78.5856 18
2855 78.6129 18
2856 78.6437 16
2857 78.6727 17
2858 78.6986 19
2859 78.7294 16
2860 78.7518 22
2861 78.7826 16
2862 78.806 21
2863 78.8368 16
2864 78.8642 18
2865 78.8901 19
2866 78.9175 18
2867 78.9483 16
2868 78.9729 20
2869 78.9953 22
2870 79.0158 24
2871 79.0405 20
2872 79.0695 17
2873 79.0941 20
2874 79.1231 17
2875 79.1477 20
2876 79.1736 19
2877 79.201 18
2878 79.2318 16
2879 79.2626 16
2880 79.2934 16
2881 79.3241 16
2882 79.3549 16
2883 79.3796 20
2884 79.4104 16
2885 79.4411 16
2886 79.4671 19
2887 79.4979 16
2888 79.5287 16
2889 79.5594 16
2890 79.5902 16
2891 79.6149 20
2892 79.6422 18
2893 79.673 16
2894 79.7038 16
2895 79.7284 20
2896 79.749 24
2897 79.7763 18
2898 79.8053 17
2899 79.8258 24
2900 79.8532 18
2901 79.884 16
2902 79.913 17
2903 79.9438 16
2904 79.9711 18
2905 80.0019 16
2906 80.0254 21
2907 80.05 20
2908 80.0774 18
2909 80.1082 16
2910 80.1372 17
2911 80.1661 17
2912 80.1969 16
2913 80.2277 16
2914 80.2551 18
2915 80.2859 16
2916 80.3167 16
2917 80.3475 16
2918 80.3782 16
2919 80.409 16
2920 80.4364 18
2921 80.461 20
2922 80.487 19
2923 80.5159 17
2924 80.5433 18
2925 80.5741 16
2926 80.6049 16
2927 80.6357 16
2928 80.6647 17
2929 80.6954 16
2930 80.7262 16
2931 80.7522 19
2932 80.7811 17
2933 80.8119 16
2934 80.8393 18
2935 80.8667 18
2936 80.8975 16
2937 80.9282 16
2938 80.9556 18
2939 80.9815 19
2940 81.0062 20
2941 81.0352 17
2942 81.0659 16
2943 81.0967 16
2944 81.1275 16
2945 81.1522 20
2946 81.1829 16
2947 81.2137 16
2948 81.2411 18
2949 81.2685 18
2950 81.2944 19
2951 81.3252 16
2952 81.3542 17
2953 81.3831 17
2954 81.4091 19
2955 81.4399 16
2956 81.4645 20
2957 81.4953 16
2958 81.5261 16
2959 81.555 17
2960 81.5824 18
2961 81.6132 16
2962 81.6422 17
2963 81.6656 21
2964 81.6964 16
2965 81.7272 16
2966 81.7532 19
2967 81.7839 16
2968 81.8074 21
2969 81.8382 16
2970 81.8656 18
2971 81.8963 16
2972 81.921 20
2973 81.9483 18
2974 81.9743 19
2975 82.0002 19
2976 82.0292 17
2977 82.06 16
2978 82.0805 24
2979 82.1029 22
2980 82.1275 20
2981 82.1583 16
2982 82.1891 16
2983 82.2165 18
2984 82.2438 18
2985 82.2746 16
2986 82.3054 16
2987 82.33 20
2988 82.3608 16
2989 82.3882 18
2990 82.419 16
2991 82.4464 18
2992 82.4688 22
2993 82.4934 20
2994 82.5208 18
2995 82.5442 21
2996 82.5688 20
2997 82.5962 18
2998 82.6208 20
2999 82.6516 16
3000 82.6824 16
3001 82.703 24
3002 82.7303 18
3003 82.7562 19
3004 82.787 16
3005 82.8144 18
3006 82.839 20
3007 82.8698 16
3008 82.8972 18
3009 82.9246 18
3010 82.9505 19
3011 82.9813 16
3012 83.0059 20
3013 83.0318 19
3014 83.0542 22
3015 83.085 16
3016 83.1158 16
3017 83.1466 16
3018 83.1774 16
3019 83.2048 18
3020 83.2356 16
3021 83.2663 16
3022 83.291 20
3023 83.3218 16
3024 83.3491 18
3025 83.3765 18
3026 83.4073 16
3027 83.4381 16
3028 83.4627 20
3029 83.4935 16
3030 83.5225 17
3031 83.5533 16
3032 83.5841 16
3033 83.613 17
3034 83.6438 16
3035 83.6728 17
3036 83.6887 31
3037 83.7161 18
3038 83.7469 16
3039 83.7776 16
3040 83.8084 16
3041 83.8374 17
3042 83.8682 16
3043 83.899 16
3044 83.9249 19
3045 83.9557 16
3046 83.9865 16
3047 84.01 21
3048 84.0373 18
3049 84.0633 19
3050 84.0922 17
3051 84.123 16
3052 84.1489 19
3053 84.1724 21
3054 84.197 20
3055 84.2278 16
3056 84.2538 19
3057 84.2827 17
3058 84.3135 16
3059 84.3425 17
3060 84.3699 18
3061 84.4007 16
3062 84.4231 22
3063 84.452 17
3064 84.4828 16
3065 84.5136 16
3066 84.5444 16
3067 84.5703 19
3068 84.595 20
3069 84.6196 20
3070 84.6504 16
3071 84.6777 18
3072 84.7085 16
3073 84.7393 16
3074 84.7701 16
3075 84.7948 20
3076 84.8221 18
3077 84.8468 20
3078 84.8775 16
3079 84.9049 18
3080 84.9357 16
3081 84.9631 18
3082 84.9939 16
3083 85.0144 24
3084 85.0452 16
3085 85.0725 18
3086 85.1033 16
3087 85.1341 16
3088 85.1464 40
3089 85.1738 18
3090 85.2028 17
3091 85.2318 17
3092 85.2626 16
3093 85.2933 16
3094 85.3207 18
3095 85.3481 18
3096 85.3789 16
3097 85.4062 18
3098 85.4352 17
3099 85.4598 20
3100 85.4906 16
3101 85.5196 17
3102 85.5486 17
3103 85.5745 19
3104 85.6004 19
3105 85.6278 18
3106 85.6586 16
3107 85.6894 16
3108 85.7184 17
3109 85.7474 17
3110 85.7747 18
3111 85.8021 18
3112 85.8267 20
3113 85.8575 16
3114 85.8865 17
3115 85.9111 20
3116 85.9385 18
3117 85.9693 16
3118 86.0001 16
3119 86.0309 16
3120 86.0616 16
3121 86.0924 16
3122 86.1171 20
3123 86.1444 18
3124 86.1718 18
3125 86.2026 16
3126 86.2316 17
3127 86.2624 16
3128 86.2932 16
3129 86.3221 17
3130 86.3481 19
3131 86.3788 16
3132 86.4096 16
3133 86.437 18
3134 86.466 17
3135 86.4919 19
3136 86.5227 16
3137 86.5535 16
3138 86.5809 18
3139 86.6117 16
3140 86.6424 16
3141 86.6732 16
3142 86.6992 19
3143 86.7251 19
3144 86.7525 18
3145 86.7832 16
3146 86.8079 20
3147 86.8387 16
3148 86.8695 16
3149 86.8984 17
3150 86.9292 16
3151 86.9566 18
3152 86.9874 16
3153 87.0133 19
3154 87.0368 21
3155 87.0657 17
3156 87.0904 20
3157 87.1194 17
3158 87.1501 16
3159 87.1809 16
3160 87.2099 17
3161 87.2389 17
3162 87.2697 16
3163 87.297 18
3164 87.326 17
3165 87.3568 16
3166 87.3827 19
3167 87.4135 16
3168 87.4443 16
3169 87.4751 16
3170 87.5025 18
3171 87.5333 16
3172 87.5641 16
3173 87.5949 16
3174 87.6256 16
3175 87.6503 20
3176 87.6793 17
3177 87.7082 17
3178 87.7356 18
3179 87.757 23
3180 87.7878 16
3181 87.8186 16
3182 87.846 18
3183 87.8768 16
3184 87.9057 17
3185 87.9365 16
3186 87.9655 17
3187 87.9929 18
3188 88.0218 17
3189 88.0526 16
3190 88.0786 19
3191 88.1094 16
3192 88.1383 17
3193 88.1691 16
3194 88.1981 17
3195 88.2271 17
3196 88.2544 18
3197 88.2852 16
3198 88.3087 21
3199 88.3377 17
3200 88.365 18
3201 88.3958 16
3202 88.4232 18
3203 88.4437 24
3204 88.4745 16
3205 88.5019 18
3206 88.5327 16
3207 88.5635 16
3208 88.5894 19
3209 88.6202 16
3210 88.6476 18
3211 88.6735 19
3212 88.7025 17
3213 88.7314 17
3214 88.7622 16
3215 88.7912 17
3216 88.8202 17
3217 88.851 16
3218 88.8783 18
3219 88.9091 16
3220 88.9399 16
3221 88.9707 16
3222 89.0015 16
3223 89.0323 16
3224 89.0597 18
3225 89.0886 17
3226 89.116 18
3227 89.145 17
3228 89.1758 16
3229 89.2066 16
3230 89.2339 18
3231 89.2613 18
3232 89.2921 16
3233 89.3167 20
3234 89.3475 16
3235 89.3699 22
3236 89.3989 17
3237 89.4297 16
3238 89.457 18
3239 89.4844 18
3240 89.5118 18
3241 89.5377 19
3242 89.5685 16
3243 89.5993 16
3244 89.6239 20
3245 89.6547 16
3246 89.6793 20
3247 89.7101 16
3248 89.7409 16
3249 89.7717 16
3250 89.7991 18
3251 89.8299 16
3252 89.8607 16
3253 89.8866 19
3254 89.9139 18
3255 89.9447 16
3256 89.9721 18
3257 90.0029 16
3258 90.0337 16
3259 90.0627 17
3260 90.0935 16
3261 90.1224 17
3262 90.1532 16
3263 90.184 16
3264 90.2148 16
3265 90.2383 21
3266 90.269 16
3267 90.2998 16
3268 90.3306 16
3269 90.3596 17
3270 90.387 18
3271 90.4178 16
3272 90.4424 20
3273 90.4732 16
3274 90.504 16
3275 90.5348 16
3276 90.5637 17
3277 90.5884 20
3278 90.6192 16
3279 90.6465 18
3280 90.6739 18
3281 90.7047 16
3282 90.7355 16
3283 90.7663 16
3284 90.7952 17
3285 90.8242 17
3286 90.8489 20
3287 90.8678 26
3288 90.8952 18
3289 90.926 16
3290 90.9568 16
3291 90.9875 16
3292 91.0165 17
3293 91.0424 19
3294 91.0698 18
3295 91.0988 17
3296 91.1296 16
3297 91.1555 19
3298 91.1845 17
3299 91.2153 16
3300 91.2461 16
3301 91.2769 16
3302 91.3058 17
3303 91.3332 18
3304 91.364 16
3305 91.3948 16
3306 91.4207 19
3307 91.4481 18
3308 91.4789 16
3309 91.5062 18
3310 91.537 16
3311 91.5678 16
3312 91.5925 20
3313 91.6184 19
3314 91.6492 16
3315 91.6609 42
3316 91.6917 16
3317 91.7163 20
3318 91.7471 16
3319 91.7779 16
3320 91.8053 18
3321 91.8342 17
3322 91.865 16
3323 91.8924 18
3324 91.9232 16
3325 91.9522 17
3326 91.9812 17
3327 92.0119 16
3328 92.0427 16
3329 92.0674 20
3330 92.0982 16
3331 92.1241 19
3332 92.15 19
3333 92.1808 16
3334 92.2054 20
3335 92.2362 16
3336 92.2621 19
3337 92.2929 16
3338 92.3237 16
3339 92.3545 16
3340 92.3853 16
3341 92.4127 18
3342 92.4417 17
3343 92.4676 19
3344 92.4966 17
3345 92.5273 16
3346 92.552 20
3347 92.581 17
3348 92.6117 16
3349 92.6391 18
3350 92.6699 16
3351 92.6973 18
3352 92.7281 16
3353 92.7589 16
3354 92.7896 16
3355 92.812 22
3356 92.841 17
3357 92.8656 20
3358 92.8946 17
3359 92.9193 20
3360 92.9466 18
3361 92.9701 21
3362 92.9991 17
3363 93.025 19
3364 93.0524 18
3365 93.0813 17
3366 93.1103 17
3367 93.1362 19
3368 93.1586 22
3369 93.1846 19
3370 93.2105 19
3371 93.2351 20
3372 93.261 19
3373 93.2918 16
3374 93.3226 16
3375 93.35 18
3376 93.3774 18
3377 93.4082 16
3378 93.4389 16
3379 93.4697 16
3380 93.5005 16
3381 93.5313 16
3382 93.5587 18
3383 93.5895 16
3384 93.6154 19
3385 93.6428 18
3386 93.6736 16
3387 93.7009 18
3388 93.7317 16
3389 93.7625 16
3390 93.7899 18
3391 93.8123 22
3392 93.8431 16
3393 93.872 17
3394 93.9028 16
3395 93.9318 17
3396 93.9626 16
3397 93.9885 19
3398 94.0193 16
3399 94.0501 16
3400 94.0775 18
3401 94.1064 17
3402 94.1354 17
3403 94.1628 18
3404 94.1874 20
3405 94.2182 16
3406 94.249 16
3407 94.2764 18
3408 94.3037 18
3409 94.3284 20
3410 94.3592 16
3411 94.3851 19
3412 94.411 19
3413 94.4334 22
3414 94.4642 16
3415 94.495 16
3416 94.5224 18
3417 94.5513 17
3418 94.5821 16
3419 94.6129 16
3420 94.6388 19
3421 94.6678 17
3422 94.6986 16
3423 94.7276 17
3424 94.7584 16
3425 94.7874 17
3426 94.8147 18
3427 94.8421 18
3428 94.8667 20
3429 94.8902 21
3430 94.921 16
3431 94.95 17
3432 94.9807 16
3433 95.0097 17
3434 95.0405 16
3435 95.0713 16
3436 95.0972 19
3437 95.1246 18
3438 95.152 18
3439 95.1793 18
3440 95.2101 16
3441 95.2348 20
3442 95.2621 18
3443 95.2868 20
3444 95.3175 16
3445 95.3483 16
3446 95.3773 17
3447 95.4081 16
3448 95.4389 16
3449 95.4697 16
3450 95.4943 20
3451 95.5157 23
3452 95.5431 18
3453 95.5705 18
3454 95.5964 19
3455 95.6238 18
3456 95.6546 16
3457 95.6853 16
3458 95.7127 18
3459 95.7435 16
3460 95.7725 17
3461 95.7984 19
3462 95.8274 17
3463 95.8564 17
3464 95.8837 18
3465 95.9127 17
3466 95.9435 16
3467 95.9743 16
3468 96.0051 16
3469 96.0359 16
3470 96.0667 16
3471 96.0956 17
3472 96.123 18
3473 96.1538 16
3474 96.1773 21
3475 96.2046 18
3476 96.2354 16
3477 96.2613 19
3478 96.2903 17
3479 96.3211 16
3480 96.3485 18
3481 96.3793 16
3482 96.4082 17
3483 96.439 16
3484 96.468 17
3485 96.497 17
3486 96.5244 18
3487 96.5552 16
3488 96.5841 17
3489 96.6149 16
3490 96.6439 17
3491 96.6729 17
3492 96.7037 16
3493 96.7296 19
3494 96.7586 17
3495 96.7832 20
3496 96.8106 18
3497 96.8396 17
3498 96.8703 16
3499 96.8963 19
3500 96.9252 17
3501 96.9526 18
3502 96.98 18
3503 97.0074 18
3504 97.0381 16
3505 97.0689 16
3506 97.0997 16
3507 97.1305 16
3508 97.1613 16
3509 97.1837 22
3510 97.2145 16
3511 97.2453 16
3512 97.2712 19
3513 97.3002 17
3514 97.331 16
3515 97.3618 16
3516 97.3891 18
3517 97.4199 16
3518 97.4473 18
3519 97.4781 16
3520 97.5054 18
3521 97.5301 20
3522 97.5574 18
3523 97.5834 19
3524 97.6048 23
3525 97.6338 17
3526 97.6646 16
3527 97.6905 19
3528 97.7213 16
3529 97.7521 16
3530 97.781 17
3531 97.8118 16
3532 97.8426 16
3533 97.8734 16
3534 97.9042 16
3535 97.9266 22
3536 97.954 18
3537 97.9813 18
3538 98.0103 17
3539 98.0411 16
3540 98.0685 18
3541 98.0958 18
3542 98.1266 16
3543 98.154 18
3544 98.1814 18
3545 98.2122 16
3546 98.2429 16
3547 98.2703 18
3548 98.2993 17
3549 98.3267 18
3550 98.3526 19
3551 98.3785 19
3552 98.4093 16
3553 98.4383 17
3554 98.4656 18
3555 98.4964 16
3556 98.5238 18
3557 98.5497 19
3558 98.5771 18
3559 98.6045 18
3560 98.6304 19
3561 98.6578 18
3562 98.6886 16
3563 98.7193 16
3564 98.744 20
3565 98.7699 19
3566 98.8007 16
3567 98.8281 18
3568 98.8589 16
3569 98.8878 17
3570 98.9186 16
3571 98.9383 25
3572 98.9691 16
3573 98.9937 20
3574 99.0245 16
3575 99.0519 18
3576 99.0765 20
3577 99.1039 18
3578 99.1347 16
3579 99.1637 17
3580 99.1927 17
3581 99.2234 16
3582 99.2542 16
3583 99.285 16
3584 99.3158 16
3585 99.3466 16
3586 99.374 18
3587 99.4048 16
3588 99.4337 17
3589 99.4645 16
3590 99.4919 18
3591 99.5209 17
3592 99.5482 18
3593 99.579 16
3594 99.6064 18
3595 99.6299 21
3596 99.6606 16
3597 99.6914 16
3598 99.7222 16
3599 99.753 16
3600 99.7838 16
3601 99.8073 21
3602 99.8381 16
3603 99.8654 18
3604 99.8944 17
3605 99.9179 21
3606 99.9487 16
3607 99.9794 16
3608 100.01 16
3609 100.039 17
3610 100.067 18
3611 100.097 16
3612 100.12 22
3613 100.151 16
3614 100.18 17
3615 100.21 16
3616 100.238 18
3617 100.265 18
3618 100.294 17
3619 100.325 16
3620 100.356 16
3621 100.383 18
3622 100.408 20
3623 100.435 18
3624 100.466 16
3625 100.497 16
3626 100.527 16
3627 100.555 18
3628 100.581 19
3629 100.608 18
3630 100.63 22
3631 100.659 17
3632 100.685 19
3633 100.713 18
3634 100.743 16
3635 100.771 18
3636 100.794 21
3637 100.818 21
3638 100.845 18
3639 100.876 16
3640 100.907 16
3641 100.934 18
3642 100.959 20
3643 100.983 20
3644 101.014 16
3645 101.045 16
3646 101.076 16
3647 101.106 16
3648 101.135 17
3649 101.163 18
3650 101.194 16
3651 101.224 16
3652 101.255 16
3653 101.286 16
3654 101.311 20
3655 101.341 16
3656 101.369 18
3657 101.4 16
3658 101.423 21
3659 101.449 19
3660 101.48 16
3661 101.509 17
3662 101.54 16
3663 101.567 18
3664 101.594 18
3665 101.625 16
3666 101.65 20
3667 101.677 18
3668 101.708 16
3669 101.734 19
3670 101.761 18
3671 101.787 19
3672 101.812 20
3673 101.839 18
3674 101.86 23
3675 101.884 21
3676 101.911 18
3677 101.94 17
3678 101.966 19
3679 101.997 16
3680 102.028 16
3681 102.052 20
3682 102.076 21
3683 102.107 16
3684 102.134 18
3685 102.161 18
3686 102.192 16
3687 102.22 18
3688 102.249 17
3689 102.279 16
3690 102.31 16
3691 102.331 24
3692 102.358 18
3693 102.389 16
3694 102.42 16
3695 102.45 16
3696 102.478 18
3697 102.509 16
3698 102.539 16
3699 102.57 16
3700 102.599 17
3701 102.63 16
3702 102.661 16
3703 102.691 16
3704 102.722 16
3705 102.75 18
3706 102.772 22
3707 102.799 18
3708 102.825 19
3709 102.85 20
3710 102.877 18
3711 102.9 22
3712 102.929 17
3713 102.953 20
3714 102.977 21
3715 103.006 17
3716 103.037 16
3717 103.062 19
3718 103.091 17
3719 103.119 18
3720 103.146 18
3721 103.174 18
3722 103.204 16
3723 103.233 17
3724 103.264 16
3725 103.293 17
3726 103.324 16
3727 103.355 16
3728 103.385 16
3729 103.416 16
3730 103.445 17
3731 103.47 20
3732 103.501 16
3733 103.531 16
3734 103.56 17
3735 103.588 18
3736 103.617 17
3737 103.648 16
3738 103.672 20
3739 103.7 18
3740 103.727 18
3741 103.758 16
3742 103.787 17
3743 103.817 16
3744 103.846 17
3745 103.875 17
3746 103.892 29
3747 103.917 20
3748 103.944 18
3749 103.975 16
3750 104.006 16
3751 104.035 17
3752 104.064 17
3753 104.09 19
3754 104.119 17
3755 104.148 17
3756 104.179 16
3757 104.202 21
3758 104.231 17
3759 104.258 18
3760 104.286 18
3761 104.317 16
3762 104.346 17
3763 104.372 19
3764 104.402 16
3765 104.433 16
3766 104.462 17
3767 104.493 16
3768 104.524 16
3769 104.554 16
3770 104.585 16
3771 104.614 17
3772 104.642 18
3773 104.669 18
3774 104.7 16
3775 104.727 18
3776 104.758 16
3777 104.787 17
3778 104.816 17
3779 104.842 19
3780 104.873 16
3781 104.903 16
3782 104.934 16
3783 104.965 16
3784 104.996 16
3785 105.023 18
3786 105.049 19
3787 105.076 18
3788 105.107 16
3789 105.133 19
3790 105.16 18
3791 105.183 22
3792 105.214 16
3793 105.243 17
3794 105.273 16
3795 105.301 18
3796 105.33 17
3797 105.353 21
3798 105.381 18
3799 105.408 18
3800 105.434 19
3801 105.465 16
3802 105.489 20
3803 105.518 17
3804 105.549 16
3805 105.578 17
3806 105.609 16
3807 105.64 16
3808 105.667 18
3809 105.698 16
3810 105.724 19
3811 105.753 17
3812 105.782 17
3813 105.806 20
3814 105.83 21
3815 105.859 17
3816 105.886 18
3817 105.913 18
3818 105.944 16
3819 105.972 18
3820 105.998 19
3821 106.028 16
3822 106.052 21
3823 106.079 18
3824 106.105 19
3825 106.136 16
3826 106.167 16
3827 106.197 16
3828 106.228 16
3829 106.257 17
3830 106.281 21
3831 106.312 16
3832 106.337 19
3833 106.368 16
3834 106.396 18
3835 106.426 16
3836 106.457 16
3837 106.488 16
3838 106.517 17
3839 106.548 16
3840 106.574 19
3841 106.604 16
3842 106.635 16
3843 106.659 21
3844 106.688 17
3845 106.715 18
3846 106.746 16
3847 106.777 16
3848 106.807 16
3849 106.838 16
3850 106.867 17
3851 106.898 16
3852 106.923 20
3853 106.95 18
3854 106.979 17
3855 107.005 19
3856 107.036 16
3857 107.065 17
3858 107.089 20
3859 107.117 18
3860 107.14 21
3861 107.169 17
3862 107.196 18
3863 107.222 19
3864 107.243 24
3865 107.27 18
3866 107.299 17
3867 107.325 19
3868 107.353 18
3869 107.38 18
3870 107.411 16
3871 107.441 16
3872 107.469 18
3873 107.5 16
3874 107.53 16
3875 107.561 16
3876 107.587 19
3877 107.618 16
3878 107.645 18
3879 107.671 19
3880 107.702 16
3881 107.733 16
3882 107.764 16
3883 107.788 20
3884 107.819 16
3885 107.848 17
3886 107.875 18
3887 107.906 16
3888 107.932 19
3889 107.963 16
3890 107.994 16
3891 108.024 16
3892 108.048 21
3893 108.079 16
3894 108.11 16
3895 108.138 17
3896 108.163 20
3897 108.188 20
3898 108.219 16
3899 108.248 17
3900 108.278 16
3901 108.306 18
3902 108.333 18
3903 108.362 17
3904 108.393 16
3905 108.42 18
3906 108.451 16
3907 108.474 21
3908 108.499 20
3909 108.53 16
3910 108.561 16
3911 108.591 16
3912 108.617 19
3913 108.648 16
3914 108.676 18
3915 108.698 22
3916 108.724 19
3917 108.753 17
3918 108.78 18
3919 108.808 18
3920 108.837 17
3921 108.867 16
3922 108.898 16
3923 108.929 16
3924 108.956 18
3925 108.985 17
3926 109.016 16
3927 109.043 18
3928 109.067 21
3929 109.087 24
3930 109.116 17
3931 109.144 18
3932 109.175 16
3933 109.205 16
3934 109.234 17
3935 109.265 16
3936 109.29 20
3937 109.312 22
3938 109.339 18
3939 109.37 16
3940 109.394 21
3941 109.425 16
3942 109.453 17
3943 109.484 16
3944 109.513 17
3945 109.542 17
3946 109.568 19
3947 109.596 18
3948 109.621 19
3949 109.65 17
3950 109.681 16
3951 109.712 16
3952 109.739 18
3953 109.77 16
3954 109.795 20
3955 109.826 16
3956 109.856 16
3957 109.884 18
3958 109.911 18
3959 109.936 20
3960 109.963 18
3961 109.994 16
3962 110.023 17
3963 110.05 18
3964 110.078 18
3965 110.104 19
3966 110.133 17
3967 110.157 20
3968 110.188 16
3969 110.213 20
3970 110.243 16
3971 110.268 20
3972 110.294 19
3973 110.323 17
3974 110.354 16
3975 110.383 17
3976 110.407 20
3977 110.438 16
3978 110.464 19
3979 110.493 17
3980 110.524 16
3981 110.551 18
3982 110.582 16
3983 110.609 18
3984 110.64 16
3985 110.665 20
3986 110.694 17
3987 110.718 20
3988 110.747 17
3989 110.775 18
3990 110.805 16
3991 110.836 16
3992 110.864 18
3993 110.894 16
3994 110.925 16
3995 110.953 18
3996 110.983 16
3997 111.014 16
3998 111.045 16
3999 111.072 18
4000 111.097 20
4001 111.122 20
4002 111.145 21
4003 111.174 17
4004 111.197 21
4005 111.225 18
4006 111.249 20
4007 111.274 20
4008 111.305 16
4009 111.334 17
4010 111.365 16
4011 111.395 16
4012 111.424 17
4013 111.453 17
4014 111.481 18
4015 111.505 20
4016 111.536 16
4017 111.565 17
4018 111.596 16
4019 111.623 18
4020 111.652 17
4021 111.68 18
4022 111.709 17
4023 111.731 22
4024 111.756 20
4025 111.787 16
4026 111.815 17
4027 111.841 19
4028 111.872 16
4029 111.903 16
4030 111.932 17
4031 111.963 16
4032 111.989 19
4033 112.015 19
4034 112.045 16
4035 112.073 18
4036 112.097 20
4037 112.125 18
4038 112.151 19
4039 112.181 16
4040 112.212 16
4041 112.243 16
4042 112.268 20
4043 112.297 17
4044 112.326 17
4045 112.355 17
4046 112.385 16
4047 112.413 18
4048 112.442 17
4049 112.466 20
4050 112.494 18
4051 112.52 19
4052 112.549 17
4053 112.576 18
4054 112.601 20
4055 112.63 17
4056 112.657 18
4057 112.684 18
4058 112.715 16
4059 112.746 16
4060 112.773 18
4061 112.804 16
4062 112.835 16
4063 112.861 19
4064 112.89 17
4065 112.921 16
4066 112.951 16
4067 112.979 18
4068 113.01 16
4069 113.039 17
4070 113.069 16
4071 113.092 22
4072 113.121 17
4073 113.147 19
4074 113.177 16
4075 113.202 20
4076 113.233 16
4077 113.264 16
4078 113.293 17
4079 113.316 21
4080 113.345 17
4081 113.372 18
4082 113.403 16
4083 113.429 19
4084 113.46 16
4085 113.487 18
4086 113.518 16
4087 113.532 36
4088 113.559 18
4089 113.59 16
4090 113.617 18
4091 113.648 16
4092 113.677 17
4093 113.703 19
4094 113.729 19
4095 113.758 17
4096 113.787 17
4097 113.81 21
4098 113.841 16
4099 113.868 18
4100 113.899 16
4101 113.927 18
4102 113.954 18
4103 113.981 18
4104 114.01 17
4105 114.038 18
4106 114.069 16
4107 114.099 16
4108 114.13 16
4109 114.159 17
4110 114.188 17
4111 114.213 20
4112 114.243 16
4113 114.271 18
4114 114.298 18
4115 114.329 16
4116 114.36 16
4117 114.379 25
4118 114.41 16
4119 114.438 18
4120 114.468 16
4121 114.499 16
4122 114.525 19
4123 114.553 18
4124 114.58 18
4125 114.6 25
4126 114.626 19
4127 114.655 17
4128 114.682 18
4129 114.709 18
4130 114.737 18
4131 114.767 16
4132 114.798 16
4133 114.826 18
4134 114.855 17
4135 114.885 16
4136 114.908 22
4137 114.939 16
4138 114.966 18
4139 114.993 18
4140 115.024 16
4141 115.055 16
4142 115.082 18
4143 115.111 17
4144 115.142 16
4145 115.169 18
4146 115.198 17
4147 115.229 16
4148 115.254 20
4149 115.285 16
4150 115.315 16
4151 115.343 18
4152 115.373 16
4153 115.401 18
4154 115.432 16
4155 115.459 18
4156 115.49 16
4157 115.521 16
4158 115.548 18
4159 115.574 19
4160 115.603 17
4161 115.63 18
4162 115.656 19
4163 115.687 16
4164 115.718 16
4165 115.749 16
4166 115.776 18
4167 115.802 19
4168 115.833 16
4169 115.859 19
4170 115.889 16
4171 115.92 16
4172 115.946 19
4173 115.973 18
4174 116.004 16
4175 116.032 18
4176 116.059 18
4177 116.088 17
4178 116.111 21
4179 116.139 18
4180 116.163 20
4181 116.191 18
4182 116.218 18
4183 116.244 19
4184 116.271 18
4185 116.299 18
4186 116.33 16
4187 116.357 18
4188 116.383 19
4189 116.406 21
4190 116.435 17
4191 116.464 17
4192 116.488 21
4193 116.519 16
4194 116.549 16
4195 116.575 19
4196 116.606 16
4197 116.635 17
4198 116.661 19
4199 116.686 20
4200 116.716 16
4201 116.747 16
4202 116.778 16
4203 116.809 16
4204 116.836 18
4205 116.867 16
4206 116.894 18
4207 116.923 17
4208 116.954 16
4209 116.983 17
4210 117.014 16
4211 117.045 16
4212 117.071 19
4213 117.101 16
4214 117.132 16
4215 117.159 18
4216 117.19 16
4217 117.216 19
4218 117.247 16
4219 117.27 21
4220 117.301 16
4221 117.332 16
4222 117.358 19
4223 117.389 16
4224 117.415 19
4225 117.445 16
4226 117.471 19
4227 117.5 17
4228 117.526 19
4229 117.552 19
4230 117.58 18
4231 117.61 16
4232 117.641 16
4233 117.666 20
4234 117.693 18
4235 117.721 18
4236 117.751 16
4237 117.779 18
4238 117.802 21
4239 117.833 16
4240 117.864 16
4241 117.894 16
4242 117.92 19
4243 117.951 16
4244 117.977 19
4245 118.008 16
4246 118.039 16
4247 118.07 16
4248 118.1 16
4249 118.123 22
4250 118.15 18
4251 118.181 16
4252 118.212 16
4253 118.236 20
4254 118.267 16
4255 118.296 17
4256 118.323 18
4257 118.354 16
4258 118.385 16
4259 118.414 17
4260 118.443 17
4261 118.474 16
4262 118.501 18
4263 118.53 17
4264 118.557 18
4265 118.585 18
4266 118.607 22
4267 118.638 16
4268 118.665 18
4269 118.694 17
4270 118.723 17
4271 118.754 16
4272 118.785 16
4273 118.816 16
4274 118.842 19
4275 118.868 19
4276 118.895 18
4277 118.926 16
4278 118.956 16
4279 118.987 16
4280 119.013 19
4281 119.037 21
4282 119.066 17
4283 119.095 17
4284 119.125 16
4285 119.156 16
4286 119.187 16
4287 119.218 16
4288 119.249 16
4289 119.276 18
4290 119.303 18
4291 119.328 20
4292 119.357 17
4293 119.388 16
4294 119.419 16
4295 119.449 16
4296 119.478 17
4297 119.509 16
4298 119.529 25
4299 119.558 17
4300 119.589 16
4301 119.619 16
4302 119.65 16
4303 119.663 38
4304 119.69 18
4305 119.721 16
4306 119.75 17
4307 119.779 17
4308 119.807 18
4309 119.834 18
4310 119.865 16
4311 119.896 16
4312 119.92 20
4313 119.943 22
4314 119.973 16
4315 120.004 16
4316 120.031 18
4317 120.057 19
4318 120.083 19
4319 120.108 20
4320 120.134 19
4321 120.163 17
4322 120.19 18
4323 120.221 16
4324 120.248 18
4325 120.279 16
4326 120.307 18
4327 120.334 18
4328 120.365 16
4329 120.392 18
4330 120.423 16
4331 120.454 16
4332 120.484 16
4333 120.515 16
4334 120.543 18
4335 120.573 16
4336 120.602 17
4337 120.626 21
4338 120.657 16
4339 120.686 17
4340 120.716 16
4341 120.744 18
4342 120.775 16
4343 120.802 18
4344 120.833 16
4345 120.864 16
4346 120.894 16
4347 120.925 16
4348 120.956 16
4349 120.987 16
4350 121.013 19
4351 121.037 20
4352 121.065 18
4353 121.092 18
4354 121.123 16
4355 121.154 16
4356 121.184 16
4357 121.215 16
4358 121.242 18
4359 121.273 16
4360 121.302 17
4361 121.333 16
4362 121.364 16
4363 121.393 17
4364 121.424 16
4365 121.448 20
4366 121.479 16
4367 121.506 18
4368 121.537 16
4369 121.566 17
4370 121.597 16
4371 121.624 18
4372 121.652 18
4373 121.679 18
4374 121.705 19
4375 121.728 21
4376 121.757 17
4377 121.783 19
4378 121.814 16
4379 121.845 16
4380 121.87 20
4381 121.897 18
4382 121.926 17
4383 121.957 16
4384 121.987 16
4385 122.015 18
4386 122.039 20
4387 122.07 16
4388 122.095 20
4389 122.124 17
4390 122.151 18
4391 122.182 16
4392 122.208 19
4393 122.239 16
4394 122.266 18
4395 122.297 16
4396 122.328 16
4397 122.358 16
4398 122.389 16
4399 122.42 16
4400 122.447 18
4401 122.478 16
4402 122.501 22
4403 122.531 16
4404 122.557 19
4405 122.588 16
4406 122.619 16
4407 122.644 20
4408 122.669 19
4409 122.7 16
4410 122.728 18
4411 122.755 18
4412 122.782 18
4413 122.813 16
4414 122.838 20
4415 122.869 16
4416 122.893 20
4417 122.914 24
4418 122.945 16
4419 122.974 17
4420 123.001 18
4421 123.032 16
4422 123.062 16
4423 123.088 19
4424 123.119 16
4425 123.15 16
4426 123.177 18
4427 123.202 20
4428 123.233 16
4429 123.257 20
4430 123.285 18
4431 123.314 17
4432 123.338 20
4433 123.366 18
4434 123.397 16
4435 123.424 18
4436 123.455 16
4437 123.484 17
4438 123.513 17
4439 123.543 16
4440 123.571 18
4441 123.598 18
4442 123.627 17
4443 123.655 18
4444 123.683 17
4445 123.708 20
4446 123.739 16
4447 123.77 16
4448 123.799 17
4449 123.821 22
4450 123.852 16
4451 123.883 16
4452 123.913 16
4453 123.944 16
4454 123.973 17
4455 124.002 17
4456 124.033 16
4457 124.064 16
4458 124.091 18
4459 124.119 18
4460 124.149 16
4461 124.174 20
4462 124.205 16
4463 124.227 22
4464 124.258 16
4465 124.285 18
4466 124.313 18
4467 124.342 17
4468 124.372 16
4469 124.403 16
4470 124.434 16
4471 124.465 16
4472 124.496 16
4473 124.526 16
4474 124.554 18
4475 124.581 18
4476 124.608 18
4477 124.639 16
4478 124.67 16
4479 124.699 17
4480 124.73 16
4481 124.761 16
4482 124.788 18
4483 124.815 18
4484 124.844 17
4485 124.875 16
4486 124.901 19
4487 124.932 16
4488 124.961 17
4489 124.987 19
4490 125.016 17
4491 125.04 20
4492 125.069 17
4493 125.097 18
4494 125.127 16
4495 125.152 20
4496 125.181 17
4497 125.212 16
4498 125.238 19
4499 125.262 20
4500 125.287 20
4501 125.318 16
4502 125.349 16
4503 125.375 19
4504 125.405 16
4505 125.431 19
4506 125.454 22
4507 125.48 19
4508 125.507 18
4509 125.538 16
4510 125.561 21
4511 125.589 18
4512 125.619 16
4513 125.647 18
4514 125.671 20
4515 125.7 17
4516 125.731 16
4517 125.76 17
4518 125.789 17
4519 125.82 16
4520 125.851 16
4521 125.877 19
4522 125.906 17
4523 125.933 18
4524 125.96 18
4525 125.989 17
4526 126.017 18
4527 126.046 17
4528 126.076 16
4529 126.105 17
4530 126.13 20
4531 126.161 16
4532 126.192 16
4533 126.222 16
4534 126.253 16
4535 126.281 18
4536 126.305 20
4537 126.336 16
4538 126.367 16
4539 126.396 17
4540 126.427 16
4541 126.457 16
4542 126.486 17
4543 126.517 16
4544 126.548 16
4545 126.577 17
4546 126.606 17
4547 126.628 22
4548 126.659 16
4549 126.684 20
4550 126.711 18
4551 126.74 17
4552 126.769 17
4553 126.796 18
4554 126.827 16
4555 126.858 16
4556 126.883 20
4557 126.913 16
4558 126.936 22
4559 126.963 18
4560 126.991 18
4561 127.019 17
4562 127.05 16
4563 127.076 19
4564 127.099 22
4565 127.126 18
4566 127.155 17
4567 127.186 16
4568 127.213 18
4569 127.242 17
4570 127.266 21
4571 127.291 19
4572 127.322 16
4573 127.353 16
4574 127.382 17
4575 127.404 22
4576 127.427 22
4577 127.454 18
4578 127.485 16
4579 127.514 17
4580 127.543 17
4581 127.574 16
4582 127.601 18
4583 127.63 17
4584 127.659 17
4585 127.69 16
4586 127.721 16
4587 127.742 23
4588 127.768 19
4589 127.799 16
4590 127.83 16
4591 127.86 16
4592 127.888 18
4593 127.917 17
4594 127.947 16
4595 127.978 16
4596 128.007 17
4597 128.035 18
4598 128.064 17
4599 128.093 17
4600 128.122 17
4601 128.151 17
4602 128.178 18
4603 128.205 18
4604 128.233 18
4605 128.263 16
4606 128.289 19
4607 128.32 16
4608 128.346 19
4609 128.371 20
4610 128.398 18
4611 128.425 18
4612 128.453 18
4613 128.482 17
4614 128.511 17
4615 128.535 20
4616 128.559 21
4617 128.586 18
4618 128.614 18
4619 128.64 19
4620 128.67 16
4621 128.698 18
4622 128.727 17
4623 128.757 16
4624 128.785 18
4625 128.808 21
4626 128.832 21
4627 128.859 18
4628 128.881 22
4629 128.912 16
4630 128.937 20
4631 128.968 16
4632 128.991 21
4633 129.022 16
4634 129.053 16
4635 129.08 18
4636 129.101 24
4637 129.128 18
4638 129.154 19
4639 129.18 19
4640 129.206 19
4641 129.233 18
4642 129.258 20
4643 129.285 18
4644 129.316 16
4645 129.343 18
4646 129.374 16
4647 129.405 16
4648 129.432 18
4649 129.457 20
4650 129.484 18
4651 129.506 23
4652 129.536 16
4653 129.56 21
4654 129.591 16
4655 129.621 16
4656 129.644 22
4657 129.673 17
4658 129.704 16
4659 129.731 18
4660 129.757 19
4661 129.783 19
4662 129.804 23
4663 129.835 16
4664 129.862 18
4665 129.891 17
4666 129.92 17
4667 129.951 16
4668 129.982 16
4669 130.013 16
4670 130.04 18
4671 130.066 19
4672 130.087 24
4673 130.117 16
4674 130.148 16
4675 130.176 18
4676 130.205 17
4677 130.235 16
4678 130.264 17
4679 130.295 16
4680 130.321 19
4681 130.352 16
4682 130.383 16
4683 130.413 16
4684 130.435 23
4685 130.466 16
4686 130.488 22
4687 130.515 18
4688 130.546 16
4689 130.572 19
4690 130.601 17
4691 130.63 17
4692 130.661 16
4693 130.688 18
4694 130.716 18
4695 130.743 18
4696 130.774 16
4697 130.803 17
4698 130.832 17
4699 130.862 16
4700 130.886 21
4701 130.913 18
4702 130.941 18
4703 130.967 19
4704 130.994 18
4705 131.016 22
4706 131.042 19
4707 131.068 19
4708 131.096 18
4709 131.126 16
4710 131.157 16
4711 131.186 17
4712 131.215 17
4713 131.241 19
4714 131.272 16
4715 131.303 16
4716 131.333 16
4717 131.364 16
4718 131.39 19
4719 131.419 17
4720 131.45 16
4721 131.477 18
4722 131.506 17
4723 131.534 18
4724 131.561 18
4725 131.588 18
4726 131.619 16
4727 131.65 16
4728 131.681 16
4729 131.711 16
4730 131.742 16
4731 131.773 16
4732 131.794 23
4733 131.823 17
4734 131.854 16
4735 131.877 22
4736 131.9 21
4737 131.931 16
4738 131.958 18
4739 131.989 16
4740 132.02 16
4741 132.051 16
4742 132.078 18
4743 132.105 18
4744 132.134 17
4745 132.162 18
4746 132.188 19
4747 132.218 16
4748 132.246 18
4749 132.275 17
4750 132.302 18
4751 132.331 17
4752 132.362 16
4753 132.393 16
4754 132.424 16
4755 132.452 17
4756 132.477 20
4757 132.508 16
4758 132.537 17
4759 132.568 16
4760 132.594 19
4761 132.624 16
4762 132.652 18
4763 132.681 17
4764 132.703 22
4765 132.732 17
4766 132.763 16
4767 132.794 16
4768 132.823 17
4769 132.853 16
4770 132.884 16
4771 132.915 16
4772 132.946 16
4773 132.977 16
4774 133.003 19
4775 133.033 16
4776 133.064 16
4777 133.089 20
4778 133.113 20
4779 133.13 29
4780 133.154 21
4781 133.18 19
4782 133.203 21
4783 133.232 17
4784 133.263 16
4785 133.289 19
4786 133.32 16
4787 133.35 16
4788 133.381 16
4789 133.409 18
4790 133.439 16
4791 133.467 18
4792 133.494 18
4793 133.523 17
4794 133.554 16
4795 133.585 16
4796 133.608 21
4797 133.637 17
4798 133.665 18
4799 133.695 16
4800 133.726 16
4801 133.75 21
4802 133.779 17
4803 133.801 22
4804 133.828 18
4805 133.856 18
4806 133.882 19
4807 133.906 20
4808 133.937 16
4809 133.964 18
4810 133.992 18
4811 134.019 18
4812 134.05 16
4813 134.081 16
4814 134.103 22
4815 134.129 19
4816 134.16 16
4817 134.186 19
4818 134.213 18
4819 134.244 16
4820 134.269 20
4821 134.299 16
4822 134.325 19
4823 134.351 19
4824 134.382 16
4825 134.409 18
4826 134.44 16
4827 134.468 18
4828 134.498 16
4829 134.526 18
4830 134.553 18
4831 134.58 18
4832 134.611 16
4833 134.636 20
4834 134.665 17
4835 134.696 16
4836 134.722 19
4837 134.752 16
4838 134.781 17
4839 134.812 16
4840 134.832 25
4841 134.861 17
4842 134.888 18
4843 134.919 16
4844 134.948 17
4845 134.975 18
4846 135.006 16
4847 135.037 16
4848 135.058 23
4849 135.086 18
4850 135.116 16
4851 135.147 16
4852 135.175 18
4853 135.205 16
4854 135.233 18
4855 135.256 21
4856 135.287 16
4857 135.316 17
4858 135.339 21
4859 135.368 17
4860 135.394 19
4861 135.418 21
4862 135.449 16
4863 135.478 17
4864 135.508 16
4865 135.533 20
4866 135.564 16
4867 135.595 16
4868 135.62 19
4869 135.649 17
4870 135.678 17
4871 135.707 17
4872 135.738 16
4873 135.769 16
4874 135.796 18
4875 135.827 16
4876 135.858 16
4877 135.883 20
4878 135.913 16
4879 135.944 16
4880 135.975 16
4881 136.002 18
4882 136.033 16
4883 136.062 17
4884 136.093 16
4885 136.118 20
4886 136.148 16
4887 136.176 18
4888 136.203 18
4889 136.229 19
4890 136.256 18
4891 136.284 18
4892 136.305 23
4893 136.33 20
4894 136.359 17
4895 136.39 16
4896 136.414 20
4897 136.445 16
4898 136.476 16
4899 136.499 21
4900 136.528 17
4901 136.553 20
4902 136.579 19
4903 136.61 16
4904 136.64 16
4905 136.671 16
4906 136.695 21
4907 136.725 16
4908 136.75 20
4909 136.775 20
4910 136.805 16
4911 136.836 16
4912 136.864 18
4913 136.893 17
4914 136.92 18
4915 136.942 22
4916 136.973 16
4917 137.002 17
4918 137.028 19
4919 137.059 16
4920 137.083 20
4921 137.112 17
4922 137.138 19
4923 137.169 16
4924 137.198 17
4925 137.229 16
4926 137.254 20
4927 137.281 18
4928 137.306 20
4929 137.331 19
4930 137.357 19
4931 137.388 16
4932 137.416 18
4933 137.446 16
4934 137.477 16
4935 137.506 17
4936 137.533 18
4937 137.561 18
4938 137.585 20
4939 137.616 16
4940 137.645 17
4941 137.676 16
4942 137.703 18
4943 137.731 18
4944 137.762 16
4945 137.792 16
4946 137.814 23
4947 137.835 23
4948 137.86 20
4949 137.883 21
4950 137.914 16
4951 137.945 16
4952 137.974 17
4953 137.996 22
4954 138.024 18
4955 138.054 16
4956 138.082 18
4957 138.106 20
4958 138.135 17
4959 138.166 16
4960 138.193 18
4961 138.217 21
4962 138.244 18
4963 138.275 16
4964 138.302 18
4965 138.333 16
4966 138.364 16
4967 138.393 17
4968 138.42 18
4969 138.449 17
4970 138.477 18
4971 138.506 17
4972 138.535 17
4973 138.565 16
4974 138.593 18
4975 138.619 19
4976 138.646 18
4977 138.669 22
4978 138.699 16
4979 138.73 16
4980 138.759 17
4981 138.785 19
4982 138.816 16
4983 138.845 17
4984 138.874 17
4985 138.905 16
4986 138.935 16
4987 138.966 16
4988 138.99 21
4989 139.02 16
4990 139.048 18
4991 139.071 21
4992 139.102 16
4993 139.133 16
4994 139.164 16
4995 139.19 19
4996 139.22 16
4997 139.251 16
4998 139.282 16
4999 139.311 17
5000 139.34 17
5001 139.367 18
5002 139.393 19
5003 139.421 18
5004 139.443 22
5005 139.474 16
5006 139.504 16
5007 139.533 17
5008 139.564 16
5009 139.595 16
5010 139.622 18
5011 139.651 17
5012 139.682 16
5013 139.706 21
5014 139.735 17
5015 139.765 16
5016 139.793 18
5017 139.824 16
5018 139.849 19
5019 139.878 17
5020 139.907 17
5021 139.936 17
5022 139.964 18
5023 139.993 17
5024 140.022 17
5025 140.051 17
5026 140.082 16
5027 140.112 16
5028 140.136 21
5029 140.165 17
5030 140.196 16
5031 140.226 16
5032 140.255 17
5033 140.286 16
5034 140.317 16
5035 140.348 16
5036 140.377 17
5037 140.404 18
5038 140.433 17
5039 140.464 16
5040 140.491 18
5041 140.519 18
5042 140.546 18
5043 140.571 20
5044 140.601 16
5045 140.629 18
5046 140.656 18
5047 140.676 25
5048 140.707 16
5049 140.734 18
5050 140.759 20
5051 140.786 18
5052 140.817 16
5053 140.843 19
5054 140.87 18
5055 140.897 18
5056 140.922 20
5057 140.949 18
5058 140.98 16
5059 141.005 20
5060 141.034 17
5061 141.061 18
5062 141.092 16
5063 141.123 16
5064 141.152 17
5065 141.176 20
5066 141.204 18
5067 141.233 17
5068 141.262 17
5069 141.286 20
5070 141.317 16
5071 141.342 20
5072 141.366 20
5073 141.395 17
5074 141.423 18
5075 141.45 18
5076 141.476 19
5077 141.507 16
5078 141.536 17
5079 141.567 16
5080 141.596 17
5081 141.619 21
5082 141.645 19
5083 141.667 22
5084 141.693 19
5085 141.724 16
5086 141.753 17
5087 141.778 20
5088 141.799 23
5089 141.828 17
5090 141.855 18
5091 141.884 17
5092 141.915 16
5093 141.946 16
5094 141.977 16
5095 142.004 18
5096 142.029 20
5097 142.06 16
5098 142.082 22
5099 142.111 17
5100 142.142 16
5101 142.172 16
5102 142.2 18
5103 142.227 18
5104 142.258 16
5105 142.289 16
5106 142.313 20
5107 142.344 16
5108 142.366 23
5109 142.396 16
5110 142.427 16
5111 142.455 18
5112 142.485 16
5113 142.511 19
5114 142.537 19
5115 142.568 16
5116 142.599 16
5117 142.623 20
5118 142.649 19
5119 142.68 16
5120 142.711 16
5121 142.742 16
5122 142.773 16
5123 142.798 19
5124 142.826 18
5125 142.848 22
5126 142.879 16
5127 142.91 16
5128 142.941 16
5129 142.971 16
5130 143.002 16
5131 143.033 16
5132 143.064 16
5133 143.095 16
5134 143.125 16
5135 143.145 25
5136 143.176 16
5137 143.207 16
5138 143.237 16
5139 143.263 19
5140 143.294 16
5141 143.325 16
5142 143.356 16
5143 143.382 19
5144 143.409 18
5145 143.434 20
5146 143.464 16
5147 143.492 18
5148 143.521 17
5149 143.552 16
5150 143.579 18
5151 143.605 19
5152 143.632 18
5153 143.66 18
5154 143.689 17
5155 143.716 18
5156 143.747 16
5157 143.778 16
5158 143.806 17
5159 143.831 20
5160 143.86 17
5161 143.887 18
5162 143.918 16
5163 143.946 18
5164 143.972 19
5165 144.001 17
5166 144.031 16
5167 144.056 20
5168 144.085 17
5169 144.111 19
5170 144.14 17
5171 144.167 18
5172 144.196 17
5173 144.224 18
5174 144.247 21
5175 144.278 16
5176 144.309 16
5177 144.333 20
5178 144.358 20
5179 144.382 20
5180 144.413 16
5181 144.444 16
5182 144.47 19
5183 144.497 18
5184 144.528 16
5185 144.549 24
5186 144.576 18
5187 144.603 18
5188 144.634 16
5189 144.66 19
5190 144.686 19
5191 144.712 19
5192 144.743 16
5193 144.765 22
5194 144.793 18
5195 144.822 17
5196 144.85 17
5197 144.875 20
5198 144.901 19
5199 144.926 20
5200 144.953 18
5201 144.98 18
5202 145.009 17
5203 145.038 17
5204 145.069 16
5205 145.1 16
5206 145.129 17
5207 145.152 21
5208 145.176 21
5209 145.207 16
5210 145.234 18
5211 145.259 20
5212 145.289 16
5213 145.317 18
5214 145.341 20
5215 145.37 17
5216 145.399 17
5217 145.418 26
5218 145.447 17
5219 145.475 18
5220 145.499 20
5221 145.528 17
5222 145.556 18
5223 145.582 19
5224 145.606 20
5225 145.634 18
5226 145.657 21
5227 145.686 17
5228 145.715 17
5229 145.742 18
5230 145.768 19
5231 145.796 18
5232 145.825 17
5233 145.854 17
5234 145.883 17
5235 145.91 18
5236 145.941 16
5237 145.963 22
5238 145.994 16
5239 146.019 20
5240 146.042 21
5241 146.071 17
5242 146.102 16
5243 146.133 16
5244 146.163 16
5245 146.191 18
5246 146.222 16
5247 146.252 16
5248 146.283 16
5249 146.31 18
5250 146.339 17
5251 146.364 20
5252 146.395 16
5253 146.426 16
5254 146.456 16
5255 146.481 20
5256 146.512 16
5257 146.538 19
5258 146.569 16
5259 146.595 19
5260 146.622 18
5261 146.651 17
5262 146.678 18
5263 146.704 19
5264 146.728 21
5265 146.758 16
5266 146.783 20
5267 146.809 19
5268 146.84 16
5269 146.867 18
5270 146.898 16
5271 146.924 19
5272 146.955 16
5273 146.978 21
5274 147.009 16
5275 147.036 18
5276 147.067 16
5277 147.098 16
5278 147.125 18
5279 147.156 16
5280 147.182 19
5281 147.208 19
5282 147.232 20
5283 147.26 18
5284 147.291 16
5285 147.321 16
5286 147.347 19
5287 147.378 16
5288 147.406 18
5289 147.436 16
5290 147.465 17
5291 147.494 17
5292 147.52 19
5293 147.546 19
5294 147.573 18
5295 147.599 19
5296 147.628 17
5297 147.659 16
5298 147.687 18
5299 147.714 18
5300 147.739 20
5301 147.769 16
5302 147.798 17
5303 147.827 17
5304 147.858 16
5305 147.882 21
5306 147.912 16
5307 147.943 16
5308 147.968 20
5309 147.999 16
5310 148.021 22
5311 148.043 22
5312 148.071 18
5313 148.1 17
5314 148.129 17
5315 148.158 17
5316 148.188 16
5317 148.216 18
5318 148.243 18
5319 148.272 17
5320 148.301 17
5321 148.332 16
5322 148.363 16
5323 148.393 16
5324 148.424 16
5325 148.449 20
5326 148.475 19
5327 148.504 17
5328 148.535 16
5329 148.562 18
5330 148.593 16
5331 148.624 16
5332 148.651 18
5333 148.682 16
5334 148.711 17
5335 148.738 18
5336 148.769 16
5337 148.796 18
5338 148.824 18
5339 148.854 16
5340 148.879 20
5341 148.906 18
5342 148.934 18
5343 148.961 18
5344 148.984 22
5345 149.014 16
5346 149.045 16
5347 149.076 16
5348 149.098 22
5349 149.129 16
5350 149.156 18
5351 149.187 16
5352 149.216 17
5353 149.242 19
5354 149.271 17
5355 149.3 17
5356 149.326 19
5357 149.353 18
5358 149.384 16
5359 149.41 19
5360 149.436 19
5361 149.462 19
5362 149.488 19
5363 149.514 19
5364 149.536 22
5365 149.561 20
5366 149.588 18
5367 149.614 19
5368 149.636 23
5369 149.663 18
5370 149.69 18
5371 149.718 18
5372 149.747 17
5373 149.777 16
5374 149.803 19
5375 149.825 23
5376 149.852 18
5377 149.877 20
5378 149.908 16
5379 149.938 16
5380 149.969 16
5381 150 16
5382 150.031 16
5383 150.06 17
5384 150.09 16
5385 150.121 16
5386 150.147 19
5387 150.178 16
5388 150.209 16
5389 150.24 16
5390 150.27 16
5391 150.298 18
5392 150.329 16
5393 150.347 27
5394 150.376 17
5395 150.403 18
5396 150.432 17
5397 150.459 18
5398 150.487 18
5399 150.518 16
5400 150.545 18
5401 150.576 16
5402 150.607 16
5403 150.637 16
5404 150.663 19
5405 150.686 22
5406 150.713 18
5407 150.742 17
5408 150.773 16
5409 150.8 18
5410 150.828 18
5411 150.853 19
5412 150.881 18
5413 150.905 20
5414 150.931 19
5415 150.962 16
5416 150.993 16
5417 151.022 17
5418 151.049 18
5419 151.077 18
5420 151.103 19
5421 151.133 16
5422 151.164 16
5423 151.193 17
5424 151.219 19
5425 151.248 17
5426 151.279 16
5427 151.305 19
5428 151.332 18
5429 151.363 16
5430 151.394 16
5431 151.421 18
5432 151.45 17
5433 151.477 18
5434 151.508 16
5435 151.539 16
5436 151.57 16
5437 151.601 16
5438 151.631 16
5439 151.662 16
5440 151.691 17
5441 151.722 16
5442 151.753 16
5443 151.78 18
5444 151.806 19
5445 151.837 16
5446 151.861 20
5447 151.892 16
5448 151.92 18
5449 151.95 16
5450 151.979 17
5451 152.007 18
5452 152.027 24
5453 152.058 16
5454 152.087 17
5455 152.113 19
5456 152.14 18
5457 152.165 20
5458 152.196 16
5459 152.225 17
5460 152.252 18
5461 152.283 16
5462 152.305 22
5463 152.333 18
5464 152.36 18
5465 152.389 17
5466 152.411 22
5467 152.44 17
5468 152.464 21
5469 152.495 16
5470 152.525 16
5471 152.556 16
5472 152.574 27
5473 152.6 19
5474 152.628 18
5475 152.659 16
5476 152.688 17
5477 152.712 20
5478 152.738 19
5479 152.769 16
5480 152.8 16
5481 152.83 16
5482 152.861 16
5483 152.887 19
5484 152.916 17
5485 152.947 16
5486 152.976 17
5487 153.007 16
5488 153.036 17
5489 153.063 18
5490 153.09 18
5491 153.116 19
5492 153.144 18
5493 153.175 16
5494 153.205 16
5495 153.236 16
5496 153.262 19
5497 153.293 16
5498 153.324 16
5499 153.348 20
5500 153.376 18
5501 153.402 19
5502 153.429 18
5503 153.45 23
5504 153.481 16
5505 153.51 17
5506 153.537 18
5507 153.562 20
5508 153.587 20
5509 153.616 17
5510 153.646 16
5511 153.675 17
5512 153.704 17
5513 153.733 17
5514 153.762 17
5515 153.79 18
5516 153.821 16
5517 153.851 16
5518 153.88 17
5519 153.911 16
5520 153.94 17
5521 153.969 17
5522 153.996 18
5523 154.027 16
5524 154.055 18
5525 154.079 20
5526 154.11 16
5527 154.139 17
5528 154.17 16
5529 154.196 19
5530 154.227 16
5531 154.252 19
5532 154.283 16
5533 154.314 16
5534 154.335 24
5535 154.365 16
5536 154.387 23
5537 154.418 16
5538 154.447 17
5539 154.471 20
5540 154.502 16
5541 154.528 19
5542 154.557 17
5543 154.588 16
5544 154.618 16
5545 154.647 17
5546 154.673 19
5547 154.704 16
5548 154.727 22
5549 154.752 19
5550 154.781 17
5551 154.806 20
5552 154.837 16
5553 154.868 16
5554 154.898 16
5555 154.927 17
5556 154.958 16
5557 154.989 16
5558 155.01 24
5559 155.037 18
5560 155.066 17
5561 155.097 16
5562 155.123 19
5563 155.149 19
5564 155.176 18
5565 155.207 16
5566 155.236 17
5567 155.263 18
5568 155.294 16
5569 155.321 18
5570 155.346 20
5571 155.373 18
5572 155.397 21
5573 155.42 21
5574 155.449 17
5575 155.48 16
5576 155.507 18
5577 155.538 16
5578 155.569 16
5579 155.6 16
5580 155.63 16
5581 155.655 20
5582 155.686 16
5583 155.717 16
5584 155.744 18
5585 155.773 17
5586 155.798 20
5587 155.828 16
5588 155.859 16
5589 155.887 18
5590 155.917 16
5591 155.948 16
5592 155.979 16
5593 156.005 19
5594 156.029 20
5595 156.055 19
5596 156.086 16
5597 156.114 18
5598 156.143 17
5599 156.173 16
5600 156.201 18
5601 156.23 17
5602 156.257 18
5603 156.288 16
5604 156.319 16
5605 156.349 16
5606 156.38 16
5607 156.411 16
5608 156.44 17
5609 156.466 19
5610 156.497 16
5611 156.523 19
5612 156.553 16
5613 156.584 16
5614 156.612 18
5615 156.642 16
5616 156.664 23
5617 156.693 17
5618 156.719 19
5619 156.746 18
5620 156.773 18
5621 156.801 18
5622 156.828 18
5623 156.855 18
5624 156.886 16
5625 156.912 19
5626 156.943 16
5627 156.97 18
5628 156.999 17
5629 157.028 17
5630 157.059 16
5631 157.09 16
5632 157.121 16
5633 157.144 21
5634 157.169 20
5635 157.192 21
5636 157.223 16
5637 157.25 18
5638 157.274 21
5639 157.303 17
5640 157.334 16
5641 157.364 16
5642 157.39 19
5643 157.413 22
5644 157.444 16
5645 157.471 18
5646 157.496 20
5647 157.526 16
5648 157.557 16
5649 157.583 19
5650 157.614 16
5651 157.64 19
5652 157.662 22
5653 157.69 18
5654 157.72 16
5655 157.745 20
5656 157.772 18
5657 157.797 20
5658 157.824 18
5659 157.855 16
5660 157.882 18
5661 157.91 18
5662 157.941 16
5663 157.968 18
5664 157.995 18
5665 158.026 16
5666 158.051 20
5667 158.078 18
5668 158.106 18
5669 158.133 18
5670 158.164 16
5671 158.191 18
5672 158.222 16
5673 158.251 17
5674 158.28 17
5675 158.309 17
5676 158.335 19
5677 158.364 17
5678 158.391 18
5679 158.418 18
5680 158.449 16
5681 158.48 16
5682 158.507 18
5683 158.533 19
5684 158.564 16
5685 158.595 16
5686 158.624 17
5687 158.655 16
5688 158.682 18
5689 158.713 16
5690 158.74 18
5691 158.768 18
5692 158.798 16
5693 158.826 18
5694 158.855 17
5695 158.885 16
5696 158.91 20
5697 158.941 16
5698 158.966 20
5699 158.996 16
5700 159.021 20
5701 159.048 18
5702 159.076 18
5703 159.106 16
5704 159.137 16
5705 159.168 16
5706 159.197 17
5707 159.228 16
5708 159.259 16
5709 159.281 22
5710 159.307 19
5711 159.338 16
5712 159.368 16
5713 159.399 16
5714 159.428 17
5715 159.457 17
5716 159.485 18
5717 159.515 16
5718 159.54 20
5719 159.567 18
5720 159.598 16
5721 159.627 17
5722 159.656 17
5723 159.684 18
5724 159.714 16
5725 159.743 17
5726 159.774 16
5727 159.8 19
5728 159.826 19
5729 159.857 16
5730 159.888 16
5731 159.913 19
5732 159.944 16
5733 159.969 20
5734 159.992 21
5735 160.021 17
5736 160.05 17
5737 160.078 18
5738 160.104 19
5739 160.134 16
5740 160.16 19
5741 160.191 16
5742 160.216 20
5743 160.243 18
5744 160.274 16
5745 160.301 18
5746 160.329 18
5747 160.359 16
5748 160.387 18
5749 160.416 17
5750 160.442 19
5751 160.471 17
5752 160.498 18
5753 160.525 18
5754 160.556 16
5755 160.587 16
5756 160.616 17
5757 160.647 16
5758 160.674 18
5759 160.703 17
5760 160.73 18
5761 160.754 21
5762 160.78 19
5763 160.809 17
5764 160.84 16
5765 160.867 18
5766 160.893 19
5767 160.924 16
5768 160.954 16
5769 160.978 21
5770 161.007 17
5771 161.034 18
5772 161.065 16
5773 161.092 18
5774 161.123 16
5775 161.148 20
5776 161.177 17
5777 161.208 16
5778 161.238 16
5779 161.266 18
5780 161.293 18
5781 161.324 16
5782 161.346 22
5783 161.372 19
5784 161.403 16
5785 161.43 18
5786 161.458 18
5787 161.489 16
5788 161.516 18
5789 161.547 16
5790 161.571 20
5791 161.602 16
5792 161.63 18
5793 161.659 17
5794 161.689 16
5795 161.718 17
5796 161.749 16
5797 161.775 19
5798 161.802 18
5799 161.833 16
5800 161.861 18
5801 161.889 17
5802 161.914 20
5803 161.941 18
5804 161.966 20
5805 161.992 19
5806 162.014 22
5807 162.043 17
5808 162.074 16
5809 162.105 16
5810 162.136 16
5811 162.163 18
5812 162.191 18
5813 162.221 16
5814 162.247 19
5815 162.275 18
5816 162.301 19
5817 162.33 17
5818 162.354 20
5819 162.385 16
5820 162.406 23
5821 162.434 18
5822 162.458 20
5823 162.483 20
5824 162.514 16
5825 162.545 16
5826 162.575 16
5827 162.606 16
5828 162.637 16
5829 162.668 16
5830 162.695 18
5831 162.724 17
5832 162.751 18
5833 162.782 16
5834 162.813 16
5835 162.838 20
5836 162.868 16
5837 162.894 19
5838 162.919 20
5839 162.948 17
5840 162.975 18
5841 163.006 16
5842 163.034 18
5843 163.061 18
5844 163.084 21
5845 163.115 16
5846 163.146 16
5847 163.177 16
5848 163.206 17
5849 163.236 16
5850 163.262 19
5851 163.293 16
5852 163.321 18
5853 163.348 18
5854 163.375 18
5855 163.4 20
5856 163.427 18
5857 163.452 20
5858 163.481 17
5859 163.512 16
5860 163.542 16
5861 163.573 16
5862 163.602 17
5863 163.631 17
5864 163.657 19
5865 163.682 20
5866 163.713 16
5867 163.743 16
5868 163.774 16
5869 163.805 16
5870 163.836 16
5871 163.865 17
5872 163.896 16
5873 163.921 19
5874 163.952 16
5875 163.983 16
5876 164.01 18
5877 164.041 16
5878 164.066 20
5879 164.093 18
5880 164.121 18
5881 164.148 18
5882 164.175 18
5883 164.206 16
5884 164.233 18
5885 164.264 16
5886 164.293 17
5887 164.321 18
5888 164.345 20
5889 164.368 22
5890 164.398 16
5891 164.427 17
5892 164.458 16
5893 164.489 16
5894 164.52 16
5895 164.551 16
5896 164.576 19
5897 164.607 16
5898 164.638 16
5899 164.66 22
5900 164.691 16
5901 164.714 22
5902 164.74 19
5903 164.77 16
5904 164.798 18
5905 164.828 16
5906 164.857 17
5907 164.888 16
5908 164.917 17
5909 164.946 17
5910 164.977 16
5911 165.008 16
5912 165.035 18
5913 165.063 18
5914 165.088 19
5915 165.119 16
5916 165.148 17
5917 165.179 16
5918 165.206 18
5919 165.234 18
5920 165.26 19
5921 165.287 18
5922 165.316 17
5923 165.345 17
5924 165.37 20
5925 165.4 16
5926 165.431 16
5927 165.46 17
5928 165.488 18
5929 165.518 16
5930 165.547 17
5931 165.571 21
5932 165.595 20
5933 165.624 17
5934 165.653 17
5935 165.681 18
5936 165.705 20
5937 165.729 21
5938 165.76 16
5939 165.79 16
5940 165.816 19
5941 165.847 16
5942 165.874 18
5943 165.899 20
5944 165.93 16
5945 165.961 16
5946 165.991 16
5947 166.019 18
5948 166.046 18
5949 166.072 19
5950 166.103 16
5951 166.134 16
5952 166.161 18
5953 166.192 16
5954 166.223 16
5955 166.252 17
5956 166.282 16
5957 166.31 18
5958 166.332 22
5959 166.363 16
5960 166.394 16
5961 166.42 19
5962 166.447 18
5963 166.478 16
5964 166.505 18
5965 166.534 17
5966 166.565 16
5967 166.592 18
5968 166.623 16
5969 166.651 18
5970 166.678 18
5971 166.699 23
5972 166.724 20
5973 166.755 16
5974 166.784 17
5975 166.815 16
5976 166.844 17
5977 166.874 16
5978 166.903 17
5979 166.934 16
5980 166.965 16
5981 166.992 18
5982 167.021 17
5983 167.05 17
5984 167.079 17
5985 167.11 16
5986 167.139 17
5987 167.166 18
5988 167.192 19
5989 167.218 19
5990 167.249 16
5991 167.278 17
5992 167.3 22
5993 167.325 20
5994 167.351 19
5995 167.378 18
5996 167.409 16
5997 167.44 16
5998 167.471 16
5999 167.5 17
>vvv>>>>G
>>>>>>>>^
>>>>>>>>^
^#######^
^<<<<<<<<
^<<<<<<^<

