0 0.000127557 2314
1 0.00313637 99
2 0.0329229 10
3 0.0448307 25
4 0.0677001 13
5 0.094709 11
6 0.117507 13
7 0.142165 12
8 0.163263 14
9 0.184265 14
10 0.208708 12
11 0.222008 22
12 0.246156 12
13 0.261367 19
14 0.283532 13
15 0.300424 17
16 0.326443 11
17 0.350213 12
18 0.372018 13
19 0.395507 12
20 0.406695 25
21 0.42061 20
22 0.443672 12
23 0.462067 15
24 0.47927 16
25 0.506713 10
26 0.524949 15
27 0.547701 12
28 0.56135 20
29 0.580861 14
30 0.608201 10
31 0.635581 10
32 0.663015 10
33 0.682794 14
34 0.710564 10
35 0.73848 10
36 0.760086 13
37 0.788429 10
38 0.817047 10
39 0.841141 12
40 0.863905 13
41 0.894925 10
42 0.921009 12
43 0.953069 10
44 0.982841 11
45 1.01039 12
46 1.04378 10
47 1.07446 11
48 1.10961 10
49 1.13923 12
50 1.17524 10
51 1.20841 11
52 1.24594 10
53 1.26971 16
54 1.30824 10
55 1.33835 13
56 1.36674 14
57 1.40339 11
58 1.44435 10
59 1.48599 10
60 1.52451 11
61 1.56095 12
62 1.59052 15
63 1.63207 11
64 1.67841 10
65 1.72616 10
66 1.76704 12
67 1.81676 10
68 1.86716 10
69 1.91942 10
70 1.97269 10
71 2.01781 12
72 2.06779 11
73 2.12315 10
74 2.16992 12
75 2.21024 14
76 2.26704 10
77 2.32418 10
78 2.37644 11
79 2.43436 10
80 2.49304 10
81 2.5524 10
82 2.60212 12
83 2.65666 11
84 2.71695 10
85 2.77754 10
86 2.82826 12
87 2.88966 10
88 2.94103 12
89 2.98243 15
90 3.04493 10
91 3.10794 10
92 3.17127 10
93 3.23474 10
94 3.29854 10
95 3.34421 14
96 3.39775 12
97 3.45141 12
98 3.50538 12
99 3.56435 11
100 3.62943 10
101 3.69469 10
102 3.75408 11
103 3.81362 11
104 3.87329 11
105 3.93899 10
106 4.00483 10
107 4.07073 10
108 4.13669 10
109 4.19171 12
110 4.25791 10
111 4.32419 10
112 4.38449 11
113 4.4398 12
114 4.50621 10
115 4.57266 10
116 4.62806 12
117 4.68349 12
118 4.75004 10
119 4.81663 10
120 4.88324 10
121 4.94989 10
122 5.00122 13
123 5.05685 12
124 5.12364 10
125 5.18444 11
126 5.2359 13
127 5.29166 12
128 5.3586 10
129 5.42555 10
130 5.49254 10
131 5.54837 12
132 5.59993 13
133 5.65581 12
134 5.70051 15
135 5.76758 10
136 5.81919 13
137 5.88018 11
138 5.93612 12
139 5.98775 13
140 6.02309 19
141 6.07905 12
142 6.1462 10
143 6.19787 13
144 6.23985 16
145 6.30704 10
146 6.37423 10
147 6.44142 10
148 6.50862 10
149 6.56971 11
150 6.63691 10
151 6.70412 10
152 6.77133 10
153 6.83854 10
154 6.90576 10
155 6.97298 10
156 7.03409 11
157 7.09521 11
158 7.15123 12
159 7.20726 12
160 7.26838 11
161 7.32009 13
162 7.36492 15
163 7.41294 14
164 7.48017 10
165 7.5474 10
166 7.59912 13
167 7.64114 16
168 7.70225 11
169 7.75828 12
170 7.82551 10
171 7.89274 10
172 7.94878 12
173 8.01603 10
174 8.07206 12
175 8.1393 10
176 8.20654 10
177 8.26257 12
178 8.32981 10
179 8.37463 15
180 8.44186 10
181 8.49788 12
182 8.5459 14
183 8.61312 10
184 8.65794 15
185 8.72515 10
186 8.79236 10
187 8.84407 13
188 8.91128 10
189 8.97848 10
190 9.04569 10
191 9.11289 10
192 9.17398 11
193 9.22998 12
194 9.28598 12
195 9.35318 10
196 9.41428 11
197 9.45908 15
198 9.52629 10
199 9.5935 10
200 9.64951 12
201 9.70552 12
202 9.77274 10
203 9.82076 14
204 9.86879 14
205 9.93604 10
206 9.99719 11
207 10.0645 10
208 10.1317 10
209 10.199 10
210 10.2602 11
211 10.3214 11
212 10.3775 12
213 10.4293 13
214 10.4966 10
215 10.5527 12
216 10.6088 12
217 10.6701 11
218 10.7313 11
219 10.7987 10
220 10.866 10
221 10.9222 12
222 10.9896 10
223 11.0508 11
224 11.107 12
225 11.1744 10
226 11.2417 10
227 11.3091 10
228 11.3765 10
229 11.4439 10
230 11.5113 10
231 11.5675 12
232 11.6157 14
233 11.6638 14
234 11.72 12
235 11.7874 10
236 11.8548 10
237 11.911 12
238 11.9672 12
239 12.0346 10
240 12.0959 11
241 12.1521 12
242 12.2196 10
243 12.287 10
244 12.3544 10
245 12.4157 11
246 12.4832 10
247 12.5506 10
248 12.6068 12
249 12.6742 10
250 12.7416 10
251 12.7866 15
252 12.8479 11
253 12.9041 12
254 12.9715 10
255 13.0389 10
256 13.1064 10
257 13.1738 10
258 13.2159 16
259 13.2833 10
260 13.3508 10
261 13.4121 11
262 13.4795 10
263 13.5216 16
264 13.5698 14
265 13.6372 10
266 13.6934 12
267 13.7608 10
268 13.8221 11
269 13.8895 10
270 13.9508 11
271 14.0182 10
272 14.0744 12
273 14.1226 14
274 14.19 10
275 14.2462 12
276 14.3136 10
277 14.381 10
278 14.4372 12
279 14.4934 12
280 14.5355 16
281 14.6029 10
282 14.6703 10
283 14.7316 11
284 14.7737 16
285 14.8411 10
286 14.9024 11
287 14.9585 12
288 15.0259 10
289 15.0933 10
290 15.1382 15
291 15.1944 12
292 15.2425 14
293 15.2987 12
294 15.3548 12
295 15.4066 13
296 15.4487 16
297 15.5049 12
298 15.5723 10
299 15.6097 18
300 15.6615 13
301 15.7289 10
302 15.7963 10
303 15.8637 10
304 15.9199 12
305 15.9873 10
306 16.0434 12
307 16.0996 12
308 16.1609 11
309 16.2283 10
310 16.2957 10
311 16.3378 16
312 16.4052 10
313 16.4473 16
314 16.4992 13
315 16.5666 10
316 16.6228 12
317 16.6902 10
318 16.7515 11
319 16.8077 12
320 16.8558 14
321 16.9233 10
322 16.9795 12
323 17.047 10
324 17.1144 10
325 17.1819 10
326 17.2493 10
327 17.2975 14
328 17.3537 12
329 17.4099 12
330 17.4712 11
331 17.5386 10
332 17.6061 10
333 17.6579 13
334 17.7192 11
335 17.7805 11
336 17.8418 11
337 17.9093 10
338 17.9767 10
339 18.0441 10
340 18.1115 10
341 18.1789 10
342 18.2464 10
343 18.2913 15
344 18.3475 12
345 18.4149 10
346 18.4823 10
347 18.5497 10
348 18.6172 10
349 18.6846 10
350 18.7295 15
351 18.7969 10
352 18.8451 14
353 18.8933 14
354 18.9382 15
355 18.9995 11
356 19.0669 10
357 19.1343 10
358 19.1825 14
359 19.2499 10
360 19.3174 10
361 19.3787 11
362 19.4349 12
363 19.4911 12
364 19.5075 41
365 19.5557 14
366 19.6232 10
367 19.6794 12
368 19.7356 12
369 19.8031 10
370 19.8593 12
371 19.9268 10
372 19.9943 10
373 20.0425 14
374 20.1038 11
375 20.1557 13
376 20.2039 14
377 20.2601 12
378 20.3163 12
379 20.3838 10
380 20.4512 10
381 20.5187 10
382 20.5861 10
383 20.6536 10
384 20.721 10
385 20.7884 10
386 20.8497 11
387 20.8979 14
388 20.9401 16
389 21.0075 10
390 21.0557 14
391 21.1169 11
392 21.1782 11
393 21.2344 12
394 21.3018 10
395 21.358 12
396 21.4254 10
397 21.4928 10
398 21.5602 10
399 21.6164 12
400 21.6725 12
401 21.7287 12
402 21.7708 16
403 21.8382 10
404 21.9056 10
405 21.973 10
406 22.0179 15
407 22.0791 11
408 22.1353 12
409 22.2027 10
410 22.2448 16
411 22.2897 15
412 22.3571 10
413 22.4245 10
414 22.4857 11
415 22.5531 10
416 22.605 13
417 22.6723 10
418 22.7397 10
419 22.8071 10
420 22.852 15
421 22.9194 10
422 22.9807 11
423 23.0481 10
424 23.0999 13
425 23.1481 14
426 23.1962 14
427 23.2575 11
428 23.3249 10
429 23.381 12
430 23.4372 12
431 23.4891 13
432 23.5565 10
433 23.6126 12
434 23.6801 10
435 23.7413 11
436 23.7932 13
437 23.8414 14
438 23.9088 10
439 23.9762 10
440 24.0324 12
441 24.0998 10
442 24.156 12
443 24.2079 13
444 24.2641 12
445 24.3315 10
446 24.3712 17
447 24.4386 10
448 24.506 10
449 24.5734 10
450 24.6409 10
451 24.7022 11
452 24.7471 15
453 24.8033 12
454 24.8595 12
455 24.9157 12
456 24.9675 13
457 25.0237 12
458 25.0718 14
459 25.1237 13
460 25.1911 10
461 25.2473 12
462 25.3147 10
463 25.3708 12
464 25.4382 10
465 25.5056 10
466 25.5538 14
467 25.6212 10
468 25.6824 11
469 25.7343 13
470 25.8017 10
471 25.8691 10
472 25.9252 12
473 25.9814 12
474 26.021 17
475 26.0772 12
476 26.1446 10
477 26.212 10
478 26.2794 10
479 26.3355 12
480 26.4029 10
481 26.4703 10
482 26.5265 12
483 26.5939 10
484 26.6613 10
485 26.7287 10
486 26.7961 10
487 26.8523 12
488 26.9004 14
489 26.9678 10
490 27.0353 10
491 27.1027 10
492 27.1545 13
493 27.2027 14
494 27.2641 11
495 27.3203 12
496 27.3722 13
497 27.4397 10
498 27.5071 10
499 27.5684 11
500 27.6359 10
501 27.6972 11
502 27.7647 10
503 27.8209 12
504 27.8883 10
505 27.9558 10
506 28.004 14
507 28.0602 12
508 28.1276 10
509 28.1889 11
510 28.2564 10
511 28.3125 12
512 28.38 10
513 28.4474 10
514 28.5036 12
515 28.5517 14
516 28.6079 12
517 28.6754 10
518 28.7315 12
519 28.7877 12
520 28.8551 10
521 28.9226 10
522 28.9622 17
523 29.0297 10
524 29.0971 10
525 29.1584 11
526 29.2146 12
527 29.282 10
528 29.3101 24
529 29.3775 10
530 29.4337 12
531 29.495 11
532 29.5624 10
533 29.6298 10
534 29.6817 13
535 29.7491 10
536 29.7812 21
537 29.8293 14
538 29.8967 10
539 29.9642 10
540 30.0203 12
541 30.0878 10
542 30.1439 12
543 30.1921 14
544 30.2595 10
545 30.3269 10
546 30.3882 11
547 30.4401 13
548 30.5075 10
549 30.5749 10
550 30.6311 12
551 30.6985 10
552 30.7546 12
553 30.8221 10
554 30.8895 10
555 30.9507 11
556 31.0182 10
557 31.0856 10
558 31.153 10
559 31.2204 10
560 31.2816 11
561 31.3491 10
562 31.4165 10
563 31.4777 11
564 31.5452 10
565 31.6013 12
566 31.6687 10
567 31.7169 14
568 31.7782 11
569 31.8395 11
570 31.8913 13
571 31.9475 12
572 32.0149 10
573 32.0631 14
574 32.1305 10
575 32.1979 10
576 32.2653 10
577 32.3266 11
578 32.3879 11
579 32.4553 10
580 32.5115 12
581 32.5789 10
582 32.6351 12
583 32.6748 17
584 32.7309 12
585 32.7871 12
586 32.839 13
587 32.9003 11
588 32.9565 12
589 33.0178 11
590 33.0852 10
591 33.1414 12
592 33.2089 10
593 33.2763 10
594 33.3437 10
595 33.3999 12
596 33.4561 12
597 33.5174 11
598 33.5736 12
599 33.6349 11
600 33.6911 12
601 33.7524 11
602 33.8042 13
603 33.8524 14
604 33.9005 14
605 33.9618 11
606 34.0293 10
607 34.0967 10
608 34.1641 10
609 34.2315 10
610 34.2989 10
611 34.3411 16
612 34.4023 11
613 34.4585 12
614 34.5104 13
615 34.5778 10
616 34.626 14
617 34.6821 12
618 34.7383 12
619 34.7865 14
620 34.8539 10
621 34.9213 10
622 34.9775 12
623 35.0196 16
624 35.0871 10
625 35.1545 10
626 35.2219 10
627 35.2781 12
628 35.3455 10
629 35.413 10
630 35.4804 10
631 35.5479 10
632 35.6153 10
633 35.6827 10
634 35.7346 13
635 35.7828 14
636 35.8502 10
637 35.8952 15
638 35.9514 12
639 36.0076 12
640 36.0638 12
641 36.12 12
642 36.1762 12
643 36.2324 12
644 36.2843 13
645 36.3362 13
646 36.3881 13
647 36.4494 11
648 36.5013 13
649 36.5687 10
650 36.6249 12
651 36.6811 12
652 36.7486 10
653 36.8161 10
654 36.8835 10
655 36.951 10
656 37.0185 10
657 37.0634 15
658 37.1309 10
659 37.1871 12
660 37.239 13
661 37.3003 11
662 37.3616 11
663 37.423 11
664 37.4904 10
665 37.5578 10
666 37.614 12
667 37.6622 14
668 37.7184 12
669 37.7797 11
670 37.8472 10
671 37.9146 10
672 37.982 10
673 38.0382 12
674 38.0995 11
675 38.167 10
676 38.2344 10
677 38.3018 10
678 38.3693 10
679 38.4367 10
680 38.5041 10
681 38.5716 10
682 38.6235 13
683 38.6909 10
684 38.7583 10
685 38.8102 13
686 38.8499 17
687 38.9061 12
688 38.9579 13
689 39.0254 10
690 39.0867 11
691 39.1348 14
692 39.191 12
693 39.2584 10
694 39.3258 10
695 39.3933 10
696 39.4546 11
697 39.5107 12
698 39.5781 10
699 39.6456 10
700 39.7017 12
701 39.7392 18
702 39.8066 10
703 39.8628 12
704 39.9302 10
705 39.9821 13
706 40.0434 11
707 40.0995 12
708 40.1669 10
709 40.2231 12
710 40.2905 10
711 40.3579 10
712 40.4192 11
713 40.4866 10
714 40.554 10
715 40.6214 10
716 40.6775 12
717 40.7449 10
718 40.8123 10
719 40.8797 10
720 40.9246 15
721 40.9808 12
722 41.0482 10
723 41.1155 10
724 41.1829 10
725 41.2503 10
726 41.3177 10
727 41.3851 10
728 41.4524 10
729 41.5137 11
730 41.5698 12
731 41.618 14
732 41.6853 10
733 41.7527 10
734 41.8201 10
735 41.8875 10
736 41.9548 10
737 42.0222 10
738 42.0896 10
739 42.157 10
740 42.2089 13
741 42.2762 10
742 42.3436 10
743 42.411 10
744 42.4672 12
745 42.5346 10
746 42.5864 13
747 42.6538 10
748 42.7212 10
749 42.7885 10
750 42.8559 10
751 42.9121 12
752 42.9794 10
753 42.9993 34
754 43.0605 11
755 43.1218 11
756 43.17 14
757 43.2261 12
758 43.278 13
759 43.3392 11
760 43.3954 12
761 43.4628 10
762 43.519 12
763 43.5708 13
764 43.627 12
765 43.6944 10
766 43.7506 12
767 43.818 10
768 43.8661 14
769 43.9036 18
770 43.9555 13
771 44.0117 12
772 44.0678 12
773 44.1353 10
774 44.1915 12
775 44.2433 13
776 44.3107 10
777 44.3782 10
778 44.4343 12
779 44.5017 10
780 44.5692 10
781 44.6253 12
782 44.6815 12
783 44.7489 10
784 44.8163 10
785 44.8837 10
786 44.9512 10
787 45.0073 12
788 45.0635 12
789 45.1309 10
790 45.1759 15
791 45.2208 15
792 45.2882 10
793 45.3444 12
794 45.4006 12
795 45.4403 17
796 45.5015 11
797 45.5497 14
798 45.6015 13
799 45.6689 10
800 45.7363 10
801 45.8037 10
802 45.8519 14
803 45.9193 10
804 45.9755 12
805 46.0316 12
806 46.099 10
807 46.1411 16
808 46.2086 10
809 46.2567 14
810 46.3129 12
811 46.3803 10
812 46.4477 10
813 46.5151 10
814 46.5825 10
815 46.65 10
816 46.7061 12
817 46.7736 10
818 46.8297 12
819 46.891 11
820 46.9585 10
821 47.0146 12
822 47.0821 10
823 47.1495 10
824 47.2013 13
825 47.2688 10
826 47.3249 12
827 47.3862 11
828 47.4536 10
829 47.5149 11
830 47.5631 14
831 47.6193 12
832 47.6755 12
833 47.7236 14
834 47.791 10
835 47.8585 10
836 47.9259 10
837 47.9777 13
838 48.0339 12
839 48.0952 11
840 48.1626 10
841 48.2239 11
842 48.2913 10
843 48.3588 10
844 48.4262 10
845 48.4824 12
846 48.5498 10
847 48.6172 10
848 48.6846 10
849 48.7296 15
850 48.7745 15
851 48.8358 11
852 48.892 12
853 48.9594 10
854 49.0156 12
855 49.083 10
856 49.1504 10
857 49.2066 12
858 49.2741 10
859 49.3222 14
860 49.3896 10
861 49.4571 10
862 49.5089 13
863 49.5511 16
864 49.6073 12
865 49.6747 10
866 49.7422 10
867 49.8096 10
868 49.8615 13
869 49.9178 12
870 49.9852 10
871 50.0372 13
872 50.1047 10
873 50.1722 10
874 50.2398 10
875 50.3012 11
876 50.3688 10
877 50.4251 12
878 50.4927 10
879 50.549 12
880 50.5973 14
881 50.6371 17
882 50.7047 10
883 50.7661 11
884 50.8337 10
885 50.882 14
886 50.9384 12
887 51.006 10
888 51.0581 13
889 51.1147 12
890 51.1764 11
891 51.2381 11
892 51.2998 11
893 51.3483 14
894 51.4162 10
895 51.4685 13
896 51.5363 10
897 51.598 11
898 51.6502 13
899 51.7068 12
900 51.7746 10
901 51.8362 11
902 51.904 10
903 51.9718 10
904 52.0142 16
905 52.082 10
906 52.1498 10
907 52.2114 11
908 52.2679 12
909 52.3295 11
910 52.386 12
911 52.4538 10
912 52.5217 10
913 52.5738 13
914 52.6416 10
915 52.7093 10
916 52.7709 11
917 52.8387 10
918 52.8951 12
919 52.9516 12
920 53.0081 12
921 53.0758 10
922 53.1323 12
923 53.2 10
924 53.2677 10
925 53.3355 10
926 53.4032 10
927 53.4596 12
928 53.5273 10
929 53.5757 14
930 53.6372 11
931 53.7049 10
932 53.7613 12
933 53.8177 12
934 53.8792 11
935 53.9469 10
936 53.9952 14
937 54.0629 10
938 54.1193 12
939 54.1756 12
940 54.2433 10
941 54.3109 10
942 54.3786 10
943 54.4462 10
944 54.5139 10
945 54.5815 10
946 54.643 11
947 54.7106 10
948 54.767 12
949 54.7681 639
950 54.83 11
951 54.8982 10
952 54.9663 10
953 55.0344 10
954 55.0868 13
955 55.155 10
956 55.2073 13
957 55.2754 10
958 55.3435 10
959 55.4002 12
960 55.4682 10
961 55.5363 10
962 55.5981 11
963 55.6547 12
964 55.7114 12
965 55.7794 10
966 55.836 12
967 55.8978 11
968 55.9657 10
969 56.0275 11
970 56.0954 10
971 56.152 12
972 56.2199 10
973 56.2765 12
974 56.3382 11
975 56.3781 17
976 56.4459 10
977 56.5137 10
978 56.5659 13
979 56.6337 10
980 56.7015 10
981 56.7692 10
982 56.837 10
983 56.8935 12
984 56.9612 10
985 57.029 10
986 57.0906 11
987 57.1583 10
988 57.2006 16
989 57.2527 13
990 57.3092 12
991 57.3769 10
992 57.4447 10
993 57.5124 10
994 57.5802 10
995 57.611 22
996 57.6674 12
997 57.7195 13
998 57.7872 10
999 57.8488 11
1000 57.8494 988
1001 57.8506 464
1002 57.8549 128
1003 57.8783 23
1004 57.9039 21
1005 57.9082 124
1006 57.9332 21
1007 57.9583 21
1008 57.9763 29
1009 58.0069 17
1010 58.0343 19
1011 58.0543 26
1012 58.0788 21
1013 58.1091 17
1014 58.1144 96
1015 58.1429 18
1016 58.1713 18
1017 58.1997 18
1018 58.2241 21
1019 58.251 19
1020 58.2794 18
1021 58.299 26
1022 58.3246 20
1023 58.3515 19
1024 58.3771 20
1025 58.4041 19
1026 58.4363 16
1027 58.462 20
1028 58.4907 18
1029 58.5229 16
1030 58.5517 18
1031 58.5841 16
1032 58.6129 18
1033 58.6453 16
1034 58.6778 16
1035 58.7068 18
1036 58.7395 16
1037 58.7722 16
1038 58.7985 20
1039 58.8276 18
1040 58.8568 18
1041 58.8796 23
1042 58.9088 18
1043 58.9397 17
1044 58.9636 22
1045 58.9944 17
1046 59.0207 20
1047 59.0499 18
1048 59.0827 16
1049 59.1118 18
1050 59.141 18
1051 59.1738 16
1052 59.1976 22
1053 59.2303 16
1054 59.2594 18
1055 59.2921 16
1056 59.313 25
1057 59.342 18
1058 59.3711 18
1059 59.3986 19
1060 59.4312 16
1061 59.4561 21
1062 59.4754 27
1063 59.5029 19
1064 59.5303 19
1065 59.5609 17
1066 59.5898 18
1067 59.6223 16
1068 59.6548 16
1069 59.6837 18
1070 59.7084 21
1071 59.7408 16
1072 59.7731 16
1073 59.8019 18
1074 59.8342 16
1075 59.8567 23
1076 59.8825 20
1077 59.906 22
1078 59.9346 18
1079 59.9669 16
1080 59.994 19
1081 60.0226 18
1082 60.0459 22
1083 60.0781 16
1084 60.1038 20
1085 60.1308 19
1086 60.1628 16
1087 60.1948 16
1088 60.2218 19
1089 60.2502 18
1090 60.2771 19
1091 60.3055 18
1092 60.3355 17
1093 60.3623 19
1094 60.3906 18
1095 60.4225 16
1096 60.4543 16
1097 60.4861 16
1098 60.5178 16
1099 60.5477 17
1100 60.5794 16
1101 60.6075 18
1102 60.6357 18
1103 60.6587 22
1104 60.6903 16
1105 60.722 16
1106 60.7517 17
1107 60.7783 19
1108 60.8064 18
1109 60.8293 22
1110 60.8609 16
1111 60.889 18
1112 60.9142 20
1113 60.9457 16
1114 60.9667 24
1115 60.9947 18
1116 61.0227 18
1117 61.0541 16
1118 61.0793 20
1119 61.1107 16
1120 61.1387 18
1121 61.1666 18
1122 61.1962 17
1123 61.2258 17
1124 61.2572 16
1125 61.2836 19
1126 61.315 16
1127 61.3343 26
1128 61.3582 21
1129 61.3861 18
1130 61.4175 16
1131 61.4488 16
1132 61.4784 17
1133 61.5097 16
1134 61.5325 22
1135 61.562 17
1136 61.5933 16
1137 61.6212 18
1138 61.6525 16
1139 61.6838 16
1140 61.7151 16
1141 61.743 18
1142 61.7743 16
1143 61.8037 17
1144 61.835 16
1145 61.8663 16
1146 61.8976 16
1147 61.9254 18
1148 61.9517 19
1149 61.9745 22
1150 62.0023 18
1151 62.0336 16
1152 62.0563 22
1153 62.0876 16
1154 62.117 17
1155 62.1482 16
1156 62.1709 22
1157 62.1959 20
1158 62.2272 16
1159 62.2566 17
1160 62.2878 16
1161 62.3172 17
1162 62.3435 19
1163 62.3747 16
1164 62.4025 18
1165 62.4303 18
1166 62.458 18
1167 62.4858 18
1168 62.5108 20
1169 62.542 16
1170 62.5698 18
1171 62.601 16
1172 62.6304 17
1173 62.6582 18
1174 62.686 18
1175 62.7087 22
1176 62.7314 22
1177 62.7577 19
1178 62.7855 18
1179 62.8118 19
1180 62.843 16
1181 62.8742 16
1182 62.9055 16
1183 62.9332 18
1184 62.961 18
1185 62.9922 16
1186 63.02 18
1187 63.0417 23
1188 63.0695 18
1189 63.0895 25
1190 63.1158 19
1191 63.147 16
1192 63.1708 21
1193 63.1958 20
1194 63.2158 25
1195 63.2471 16
1196 63.2783 16
1197 63.3061 18
1198 63.3288 22
1199 63.3566 18
1200 63.3829 19
1201 63.4123 17
1202 63.435 22
1203 63.4644 17
1204 63.4956 16
1205 63.5174 23
1206 63.5486 16
1207 63.5798 16
1208 63.6076 18
1209 63.6353 18
1210 63.6631 18
1211 63.6869 21
1212 63.7146 18
1213 63.7409 19
1214 63.7609 25
1215 63.7904 17
1216 63.8198 17
1217 63.8475 18
1218 63.8788 16
1219 63.9065 18
1220 63.9343 18
1221 63.9606 19
1222 63.9918 16
1223 64.0168 20
1224 64.0432 19
1225 64.0709 18
1226 64.0987 18
1227 64.1265 18
1228 64.1577 16
1229 64.1855 18
1230 64.2149 17
1231 64.2412 19
1232 64.269 18
1233 64.3003 16
1234 64.3315 16
1235 64.3593 18
1236 64.3887 17
1237 64.42 16
1238 64.4512 16
1239 64.479 18
1240 64.5103 16
1241 64.5341 21
1242 64.5618 18
1243 64.5896 18
1244 64.6209 16
1245 64.6503 17
1246 64.6815 16
1247 64.7079 19
1248 64.7373 17
1249 64.765 18
1250 64.7868 23
1251 64.818 16
1252 64.8458 18
1253 64.8736 18
1254 64.8936 25
1255 64.9248 16
1256 64.9457 24
1257 64.9585 39
1258 64.988 17
1259 64.9967 57
1260 65.0262 17
1261 65.0574 16
1262 65.0887 16
1263 65.1165 18
1264 65.146 17
1265 65.1754 17
1266 65.2067 16
1267 65.2345 18
1268 65.2623 18
1269 65.2918 17
1270 65.3196 18
1271 65.3389 26
1272 65.3667 18
1273 65.386 26
1274 65.4123 19
1275 65.4362 21
1276 65.464 18
1277 65.4918 18
1278 65.5168 20
1279 65.5462 17
1280 65.574 18
1281 65.5775 142
1282 65.6053 18
1283 65.6366 16
1284 65.6644 18
1285 65.6882 21
1286 65.7121 21
1287 65.7415 17
1288 65.7665 20
1289 65.7978 16
1290 65.8228 20
1291 65.8478 20
1292 65.8791 16
1293 65.9104 16
1294 65.9382 18
1295 65.9695 16
1296 65.9973 18
1297 66.0286 16
1298 66.0524 21
1299 66.0837 16
1300 66.1087 20
1301 66.14 16
1302 66.1663 19
1303 66.1958 17
1304 66.2252 17
1305 66.253 18
1306 66.2808 18
1307 66.3017 24
1308 66.333 16
1309 66.3643 16
1310 66.3893 20
1311 66.4206 16
1312 66.4519 16
1313 66.4832 16
1314 66.511 18
1315 66.5423 16
1316 66.5701 18
1317 66.5951 20
1318 66.6264 16
1319 66.6577 16
1320 66.689 16
1321 66.7204 16
1322 66.7454 20
1323 66.7767 16
1324 66.7995 22
1325 66.8259 19
1326 66.8554 17
1327 66.8832 18
1328 66.9071 21
1329 66.9321 20
1330 66.9635 16
1331 66.9913 18
1332 67.0191 18
1333 67.0505 16
1334 67.0768 19
1335 67.1047 18
1336 67.1297 20
1337 67.1561 19
1338 67.1874 16
1339 67.2152 18
1340 67.2465 16
1341 67.2778 16
1342 67.3057 18
1343 67.337 16
1344 67.3683 16
1345 67.3996 16
1346 67.4274 18
1347 67.4568 17
1348 67.4807 21
1349 67.512 16
1350 67.5415 17
1351 67.5693 18
1352 67.5956 19
1353 67.6207 20
1354 67.652 16
1355 67.6833 16
1356 67.7083 20
1357 67.7347 19
1358 67.766 16
1359 67.7938 18
1360 67.8251 16
1361 67.8413 31
1362 67.8651 21
1363 67.8964 16
1364 67.9203 21
1365 67.9516 16
1366 67.9829 16
1367 68.0124 17
1368 68.0388 19
1369 68.0666 18
1370 68.0979 16
1371 68.1273 17
1372 68.1537 19
1373 68.1787 20
1374 68.2082 17
1375 68.2395 16
1376 68.2612 23
1377 68.2926 16
1378 68.3164 21
1379 68.3477 16
1380 68.3755 18
1381 68.4068 16
1382 68.4363 17
1383 68.4601 21
1384 68.4879 18
1385 68.5118 21
1386 68.5431 16
1387 68.5726 17
1388 68.599 19
1389 68.6254 19
1390 68.6472 23
1391 68.6785 16
1392 68.708 17
1393 68.7298 23
1394 68.7611 16
1395 68.7889 18
1396 68.8168 18
1397 68.8446 18
1398 68.8724 18
1399 68.8988 19
1400 68.9238 20
1401 68.9489 20
1402 68.9783 17
1403 69.0022 21
1404 69.0335 16
1405 69.0563 22
1406 69.0858 17
1407 69.1121 19
1408 69.1435 16
1409 69.1748 16
1410 69.2061 16
1411 69.234 18
1412 69.2634 17
1413 69.2929 17
1414 69.3243 16
1415 69.3482 21
1416 69.3777 17
1417 69.4072 17
1418 69.4351 18
1419 69.4664 16
1420 69.496 17
1421 69.5273 16
1422 69.5587 16
1423 69.5882 17
1424 69.6178 17
1425 69.6457 18
1426 69.6708 20
1427 69.6918 24
1428 69.7213 17
1429 69.7493 18
1430 69.7772 18
1431 69.7965 26
1432 69.828 16
1433 69.8594 16
1434 69.8909 16
1435 69.9189 18
1436 69.9417 22
1437 69.9669 20
1438 69.9965 17
1439 70.028 16
1440 70.0545 19
1441 70.0755 24
1442 70.0965 24
1443 70.1216 20
1444 70.1468 20
1445 70.1783 16
1446 70.2097 16
1447 70.2412 16
1448 70.2677 19
1449 70.2957 18
1450 70.3209 20
1451 70.3474 19
1452 70.3754 18
1453 70.405 17
1454 70.4365 16
1455 70.468 16
1456 70.496 18
1457 70.5274 16
1458 70.5589 16
1459 70.5904 16
1460 70.6169 19
1461 70.6398 22
1462 70.6712 16
1463 70.7009 17
1464 70.7289 18
1465 70.7382 54
1466 70.7697 16
1467 70.7949 20
1468 70.8228 18
1469 70.8447 23
1470 70.8712 19
1471 70.8992 18
1472 70.9257 19
1473 70.9537 18
1474 70.9788 20
1475 71.0053 19
1476 71.0368 16
1477 71.0664 17
1478 71.0929 19
1479 71.1168 21
1480 71.1448 18
1481 71.1763 16
1482 71.2042 18
1483 71.2322 18
1484 71.2636 16
1485 71.2951 16
1486 71.323 18
1487 71.3544 16
1488 71.384 17
1489 71.4105 19
1490 71.4401 17
1491 71.4715 16
1492 71.5029 16
1493 71.5344 16
1494 71.5658 16
1495 71.5954 17
1496 71.6268 16
1497 71.6519 20
1498 71.6833 16
1499 71.7147 16
1500 71.7399 20
1501 71.7608 24
1502 71.7922 16
1503 71.8051 39
1504 71.8316 19
1505 71.863 16
1506 71.8859 22
1507 71.9138 18
1508 71.9417 18
1509 71.9682 19
1510 71.9977 17
1511 72.0206 22
1512 72.0415 24
1513 72.0729 16
1514 72.1043 16
1515 72.1339 17
1516 72.1567 22
1517 72.1796 22
1518 72.2091 17
1519 72.2405 16
1520 72.2701 17
1521 72.2997 17
1522 72.3292 17
1523 72.3606 16
1524 72.3774 30
1525 72.4088 16
1526 72.4158 71
1527 72.4438 18
1528 72.4702 19
1529 72.4981 18
1530 72.5221 21
1531 72.5536 16
1532 72.585 16
1533 72.6146 17
1534 72.6461 16
1535 72.6757 17
1536 72.7053 17
1537 72.7332 18
1538 72.7612 18
1539 72.7926 16
1540 72.8206 18
1541 72.8502 17
1542 72.8767 19
1543 72.9082 16
1544 72.9396 16
1545 72.9676 18
1546 72.9955 18
1547 73.0207 20
1548 73.0522 16
1549 73.0818 17
1550 73.1132 16
1551 73.1412 18
1552 73.1727 16
1553 73.2006 18
1554 73.2302 17
1555 73.2617 16
1556 73.2931 16
1557 73.3246 16
1558 73.3525 18
1559 73.3805 18
1560 73.4033 22
1561 73.4298 19
1562 73.4612 16
1563 73.4927 16
1564 73.5206 18
1565 73.5486 18
1566 73.5781 17
1567 73.6077 17
1568 73.6357 18
1569 73.6671 16
1570 73.69 22
1571 73.7165 19
1572 73.7479 16
1573 73.7793 16
1574 73.7994 25
1575 73.8223 22
1576 73.8537 16
1577 73.8852 16
1578 73.9166 16
1579 73.9445 18
1580 73.976 16
1581 74.0074 16
1582 74.0388 16
1583 74.064 20
1584 74.0954 16
1585 74.1269 16
1586 74.147 25
1587 74.1735 19
1588 74.2049 16
1589 74.2363 16
1590 74.2615 20
1591 74.2894 18
1592 74.3174 18
1593 74.3488 16
1594 74.3784 17
1595 74.4063 18
1596 74.4359 17
1597 74.4673 16
1598 74.4952 18
1599 74.5248 17
1600 74.5562 16
1601 74.5858 17
1602 74.6137 18
1603 74.6416 18
1604 74.6731 16
1605 74.697 21
1606 74.7198 22
1607 74.745 20
1608 74.7729 18
1609 74.8024 17
1610 74.8304 18
1611 74.8599 17
1612 74.8878 18
1613 74.9192 16
1614 74.9506 16
1615 74.9757 20
1616 74.9967 24
1617 75.0231 19
1618 75.051 18
1619 75.0739 22
1620 75.099 20
1621 75.1285 17
1622 75.1442 32
1623 75.1707 19
1624 75.1986 18
1625 75.2265 18
1626 75.2579 16
1627 75.2875 17
1628 75.317 17
1629 75.341 21
1630 75.3689 18
1631 75.3984 17
1632 75.4263 18
1633 75.4514 20
1634 75.4676 31
1635 75.4991 16
1636 75.5286 17
1637 75.5515 22
1638 75.5829 16
1639 75.6143 16
1640 75.6422 18
1641 75.6736 16
1642 75.7032 17
1643 75.7311 18
1644 75.7591 18
1645 75.7905 16
1646 75.8184 18
1647 75.8464 18
1648 75.8743 18
1649 75.8953 24
1650 75.9192 21
1651 75.9506 16
1652 75.9802 17
1653 76.0116 16
1654 76.0412 17
1655 76.0691 18
1656 76.1005 16
1657 76.1257 20
1658 76.1485 22
1659 76.18 16
1660 76.2018 23
1661 76.2297 18
1662 76.2562 19
1663 76.2876 16
1664 76.3062 27
1665 76.3326 19
1666 76.3641 16
1667 76.3955 16
1668 76.4206 20
1669 76.4485 18
1670 76.4781 17
1671 76.5045 19
1672 76.5359 16
1673 76.5611 20
1674 76.589 18
1675 76.6154 19
1676 76.6433 18
1677 76.6747 16
1678 76.7026 18
1679 76.7321 17
1680 76.7617 17
1681 76.7896 18
1682 76.8147 20
1683 76.8411 19
1684 76.8706 17
1685 76.9002 17
1686 76.9281 18
1687 76.9595 16
1688 76.9874 18
1689 77.0188 16
1690 77.0406 23
1691 77.072 16
1692 77.1 18
1693 77.1279 18
1694 77.1497 23
1695 77.1811 16
1696 77.2125 16
1697 77.2404 18
1698 77.2622 23
1699 77.2936 16
1700 77.3176 21
1701 77.3455 18
1702 77.3769 16
1703 77.4048 18
1704 77.4362 16
1705 77.4626 19
1706 77.4905 18
1707 77.5201 17
1708 77.5466 19
1709 77.578 16
1710 77.6094 16
1711 77.6358 19
1712 77.6638 18
1713 77.6889 20
1714 77.7168 18
1715 77.7447 18
1716 77.7761 16
1717 77.8075 16
1718 77.8242 30
1719 77.8556 16
1720 77.8851 17
1721 77.9165 16
1722 77.9417 20
1723 77.9731 16
1724 77.9949 23
1725 78.0263 16
1726 78.0503 21
1727 78.0767 19
1728 78.1081 16
1729 78.1346 19
1730 78.1641 17
1731 78.188 21
1732 78.2194 16
1733 78.2509 16
1734 78.2823 16
1735 78.3136 16
1736 78.3416 18
1737 78.3667 20
1738 78.3931 19
1739 78.4245 16
1740 78.4524 18
1741 78.4776 20
1742 78.5055 18
1743 78.5369 16
1744 78.5633 19
1745 78.5948 16
1746 78.6199 20
1747 78.6495 17
1748 78.6809 16
1749 78.6863 92
1750 78.7143 18
1751 78.7407 19
1752 78.7672 19
1753 78.7951 18
1754 78.8266 16
1755 78.8561 17
1756 78.8841 18
1757 78.9155 16
1758 78.9451 17
1759 78.967 23
1760 78.9965 17
1761 79.0261 17
1762 79.0526 19
1763 79.0805 18
1764 79.1101 17
1765 79.1396 17
1766 79.1647 20
1767 79.1943 17
1768 79.2222 18
1769 79.2474 20
1770 79.2788 16
1771 79.3067 18
1772 79.3363 17
1773 79.3642 18
1774 79.3907 19
1775 79.4158 20
1776 79.4377 23
1777 79.4691 16
1778 79.4956 19
1779 79.5207 20
1780 79.5521 16
1781 79.5836 16
1782 79.6087 20
1783 79.6366 18
1784 79.6606 21
1785 79.6846 21
1786 79.7111 19
1787 79.739 18
1788 79.7705 16
1789 79.8019 16
1790 79.8334 16
1791 79.8649 16
1792 79.8928 18
1793 79.9243 16
1794 79.9462 23
1795 79.9742 18
1796 80.0007 19
1797 80.0287 18
1798 80.0602 16
1799 80.0917 16
1800 80.1197 18
1801 80.1449 20
1802 80.173 18
1803 80.2027 17
1804 80.2342 16
1805 80.2658 16
1806 80.2898 21
1807 80.3178 18
1808 80.3475 17
1809 80.3741 19
1810 80.4056 16
1811 80.4286 22
1812 80.4601 16
1813 80.4917 16
1814 80.5197 18
1815 80.5513 16
1816 80.5778 19
1817 80.6008 22
1818 80.6288 18
1819 80.6586 17
1820 80.6901 16
1821 80.7182 18
1822 80.7448 19
1823 80.7764 16
1824 80.8045 18
1825 80.836 16
1826 80.8658 17
1827 80.8877 23
1828 80.9158 18
1829 80.9439 18
1830 80.9755 16
1831 81.0036 18
1832 81.0333 17
1833 81.0649 16
1834 81.0946 17
1835 81.1262 16
1836 81.1578 16
1837 81.1894 16
1838 81.2192 17
1839 81.2472 18
1840 81.2753 18
1841 81.2994 21
1842 81.3275 18
1843 81.3556 18
1844 81.3837 18
1845 81.4135 17
1846 81.4401 19
1847 81.4682 18
1848 81.4935 20
1849 81.5251 16
1850 81.5567 16
1851 81.582 20
1852 81.6137 16
1853 81.6434 17
1854 81.6731 17
1855 81.6973 21
1856 81.7193 23
1857 81.7474 18
1858 81.7755 18
1859 81.7942 27
1860 81.8162 23
1861 81.8443 18
1862 81.8724 18
1863 81.9005 18
1864 81.9272 19
1865 81.9553 18
1866 81.9834 18
1867 82.0151 16
1868 82.0449 17
1869 82.0651 25
1870 82.0949 17
1871 82.1202 20
1872 82.1469 19
1873 82.175 18
1874 82.2003 20
1875 82.2301 17
1876 82.2618 16
1877 82.2934 16
1878 82.3216 18
1879 82.3497 18
1880 82.3813 16
1881 82.4067 20
1882 82.4383 16
1883 82.47 16
1884 82.4981 18
1885 82.5262 18
1886 82.556 17
1887 82.5827 19
1888 82.608 20
1889 82.6397 16
1890 82.6678 18
1891 82.6944 19
1892 82.7243 17
1893 82.7559 16
1894 82.7841 18
1895 82.8157 16
1896 82.8424 19
1897 82.8705 18
1898 82.8987 18
1899 82.9253 19
1900 82.952 19
1901 82.9802 18
1902 83.0083 18
1903 83.04 16
1904 83.0436 141
1905 83.069 20
1906 83.1007 16
1907 83.1083 67
1908 83.1365 18
1909 83.1682 16
1910 83.1999 16
1911 83.2253 20
1912 83.2483 22
1913 83.2765 18
1914 83.3032 19
1915 83.3314 18
1916 83.3596 18
1917 83.3913 16
1918 83.4195 18
1919 83.4493 17
1920 83.4775 18
1921 83.5092 16
1922 83.5409 16
1923 83.5726 16
1924 83.5979 20
1925 83.6278 17
1926 83.6544 19
1927 83.6861 16
1928 83.7178 16
1929 83.7445 19
1930 83.7762 16
1931 83.8079 16
1932 83.8346 19
1933 83.8612 19
1934 83.8894 18
1935 83.9161 19
1936 83.9478 16
1937 83.9759 18
1938 84.0041 18
1939 84.0358 16
1940 84.0675 16
1941 84.0991 16
1942 84.1245 20
1943 84.1561 16
1944 84.1878 16
1945 84.2195 16
1946 84.2477 18
1947 84.2758 18
1948 84.3075 16
1949 84.3392 16
1950 84.3622 22
1951 84.3889 19
1952 84.4206 16
1953 84.4473 19
1954 84.4726 20
1955 84.5007 18
1956 84.5324 16
1957 84.5577 20
1958 84.5831 20
1959 84.6129 17
1960 84.6445 16
1961 84.6743 17
1962 84.7041 17
1963 84.7307 19
1964 84.7589 18
1965 84.787 18
1966 84.8186 16
1967 84.8503 16
1968 84.8784 18
1969 84.9082 17
1970 84.9335 20
1971 84.9633 17
1972 84.995 16
1973 85.017 23
1974 85.0487 16
1975 85.0785 17
1976 85.1067 18
1977 85.1383 16
1978 85.1665 18
1979 85.1982 16
1980 85.2263 18
1981 85.258 16
1982 85.2846 19
1983 85.3128 18
1984 85.3394 19
1985 85.3711 16
1986 85.4028 16
1987 85.4239 24
1988 85.4492 20
1989 85.4746 20
1990 85.5027 18
1991 85.5309 18
1992 85.5591 18
1993 85.5844 20
1994 85.6161 16
1995 85.6478 16
1996 85.6698 23
1997 85.6965 19
1998 85.7282 16
1999 85.7599 16
2000 85.7866 19
2001 85.8164 17
2002 85.8481 16
2003 85.8779 17
2004 85.906 18
2005 85.9377 16
2006 85.9694 16
2007 85.9975 18
2008 86.0257 18
2009 86.0555 17
2010 86.0872 16
2011 86.1188 16
2012 86.1455 19
2013 86.1708 20
2014 86.2025 16
2015 86.2292 19
2016 86.2608 16
2017 86.2925 16
2018 86.3241 16
2019 86.3472 22
2020 86.3788 16
2021 86.4105 16
2022 86.4421 16
2023 86.4737 16
2024 86.5054 16
2025 86.537 16
2026 86.5668 17
2027 86.5985 16
2028 86.6266 18
2029 86.6563 17
2030 86.6845 18
2031 86.7126 18
2032 86.7442 16
2033 86.7758 16
2034 86.8074 16
2035 86.8304 22
2036 86.8586 18
2037 86.8902 16
2038 86.9183 18
2039 86.9499 16
2040 86.9765 19
2041 87.0082 16
2042 87.038 17
2043 87.0696 16
2044 87.0962 19
2045 87.1279 16
2046 87.156 18
2047 87.179 22
2048 87.2071 18
2049 87.2324 20
2050 87.2622 17
2051 87.2903 18
2052 87.3184 18
2053 87.3465 18
2054 87.3746 18
2055 87.3772 197
2056 87.407 17
2057 87.4352 18
2058 87.4669 16
2059 87.4967 17
2060 87.5284 16
2061 87.5515 22
2062 87.5832 16
2063 87.6099 19
2064 87.6415 16
2065 87.6697 18
2066 87.7014 16
2067 87.7331 16
2068 87.7612 18
2069 87.7843 22
2070 87.8125 18
2071 87.8355 22
2072 87.8597 21
2073 87.8895 17
2074 87.9212 16
2075 87.9479 19
2076 87.9796 16
2077 88.0113 16
2078 88.0366 20
2079 88.0683 16
2080 88.0965 18
2081 88.1246 18
2082 88.1563 16
2083 88.183 19
2084 88.2146 16
2085 88.2463 16
2086 88.2745 18
2087 88.3026 18
2088 88.3343 16
2089 88.3563 23
2090 88.3845 18
2091 88.4161 16
2092 88.4478 16
2093 88.4795 16
2094 88.5076 18
2095 88.5393 16
2096 88.5675 18
2097 88.5992 16
2098 88.6309 16
2099 88.6562 20
2100 88.6829 19
2101 88.7111 18
2102 88.7393 18
2103 88.771 16
2104 88.8027 16
2105 88.8268 21
2106 88.8567 17
2107 88.8848 18
2108 88.8964 44
2109 88.9246 18
2110 88.9563 16
2111 88.988 16
2112 89.0197 16
2113 89.0479 18
2114 89.0796 16
2115 89.1078 18
2116 89.136 18
2117 89.1627 19
2118 89.1925 17
2119 89.2242 16
2120 89.2559 16
2121 89.2876 16
2122 89.3143 19
2123 89.346 16
2124 89.3777 16
2125 89.4094 16
2126 89.4411 16
2127 89.4728 16
2128 89.501 18
2129 89.5251 21
2130 89.5533 18
2131 89.5814 18
2132 89.6131 16
2133 89.6448 16
2134 89.6747 17
2135 89.7063 16
2136 89.738 16
2137 89.7662 18
2138 89.7979 16
2139 89.821 22
2140 89.8527 16
2141 89.8844 16
2142 89.9161 16
2143 89.9442 18
2144 89.9709 19
2145 89.993 23
2146 90.0212 18
2147 90.0529 16
2148 90.0811 18
2149 90.1078 19
2150 90.1376 17
2151 90.1629 20
2152 90.1946 16
2153 90.2263 16
2154 90.2545 18
2155 90.2862 16
2156 90.3115 20
2157 90.3432 16
2158 90.3749 16
2159 90.4066 16
2160 90.4383 16
2161 90.47 16
2162 90.4953 20
2163 90.522 19
2164 90.5536 16
2165 90.579 20
2166 90.5985 26
2167 90.6283 17
2168 90.6564 18
2169 90.6795 22
2170 90.7111 16
2171 90.7393 18
2172 90.7709 16
2173 90.7991 18
2174 90.8244 20
2175 90.8561 16
2176 90.8877 16
2177 90.9159 18
2178 90.9412 20
2179 90.9693 18
2180 91.001 16
2181 91.0276 19
2182 91.0543 19
2183 91.0859 16
2184 91.1141 18
2185 91.1457 16
2186 91.1773 16
2187 91.209 16
2188 91.2371 18
2189 91.2687 16
2190 91.2969 18
2191 91.3285 16
2192 91.3601 16
2193 91.3917 16
2194 91.4234 16
2195 91.45 19
2196 91.4798 17
2197 91.5051 20
2198 91.5367 16
2199 91.5683 16
2200 91.5999 16
2201 91.6316 16
2202 91.6632 16
2203 91.6885 20
2204 91.7166 18
2205 91.7463 17
2206 91.778 16
2207 91.799 24
2208 91.8257 19
2209 91.8538 18
2210 91.8819 18
2211 91.9135 16
2212 91.9452 16
2213 91.9682 22
2214 91.9979 17
2215 92.0261 18
2216 92.0542 18
2217 92.0823 18
2218 92.1121 17
2219 92.1341 23
2220 92.1582 21
2221 92.1863 18
2222 92.2145 18
2223 92.2398 20
2224 92.2651 20
2225 92.2917 19
2226 92.3183 19
2227 92.3465 18
2228 92.3746 18
2229 92.4044 17
2230 92.436 16
2231 92.4627 19
2232 92.4943 16
2233 92.5196 20
2234 92.5478 18
2235 92.5759 18
2236 92.6025 19
2237 92.6307 18
2238 92.6588 18
2239 92.6904 16
2240 92.7171 19
2241 92.7469 17
2242 92.7722 20
2243 92.8003 18
2244 92.8256 20
2245 92.8572 16
2246 92.8854 18
2247 92.917 16
2248 92.9451 18
2249 92.9732 18
2250 92.9999 19
2251 93.0229 22
2252 93.051 18
2253 93.0826 16
2254 93.1108 18
2255 93.1389 18
2256 93.163 21
2257 93.1884 20
2258 93.2151 19
2259 93.2381 22
2260 93.2697 16
2261 93.3014 16
2262 93.3295 18
2263 93.3593 17
2264 93.3875 18
2265 93.4141 19
2266 93.4458 16
2267 93.474 18
2268 93.497 22
2269 93.5252 18
2270 93.555 17
2271 93.5848 17
2272 93.6164 16
2273 93.6431 19
2274 93.6747 16
2275 93.7029 18
2276 93.731 18
2277 93.7505 26
2278 93.7735 22
2279 93.8052 16
2280 93.8306 20
2281 93.8559 20
2282 93.8826 19
2283 93.9107 18
2284 93.9405 17
2285 93.9722 16
2286 93.9975 20
2287 94.0256 18
2288 94.0537 18
2289 94.0854 16
2290 94.1095 21
2291 94.1376 18
2292 94.1629 20
2293 94.1946 16
2294 94.2243 17
2295 94.251 19
2296 94.2763 20
2297 94.306 17
2298 94.3341 18
2299 94.3623 18
2300 94.3939 16
2301 94.4255 16
2302 94.4554 17
2303 94.4871 16
2304 94.5152 18
2305 94.5363 24
2306 94.568 16
2307 94.5962 18
2308 94.6279 16
2309 94.6595 16
2310 94.6877 18
2311 94.7088 24
2312 94.7369 18
2313 94.7686 16
2314 94.7984 17
2315 94.8282 17
2316 94.8598 16
2317 94.8896 17
2318 94.9194 17
2319 94.9492 17
2320 94.9759 19
2321 95.004 18
2322 95.0251 24
2323 95.0289 134
2324 95.0556 19
2325 95.0873 16
2326 95.114 19
2327 95.1457 16
2328 95.171 20
2329 95.2027 16
2330 95.228 20
2331 95.2533 20
2332 95.285 16
2333 95.3148 17
2334 95.3464 16
2335 95.3746 18
2336 95.3976 22
2337 95.4257 18
2338 95.4539 18
2339 95.4792 20
2340 95.5108 16
2341 95.5425 16
2342 95.5706 18
2343 95.6004 17
2344 95.6321 16
2345 95.6602 18
2346 95.6833 22
2347 95.7131 17
2348 95.7384 20
2349 95.7666 18
2350 95.7964 17
2351 95.8205 21
2352 95.8435 22
2353 95.8717 18
2354 95.8999 18
2355 95.9252 20
2356 95.9494 21
2357 95.9775 18
2358 96.0042 19
2359 96.0309 19
2360 96.0591 18
2361 96.0907 16
2362 96.1189 18
2363 96.1442 20
2364 96.1696 20
2365 96.1977 18
2366 96.2294 16
2367 96.2611 16
2368 96.2892 18
2369 96.3134 21
2370 96.3432 17
2371 96.3685 20
2372 96.3983 17
2373 96.43 16
2374 96.4616 16
2375 96.4933 16
2376 96.5186 20
2377 96.5468 18
2378 96.5749 18
2379 96.6066 16
2380 96.6347 18
2381 96.6664 16
2382 96.6946 18
2383 96.7212 19
2384 96.7529 16
2385 96.7826 17
2386 96.8108 18
2387 96.8424 16
2388 96.8722 17
2389 96.902 17
2390 96.9301 18
2391 96.9618 16
2392 96.9916 17
2393 97.0127 24
2394 97.0443 16
2395 97.0724 18
2396 97.1041 16
2397 97.1282 21
2398 97.1523 21
2399 97.179 19
2400 97.2087 17
2401 97.2341 20
2402 97.2639 17
2403 97.292 18
2404 97.3174 20
2405 97.349 16
2406 97.3788 17
2407 97.4105 16
2408 97.4421 16
2409 97.4703 18
2410 97.5019 16
2411 97.5317 17
2412 97.5599 18
2413 97.5865 19
2414 97.6163 17
2415 97.6445 18
2416 97.6727 18
2417 97.7043 16
2418 97.7297 20
2419 97.7613 16
2420 97.793 16
2421 97.8212 18
2422 97.8529 16
2423 97.877 21
2424 97.9037 19
2425 97.9353 16
2426 97.9635 18
2427 97.9933 17
2428 98.0135 25
2429 98.0433 17
2430 98.07 19
2431 98.0982 18
2432 98.1235 20
2433 98.1552 16
2434 98.1849 17
2435 98.2147 17
2436 98.2464 16
2437 98.2745 18
2438 98.2998 20
2439 98.3296 17
2440 98.3549 20
2441 98.3866 16
2442 98.4164 17
2443 98.4445 18
2444 98.4726 18
2445 98.498 20
2446 98.5261 18
2447 98.5578 16
2448 98.5859 18
2449 98.6157 17
2450 98.6473 16
2451 98.674 19
2452 98.7056 16
2453 98.7338 18
2454 98.7579 21
2455 98.786 18
2456 98.8127 19
2457 98.8408 18
2458 98.8661 20
2459 98.8978 16
2460 98.9244 19
2461 98.9525 18
2462 98.9807 18
2463 99.0073 19
2464 99.039 16
2465 99.0643 20
2466 99.0925 18
2467 99.1191 19
2468 99.1473 18
2469 99.1789 16
2470 99.207 18
2471 99.2324 20
2472 99.2605 18
2473 99.2903 17
2474 99.3219 16
2475 99.3517 17
2476 99.377 20
2477 99.4087 16
2478 99.434 20
2479 99.4621 18
2480 99.4841 23
2481 99.5094 20
2482 99.5411 16
2483 99.5727 16
2484 99.5938 24
2485 99.6219 18
2486 99.6472 20
2487 99.6753 18
2488 99.6983 22
2489 99.7264 18
2490 99.7562 17
2491 99.7878 16
2492 99.8194 16
2493 99.851 16
2494 99.8807 17
2495 99.9088 18
2496 99.9386 17
2497 99.9667 18
2498 99.9948 18
2499 100.023 18
2500 100.055 16
2501 100.083 18
2502 100.112 17
2503 100.144 16
2504 100.176 16
2505 100.205 17
2506 100.232 19
2507 100.264 16
2508 100.295 16
2509 100.319 21
2510 100.351 16
2511 100.383 16
2512 100.414 16
2513 100.442 18
2514 100.47 18
2515 100.5 17
2516 100.527 19
2517 100.555 18
2518 100.574 26
2519 100.606 16
2520 100.634 18
2521 100.664 17
2522 100.694 17
2523 100.725 16
2524 100.753 18
2525 100.781 18
2526 100.813 16
2527 100.845 16
2528 100.873 18
2529 100.901 18
2530 100.933 16
2531 100.962 17
2532 100.992 17
2533 101.022 17
2534 101.047 20
2535 101.077 17
2536 101.108 16
2537 101.14 16
2538 101.172 16
2539 101.196 21
2540 101.222 19
2541 101.249 19
2542 101.274 20
2543 101.301 19
2544 101.331 17
2545 101.36 17
2546 101.389 18
2547 101.42 16
2548 101.452 16
2549 101.483 16
2550 101.515 16
2551 101.547 16
2552 101.57 22
2553 101.601 16
2554 101.629 18
2555 101.661 16
2556 101.693 16
2557 101.724 16
2558 101.756 16
2559 101.786 17
2560 101.804 27
2561 101.836 16
2562 101.864 18
2563 101.896 16
2564 101.927 16
2565 101.959 16
2566 101.983 21
2567 102.015 16
2568 102.046 16
2569 102.074 18
2570 102.1 20
2571 102.13 17
2572 102.159 17
2573 102.189 17
2574 102.213 21
2575 102.232 27
2576 102.257 20
2577 102.285 18
2578 102.313 18
2579 102.342 18
2580 102.368 19
2581 102.396 18
2582 102.422 20
2583 102.429 73
2584 102.455 19
2585 102.487 16
2586 102.515 18
2587 102.54 20
2588 102.57 17
2589 102.597 19
2590 102.625 18
2591 102.653 18
2592 102.685 16
2593 102.716 16
2594 102.74 21
2595 102.77 17
2596 102.798 18
2597 102.824 20
2598 102.852 18
2599 102.884 16
2600 102.91 19
2601 102.931 24
2602 102.959 18
2603 102.98 25
2604 103.005 20
2605 103.033 18
2606 103.061 18
2607 103.093 16
2608 103.118 20
2609 103.146 18
2610 103.172 20
2611 103.203 16
2612 103.233 17
2613 103.265 16
2614 103.296 16
2615 103.324 18
2616 103.356 16
2617 103.386 17
2618 103.414 18
2619 103.442 18
2620 103.466 21
2621 103.498 16
2622 103.53 16
2623 103.554 21
2624 103.585 16
2625 103.615 17
2626 103.647 16
2627 103.67 22
2628 103.696 19
2629 103.725 18
2630 103.753 18
2631 103.774 24
2632 103.8 19
2633 103.824 21
2634 103.856 16
2635 103.883 19
2636 103.908 20
2637 103.938 17
2638 103.97 16
2639 103.995 20
2640 104.027 16
2641 104.053 19
2642 104.085 16
2643 104.11 20
2644 104.142 16
2645 104.17 18
2646 104.202 16
2647 104.233 16
2648 104.257 21
2649 104.287 17
2650 104.319 16
2651 104.347 18
2652 104.375 18
2653 104.407 16
2654 104.435 18
2655 104.466 16
2656 104.498 16
2657 104.528 17
2658 104.55 23
2659 104.58 17
2660 104.606 19
2661 104.638 16
2662 104.67 16
2663 104.693 22
2664 104.724 16
2665 104.753 18
2666 104.782 17
2667 104.81 18
2668 104.842 16
2669 104.874 16
2670 104.904 17
2671 104.932 18
2672 104.963 16
2673 104.995 16
2674 105.025 17
2675 105.056 16
2676 105.08 21
2677 105.112 16
2678 105.139 19
2679 105.168 17
2680 105.2 16
2681 105.232 16
2682 105.26 18
2683 105.291 16
2684 105.32 18
2685 105.351 16
2686 105.383 16
2687 105.405 23
2688 105.433 18
2689 105.46 19
2690 105.491 16
2691 105.521 17
2692 105.551 17
2693 105.576 20
2694 105.608 16
2695 105.636 18
2696 105.667 16
2697 105.696 18
2698 105.724 18
2699 105.754 17
2700 105.783 17
2701 105.815 16
2702 105.845 17
2703 105.873 18
2704 105.896 22
2705 105.922 19
2706 105.948 20
2707 105.973 20
2708 106.003 17
2709 106.028 20
2710 106.06 16
2711 106.083 22
2712 106.107 21
2713 106.133 19
2714 106.165 16
2715 106.192 19
2716 106.22 18
2717 106.243 22
2718 106.271 18
2719 106.297 19
2720 106.326 18
2721 106.357 16
2722 106.385 18
2723 106.415 17
2724 106.442 19
2725 106.47 18
2726 106.501 16
2727 106.529 18
2728 106.557 18
2729 106.58 22
2730 106.612 16
2731 106.64 18
2732 106.672 16
2733 106.703 16
2734 106.731 18
2735 106.761 17
2736 106.788 19
2737 106.819 16
2738 106.851 16
2739 106.882 16
2740 106.914 16
2741 106.942 18
2742 106.972 17
2743 106.995 22
2744 107.026 16
2745 107.054 18
2746 107.079 21
2747 107.107 18
2748 107.135 18
2749 107.166 16
2750 107.192 20
2751 107.223 16
2752 107.253 17
2753 107.283 17
2754 107.314 16
2755 107.342 18
2756 107.374 16
2757 107.402 18
2758 107.404 373
2759 107.432 18
2760 107.46 18
2761 107.49 17
2762 107.522 16
2763 107.545 22
2764 107.576 16
2765 107.599 22
2766 107.624 21
2767 107.655 16
2768 107.681 20
2769 107.706 20
2770 107.738 16
2771 107.761 22
2772 107.793 16
2773 107.824 16
2774 107.849 21
2775 107.88 16
2776 107.912 16
2777 107.94 18
2778 107.972 16
2779 108 18
2780 108.032 16
2781 108.064 16
2782 108.094 17
2783 108.125 16
2784 108.157 16
2785 108.187 17
2786 108.219 16
2787 108.244 20
2788 108.276 16
2789 108.307 16
2790 108.339 16
2791 108.371 16
2792 108.394 22
2793 108.419 20
2794 108.447 18
2795 108.479 16
2796 108.507 18
2797 108.534 19
2798 108.559 20
2799 108.591 16
2800 108.619 18
2801 108.647 18
2802 108.679 16
2803 108.709 17
2804 108.741 16
2805 108.769 18
2806 108.8 16
2807 108.832 16
2808 108.86 18
2809 108.89 17
2810 108.916 20
2811 108.947 16
2812 108.979 16
2813 109.007 18
2814 109.039 16
2815 109.064 20
2816 109.089 20
2817 109.119 17
2818 109.146 19
2819 109.174 18
2820 109.201 19
2821 109.229 18
2822 109.254 20
2823 109.286 16
2824 109.313 19
2825 109.338 20
2826 109.37 16
2827 109.398 18
2828 109.426 18
2829 109.458 16
2830 109.479 24
2831 109.509 17
2832 109.534 20
2833 109.564 17
2834 109.595 16
2835 109.625 17
2836 109.657 16
2837 109.689 16
2838 109.714 20
2839 109.733 26
2840 109.762 18
2841 109.787 20
2842 109.815 18
2843 109.838 22
2844 109.87 16
2845 109.898 18
2846 109.93 16
2847 109.959 17
2848 109.988 18
2849 110.016 18
2850 110.044 18
2851 110.072 18
2852 110.095 22
2853 110.122 19
2854 110.153 16
2855 110.185 16
2856 110.212 19
2857 110.243 16
2858 110.275 16
2859 110.302 19
2860 110.334 16
2861 110.365 16
2862 110.393 18
2863 110.421 18
2864 110.451 17
2865 110.483 16
2866 110.511 18
2867 110.543 16
2868 110.569 19
2869 110.598 18
2870 110.627 17
2871 110.659 16
2872 110.687 18
2873 110.715 18
2874 110.738 22
2875 110.766 18
2876 110.789 22
2877 110.818 18
2878 110.849 16
2879 110.877 18
2880 110.907 17
2881 110.932 20
2882 110.964 16
2883 110.996 16
2884 111.02 21
2885 111.052 16
2886 111.083 16
2887 111.105 23
2888 111.133 18
2889 111.165 16
2890 111.19 20
2891 111.212 23
2892 111.234 24
2893 111.263 17
2894 111.295 16
2895 111.327 16
2896 111.358 16
2897 111.385 19
2898 111.412 19
2899 111.44 18
2900 111.468 18
2901 111.5 16
2902 111.529 17
2903 111.555 20
2904 111.581 19
2905 111.61 18
2906 111.641 16
2907 111.666 20
2908 111.695 18
2909 111.721 19
2910 111.753 16
2911 111.785 16
2912 111.813 18
2913 111.836 22
2914 111.865 17
2915 111.889 21
2916 111.918 18
2917 111.943 20
2918 111.971 18
2919 111.999 18
2920 112.021 23
2921 112.053 16
2922 112.084 16
2923 112.116 16
2924 112.146 17
2925 112.171 20
2926 112.194 22
2927 112.219 20
2928 112.248 18
2929 112.276 18
2930 112.307 16
2931 112.333 20
2932 112.364 16
2933 112.39 20
2934 112.421 16
2935 112.446 20
2936 112.478 16
2937 112.503 20
2938 112.531 18
2939 112.563 16
2940 112.591 18
2941 112.623 16
2942 112.654 16
2943 112.683 18
2944 112.708 20
2945 112.736 18
2946 112.764 18
2947 112.796 16
2948 112.824 18
2949 112.854 17
2950 112.88 19
2951 112.912 16
2952 112.94 18
2953 112.968 18
2954 112.995 19
2955 113.021 19
2956 113.047 20
2957 113.078 16
2958 113.108 17
2959 113.14 16
2960 113.168 18
2961 113.193 20
2962 113.223 17
2963 113.251 18
2964 113.279 18
2965 113.311 16
2966 113.335 21
2967 113.363 18
2968 113.391 18
2969 113.423 16
2970 113.451 18
2971 113.476 20
2972 113.508 16
2973 113.54 16
2974 113.571 16
2975 113.603 16
2976 113.631 18
2977 113.656 20
2978 113.682 20
2979 113.705 22
2980 113.736 16
2981 113.768 16
2982 113.794 20
2983 113.825 16
2984 113.852 19
2985 113.88 18
2986 113.912 16
2987 113.94 18
2988 113.964 21
2989 113.996 16
2990 114.027 16
2991 114.057 17
2992 114.089 16
2993 114.117 18
2994 114.147 17
2995 114.172 20
2996 114.204 16
2997 114.236 16
2998 114.264 18
2999 114.29 19
<vv^>>>>G
>>>>>>>^^
>>>>>>>>^
^########
^<<<<^^^>
^^^<>>^v<

