0 0.000127557 2314
1 0.00313555 99
2 0.0329139 10
3 0.0448184 25
4 0.0676818 13
5 0.097384 10
6 0.120177 13
7 0.149767 10
8 0.172445 13
9 0.188824 18
10 0.207219 16
11 0.226725 15
12 0.246197 15
13 0.265527 15
14 0.294445 10
15 0.318319 12
16 0.342056 12
17 0.367869 11
18 0.396172 10
19 0.42182 11
20 0.445191 12
21 0.468502 12
22 0.496403 10
23 0.524233 10
24 0.545587 13
25 0.573155 10
26 0.600669 10
27 0.623558 12
28 0.648451 11
29 0.675811 10
30 0.700673 11
31 0.725545 11
32 0.75291 10
33 0.773973 13
34 0.787708 20
35 0.815257 10
36 0.842898 10
37 0.870654 10
38 0.890761 14
39 0.919141 10
40 0.948084 10
41 0.970546 13
42 1.00005 10
43 1.02987 10
44 1.05542 12
45 1.07966 13
46 1.11166 10
47 1.13875 12
48 1.17194 10
49 1.20277 11
50 1.23161 12
51 1.26762 10
52 1.30152 11
53 1.33946 10
54 1.3723 12
55 1.4124 10
56 1.44946 11
57 1.49152 10
58 1.51817 16
59 1.56154 10
60 1.59649 13
61 1.62988 14
62 1.67296 11
63 1.72097 10
64 1.76962 10
65 1.81443 11
66 1.85648 12
67 1.89047 15
68 1.93785 11
69 1.99049 10
70 2.0442 10
71 2.08976 12
72 2.14492 10
73 2.20056 10
74 2.2575 10
75 2.31513 10
76 2.36366 12
77 2.41684 11
78 2.47588 10
79 2.52529 12
80 2.56781 14
81 2.62783 10
82 2.68834 10
83 2.74354 11
84 2.8047 10
85 2.86605 10
86 2.9278 10
87 2.97956 12
88 3.03617 11
89 3.09861 10
90 3.16156 10
91 3.21426 12
92 3.27763 10
93 3.33056 12
94 3.373 15
95 3.43681 10
96 3.50106 10
97 3.56565 10
98 3.63045 10
99 3.69533 10
100 3.74175 14
101 3.79598 12
102 3.85029 12
103 3.90468 12
104 3.96409 11
105 4.02953 10
106 4.09505 10
107 4.15468 11
108 4.21439 11
109 4.27417 11
110 4.34 10
111 4.40589 10
112 4.47192 10
113 4.53806 10
114 4.59325 12
115 4.65952 10
116 4.72589 10
117 4.78629 11
118 4.8417 12
119 4.90821 10
120 4.97479 10
121 5.03028 12
122 5.0858 12
123 5.15243 10
124 5.21911 10
125 5.28581 10
126 5.35254 10
127 5.40388 13
128 5.45952 12
129 5.52629 10
130 5.58701 11
131 5.63839 13
132 5.69408 12
133 5.76091 10
134 5.82776 10
135 5.89462 10
136 5.95035 12
137 6.00181 13
138 6.05757 12
139 6.10219 15
140 6.16912 10
141 6.22062 13
142 6.28147 11
143 6.33727 12
144 6.38877 13
145 6.42402 19
146 6.47982 12
147 6.54679 10
148 6.59831 13
149 6.64017 16
150 6.70715 10
151 6.77413 10
152 6.84112 10
153 6.90812 10
154 6.96902 11
155 7.03601 10
156 7.10301 10
157 7.17001 10
158 7.23701 10
159 7.30401 10
160 7.37101 10
161 7.43192 11
162 7.49284 11
163 7.54868 12
164 7.60451 12
165 7.66543 11
166 7.71697 13
167 7.76165 15
168 7.80951 14
169 7.87652 10
170 7.94353 10
171 7.99508 13
172 8.03697 16
173 8.09789 11
174 8.15373 12
175 8.22074 10
176 8.28776 10
177 8.3436 12
178 8.41062 10
179 8.46646 12
180 8.53348 10
181 8.60049 10
182 8.65634 12
183 8.72335 10
184 8.76803 15
185 8.83505 10
186 8.89089 12
187 8.93876 14
188 9.00578 10
189 9.05046 15
190 9.11747 10
191 9.18449 10
192 9.23604 13
193 9.30305 10
194 9.37007 10
195 9.43709 10
196 9.5041 10
197 9.56503 11
198 9.62087 12
199 9.67672 12
200 9.74374 10
201 9.80466 11
202 9.84934 15
203 9.91636 10
204 9.98337 10
205 10.0392 12
206 10.0951 12
207 10.1621 10
208 10.21 14
209 10.2578 14
210 10.3248 10
211 10.3858 11
212 10.4528 10
213 10.5198 10
214 10.5868 10
215 10.6477 11
216 10.7087 11
217 10.7696 11
218 10.8211 13
219 10.8881 10
220 10.9491 11
221 11.0161 10
222 11.0676 13
223 11.1286 11
224 11.1956 10
225 11.2626 10
226 11.3141 13
227 11.37 12
228 11.4309 11
229 11.4868 12
230 11.5538 10
231 11.6208 10
232 11.6878 10
233 11.7548 10
234 11.8219 10
235 11.8889 10
236 11.9447 12
237 11.9926 14
238 12.0405 14
239 12.0963 12
240 12.1633 10
241 12.2303 10
242 12.2862 12
243 12.3532 10
244 12.4202 10
245 12.4811 11
246 12.537 12
247 12.604 10
248 12.671 10
249 12.738 10
250 12.799 11
251 12.866 10
252 12.933 10
253 12.9888 12
254 13.0559 10
255 13.1229 10
256 13.1648 16
257 13.2257 11
258 13.2815 12
259 13.3485 10
260 13.4156 10
261 13.4826 10
262 13.5496 10
263 13.5975 14
264 13.6645 10
265 13.7315 10
266 13.7985 10
267 13.8655 10
268 13.9074 16
269 13.9633 12
270 14.0242 11
271 14.0912 10
272 14.1521 11
273 14.208 12
274 14.275 10
275 14.342 10
276 14.409 10
277 14.4649 12
278 14.5207 12
279 14.5877 10
280 14.6547 10
281 14.7157 11
282 14.7827 10
283 14.8497 10
284 14.9106 11
285 14.9665 12
286 15.0143 14
287 15.0814 10
288 15.1484 10
289 15.2042 12
290 15.2461 16
291 15.3131 10
292 15.3741 11
293 15.4299 12
294 15.4969 10
295 15.5639 10
296 15.6086 15
297 15.6645 12
298 15.7123 14
299 15.7682 12
300 15.824 12
301 15.8756 13
302 15.9175 16
303 15.9733 12
304 16.0403 10
305 16.0776 18
306 16.1291 13
307 16.1961 10
308 16.2631 10
309 16.3302 10
310 16.3911 11
311 16.4581 10
312 16.5139 12
313 16.5698 12
314 16.6307 11
315 16.6977 10
316 16.7647 10
317 16.8066 16
318 16.8736 10
319 16.9155 16
320 16.9634 14
321 17.0304 10
322 17.0863 12
323 17.1533 10
324 17.2142 11
325 17.2701 12
326 17.3179 14
327 17.3849 10
328 17.4408 12
329 17.5078 10
330 17.5748 10
331 17.6418 10
332 17.7089 10
333 17.7567 14
334 17.8126 12
335 17.8684 12
336 17.9293 11
337 17.9964 10
338 18.0634 10
339 18.1192 12
340 18.1801 11
341 18.2472 10
342 18.303 12
343 18.37 10
344 18.437 10
345 18.5041 10
346 18.5711 10
347 18.6381 10
348 18.7051 10
349 18.7498 15
350 18.8168 10
351 18.8777 11
352 18.9447 10
353 19.0118 10
354 19.0788 10
355 19.1458 10
356 19.1905 15
357 19.2514 11
358 19.3072 12
359 19.3467 17
360 19.3913 15
361 19.4523 11
362 19.5193 10
363 19.5863 10
364 19.6421 12
365 19.7092 10
366 19.7762 10
367 19.832 12
368 19.8879 12
369 19.9437 12
370 19.9884 15
371 20.0554 10
372 20.1224 10
373 20.174 13
374 20.241 10
375 20.308 10
376 20.375 10
377 20.4309 12
378 20.4979 10
379 20.5537 12
380 20.6208 10
381 20.6878 10
382 20.7356 14
383 20.7966 11
384 20.8481 13
385 20.896 14
386 20.9518 12
387 21.0077 12
388 21.0747 10
389 21.1417 10
390 21.2087 10
391 21.2757 10
392 21.3428 10
393 21.4098 10
394 21.4768 10
395 21.5377 11
396 21.5824 15
397 21.6303 14
398 21.6973 10
399 21.7452 14
400 21.801 12
401 21.868 10
402 21.9239 12
403 21.9909 10
404 22.0518 11
405 22.1076 12
406 22.1747 10
407 22.2417 10
408 22.2975 12
409 22.3534 12
410 22.4092 12
411 22.4651 12
412 22.5209 12
413 22.5879 10
414 22.655 10
415 22.7028 14
416 22.7544 13
417 22.8214 10
418 22.8772 12
419 22.9331 12
420 22.9846 13
421 23.0516 10
422 23.1187 10
423 23.1796 11
424 23.2466 10
425 23.3025 12
426 23.3583 12
427 23.4253 10
428 23.4923 10
429 23.5402 14
430 23.5881 14
431 23.6439 12
432 23.7109 10
433 23.7588 14
434 23.8104 13
435 23.8582 14
436 23.9191 11
437 23.9862 10
438 24.042 12
439 24.0979 12
440 24.1494 13
441 24.2164 10
442 24.2834 10
443 24.335 13
444 24.3959 11
445 24.4518 12
446 24.5033 13
447 24.5703 10
448 24.6373 10
449 24.7044 10
450 24.7714 10
451 24.8323 11
452 24.8932 11
453 24.9602 10
454 25.0161 12
455 25.0719 12
456 25.1235 13
457 25.1905 10
458 25.2575 10
459 25.3245 10
460 25.3916 10
461 25.4525 11
462 25.4972 15
463 25.553 12
464 25.6089 12
465 25.6698 11
466 25.7213 13
467 25.7772 12
468 25.825 14
469 25.8729 14
470 25.9399 10
471 25.9958 12
472 26.0628 10
473 26.1237 11
474 26.1907 10
475 26.2578 10
476 26.3136 12
477 26.3745 11
478 26.4415 10
479 26.5025 11
480 26.5583 12
481 26.6253 10
482 26.6923 10
483 26.7482 12
484 26.8091 11
485 26.8485 17
486 26.9095 11
487 26.9704 11
488 27.0374 10
489 27.1044 10
490 27.1653 11
491 27.2324 10
492 27.2994 10
493 27.3552 12
494 27.4222 10
495 27.4893 10
496 27.5563 10
497 27.6121 12
498 27.668 12
499 27.7238 12
500 27.7847 11
501 27.8518 10
502 27.9127 11
503 27.9797 10
504 28.0406 11
505 28.1015 11
506 28.1574 12
507 28.2089 13
508 28.276 10
509 28.343 10
510 28.41 10
511 28.477 10
512 28.5379 11
513 28.6049 10
514 28.6565 13
515 28.7235 10
516 28.7905 10
517 28.8384 14
518 28.8993 11
519 28.9663 10
520 29.0273 11
521 29.0943 10
522 29.1501 12
523 29.2171 10
524 29.2842 10
525 29.34 12
526 29.3879 14
527 29.4437 12
528 29.5107 10
529 29.5666 12
530 29.6224 12
531 29.6895 10
532 29.7565 10
533 29.8043 14
534 29.8714 10
535 29.9323 11
536 29.9993 10
537 30.0551 12
538 30.1222 10
539 30.1892 10
540 30.2311 16
541 30.2981 10
542 30.3651 10
543 30.4166 13
544 30.4837 10
545 30.5507 10
546 30.6022 13
547 30.6692 10
548 30.7111 16
549 30.767 12
550 30.8185 13
551 30.8855 10
552 30.9526 10
553 31.0004 14
554 31.0563 12
555 31.1233 10
556 31.1748 13
557 31.2419 10
558 31.3028 11
559 31.3586 12
560 31.4145 12
561 31.4754 11
562 31.5313 12
563 31.5983 10
564 31.6592 11
565 31.715 12
566 31.7821 10
567 31.8379 12
568 31.9049 10
569 31.9719 10
570 32.039 10
571 32.106 10
572 32.1669 11
573 32.2339 10
574 32.3009 10
575 32.3619 11
576 32.4289 10
577 32.4847 12
578 32.5517 10
579 32.5996 14
580 32.6605 11
581 32.7214 11
582 32.773 13
583 32.8288 12
584 32.8959 10
585 32.9437 14
586 33.0107 10
587 33.0778 10
588 33.1448 10
589 33.2057 11
590 33.2666 11
591 33.3336 10
592 33.3895 12
593 33.4565 10
594 33.5124 12
595 33.5602 14
596 33.6272 10
597 33.6788 13
598 33.7267 14
599 33.7876 11
600 33.8434 12
601 33.9044 11
602 33.9602 12
603 34.0161 12
604 34.0831 10
605 34.144 11
606 34.211 10
607 34.2669 12
608 34.3227 12
609 34.3836 11
610 34.4395 12
611 34.5004 11
612 34.5562 12
613 34.6172 11
614 34.6687 13
615 34.7166 14
616 34.7724 12
617 34.8334 11
618 34.9004 10
619 34.9613 11
620 35.0171 12
621 35.0842 10
622 35.1512 10
623 35.1931 16
624 35.2601 10
625 35.3159 12
626 35.3718 12
627 35.4388 10
628 35.4867 14
629 35.5425 12
630 35.6095 10
631 35.6514 16
632 35.7184 10
633 35.7854 10
634 35.8413 12
635 35.8928 13
636 35.9599 10
637 36.0269 10
638 36.0827 12
639 36.1343 13
640 36.2013 10
641 36.2683 10
642 36.3353 10
643 36.4023 10
644 36.4694 10
645 36.5364 10
646 36.5879 13
647 36.6358 14
648 36.7028 10
649 36.7507 14
650 36.8065 12
651 36.8675 11
652 36.9233 12
653 36.968 15
654 37.0238 12
655 37.0797 12
656 37.1312 13
657 37.1828 13
658 37.2343 13
659 37.2952 11
660 37.3623 10
661 37.4181 12
662 37.4697 13
663 37.5255 12
664 37.5925 10
665 37.6595 10
666 37.7266 10
667 37.7936 10
668 37.8606 10
669 37.9053 15
670 37.9723 10
671 38.0281 12
672 38.0797 13
673 38.1406 11
674 38.2015 11
675 38.2625 11
676 38.3295 10
677 38.3965 10
678 38.4574 11
679 38.509 13
680 38.5699 11
681 38.6369 10
682 38.7039 10
683 38.7709 10
684 38.838 10
685 38.905 10
686 38.9469 16
687 39.0139 10
688 39.0748 11
689 39.1418 10
690 39.2088 10
691 39.2758 10
692 39.3429 10
693 39.4099 10
694 39.4614 13
695 39.5284 10
696 39.5955 10
697 39.647 13
698 39.6864 17
699 39.7423 12
700 39.7938 13
701 39.8609 10
702 39.9218 11
703 39.9696 14
704 40.0255 12
705 40.0925 10
706 40.1595 10
707 40.2265 10
708 40.2875 11
709 40.3433 12
710 40.4103 10
711 40.4773 10
712 40.5332 12
713 40.5704 18
714 40.6374 10
715 40.6933 12
716 40.7603 10
717 40.8119 13
718 40.8728 11
719 40.9286 12
720 40.9956 10
721 41.0515 12
722 41.1185 10
723 41.1855 10
724 41.2464 11
725 41.3135 10
726 41.3805 10
727 41.4475 10
728 41.5033 12
729 41.5704 10
730 41.6374 10
731 41.7044 10
732 41.7523 14
733 41.8081 12
734 41.8751 10
735 41.9421 10
736 42.0092 10
737 42.0762 10
738 42.1432 10
739 42.2102 10
740 42.2772 10
741 42.3331 12
742 42.3889 12
743 42.4368 14
744 42.5038 10
745 42.5708 10
746 42.6378 10
747 42.7049 10
748 42.7719 10
749 42.8389 10
750 42.8947 12
751 42.9506 12
752 43.0115 11
753 43.0785 10
754 43.1455 10
755 43.2126 10
756 43.2735 11
757 43.3293 12
758 43.3852 12
759 43.4522 10
760 43.5192 10
761 43.5751 12
762 43.6421 10
763 43.703 11
764 43.7639 11
765 43.8309 10
766 43.8868 12
767 43.9538 10
768 44.0208 10
769 44.0817 11
770 44.1376 12
771 44.2046 10
772 44.2605 12
773 44.3214 11
774 44.3884 10
775 44.4399 13
776 44.5009 11
777 44.5524 13
778 44.6194 10
779 44.6865 10
780 44.7423 12
781 44.8093 10
782 44.8763 10
783 44.9322 12
784 44.9769 15
785 45.0327 12
786 45.0997 10
787 45.1606 11
788 45.2277 10
789 45.2947 10
790 45.3505 12
791 45.3952 15
792 45.4622 10
793 45.5292 10
794 45.5902 11
795 45.6572 10
796 45.713 12
797 45.7689 12
798 45.8359 10
799 45.9029 10
800 45.9699 10
801 46.0308 11
802 46.0867 12
803 46.1382 13
804 46.2053 10
805 46.2499 15
806 46.2978 14
807 46.3648 10
808 46.4257 11
809 46.4928 10
810 46.5322 17
811 46.5992 10
812 46.6471 14
813 46.7029 12
814 46.7638 11
815 46.8309 10
816 46.8979 10
817 46.9649 10
818 47.0207 12
819 47.0766 12
820 47.1436 10
821 47.1994 12
822 47.2665 10
823 47.3274 11
824 47.3944 10
825 47.4423 14
826 47.4981 12
827 47.5651 10
828 47.6322 10
829 47.6992 10
830 47.7662 10
831 47.8271 11
832 47.8787 13
833 47.9457 10
834 48.0015 12
835 48.0574 12
836 48.1132 12
837 48.1741 11
838 48.2412 10
839 48.3082 10
840 48.3597 13
841 48.4267 10
842 48.4826 12
843 48.5496 10
844 48.6166 10
845 48.6836 10
846 48.7315 14
847 48.7874 12
848 48.8389 13
849 48.8868 14
850 48.9538 10
851 49.0208 10
852 49.0878 10
853 49.1488 11
854 49.2097 11
855 49.2767 10
856 49.3437 10
857 49.4107 10
858 49.4666 12
859 49.5336 10
860 49.6006 10
861 49.6565 12
862 49.7235 10
863 49.7905 10
864 49.8575 10
865 49.9022 15
866 49.958 12
867 50.019 11
868 50.086 10
869 50.1418 12
870 50.2088 10
871 50.2647 12
872 50.3317 10
873 50.3875 12
874 50.4546 10
875 50.5216 10
876 50.5731 13
877 50.6401 10
878 50.7072 10
879 50.755 14
880 50.8029 14
881 50.8638 11
882 50.9308 10
883 50.9979 10
884 51.0649 10
885 51.1207 12
886 51.1816 11
887 51.2487 10
888 51.2965 14
889 51.3635 10
890 51.4306 10
891 51.4915 11
892 51.5524 11
893 51.6194 10
894 51.6753 12
895 51.7423 10
896 51.8032 11
897 51.8511 14
898 51.912 11
899 51.9567 15
900 52.0237 10
901 52.0907 10
902 52.1466 12
903 52.2024 12
904 52.2633 11
905 52.3243 11
906 52.3801 12
907 52.441 11
908 52.4969 12
909 52.5639 10
910 52.6154 13
911 52.6825 10
912 52.7383 12
913 52.7942 12
914 52.8612 10
915 52.9282 10
916 52.984 12
917 53.0399 12
918 53.1069 10
919 53.1678 11
920 53.2348 10
921 53.2958 11
922 53.3436 14
923 53.4106 10
924 53.4777 10
925 53.5292 13
926 53.5962 10
927 53.6632 10
928 53.7191 12
929 53.7861 10
930 53.8531 10
931 53.9047 13
932 53.9717 10
933 54.0387 10
934 54.0996 11
935 54.1667 10
936 54.2225 12
937 54.2783 12
938 54.3393 11
939 54.4063 10
940 54.4621 12
941 54.5292 10
942 54.5962 10
943 54.6632 10
944 54.7302 10
945 54.786 12
946 54.8531 10
947 54.9009 14
948 54.9619 11
949 55.0289 10
950 55.0847 12
951 55.1456 11
952 55.2066 11
953 55.2736 10
954 55.3183 15
955 55.3853 10
956 55.4462 11
957 55.5021 12
958 55.5691 10
959 55.63 11
960 55.697 10
961 55.764 10
962 55.831 10
963 55.8981 10
964 55.9651 10
965 56.0321 10
966 56.08 14
967 56.1358 12
968 56.1967 11
969 56.2577 11
970 56.3247 10
971 56.3856 11
972 56.4414 12
973 56.5085 10
974 56.5643 12
975 56.6252 11
976 56.6811 12
977 56.7481 10
978 56.8151 10
979 56.871 12
980 56.9319 11
981 56.9989 10
982 57.0659 10
983 57.1329 10
984 57.2 10
985 57.2558 12
986 57.3228 10
987 57.3898 10
988 57.4568 10
989 57.5127 12
990 57.5797 10
991 57.6467 10
992 57.6914 15
993 57.7584 10
994 57.8254 10
995 57.8925 10
996 57.9595 10
997 58.0265 10
998 58.0823 12
999 58.1494 10
1000 58.1494 3564
1001 58.1504 313
1002 58.1512 345
1003 58.1649 20
1004 58.172 38
1005 58.1813 29
1006 58.1925 24
1007 58.2048 22
1008 58.2216 16
1009 58.2365 18
1010 58.2524 17
1011 58.2666 19
1012 58.2836 16
1013 58.2988 18
1014 58.3126 20
1015 58.3283 18
1016 58.3464 16
1017 58.3606 21
1018 58.3804 16
1019 58.3963 21
1020 58.4142 19
1021 58.4314 20
1022 58.4491 20
1023 58.469 18
1024 58.4918 16
1025 58.5148 16
1026 58.5347 19
1027 58.554 20
1028 58.5756 18
1029 58.6002 16
1030 58.6203 20
1031 58.6458 16
1032 58.6629 24
1033 58.6858 18
1034 58.7118 16
1035 58.7364 17
1036 58.76 18
1037 58.7839 18
1038 58.8112 16
1039 58.8312 22
1040 58.8547 19
1041 58.8784 19
1042 58.9036 18
1043 58.9289 18
1044 58.9543 18
1045 58.983 16
1046 59.0014 25
1047 59.0303 16
1048 59.056 18
1049 59.085 16
1050 59.1141 16
1051 59.1433 16
1052 59.1726 16
1053 59.2019 16
1054 59.22 26
1055 59.2495 16
1056 59.2774 17
1057 59.3073 16
1058 59.3325 19
1059 59.3625 16
1060 59.3878 19
1061 59.412 20
1062 59.4421 16
1063 59.4641 22
1064 59.4944 16
1065 59.5229 17
1066 59.5533 16
1067 59.5753 22
1068 59.5997 20
1069 59.6301 16
1070 59.6588 17
1071 59.6894 16
1072 59.7181 17
1073 59.7439 19
1074 59.7745 16
1075 59.8017 18
1076 59.8275 19
1077 59.8533 19
1078 59.884 16
1079 59.9085 20
1080 59.9392 16
1081 59.9665 18
1082 59.9972 16
1083 60.0262 17
1084 60.0535 18
1085 60.071 28
1086 60.0969 19
1087 60.1215 20
1088 60.1474 19
1089 60.172 20
1090 60.1993 18
1091 60.2301 16
1092 60.2609 16
1093 60.2916 16
1094 60.3175 19
1095 60.3483 16
1096 60.3791 16
1097 60.4015 22
1098 60.4239 22
1099 60.4498 19
1100 60.4744 20
1101 60.499 20
1102 60.5298 16
1103 60.5532 21
1104 60.5767 21
1105 60.5991 22
1106 60.6299 16
1107 60.6607 16
1108 60.688 18
1109 60.7139 19
1110 60.7413 18
1111 60.7672 19
1112 60.7962 17
1113 60.8186 22
1114 60.8494 16
1115 60.8802 16
1116 60.9036 21
1117 60.9296 19
1118 60.9603 16
1119 60.9877 18
1120 61.0151 18
1121 61.0425 18
1122 61.0659 21
1123 61.0933 18
1124 61.1192 19
1125 61.1389 25
1126 61.1697 16
1127 61.1987 17
1128 61.226 18
1129 61.2568 16
1130 61.2842 18
1131 61.3116 18
1132 61.3362 20
1133 61.367 16
1134 61.3916 20
1135 61.4175 19
1136 61.4449 18
1137 61.4723 18
1138 61.4997 18
1139 61.5304 16
1140 61.5578 18
1141 61.5868 17
1142 61.6127 19
1143 61.6401 18
1144 61.6709 16
1145 61.7017 16
1146 61.729 18
1147 61.758 17
1148 61.7888 16
1149 61.8196 16
1150 61.847 18
1151 61.8778 16
1152 61.896 27
1153 61.9268 16
1154 61.9576 16
1155 61.9884 16
1156 62.0192 16
1157 62.0499 16
1158 62.0773 18
1159 62.1063 17
1160 62.1337 18
1161 62.1526 26
1162 62.1772 20
1163 62.208 16
1164 62.237 17
1165 62.2605 21
1166 62.2913 16
1167 62.3082 29
1168 62.3232 33
1169 62.354 16
1170 62.3829 17
1171 62.4137 16
1172 62.4445 16
1173 62.4719 18
1174 62.5027 16
1175 62.5335 16
1176 62.5608 18
1177 62.5916 16
1178 62.6151 21
1179 62.6459 16
1180 62.6705 20
1181 62.6979 18
1182 62.7252 18
1183 62.7512 19
1184 62.7666 32
1185 62.7912 20
1186 62.8147 21
1187 62.842 18
1188 62.8655 21
1189 62.8928 18
1190 62.9202 18
1191 62.9426 22
1192 62.9734 16
1193 63.0024 17
1194 63.027 20
1195 63.0529 19
1196 63.0753 22
1197 63.1 20
1198 63.1246 20
1199 63.1554 16
1200 63.1844 17
1201 63.2152 16
1202 63.2425 18
1203 63.2733 16
1204 63.3007 18
1205 63.3166 31
1206 63.3425 19
1207 63.3699 18
1208 63.3972 18
1209 63.4246 18
1210 63.4481 21
1211 63.4754 18
1212 63.5062 16
1213 63.5336 18
1214 63.5644 16
1215 63.5858 23
1216 63.6166 16
1217 63.6456 17
1218 63.6764 16
1219 63.7023 19
1220 63.7331 16
1221 63.759 19
1222 63.788 17
1223 63.8188 16
1224 63.8496 16
1225 63.8769 18
1226 63.8983 23
1227 63.9291 16
1228 63.9599 16
1229 63.9804 24
1230 64.0112 16
1231 64.042 16
1232 64.0728 16
1233 64.1002 18
1234 64.1276 18
1235 64.1583 16
1236 64.1857 18
1237 64.2165 16
1238 64.2473 16
1239 64.2781 16
1240 64.3071 17
1241 64.3317 20
1242 64.3625 16
1243 64.3899 18
1244 64.4133 21
1245 64.4441 16
1246 64.4687 20
1247 64.4922 21
1248 64.5156 21
1249 64.5464 16
1250 64.5711 20
1251 64.5984 18
1252 64.6292 16
1253 64.6527 21
1254 64.6773 20
1255 64.7063 17
1256 64.7322 19
1257 64.763 16
1258 64.7938 16
1259 64.8246 16
1260 64.8554 16
1261 64.8828 18
1262 64.9135 16
1263 64.9443 16
1264 64.9751 16
1265 64.9975 22
1266 65.0165 26
1267 65.0454 17
1268 65.0728 18
1269 65.1018 17
1270 65.1207 26
1271 65.1454 20
1272 65.1762 16
1273 65.2008 20
1274 65.2267 19
1275 65.2491 22
1276 65.2799 16
1277 65.3073 18
1278 65.3222 33
1279 65.3512 17
1280 65.3746 21
1281 65.3993 20
1282 65.4282 17
1283 65.459 16
1284 65.4796 24
1285 65.5055 19
1286 65.5329 18
1287 65.5575 20
1288 65.5883 16
1289 65.6156 18
1290 65.638 22
1291 65.6688 16
1292 65.6962 18
1293 65.7236 18
1294 65.7509 18
1295 65.7756 20
1296 65.8063 16
1297 65.8298 21
1298 65.8533 21
1299 65.8779 20
1300 65.9038 19
1301 65.9298 19
1302 65.9587 17
1303 65.9895 16
1304 66.013 21
1305 66.0403 18
1306 66.0711 16
1307 66.0958 20
1308 66.1231 18
1309 66.1455 22
1310 66.1729 18
1311 66.1975 20
1312 66.2222 20
1313 66.2511 17
1314 66.2785 18
1315 66.2975 26
1316 66.3221 20
1317 66.3467 20
1318 66.3757 17
1319 66.3992 21
1320 66.4299 16
1321 66.4523 22
1322 66.4813 17
1323 66.5072 19
1324 66.538 16
1325 66.5688 16
1326 66.5996 16
1327 66.627 18
1328 66.6544 18
1329 66.6817 18
1330 66.7107 17
1331 66.7331 22
1332 66.7639 16
1333 66.7912 18
1334 66.822 16
1335 66.8528 16
1336 66.8775 20
1337 66.9048 18
1338 66.9356 16
1339 66.9603 20
1340 66.9849 20
1341 67.0123 18
1342 67.043 16
1343 67.0677 20
1344 67.0923 20
1345 67.1197 18
1346 67.1443 20
1347 67.1733 17
1348 67.1957 22
1349 67.2203 20
1350 67.2477 18
1351 67.2666 26
1352 67.2913 20
1353 67.3202 17
1354 67.351 16
1355 67.3769 19
1356 67.3934 30
1357 67.4139 24
1358 67.4447 16
1359 67.4671 22
1360 67.4944 18
1361 67.5252 16
1362 67.5526 18
1363 67.5816 17
1364 67.609 18
1365 67.6379 17
1366 67.6639 19
1367 67.6912 18
1368 67.7202 17
1369 67.751 16
1370 67.7818 16
1371 67.8023 24
1372 67.8297 18
1373 67.8605 16
1374 67.8894 17
1375 67.9184 17
1376 67.9474 17
1377 67.9748 18
1378 68.0021 18
1379 68.0329 16
1380 68.0637 16
1381 68.0911 18
1382 68.1185 18
1383 68.1492 16
1384 68.1782 17
1385 68.2056 18
1386 68.227 23
1387 68.2544 18
1388 68.279 20
1389 68.3025 21
1390 68.3333 16
1391 68.3579 20
1392 68.3825 20
1393 68.4099 18
1394 68.4407 16
1395 68.4653 20
1396 68.4888 21
1397 68.5178 17
1398 68.5451 18
1399 68.5725 18
1400 68.6033 16
1401 68.6341 16
1402 68.6649 16
1403 68.6938 17
1404 68.7246 16
1405 68.752 18
1406 68.7755 21
1407 68.8028 18
1408 68.8336 16
1409 68.861 18
1410 68.8918 16
1411 68.9226 16
1412 68.9472 20
1413 68.9696 22
1414 69.0004 16
1415 69.0312 16
1416 69.0558 20
1417 69.0866 16
1418 69.11 21
1419 69.1374 18
1420 69.1664 17
1421 69.1938 18
1422 69.2245 16
1423 69.2469 22
1424 69.2716 20
1425 69.3024 16
1426 69.3331 16
1427 69.3578 20
1428 69.3824 20
1429 69.4132 16
1430 69.4346 23
1431 69.4654 16
1432 69.4859 24
1433 69.5083 22
1434 69.5289 24
1435 69.5596 16
1436 69.587 18
1437 69.6116 20
1438 69.6424 16
1439 69.6698 18
1440 69.7006 16
1441 69.7265 19
1442 69.7512 20
1443 69.7726 23
1444 69.7999 18
1445 69.8307 16
1446 69.8615 16
1447 69.8839 22
1448 69.9074 21
1449 69.9347 18
1450 69.9594 20
1451 69.9902 16
1452 70.0148 20
1453 70.0394 20
1454 70.0702 16
1455 70.0892 26
1456 70.1138 20
1457 70.1412 18
1458 70.172 16
1459 70.1993 18
1460 70.2301 16
1461 70.2575 18
1462 70.2883 16
1463 70.3156 18
1464 70.343 18
1465 70.3704 18
1466 70.3938 21
1467 70.4246 16
1468 70.4554 16
1469 70.4844 17
1470 70.509 20
1471 70.5364 18
1472 70.561 20
1473 70.5869 19
1474 70.6143 18
1475 70.6451 16
1476 70.6697 20
1477 70.7005 16
1478 70.7265 19
1479 70.7524 19
1480 70.777 20
1481 70.8078 16
1482 70.8368 17
1483 70.8642 18
1484 70.8915 18
1485 70.9189 18
1486 70.9435 20
1487 70.9725 17
1488 71.0015 17
1489 71.0239 22
1490 71.0547 16
1491 71.0854 16
1492 71.1044 26
1493 71.1249 24
1494 71.1557 16
1495 71.1865 16
1496 71.2173 16
1497 71.2447 18
1498 71.2754 16
1499 71.3001 20
1500 71.3309 16
1501 71.3514 24
1502 71.3822 16
1503 71.4081 19
1504 71.4327 20
1505 71.4601 18
1506 71.4909 16
1507 71.5217 16
1508 71.5525 16
1509 71.5833 16
1510 71.6106 18
1511 71.638 18
1512 71.6688 16
1513 71.6962 18
1514 71.7251 17
1515 71.7559 16
1516 71.7833 18
1517 71.8123 17
1518 71.8431 16
1519 71.8739 16
1520 71.9012 18
1521 71.9286 18
1522 71.9545 19
1523 71.9819 18
1524 72.0043 22
1525 72.0289 20
1526 72.0563 18
1527 72.0797 21
1528 72.1057 19
1529 72.1347 17
1530 72.1636 17
1531 72.1883 20
1532 72.2156 18
1533 72.2403 20
1534 72.2692 17
1535 72.2952 19
1536 72.3198 20
1537 72.3444 20
1538 72.3704 19
1539 72.3993 17
1540 72.4183 26
1541 72.4473 17
1542 72.4746 18
1543 72.502 18
1544 72.5328 16
1545 72.5574 20
1546 72.5864 17
1547 72.6099 21
1548 72.6345 20
1549 72.6653 16
1550 72.6943 17
1551 72.7216 18
1552 72.7506 17
1553 72.773 22
1554 72.8038 16
1555 72.8312 18
1556 72.8546 21
1557 72.8854 16
1558 72.9162 16
1559 72.9436 18
1560 72.966 22
1561 72.9894 21
1562 73.0153 19
1563 73.0443 17
1564 73.0751 16
1565 73.101 19
1566 73.127 19
1567 73.1475 24
1568 73.1721 20
1569 73.2029 16
1570 73.2337 16
1571 73.2627 17
1572 73.2901 18
1573 73.3174 18
1574 73.3482 16
1575 73.3756 18
1576 73.4002 20
1577 73.431 16
1578 73.4469 31
1579 73.4693 22
1580 73.4952 19
1581 73.526 16
1582 73.5457 25
1583 73.5703 20
1584 73.6011 16
1585 73.6217 24
1586 73.6524 16
1587 73.6798 18
1588 73.7088 17
1589 73.7334 20
1590 73.7548 23
1591 73.7808 19
1592 73.8042 21
1593 73.8332 17
1594 73.864 16
1595 73.8886 20
1596 73.9121 21
1597 73.9429 16
1598 73.9702 18
1599 73.9962 19
1600 74.0196 21
1601 74.047 18
1602 74.0675 24
1603 74.0949 18
1604 74.1173 22
1605 74.1447 18
1606 74.1652 24
1607 74.196 16
1608 74.2184 22
1609 74.2398 23
1610 74.2672 18
1611 74.2979 16
1612 74.3253 18
1613 74.3477 22
1614 74.3785 16
1615 74.4031 20
1616 74.4305 18
1617 74.4613 16
1618 74.4921 16
1619 74.5194 18
1620 74.5502 16
1621 74.5749 20
1622 74.6022 18
1623 74.6269 20
1624 74.6576 16
1625 74.685 18
1626 74.7158 16
1627 74.7466 16
1628 74.774 18
1629 74.7964 22
1630 74.8253 17
1631 74.8561 16
1632 74.8869 16
1633 74.9074 24
1634 74.9382 16
1635 74.969 16
1636 74.9964 18
1637 75.0272 16
1638 75.0518 20
1639 75.0826 16
1640 75.105 22
1641 75.1324 18
1642 75.1558 21
1643 75.1817 19
1644 75.2125 16
1645 75.2372 20
1646 75.2661 17
1647 75.2896 21
1648 75.3204 16
1649 75.3512 16
1650 75.382 16
1651 75.4128 16
1652 75.4401 18
1653 75.4625 22
1654 75.4899 18
1655 75.5207 16
1656 75.5481 18
1657 75.574 19
1658 75.603 17
1659 75.6337 16
1660 75.6584 20
1661 75.6892 16
1662 75.7126 21
1663 75.7434 16
1664 75.7724 17
1665 75.7983 19
1666 75.8159 28
1667 75.8418 19
1668 75.8692 18
1669 75.8982 17
1670 75.9217 21
1671 75.9463 20
1672 75.9771 16
1673 76.0017 20
1674 76.0291 18
1675 76.0581 17
1676 76.0888 16
1677 76.1178 17
1678 76.1413 21
1679 76.1686 18
1680 76.196 18
1681 76.2206 20
1682 76.2514 16
1683 76.2822 16
1684 76.3096 18
1685 76.337 18
1686 76.3604 21
1687 76.3894 17
1688 76.4153 19
1689 76.4461 16
1690 76.4707 20
1691 76.4997 17
1692 76.5244 20
1693 76.5517 18
1694 76.5777 19
1695 76.6011 21
1696 76.6319 16
1697 76.6516 25
1698 76.679 18
1699 76.7098 16
1700 76.7406 16
1701 76.7665 19
1702 76.7911 20
1703 76.8094 27
1704 76.8308 23
1705 76.8581 18
1706 76.8841 19
1707 76.91 19
1708 76.939 17
1709 76.9698 16
1710 76.9971 18
1711 77.0279 16
1712 77.0485 24
1713 77.0758 18
1714 77.1018 19
1715 77.1264 20
1716 77.1572 16
1717 77.188 16
1718 77.2114 21
1719 77.2388 18
1720 77.2662 18
1721 77.2935 18
1722 77.3243 16
1723 77.3551 16
1724 77.3775 22
1725 77.4049 18
1726 77.4295 20
1727 77.4585 17
1728 77.4858 18
1729 77.5105 20
1730 77.5378 18
1731 77.5652 18
1732 77.596 16
1733 77.6268 16
1734 77.6576 16
1735 77.681 21
1736 77.7034 22
1737 77.7324 17
1738 77.7632 16
1739 77.794 16
1740 77.8199 19
1741 77.8507 16
1742 77.8797 17
1743 77.9071 18
1744 77.9344 18
1745 77.9591 20
1746 77.985 19
1747 78.0124 18
1748 78.0397 18
1749 78.0671 18
1750 78.0906 21
1751 78.1152 20
1752 78.146 16
1753 78.1768 16
1754 78.2076 16
1755 78.2383 16
1756 78.263 20
1757 78.2903 18
1758 78.3211 16
1759 78.3435 22
1760 78.3709 18
1761 78.3999 17
1762 78.4272 18
1763 78.4507 21
1764 78.4781 18
1765 78.5027 20
1766 78.5335 16
1767 78.5643 16
1768 78.5867 22
1769 78.614 18
1770 78.6387 20
1771 78.666 18
1772 78.6884 22
1773 78.7174 17
1774 78.7464 17
1775 78.7738 18
1776 78.7927 26
1777 78.8141 23
1778 78.8415 18
1779 78.8689 18
1780 78.8962 18
1781 78.9209 20
1782 78.9433 22
1783 78.9692 19
1784 79 16
1785 79.0259 19
1786 79.0518 19
1787 79.0808 17
1788 79.1067 19
1789 79.1341 18
1790 79.1615 18
1791 79.1861 20
1792 79.2151 17
1793 79.2459 16
1794 79.2748 17
1795 79.2983 21
1796 79.3229 20
1797 79.3537 16
1798 79.3784 20
1799 79.403 20
1800 79.432 17
1801 79.4628 16
1802 79.4901 18
1803 79.5191 17
1804 79.5499 16
1805 79.5758 19
1806 79.6032 18
1807 79.6291 19
1808 79.6515 22
1809 79.6789 18
1810 79.7023 21
1811 79.7297 18
1812 79.7556 19
1813 79.783 18
1814 79.8104 18
1815 79.8377 18
1816 79.8651 18
1817 79.891 19
1818 79.9184 18
1819 79.9492 16
1820 79.9751 19
1821 79.9986 21
1822 80.026 18
1823 80.0494 21
1824 80.0802 16
1825 80.111 16
1826 80.1384 18
1827 80.1691 16
1828 80.1981 17
1829 80.2289 16
1830 80.2579 17
1831 80.2853 18
1832 80.3126 18
1833 80.335 22
1834 80.3597 20
1835 80.3904 16
1836 80.4101 25
1837 80.4291 26
1838 80.4581 17
1839 80.484 19
1840 80.5114 18
1841 80.5338 22
1842 80.5584 20
1843 80.5843 19
1844 80.6151 16
1845 80.6441 17
1846 80.6749 16
1847 80.7057 16
1848 80.7346 17
1849 80.7636 17
1850 80.7883 20
1851 80.8172 17
1852 80.848 16
1853 80.8754 18
1854 80.9062 16
1855 80.937 16
1856 80.9643 18
1857 80.9933 17
1858 81.0109 28
1859 81.0344 21
1860 81.0652 16
1861 81.0925 18
1862 81.1215 17
1863 81.1523 16
1864 81.1831 16
1865 81.2139 16
1866 81.2385 20
1867 81.2693 16
1868 81.3001 16
1869 81.3225 22
1870 81.3515 17
1871 81.3823 16
1872 81.413 16
1873 81.4438 16
1874 81.4698 19
1875 81.4971 18
1876 81.5279 16
1877 81.5538 19
1878 81.5762 22
1879 81.6036 18
1880 81.6344 16
1881 81.659 20
1882 81.6864 18
1883 81.7154 17
1884 81.7462 16
1885 81.7751 17
1886 81.8059 16
1887 81.8333 18
1888 81.8592 19
1889 81.8816 22
1890 81.909 18
1891 81.9398 16
1892 81.9688 17
1893 81.9995 16
1894 82.0242 20
1895 82.055 16
1896 82.0796 20
1897 82.1031 21
1898 82.1338 16
1899 82.1646 16
1900 82.192 18
1901 82.2228 16
1902 82.2518 17
1903 82.2826 16
1904 82.3115 17
1905 82.3423 16
1906 82.3697 18
1907 82.3956 19
1908 82.423 18
1909 82.4538 16
1910 82.4846 16
1911 82.4995 33
1912 82.5269 18
1913 82.5558 17
1914 82.5866 16
1915 82.6156 17
1916 82.6446 17
1917 82.6681 21
1918 82.6954 18
1919 82.7228 18
1920 82.7452 22
1921 82.7742 17
1922 82.805 16
1923 82.8357 16
1924 82.8604 20
1925 82.8877 18
1926 82.9185 16
1927 82.9493 16
1928 82.9767 18
1929 83.0075 16
1930 83.0383 16
1931 83.0672 17
1932 83.0962 17
1933 83.1252 17
1934 83.156 16
1935 83.1868 16
1936 83.2142 18
1937 83.2449 16
1938 83.2664 23
1939 83.2953 17
1940 83.3261 16
1941 83.3569 16
1942 83.3877 16
1943 83.4185 16
1944 83.4493 16
1945 83.4801 16
1946 83.5109 16
1947 83.5382 18
1948 83.5656 18
1949 83.5964 16
1950 83.6254 17
1951 83.6527 18
1952 83.6817 17
1953 83.7107 17
1954 83.7381 18
1955 83.7627 20
1956 83.7935 16
1957 83.8243 16
1958 83.8502 19
1959 83.8716 23
1960 83.899 18
1961 83.9264 18
1962 83.9537 18
1963 83.9827 17
1964 84.0135 16
1965 84.0425 17
1966 84.0733 16
1967 84.0979 20
1968 84.1287 16
1969 84.1561 18
1970 84.1784 22
1971 84.2008 22
1972 84.2232 22
1973 84.2506 18
1974 84.278 18
1975 84.3069 17
1976 84.3377 16
1977 84.3651 18
1978 84.38 33
1979 84.4074 18
1980 84.4279 24
1981 84.4526 20
1982 84.4731 24
1983 84.492 26
1984 84.5194 18
1985 84.5468 18
1986 84.5757 17
1987 84.6004 20
1988 84.6218 23
1989 84.6477 19
1990 84.6785 16
1991 84.7059 18
1992 84.7318 19
1993 84.7592 18
1994 84.79 16
1995 84.8208 16
1996 84.8497 17
1997 84.8771 18
1998 84.9045 18
1999 84.9353 16
2000 84.9626 18
2001 84.9916 17
2002 85.0162 20
2003 85.0436 18
2004 85.0682 20
2005 85.0888 24
2006 85.1161 18
2007 85.1408 20
2008 85.1697 17
2009 85.1987 17
2010 85.2261 18
2011 85.2569 16
2012 85.2859 17
2013 85.3118 19
2014 85.3392 18
2015 85.3699 16
2016 85.3973 18
2017 85.4247 18
2018 85.4521 18
2019 85.4767 20
2020 85.5041 18
2021 85.5314 18
2022 85.5622 16
2023 85.5896 18
2024 85.6142 20
2025 85.6432 17
2026 85.6691 19
2027 85.6965 18
2028 85.7273 16
2029 85.7532 19
2030 85.7791 19
2031 85.8065 18
2032 85.8339 18
2033 85.8612 18
2034 85.892 16
2035 85.918 19
2036 85.9487 16
2037 85.9761 18
2038 85.9996 21
2039 86.0255 19
2040 86.049 21
2041 86.0797 16
2042 86.1071 18
2043 86.1379 16
2044 86.1653 18
2045 86.1961 16
2046 86.2234 18
2047 86.2508 18
2048 86.2782 18
2049 86.309 16
2050 86.3398 16
2051 86.3671 18
2052 86.3979 16
2053 86.4238 19
2054 86.4546 16
2055 86.4854 16
2056 86.5162 16
2057 86.547 16
2058 86.5778 16
2059 86.6052 18
2060 86.6298 20
2061 86.6572 18
2062 86.6777 24
2063 86.7085 16
2064 86.7393 16
2065 86.77 16
2066 86.7924 22
2067 86.8198 18
2068 86.8472 18
2069 86.878 16
2070 86.9069 17
2071 86.9343 18
2072 86.9651 16
2073 86.9897 20
2074 87.0187 17
2075 87.0461 18
2076 87.065 26
2077 87.0958 16
2078 87.1155 25
2079 87.1429 18
2080 87.1719 17
2081 87.1978 19
2082 87.2286 16
2083 87.2594 16
2084 87.2867 18
2085 87.3157 17
2086 87.3431 18
2087 87.3739 16
2088 87.4047 16
2089 87.4355 16
2090 87.4663 16
2091 87.4936 18
2092 87.5195 19
2093 87.5485 17
2094 87.5775 17
2095 87.6021 20
2096 87.6245 22
2097 87.6505 19
2098 87.6812 16
2099 87.7059 20
2100 87.7332 18
2101 87.764 16
2102 87.7948 16
2103 87.8208 19
2104 87.8467 19
2105 87.8726 19
2106 87.8985 19
2107 87.9275 17
2108 87.9521 20
2109 87.9811 17
2110 88.0119 16
2111 88.0378 19
2112 88.0638 19
2113 88.0884 20
2114 88.1158 18
2115 88.1466 16
2116 88.1774 16
2117 88.2047 18
2118 88.2337 17
2119 88.2627 17
2120 88.2935 16
2121 88.3243 16
2122 88.355 16
2123 88.3858 16
2124 88.4166 16
2125 88.4401 21
2126 88.4625 22
2127 88.4933 16
2128 88.5179 20
2129 88.5453 18
2130 88.5699 20
2131 88.6007 16
2132 88.6253 20
2133 88.6477 22
2134 88.6751 18
2135 88.7059 16
2136 88.7273 23
2137 88.7547 18
2138 88.782 18
2139 88.811 17
2140 88.8418 16
2141 88.8726 16
2142 88.9 18
2143 88.9289 17
2144 88.9597 16
2145 88.9887 17
2146 89.0177 17
2147 89.0436 19
2148 89.0682 20
2149 89.0956 18
2150 89.1264 16
2151 89.1538 18
2152 89.1784 20
2153 89.2043 19
2154 89.2351 16
2155 89.2586 21
2156 89.2875 17
2157 89.3183 16
2158 89.3457 18
2159 89.3747 17
2160 89.4055 16
2161 89.4314 19
2162 89.4622 16
2163 89.4868 20
2164 89.5115 20
2165 89.5388 18
2166 89.5662 18
2167 89.5908 20
2168 89.6216 16
2169 89.6524 16
2170 89.6798 18
2171 89.7088 17
2172 89.7334 20
2173 89.7608 18
2174 89.7854 20
2175 89.8162 16
2176 89.8435 18
2177 89.8743 16
2178 89.9017 18
2179 89.9241 22
2180 89.9487 20
2181 89.9747 19
2182 90.002 18
2183 90.0328 16
2184 90.0574 20
2185 90.0848 18
2186 90.1083 21
2187 90.1329 20
2188 90.1637 16
2189 90.1861 22
2190 90.2169 16
2191 90.2477 16
2192 90.2766 17
2193 90.3056 17
2194 90.333 18
2195 90.3589 19
2196 90.3897 16
2197 90.4187 17
2198 90.4446 19
2199 90.4736 17
2200 90.501 18
2201 90.5256 20
2202 90.5564 16
2203 90.5823 19
2204 90.6131 16
2205 90.6405 18
2206 90.6651 20
2207 90.691 19
2208 90.7157 20
2209 90.743 18
2210 90.7665 21
2211 90.7899 21
2212 90.8105 24
2213 90.8394 17
2214 90.8684 17
2215 90.8992 16
2216 90.9206 23
2217 90.9466 19
2218 90.9774 16
2219 91.0081 16
2220 91.0316 21
2221 91.0606 17
2222 91.0879 18
2223 91.1187 16
2224 91.1495 16
2225 91.1755 19
2226 91.2062 16
2227 91.2322 19
2228 91.263 16
2229 91.2919 17
2230 91.3227 16
2231 91.3517 17
2232 91.3825 16
2233 91.4133 16
2234 91.4392 19
2235 91.4666 18
2236 91.4974 16
2237 91.5282 16
2238 91.5571 17
2239 91.5879 16
2240 91.6187 16
2241 91.6446 19
2242 91.6681 21
2243 91.694 19
2244 91.7248 16
2245 91.7522 18
2246 91.783 16
2247 91.8103 18
2248 91.8393 17
2249 91.8701 16
2250 91.9009 16
2251 91.9268 19
2252 91.9558 17
2253 91.9772 23
2254 92.0019 20
2255 92.0327 16
2256 92.0573 20
2257 92.0807 21
2258 92.1081 18
2259 92.1316 21
2260 92.1624 16
2261 92.1932 16
2262 92.2221 17
2263 92.2468 20
2264 92.2741 18
2265 92.2988 20
2266 92.3261 18
2267 92.3508 20
2268 92.3754 20
2269 92.4062 16
2270 92.4352 17
2271 92.4659 16
2272 92.4949 17
2273 92.5173 22
2274 92.5463 17
2275 92.5753 17
2276 92.5999 20
2277 92.6307 16
2278 92.6615 16
2279 92.6889 18
2280 92.7148 19
2281 92.7438 17
2282 92.7711 18
2283 92.7946 21
2284 92.8236 17
2285 92.8495 19
2286 92.8769 18
2287 92.8983 23
2288 92.9273 17
2289 92.9497 22
2290 92.9786 17
2291 93.006 18
2292 93.0306 20
2293 93.0541 21
2294 93.0815 18
2295 93.1074 19
2296 93.1333 19
2297 93.1607 18
2298 93.1915 16
2299 93.2161 20
2300 93.2435 18
2301 93.2694 19
2302 93.3002 16
2303 93.3248 20
2304 93.3522 18
2305 93.3812 17
2306 93.4026 23
2307 93.425 22
2308 93.4496 20
2309 93.4804 16
2310 93.5112 16
2311 93.542 16
2312 93.5634 23
2313 93.5942 16
2314 93.6201 19
2315 93.6475 18
2316 93.6721 20
2317 93.7029 16
2318 93.7319 17
2319 93.7578 19
2320 93.7886 16
2321 93.8176 17
2322 93.8466 17
2323 93.8774 16
2324 93.9047 18
2325 93.9337 17
2326 93.9645 16
2327 93.9953 16
2328 94.0261 16
2329 94.0507 20
2330 94.0797 17
2331 94.1043 20
2332 94.1351 16
2333 94.1556 24
2334 94.1803 20
2335 94.2062 19
2336 94.2308 20
2337 94.2582 18
2338 94.289 16
2339 94.3163 18
2340 94.3471 16
2341 94.3731 19
2342 94.4004 18
2343 94.4278 18
2344 94.4586 16
2345 94.486 18
2346 94.5167 16
2347 94.5382 23
2348 94.5671 17
2349 94.5906 21
2350 94.618 18
2351 94.6469 17
2352 94.6743 18
2353 94.7051 16
2354 94.731 19
2355 94.7618 16
2356 94.7926 16
2357 94.82 18
2358 94.8474 18
2359 94.8747 18
2360 94.9021 18
2361 94.9295 18
2362 94.9584 17
2363 94.9874 17
2364 95.0088 23
2365 95.0396 16
2366 95.0631 21
2367 95.0904 18
2368 95.1151 20
2369 95.1459 16
2370 95.1732 18
2371 95.204 16
2372 95.2348 16
2373 95.2638 17
2374 95.2884 20
2375 95.3174 17
2376 95.3409 21
2377 95.3717 16
2378 95.4024 16
2379 95.4298 18
2380 95.4533 21
2381 95.4841 16
2382 95.513 17
2383 95.5404 18
2384 95.5678 18
2385 95.5968 17
2386 95.6227 19
2387 95.6535 16
2388 95.6843 16
2389 95.7116 18
2390 95.7351 21
2391 95.7625 18
2392 95.7898 18
2393 95.8188 17
2394 95.8447 19
2395 95.8721 18
2396 95.9011 17
2397 95.9284 18
2398 95.9574 17
2399 95.9834 19
2400 96.0141 16
2401 96.0401 19
2402 96.0674 18
2403 96.0934 19
2404 96.1207 18
2405 96.1515 16
2406 96.1789 18
2407 96.2013 22
2408 96.2321 16
2409 96.2594 18
2410 96.2884 17
2411 96.3192 16
2412 96.3482 17
2413 96.379 16
2414 96.4098 16
2415 96.4406 16
2416 96.4679 18
2417 96.4893 23
2418 96.5183 17
2419 96.5491 16
2420 96.5799 16
2421 96.6013 23
2422 96.6303 17
2423 96.6549 20
2424 96.6823 18
2425 96.7047 22
2426 96.7355 16
2427 96.7663 16
2428 96.7971 16
2429 96.8279 16
2430 96.8586 16
2431 96.8894 16
2432 96.9202 16
2433 96.9492 17
2434 96.9782 17
2435 97.0072 17
2436 97.0361 17
2437 97.0635 18
2438 97.0943 16
2439 97.1189 20
2440 97.1449 19
2441 97.1756 16
2442 97.2046 17
2443 97.226 23
2444 97.2568 16
2445 97.2876 16
2446 97.315 18
2447 97.3458 16
2448 97.3748 17
2449 97.4055 16
2450 97.4329 18
2451 97.4619 17
2452 97.4833 23
2453 97.5123 17
2454 97.5397 18
2455 97.5594 25
2456 97.5867 18
2457 97.6157 17
2458 97.6447 17
2459 97.6737 17
2460 97.7045 16
2461 97.7318 18
2462 97.7592 18
2463 97.7838 20
2464 97.8146 16
2465 97.8454 16
2466 97.8744 17
2467 97.9052 16
2468 97.9342 17
2469 97.9649 16
2470 97.9957 16
2471 98.0217 19
2472 98.0506 17
2473 98.0796 17
2474 98.1104 16
2475 98.1394 17
2476 98.1608 23
2477 98.1882 18
2478 98.2116 21
2479 98.239 18
2480 98.268 17
2481 98.2953 18
2482 98.3261 16
2483 98.3535 18
2484 98.3843 16
2485 98.4151 16
2486 98.4459 16
2487 98.4767 16
2488 98.5074 16
2489 98.5309 21
2490 98.5617 16
2491 98.5891 18
2492 98.6199 16
2493 98.6506 16
2494 98.6814 16
2495 98.7122 16
2496 98.7412 17
2497 98.7602 26
2498 98.7909 16
2499 98.8217 16
2500 98.8507 17
2501 98.8815 16
2502 98.9123 16
2503 98.9328 24
2504 98.9636 16
2505 98.991 18
2506 99.0183 18
2507 99.0418 21
2508 99.0692 18
2509 99.1 16
2510 99.1273 18
2511 99.152 20
2512 99.1809 17
2513 99.2099 17
2514 99.2345 20
2515 99.2653 16
2516 99.2943 17
2517 99.3178 21
2518 99.3486 16
2519 99.371 22
2520 99.3983 18
2521 99.4291 16
2522 99.4515 22
2523 99.4805 17
2524 99.5113 16
2525 99.5403 17
2526 99.5662 19
2527 99.5908 20
2528 99.6167 19
2529 99.6427 19
2530 99.6716 17
2531 99.7024 16
2532 99.7332 16
2533 99.7606 18
2534 99.7914 16
2535 99.8204 17
2536 99.8512 16
2537 99.8785 18
2538 99.9044 19
2539 99.9334 17
2540 99.9642 16
2541 99.9916 18
2542 100.022 16
2543 100.053 16
2544 100.079 19
2545 100.108 17
2546 100.133 20
2547 100.16 18
2548 100.187 18
2549 100.218 16
2550 100.246 18
2551 100.275 17
2552 100.297 22
2553 100.328 16
2554 100.359 16
2555 100.389 16
2556 100.42 16
2557 100.451 16
2558 100.482 16
2559 100.512 16
2560 100.543 16
2561 100.569 19
2562 100.597 18
2563 100.619 22
2564 100.646 18
2565 100.668 23
2566 100.699 16
2567 100.723 20
2568 100.754 16
2569 100.779 20
2570 100.806 18
2571 100.835 17
2572 100.862 18
2573 100.879 29
2574 100.9 24
2575 100.929 17
2576 100.96 16
2577 100.989 17
2578 101.018 17
2579 101.043 19
2580 101.074 16
2581 101.105 16
2582 101.136 16
2583 101.165 17
2584 101.192 18
2585 101.217 20
2586 101.243 19
2587 101.272 17
2588 101.303 16
2589 101.333 16
2590 101.355 23
2591 101.386 16
2592 101.413 18
2593 101.435 22
2594 101.466 16
2595 101.497 16
2596 101.524 18
2597 101.555 16
2598 101.586 16
2599 101.607 23
2600 101.632 20
2601 101.661 17
2602 101.692 16
2603 101.722 16
2604 101.751 17
2605 101.78 17
2606 101.809 17
2607 101.84 16
2608 101.868 18
2609 101.892 20
2610 101.923 16
2611 101.952 17
2612 101.983 16
2613 102.012 17
2614 102.042 16
2615 102.071 17
2616 102.102 16
2617 102.13 18
2618 102.16 16
2619 102.191 16
2620 102.219 18
2621 102.249 16
2622 102.28 16
2623 102.311 16
2624 102.338 18
2625 102.369 16
2626 102.394 20
2627 102.425 16
2628 102.453 17
2629 102.478 20
2630 102.505 18
2631 102.533 18
2632 102.564 16
2633 102.591 18
2634 102.622 16
2635 102.646 20
2636 102.677 16
2637 102.705 18
2638 102.734 17
2639 102.761 18
2640 102.788 18
2641 102.819 16
2642 102.848 17
2643 102.879 16
2644 102.91 16
2645 102.939 17
2646 102.961 22
2647 102.988 18
2648 103.016 18
2649 103.039 21
2650 103.068 17
2651 103.097 17
2652 103.128 16
2653 103.159 16
2654 103.185 19
2655 103.204 26
2656 103.234 16
2657 103.263 17
2658 103.288 20
2659 103.315 18
2660 103.338 22
2661 103.369 16
2662 103.395 19
2663 103.425 16
2664 103.456 16
2665 103.483 18
2666 103.507 21
2667 103.538 16
2668 103.565 18
2669 103.594 17
2670 103.623 17
2671 103.648 20
2672 103.677 17
2673 103.707 16
2674 103.736 17
2675 103.767 16
2676 103.798 16
2677 103.827 17
2678 103.858 16
2679 103.885 18
2680 103.916 16
2681 103.943 18
2682 103.974 16
2683 104.005 16
2684 104.034 17
2685 104.065 16
2686 104.086 23
2687 104.117 16
2688 104.143 19
2689 104.166 21
2690 104.192 19
2691 104.221 17
2692 104.252 16
2693 104.277 20
2694 104.307 16
2695 104.336 17
2696 104.365 17
2697 104.396 16
2698 104.423 18
2699 104.454 16
2700 104.48 19
2701 104.509 17
2702 104.54 16
2703 104.569 17
2704 104.595 19
2705 104.626 16
2706 104.655 17
2707 104.682 18
2708 104.709 18
2709 104.735 19
2710 104.764 17
2711 104.795 16
2712 104.822 18
2713 104.853 16
2714 104.881 18
2715 104.911 16
2716 104.936 20
2717 104.962 19
2718 104.989 18
2719 105.02 16
2720 105.051 16
2721 105.077 19
2722 105.104 18
2723 105.135 16
2724 105.16 20
2725 105.19 16
2726 105.221 16
2727 105.244 22
2728 105.273 17
2729 105.289 30
2730 105.32 16
2731 105.344 20
2732 105.368 21
2733 105.399 16
2734 105.421 22
2735 105.452 16
2736 105.483 16
2737 105.509 19
2738 105.539 16
2739 105.57 16
2740 105.597 18
2741 105.622 20
2742 105.651 17
2743 105.682 16
2744 105.713 16
2745 105.743 16
2746 105.774 16
2747 105.805 16
2748 105.836 16
2749 105.867 16
2750 105.891 20
2751 105.922 16
2752 105.951 17
2753 105.982 16
2754 106.013 16
2755 106.036 21
2756 106.062 19
2757 106.087 20
2758 106.117 16
2759 106.141 21
2760 106.165 20
2761 106.194 17
2762 106.225 16
2763 106.254 17
2764 106.283 17
2765 106.314 16
2766 106.345 16
2767 106.376 16
2768 106.406 16
2769 106.431 20
2770 106.462 16
2771 106.491 17
2772 106.522 16
2773 106.546 20
2774 106.577 16
2775 106.608 16
2776 106.635 18
2777 106.658 22
2778 106.685 18
2779 106.711 19
2780 106.74 17
2781 106.767 18
2782 106.795 18
2783 106.822 18
2784 106.849 18
2785 106.875 19
2786 106.906 16
2787 106.933 18
2788 106.959 19
2789 106.99 16
2790 107.014 21
2791 107.043 17
2792 107.073 16
2793 107.093 25
2794 107.12 18
2795 107.145 20
2796 107.174 17
2797 107.205 16
2798 107.234 17
2799 107.258 20
2800 107.286 18
2801 107.313 18
2802 107.334 24
2803 107.361 18
2804 107.387 19
2805 107.414 18
2806 107.438 21
2807 107.469 16
2808 107.496 18
2809 107.527 16
2810 107.556 17
2811 107.585 17
2812 107.612 18
2813 107.639 18
2814 107.668 17
2815 107.69 23
2816 107.717 18
2817 107.745 18
2818 107.775 16
2819 107.803 18
2820 107.834 16
2821 107.864 16
2822 107.895 16
2823 107.926 16
2824 107.957 16
2825 107.987 16
2826 108.018 16
2827 108.044 19
2828 108.075 16
2829 108.101 19
2830 108.132 16
2831 108.156 20
2832 108.185 17
2833 108.211 19
2834 108.242 16
2835 108.273 16
2836 108.302 17
2837 108.329 18
2838 108.357 18
2839 108.384 18
2840 108.406 22
2841 108.437 16
2842 108.468 16
2843 108.499 16
2844 108.529 16
2845 108.557 18
2846 108.588 16
2847 108.618 16
2848 108.642 21
2849 108.673 16
2850 108.703 16
2851 108.725 23
2852 108.752 18
2853 108.783 16
2854 108.809 19
2855 108.83 23
2856 108.858 18
2857 108.885 18
2858 108.916 16
2859 108.947 16
2860 108.977 16
2861 109.003 19
2862 109.031 18
2863 109.051 24
2864 109.079 18
2865 109.109 16
2866 109.138 17
2867 109.166 18
2868 109.187 23
2869 109.215 18
2870 109.245 16
2871 109.269 21
2872 109.296 18
2873 109.322 19
2874 109.349 18
2875 109.38 16
2876 109.404 21
2877 109.431 18
2878 109.453 22
2879 109.484 16
2880 109.515 16
2881 109.541 19
2882 109.57 17
2883 109.597 18
2884 109.625 18
2885 109.649 20
2886 109.68 16
2887 109.711 16
2888 109.74 17
2889 109.766 19
2890 109.788 22
2891 109.813 20
2892 109.84 18
2893 109.871 16
2894 109.902 16
2895 109.926 20
2896 109.957 16
2897 109.981 21
2898 110.008 18
2899 110.032 21
2900 110.062 16
2901 110.081 27
2902 110.108 18
2903 110.139 16
2904 110.168 17
2905 110.198 16
2906 110.227 17
2907 110.255 18
2908 110.278 21
2909 110.306 18
2910 110.335 17
2911 110.364 17
2912 110.393 17
2913 110.42 18
2914 110.449 17
2915 110.48 16
2916 110.503 21
2917 110.532 17
2918 110.563 16
2919 110.583 24
2920 110.609 19
2921 110.64 16
2922 110.668 18
2923 110.698 16
2924 110.727 17
2925 110.756 17
2926 110.787 16
2927 110.813 19
2928 110.836 21
2929 110.867 16
2930 110.895 18
2931 110.925 16
2932 110.954 17
2933 110.985 16
2934 111.013 18
2935 111.037 20
2936 111.068 16
2937 111.099 16
2938 111.126 18
2939 111.157 16
2940 111.186 17
2941 111.211 20
2942 111.238 18
2943 111.263 20
2944 111.293 16
2945 111.319 19
2946 111.344 20
2947 111.366 22
2948 111.392 19
2949 111.423 16
2950 111.454 16
2951 111.48 19
2952 111.503 21
2953 111.531 18
2954 111.56 17
2955 111.59 16
2956 111.621 16
2957 111.647 19
2958 111.672 20
2959 111.702 16
2960 111.733 16
2961 111.758 20
2962 111.778 24
2963 111.807 17
2964 111.832 20
2965 111.859 18
2966 111.89 16
2967 111.921 16
2968 111.946 20
2969 111.973 18
2970 112.002 17
2971 112.029 18
2972 112.06 16
2973 112.087 18
2974 112.115 18
2975 112.144 17
2976 112.175 16
2977 112.199 20
2978 112.228 17
2979 112.259 16
2980 112.29 16
2981 112.321 16
2982 112.35 17
2983 112.38 16
2984 112.406 19
2985 112.431 20
2986 112.458 18
2987 112.482 21
2988 112.513 16
2989 112.54 18
2990 112.567 18
2991 112.598 16
2992 112.629 16
2993 112.656 18
2994 112.687 16
2995 112.718 16
2996 112.744 19
2997 112.774 16
2998 112.802 18
2999 112.833 16
v<v<>>>>G
>>v<>>>>^
>>>>>>>>^
^########
^<<<<<<<<
^<<<<<<<<

