0 0.000136963 1565
1 0.000338681 895
2 0.000700066 420
3 0.00126048 255
4 0.00249187 112
5 0.0084533 23
6 0.0124608 34
7 0.0176299 26
8 0.0243445 20
9 0.0327364 16
10 0.0387875 22
11 0.0436486 28
12 0.0508977 19
13 0.0587249 18
14 0.0677103 16
15 0.0768941 16
16 0.0844716 20
17 0.092972 18
18 0.102769 16
19 0.110195 22
20 0.120038 17
21 0.129444 18
22 0.139075 18
23 0.148808 18
24 0.159407 17
25 0.168649 20
26 0.180467 16
27 0.191205 18
28 0.203443 16
29 0.213592 20
30 0.222237 24
31 0.233039 20
32 0.245144 18
33 0.259117 16
34 0.273261 16
35 0.285491 19
36 0.300183 16
37 0.310104 24
38 0.323533 18
39 0.338862 16
40 0.354411 16
41 0.367195 20
42 0.380134 20
43 0.393968 19
44 0.403294 29
45 0.418506 18
46 0.427449 31
47 0.441713 20
48 0.454843 22
49 0.472445 17
50 0.491339 16
51 0.508486 18
52 0.528151 16
53 0.548178 16
54 0.568378 16
55 0.586686 18
56 0.6035 20
57 0.622696 18
58 0.638519 22
59 0.649223 33
60 0.669134 18
61 0.688303 19
62 0.705352 22
63 0.726557 18
64 0.740277 28
65 0.761908 18
66 0.777182 26
67 0.802139 16
68 0.821259 21
69 0.846496 16
70 0.866023 21
71 0.883959 23
72 0.910051 16
73 0.935098 17
74 0.962083 16
75 0.989177 16
76 1.01336 18
77 1.03538 20
78 1.05569 22
79 1.07605 22
80 1.10425 16
81 1.13087 17
82 1.15079 23
83 1.17509 19
84 1.20081 18
85 1.23002 16
86 1.25928 16
87 1.28534 18
88 1.30102 30
89 1.33047 16
90 1.36004 16
91 1.38369 20
92 1.41332 16
93 1.43969 18
94 1.46776 17
95 1.49172 20
96 1.52174 16
97 1.54846 18
98 1.5786 16
99 1.60877 16
100 1.63425 19
101 1.65631 22
102 1.68667 16
103 1.71373 18
104 1.74245 17
105 1.76961 18
106 1.80017 16
107 1.83079 16
108 1.86143 16
109 1.8887 18
110 1.91328 20
111 1.94402 16
112 1.9616 28
113 1.99057 17
114 2.02136 16
115 2.05217 16
116 2.07683 20
117 2.10767 16
118 2.13852 16
119 2.1556 29
120 2.18168 19
121 2.21084 17
122 2.24001 17
123 2.27102 16
124 2.29358 22
125 2.32278 17
126 2.35387 16
127 2.38152 18
128 2.40917 18
129 2.43683 18
130 2.46448 18
131 2.49068 19
132 2.5133 22
133 2.54444 16
134 2.56934 20
135 2.60047 16
136 2.61893 27
137 2.6397 24
138 2.66738 18
139 2.69853 16
140 2.72119 22
141 2.74887 18
142 2.7726 21
143 2.80377 16
144 2.83147 18
145 2.85917 18
146 2.88686 18
147 2.91455 18
148 2.94572 16
149 2.97067 20
150 2.99839 18
151 3.01688 27
152 3.04809 16
153 3.07437 19
154 3.10065 19
155 3.1284 18
156 3.15779 17
157 3.18901 16
158 3.22023 16
159 3.24521 20
160 3.27297 18
161 3.30419 16
162 3.32919 20
163 3.35193 22
164 3.38318 16
165 3.41095 18
166 3.43873 18
167 3.46996 16
168 3.5012 16
169 3.5275 19
170 3.5569 17
171 3.58813 16
172 3.61936 16
173 3.64712 18
174 3.67487 18
175 3.69485 25
176 3.71335 27
177 3.74457 16
178 3.76728 22
179 3.79666 17
180 3.82163 20
181 3.84937 18
182 3.87713 18
183 3.90835 16
184 3.93464 19
185 3.95544 24
186 3.98665 16
187 4.01438 18
188 4.04558 16
189 4.06728 23
190 4.095 18
191 4.12618 16
192 4.1539 18
193 4.18508 16
194 4.21628 16
195 4.24747 16
196 4.27866 16
197 4.30361 20
198 4.32357 25
199 4.35291 17
200 4.37287 25
201 4.39913 19
202 4.43031 16
203 4.46149 16
204 4.49266 16
205 4.52039 18
206 4.55162 16
207 4.57661 20
208 4.60788 16
209 4.63569 18
210 4.66204 19
211 4.6871 20
212 4.71494 18
213 4.735 25
214 4.76635 16
215 4.79421 18
216 4.82061 19
217 4.84701 19
218 4.87092 21
219 4.90229 16
220 4.93017 18
221 4.95658 19
222 4.98048 21
223 5.01186 16
224 5.04139 17
225 5.06782 19
226 5.09572 18
227 5.1236 18
228 5.15148 18
229 5.17429 22
230 5.20217 18
231 5.23353 16
232 5.26139 18
233 5.29091 17
234 5.32226 16
235 5.34866 19
236 5.37146 22
237 5.4028 16
238 5.43231 17
239 5.45619 21
240 5.48259 19
241 5.50647 21
242 5.51967 38
243 5.55102 16
244 5.57741 19
245 5.60527 18
246 5.63033 20
247 5.65541 20
248 5.68674 16
249 5.71623 17
250 5.7319 32
251 5.75697 20
252 5.78831 16
253 5.81964 16
254 5.85097 16
255 5.87882 18
256 5.90666 18
257 5.93798 16
258 5.96581 18
259 5.99218 19
260 6.02001 18
261 6.05132 16
262 6.07219 24
263 6.09723 20
264 6.1267 17
265 6.12986 159
266 6.15785 18
267 6.18934 16
268 6.21225 22
269 6.23625 21
270 6.26426 18
271 6.29226 18
272 6.31746 20
273 6.34895 16
274 6.38044 16
275 6.40841 18
276 6.43993 16
277 6.46393 21
278 6.49541 16
279 6.5183 22
280 6.54977 16
281 6.57774 18
282 6.60171 21
283 6.62689 20
284 6.65835 16
285 6.68632 18
286 6.71429 18
287 6.73946 20
288 6.77092 16
289 6.79741 19
290 6.82886 16
291 6.85404 20
292 6.878 21
293 6.90945 16
294 6.9374 18
295 6.96536 18
296 6.9968 16
297 7.02475 18
298 7.05618 16
299 7.08265 19
300 7.10779 20
301 7.13427 19
302 7.1657 16
303 7.19085 20
304 7.21879 18
305 7.24526 19
306 7.27669 16
307 7.30812 16
308 7.33326 20
309 7.3584 20
310 7.37774 26
311 7.40731 17
312 7.43244 20
313 7.46036 18
314 7.4832 22
315 7.51112 18
316 7.54253 16
317 7.57395 16
318 7.59908 20
319 7.63048 16
320 7.6506 25
321 7.67245 23
322 7.69759 20
323 7.72043 22
324 7.75187 16
325 7.78144 17
326 7.811 17
327 7.84241 16
328 7.86754 20
329 7.89894 16
330 7.92539 19
331 7.95183 19
332 7.97974 18
333 8.00367 21
334 8.03508 16
335 8.063 18
336 8.09091 18
337 8.12232 16
338 8.15024 18
339 8.18166 16
340 8.21306 16
341 8.24449 16
342 8.27591 16
343 8.29776 23
344 8.3229 20
345 8.34936 19
346 8.3773 18
347 8.40378 19
348 8.42664 22
349 8.45457 18
350 8.4747 25
351 8.50613 16
352 8.5357 17
353 8.56363 18
354 8.59505 16
355 8.62646 16
356 8.65787 16
357 8.68578 18
358 8.7137 18
359 8.7451 16
360 8.77301 18
361 8.79945 19
362 8.82735 18
363 8.85247 20
364 8.87529 22
365 8.90669 16
366 8.93809 16
367 8.96948 16
368 8.99738 18
369 9.02878 16
370 9.06017 16
371 9.09156 16
372 9.12297 16
373 9.15088 18
374 9.18227 16
375 9.19705 34
376 9.22658 17
377 9.24667 25
378 9.27309 19
379 9.30446 16
380 9.33584 16
381 9.36721 16
382 9.39509 18
383 9.42648 16
384 9.456 17
385 9.47881 22
386 9.5067 18
387 9.53458 18
388 9.5555 24
389 9.58687 16
390 9.61476 18
391 9.64614 16
392 9.67752 16
393 9.70889 16
394 9.73677 18
395 9.76814 16
396 9.79204 21
397 9.81593 21
398 9.8473 16
399 9.87867 16
400 9.91003 16
401 9.94139 16
402 9.97275 16
403 9.99557 22
404 10.0269 16
405 10.0463 26
406 10.0742 18
407 10.0993 20
408 10.1306 16
409 10.162 16
410 10.1934 16
411 10.2152 23
412 10.2416 19
413 10.2695 18
414 10.3009 16
415 10.3273 19
416 10.3524 20
417 10.3837 16
418 10.4066 22
419 10.4275 24
420 10.4526 20
421 10.4777 20
422 10.5028 20
423 10.5256 22
424 10.5535 18
425 10.5848 16
426 10.6034 27
427 10.633 17
428 10.654 24
429 10.6819 18
430 10.7098 18
431 10.7376 18
432 10.7628 20
433 10.7906 18
434 10.8185 18
435 10.8499 16
436 10.8813 16
437 10.8883 71
438 10.9163 18
439 10.9414 20
440 10.971 17
441 10.9961 20
442 11.024 18
443 11.0555 16
444 11.0868 16
445 11.1097 22
446 11.1336 21
447 11.165 16
448 11.1964 16
449 11.2173 24
450 11.2487 16
451 11.2801 16
452 11.3097 17
453 11.3392 17
454 11.3706 16
455 11.3945 21
456 11.4225 18
457 11.4539 16
458 11.479 20
459 11.5041 20
460 11.5355 16
461 11.5548 26
462 11.5843 17
463 11.6023 28
464 11.6336 16
465 11.6565 22
466 11.6829 19
467 11.7108 18
468 11.7404 17
469 11.7718 16
470 11.7997 18
471 11.8311 16
472 11.8539 22
473 11.8767 22
474 11.9019 20
475 11.9333 16
476 11.9628 17
477 11.9907 18
478 12.0221 16
479 12.0485 19
480 12.0799 16
481 12.1038 21
482 12.1248 24
483 12.1561 16
484 12.1771 24
485 12.205 18
486 12.2289 21
487 12.254 20
488 12.2854 16
489 12.3168 16
490 12.3482 16
491 12.3721 21
492 12.3914 26
493 12.4193 18
494 12.4432 21
495 12.4696 19
496 12.4947 20
497 12.5211 19
498 12.549 18
499 12.5754 19
500 12.6033 18
501 12.6347 16
502 12.6626 18
503 12.6877 20
504 12.7155 18
505 12.7469 16
506 12.7655 27
507 12.7969 16
508 12.8233 19
509 12.8484 20
510 12.8798 16
511 12.9049 20
512 12.9363 16
513 12.9642 18
514 12.9921 18
515 13.0217 17
516 13.0512 17
517 13.0791 18
518 13.1105 16
519 13.1419 16
520 13.167 20
521 13.1934 19
522 13.2213 18
523 13.2527 16
524 13.2791 19
525 13.3105 16
526 13.3356 20
527 13.3607 20
528 13.3921 16
529 13.4199 18
530 13.4478 18
531 13.4792 16
532 13.5071 18
533 13.5335 19
534 13.5614 18
535 13.5909 17
536 13.6223 16
537 13.6518 17
538 13.6797 18
539 13.7036 21
540 13.735 16
541 13.7645 17
542 13.7909 19
543 13.8188 18
544 13.8483 17
545 13.8722 21
546 13.9035 16
547 13.9331 17
548 13.957 21
549 13.9865 17
550 14.0144 18
551 14.0457 16
552 14.0736 18
553 14.105 16
554 14.1363 16
555 14.1614 20
556 14.1909 17
557 14.2173 19
558 14.2452 18
559 14.268 22
560 14.2975 17
561 14.3288 16
562 14.3602 16
563 14.3866 19
564 14.4161 17
565 14.4425 19
566 14.4738 16
567 14.5052 16
568 14.5315 19
569 14.5629 16
570 14.5907 18
571 14.6221 16
572 14.6534 16
573 14.6847 16
574 14.6861 366
575 14.709 22
576 14.737 18
577 14.7684 16
578 14.7964 18
579 14.8243 18
580 14.8523 18
581 14.8803 18
582 14.9117 16
583 14.9397 18
584 14.9677 18
585 14.9956 18
586 15.0252 17
587 15.0567 16
588 15.0863 17
589 15.1142 18
590 15.1457 16
591 15.1736 18
592 15.2051 16
593 15.2302 20
594 15.2617 16
595 15.2897 18
596 15.3176 18
597 15.3472 17
598 15.3666 26
599 15.3895 22
600 15.4209 16
601 15.4489 18
602 15.4804 16
603 15.5033 22
604 15.5347 16
605 15.5662 16
606 15.5958 17
607 15.6238 18
608 15.6477 21
609 15.6687 24
610 15.7001 16
611 15.7316 16
612 15.7612 17
613 15.7908 17
614 15.8188 18
615 15.8439 20
616 15.8633 26
617 15.8862 22
618 15.9091 22
619 15.9405 16
620 15.9701 17
621 15.9997 17
622 16.0207 24
623 16.0522 16
624 16.0836 16
625 16.115 16
626 16.1415 19
627 16.173 16
628 16.1958 22
629 16.2273 16
630 16.2587 16
631 16.2866 18
632 16.3118 20
633 16.337 20
634 16.3684 16
635 16.3963 18
636 16.4243 18
637 16.4462 23
638 16.4671 24
639 16.4967 17
640 16.5263 17
641 16.5577 16
642 16.5891 16
643 16.6143 20
644 16.6457 16
645 16.6771 16
646 16.705 18
647 16.7279 22
648 16.7558 18
649 16.7837 18
650 16.8151 16
651 16.836 24
652 16.8611 20
653 16.8925 16
654 16.9154 22
655 16.9468 16
656 16.9747 18
657 16.9998 20
658 17.0249 20
659 17.05 20
660 17.0814 16
661 17.1093 18
662 17.1357 19
663 17.1671 16
664 17.1935 19
665 17.2214 18
666 17.2528 16
667 17.2767 21
668 17.3031 19
669 17.327 21
670 17.3549 18
671 17.3863 16
672 17.4114 20
673 17.4428 16
674 17.4679 20
675 17.4897 23
676 17.5211 16
677 17.5462 20
678 17.5727 19
679 17.5991 19
680 17.6305 16
681 17.6533 22
682 17.6812 18
683 17.7091 18
684 17.733 21
685 17.7644 16
686 17.7895 20
687 17.8209 16
688 17.8488 18
689 17.8716 22
690 17.8955 21
691 17.9269 16
692 17.9583 16
693 17.9834 20
694 18.0063 22
695 18.0327 19
696 18.0591 19
697 18.0871 18
698 18.1185 16
699 18.1464 18
700 18.1778 16
701 18.2017 21
702 18.2331 16
703 18.2645 16
704 18.2924 18
705 18.3203 18
706 18.3516 16
707 18.3684 30
708 18.3948 19
709 18.4262 16
710 18.4576 16
711 18.4855 18
712 18.5168 16
713 18.5464 17
714 18.5743 18
715 18.6056 16
716 18.637 16
717 18.6684 16
718 18.6935 20
719 18.723 17
720 18.7495 19
721 18.7695 25
722 18.7991 17
723 18.8305 16
724 18.86 17
725 18.8914 16
726 18.9165 20
727 18.9479 16
728 18.9774 17
729 19.0039 19
730 19.0267 22
731 19.0581 16
732 19.0895 16
733 19.1134 21
734 19.1413 18
735 19.1692 18
736 19.1988 17
737 19.2302 16
738 19.2541 21
739 19.2806 19
740 19.3121 16
741 19.3349 22
742 19.3629 18
743 19.3908 18
744 19.4223 16
745 19.4475 20
746 19.4755 18
747 19.4995 21
748 19.5291 17
749 19.5607 16
750 19.5922 16
751 19.6237 16
752 19.6553 16
753 19.6869 16
754 19.7149 18
755 19.743 18
756 19.7696 19
757 19.8012 16
758 19.8265 20
759 19.8546 18
760 19.8863 16
761 19.916 17
762 19.9477 16
763 19.973 20
764 19.9983 20
765 20.0281 17
766 20.0562 18
767 20.0879 16
768 20.1177 17
769 20.1443 19
770 20.1725 18
771 20.2006 18
772 20.2273 19
773 20.2554 18
774 20.2852 17
775 20.3134 18
776 20.3451 16
777 20.3749 17
778 20.4066 16
779 20.4348 18
780 20.4602 20
781 20.4697 53
782 20.4996 17
783 20.5263 19
784 20.5529 19
785 20.576 22
786 20.6058 17
787 20.634 18
788 20.6593 20
789 20.6847 20
790 20.71 20
791 20.7382 18
792 20.7635 20
793 20.7952 16
794 20.8234 18
795 20.855 16
796 20.8832 18
797 20.9148 16
798 20.943 18
799 20.9711 18
800 21.0027 16
801 21.0308 18
802 21.0625 16
803 21.0836 24
804 21.1077 21
805 21.1358 18
806 21.1674 16
807 21.1971 17
808 21.2287 16
809 21.2603 16
810 21.2884 18
811 21.3165 18
812 21.3481 16
813 21.3797 16
814 21.4095 17
815 21.4411 16
816 21.4727 16
817 21.5043 16
818 21.5359 16
819 21.5589 22
820 21.5905 16
821 21.6221 16
822 21.6536 16
823 21.6834 17
824 21.71 19
825 21.7416 16
826 21.7713 17
827 21.7774 82
828 21.809 16
829 21.8343 20
830 21.8624 18
831 21.894 16
832 21.9206 19
833 21.9522 16
834 21.9803 18
835 22.0069 19
836 22.0385 16
837 22.0666 18
838 22.0932 19
839 22.1198 19
840 22.1514 16
841 22.1794 18
842 22.211 16
843 22.2407 17
844 22.2723 16
845 22.3003 18
846 22.3284 18
847 22.3581 17
848 22.3862 18
849 22.4159 17
850 22.4439 18
851 22.472 18
852 22.4972 20
853 22.5288 16
854 22.5604 16
855 22.5919 16
856 22.6235 16
857 22.6515 18
858 22.6812 17
859 22.7128 16
860 22.7393 19
861 22.7634 21
862 22.7931 17
863 22.8133 25
864 22.8413 18
865 22.8729 16
866 22.8958 22
867 22.9239 18
868 22.945 24
869 22.973 18
870 23.0045 16
871 23.0361 16
872 23.0614 20
873 23.0929 16
874 23.1149 23
875 23.143 18
876 23.1659 22
877 23.1975 16
878 23.229 16
879 23.2556 19
880 23.2836 18
881 23.3152 16
882 23.3433 18
883 23.3713 18
884 23.4029 16
885 23.4309 18
886 23.459 18
887 23.487 18
888 23.5151 18
889 23.5417 19
890 23.5733 16
891 23.603 17
892 23.6346 16
893 23.6661 16
894 23.6942 18
895 23.7223 18
896 23.7475 20
897 23.7791 16
898 23.8071 18
899 23.8368 17
900 23.8649 18
901 23.8964 16
902 23.9245 18
903 23.9497 20
904 23.975 20
905 24.0047 17
906 24.0313 19
907 24.0593 18
908 24.0909 16
909 24.1224 16
910 24.1505 18
911 24.1785 18
912 24.2066 18
913 24.2381 16
914 24.2634 20
915 24.2914 18
916 24.3155 21
917 24.3452 17
918 24.3767 16
919 24.4083 16
920 24.4398 16
921 24.4714 16
922 24.498 19
923 24.5296 16
924 24.5612 16
925 24.5892 18
926 24.6189 17
927 24.647 18
928 24.675 18
929 24.7016 19
930 24.7297 18
931 24.7537 21
932 24.7817 18
933 24.7986 30
934 24.8301 16
935 24.8617 16
936 24.887 20
937 24.9185 16
938 24.9501 16
939 24.9817 16
940 25.0132 16
941 25.0413 18
942 25.0729 16
943 25.1044 16
944 25.136 16
945 25.1675 16
946 25.1941 19
947 25.2222 18
948 25.2474 20
949 25.274 19
950 25.2992 20
951 25.3258 19
952 25.3511 20
953 25.3776 19
954 25.4017 21
955 25.4297 18
956 25.4613 16
957 25.4893 18
958 25.5159 19
959 25.5439 18
960 25.572 18
961 25.6017 17
962 25.6314 17
963 25.6594 18
964 25.691 16
965 25.719 18
966 25.7506 16
967 25.7786 18
968 25.8101 16
969 25.8353 20
970 25.8669 16
971 25.8935 19
972 25.9175 21
973 25.9456 18
974 25.9771 16
975 26.0068 17
976 26.0383 16
977 26.0649 19
978 26.0914 19
979 26.123 16
980 26.1545 16
981 26.1825 18
982 26.2122 17
983 26.2437 16
984 26.2752 16
985 26.3033 18
986 26.3348 16
987 26.3614 19
988 26.3667 95
989 26.3964 17
990 26.4205 21
991 26.452 16
992 26.4836 16
993 26.5102 19
994 26.5418 16
995 26.5734 16
996 26.605 16
997 26.6331 18
998 26.6628 17
999 26.6944 16
1000 26.7225 18
1001 26.7541 16
1002 26.7857 16
1003 26.8173 16
1004 26.8489 16
1005 26.8742 20
1006 26.9058 16
1007 26.9355 17
1008 26.9575 23
1009 26.9892 16
1010 27.0158 19
1011 27.0411 20
1012 27.0663 20
1013 27.0944 18
1014 27.1225 18
1015 27.1491 19
1016 27.1773 18
1017 27.2013 21
1018 27.2266 20
1019 27.2564 17
1020 27.2861 17
1021 27.3177 16
1022 27.3493 16
1023 27.3809 16
1024 27.4125 16
1025 27.4406 18
1026 27.4722 16
1027 27.5038 16
1028 27.5291 20
1029 27.5532 21
1030 27.5743 24
1031 27.6024 18
1032 27.6304 18
1033 27.6602 17
1034 27.6832 22
1035 27.7072 21
1036 27.7388 16
1037 27.7704 16
1038 27.7934 22
1039 27.82 19
1040 27.8516 16
1041 27.8797 18
1042 27.9113 16
1043 27.9323 24
1044 27.9621 17
1045 27.9918 17
1046 28.0234 16
1047 28.05 19
1048 28.0797 17
1049 28.1078 18
1050 28.1394 16
1051 28.1675 18
1052 28.1955 18
1053 28.2236 18
1054 28.2517 18
1055 28.2814 17
1056 28.3066 20
1057 28.3382 16
1058 28.3662 18
1059 28.3978 16
1060 28.4294 16
1061 28.4574 18
1062 28.489 16
1063 28.5171 18
1064 28.5468 17
1065 28.5734 19
1066 28.5964 22
1067 28.6245 18
1068 28.6511 19
1069 28.6827 16
1070 28.7124 17
1071 28.7377 20
1072 28.7643 19
1073 28.7896 20
1074 28.8194 17
1075 28.8475 18
1076 28.8715 21
1077 28.9031 16
1078 28.9329 17
1079 28.9548 23
1080 28.9829 18
1081 29.0145 16
1082 29.0442 17
1083 29.0695 20
1084 29.0976 18
1085 29.1242 19
1086 29.1472 22
1087 29.1769 17
1088 29.1989 23
1089 29.2306 16
1090 29.2558 20
1091 29.2875 16
1092 29.3191 16
1093 29.3507 16
1094 29.3789 18
1095 29.407 18
1096 29.4352 18
1097 29.4668 16
1098 29.4879 24
1099 29.5196 16
1100 29.5477 18
1101 29.5794 16
1102 29.6111 16
1103 29.6392 18
1104 29.6674 18
1105 29.699 16
1106 29.722 22
1107 29.7518 17
1108 29.7835 16
1109 29.8152 16
1110 29.8405 20
1111 29.8672 19
1112 29.8954 18
1113 29.9235 18
1114 29.9502 19
1115 29.9819 16
1116 30.0101 18
1117 30.0418 16
1118 30.0699 18
1119 30.0902 25
1120 30.1169 19
1121 30.1467 17
1122 30.1784 16
1123 30.205 19
1124 30.2317 19
1125 30.2584 19
1126 30.2825 21
1127 30.3142 16
1128 30.3458 16
1129 30.374 18
1130 30.4057 16
1131 30.4373 16
1132 30.4655 18
1133 30.4921 19
1134 30.5219 17
1135 30.5473 20
1136 30.5754 18
1137 30.6036 18
1138 30.6352 16
1139 30.6669 16
1140 30.6951 18
1141 30.7249 17
1142 30.7566 16
1143 30.7819 20
1144 30.8136 16
1145 30.8403 19
1146 30.872 16
1147 30.9001 18
1148 30.9318 16
1149 30.96 18
1150 30.9898 17
1151 31.0196 17
1152 31.0513 16
1153 31.0794 18
1154 31.1111 16
1155 31.1292 28
1156 31.1317 205
1157 31.1634 16
1158 31.1933 17
1159 31.2216 18
1160 31.2534 16
1161 31.2851 16
1162 31.3169 16
1163 31.3487 16
1164 31.377 18
1165 31.4053 18
1166 31.4352 17
1167 31.4651 17
1168 31.4969 16
1169 31.5287 16
1170 31.5605 16
1171 31.5873 19
1172 31.619 16
1173 31.6445 20
1174 31.6763 16
1175 31.708 16
1176 31.7348 19
1177 31.756 24
1178 31.7878 16
1179 31.8066 27
1180 31.8334 19
1181 31.8651 16
1182 31.8863 24
1183 31.913 19
1184 31.9448 16
1185 31.9766 16
1186 32.0048 18
1187 32.0302 20
1188 32.0584 18
1189 32.0882 17
1190 32.1164 18
1191 32.1482 16
1192 32.1749 19
1193 32.1969 23
1194 32.2211 21
1195 32.2478 19
1196 32.2795 16
1197 32.3077 18
1198 32.3394 16
1199 32.3693 17
1200 32.401 16
1201 32.4191 28
1202 32.4508 16
1203 32.4775 19
1204 32.5092 16
1205 32.5408 16
1206 32.5725 16
1207 32.5992 19
1208 32.6246 20
1209 32.6527 18
1210 32.6768 21
1211 32.7085 16
1212 32.7402 16
1213 32.7684 18
1214 32.8 16
1215 32.8298 17
1216 32.858 18
1217 32.8833 20
1218 32.9131 17
1219 32.9448 16
1220 32.973 18
1221 33.0047 16
1222 33.0313 19
1223 33.0611 17
1224 33.0928 16
1225 33.1245 16
1226 33.1498 20
1227 33.174 21
1228 33.2056 16
1229 33.2373 16
1230 33.2671 17
1231 33.2969 17
1232 33.3286 16
1233 33.3584 17
1234 33.3882 17
1235 33.4112 22
1236 33.4429 16
1237 33.4682 20
1238 33.4963 18
1239 33.5245 18
1240 33.5511 19
1241 33.5828 16
1242 33.6109 18
1243 33.6426 16
1244 33.6743 16
1245 33.6984 21
1246 33.73 16
1247 33.7582 18
1248 33.7849 19
1249 33.8165 16
1250 33.8482 16
1251 33.8735 20
1252 33.9052 16
1253 33.9334 18
1254 33.9564 22
1255 33.9817 20
1256 34.0134 16
1257 34.0451 16
1258 34.0768 16
1259 34.1035 19
1260 34.1352 16
1261 34.1634 18
1262 34.195 16
1263 34.2204 20
1264 34.2485 18
1265 34.2767 18
1266 34.2997 22
1267 34.3295 17
1268 34.3612 16
1269 34.3929 16
1270 34.4196 19
1271 34.4512 16
1272 34.4794 18
1273 34.5092 17
1274 34.5391 17
1275 34.5672 18
1276 34.597 17
1277 34.6268 17
1278 34.651 21
1279 34.6826 16
1280 34.7143 16
1281 34.746 16
1282 34.7741 18
1283 34.7994 20
1284 34.8311 16
1285 34.8592 18
1286 34.8823 22
1287 34.9053 22
1288 34.9369 16
1289 34.9651 18
1290 34.9918 19
1291 35.0199 18
1292 35.048 18
1293 35.0762 18
1294 35.106 17
1295 35.1327 19
1296 35.158 20
1297 35.1833 20
1298 35.215 16
1299 35.2417 19
1300 35.267 20
1301 35.2968 17
1302 35.3199 22
1303 35.3497 17
1304 35.3795 17
1305 35.4094 17
1306 35.4376 18
1307 35.4692 16
1308 35.4991 17
1309 35.5272 18
1310 35.5554 18
1311 35.587 16
1312 35.6187 16
1313 35.6469 18
1314 35.6751 18
1315 35.7049 17
1316 35.7279 22
1317 35.7596 16
1318 35.7894 17
1319 35.8148 20
1320 35.8464 16
1321 35.8781 16
1322 35.9063 18
1323 35.9379 16
1324 35.9677 17
1325 35.9959 18
1326 36.0257 17
1327 36.0573 16
1328 36.0854 18
1329 36.1136 18
1330 36.1417 18
1331 36.1628 24
1332 36.1869 21
1333 36.2185 16
1334 36.2483 17
1335 36.2799 16
1336 36.3097 17
1337 36.3378 18
1338 36.3694 16
1339 36.396 19
1340 36.418 23
1341 36.4496 16
1342 36.4726 22
1343 36.4992 19
1344 36.529 17
1345 36.5606 16
1346 36.5859 20
1347 36.61 21
1348 36.6381 18
1349 36.6697 16
1350 36.6937 21
1351 36.7253 16
1352 36.752 19
1353 36.7801 18
1354 36.8098 17
1355 36.8318 23
1356 36.8571 20
1357 36.8868 17
1358 36.9166 17
1359 36.9482 16
1360 36.9735 20
1361 37.0032 17
1362 37.033 17
1363 37.0611 18
1364 37.0864 20
1365 37.1116 20
1366 37.1414 17
1367 37.1712 17
1368 37.2009 17
1369 37.2326 16
1370 37.2607 18
1371 37.2923 16
1372 37.3143 23
1373 37.3459 16
1374 37.374 18
1375 37.4006 19
1376 37.4226 23
1377 37.4542 16
1378 37.4859 16
1379 37.5112 20
1380 37.5393 18
1381 37.5709 16
1382 37.5929 23
1383 37.621 18
1384 37.6526 16
1385 37.6807 18
1386 37.7104 17
1387 37.7401 17
1388 37.7668 19
1389 37.7965 17
1390 37.8231 19
1391 37.8547 16
1392 37.8863 16
1393 37.9129 19
1394 37.941 18
1395 37.9676 19
1396 37.9957 18
1397 38.0223 19
1398 38.0539 16
1399 38.0638 51
1400 38.0954 16
1401 38.1236 18
1402 38.1446 24
1403 38.1762 16
1404 38.2044 18
1405 38.2341 17
1406 38.2657 16
1407 38.2924 19
1408 38.3153 22
1409 38.347 16
1410 38.3767 17
1411 38.3978 24
1412 38.4231 20
1413 38.4548 16
1414 38.4864 16
1415 38.5181 16
1416 38.5462 18
1417 38.576 17
1418 38.6026 19
1419 38.6343 16
1420 38.6659 16
1421 38.694 18
1422 38.7206 19
1423 38.7487 18
1424 38.7804 16
1425 38.8101 17
1426 38.8418 16
1427 38.8715 17
1428 38.9013 17
1429 38.9311 17
1430 38.9506 26
1431 38.9787 18
1432 39.004 20
1433 39.0322 18
1434 39.0604 18
1435 39.0857 20
1436 39.0972 44
1437 39.127 17
1438 39.1568 17
1439 39.185 18
1440 39.2167 16
1441 39.2465 17
1442 39.2718 20
1443 39.3016 17
1444 39.3298 18
1445 39.3564 19
1446 39.3846 18
1447 39.4112 19
1448 39.4411 17
1449 39.4692 18
1450 39.4973 18
1451 39.524 19
1452 39.5507 19
1453 39.5823 16
1454 39.6105 18
1455 39.6403 17
1456 39.6623 23
1457 39.6889 19
1458 39.7156 19
1459 39.7422 19
1460 39.772 17
1461 39.7907 27
1462 39.8224 16
1463 39.854 16
1464 39.8751 24
1465 39.8981 22
1466 39.9263 18
1467 39.9544 18
1468 39.9764 23
1469 40.0018 20
1470 40.0316 17
1471 40.0632 16
1472 40.093 17
1473 40.1246 16
1474 40.1528 18
1475 40.1844 16
1476 40.1861 293
1477 40.2143 18
1478 40.2385 21
1479 40.2702 16
1480 40.3 17
1481 40.3318 16
1482 40.3635 16
1483 40.3933 17
1484 40.4175 21
1485 40.4457 18
1486 40.4755 17
1487 40.5072 16
1488 40.5355 18
1489 40.5622 19
1490 40.5939 16
1491 40.6221 18
1492 40.6539 16
1493 40.6821 18
1494 40.7051 22
1495 40.7333 18
1496 40.7632 17
1497 40.7949 16
1498 40.8248 17
1499 40.8547 17
1500 40.8845 17
1501 40.9144 17
1502 40.9461 16
1503 40.9778 16
1504 41.0096 16
1505 41.0378 18
1506 41.066 18
1507 41.0942 18
1508 41.1183 21
1509 41.145 19
1510 41.1749 17
1511 41.203 18
1512 41.2329 17
1513 41.2596 19
1514 41.2877 18
1515 41.3131 20
1516 41.3448 16
1517 41.3765 16
1518 41.4018 20
1519 41.4335 16
1520 41.4633 17
1521 41.4932 17
1522 41.5162 22
1523 41.5416 20
1524 41.5669 20
1525 41.5936 19
1526 41.6131 26
1527 41.6352 23
1528 41.6633 18
1529 41.6915 18
1530 41.7197 18
1531 41.7464 19
1532 41.7745 18
1533 41.8027 18
1534 41.8344 16
1535 41.8626 18
1536 41.8893 19
1537 41.921 16
1538 41.9413 25
1539 41.968 19
1540 41.9961 18
1541 42.0215 20
1542 42.0497 18
1543 42.0795 17
1544 42.1093 17
1545 42.1375 18
1546 42.1673 17
1547 42.199 16
1548 42.2257 19
1549 42.2574 16
1550 42.2891 16
1551 42.3173 18
1552 42.3454 18
1553 42.3752 17
1554 42.4006 20
1555 42.4259 20
1556 42.4576 16
1557 42.4858 18
1558 42.5111 20
1559 42.5393 18
1560 42.5691 17
1561 42.5933 21
1562 42.6163 22
1563 42.6461 17
1564 42.6692 22
1565 42.6922 22
1566 42.7189 19
1567 42.747 18
1568 42.7769 17
1569 42.8085 16
1570 42.8352 19
1571 42.8594 21
1572 42.8911 16
1573 42.9164 20
1574 42.9463 17
1575 42.9744 18
1576 43.0026 18
1577 43.0324 17
1578 43.0606 18
1579 43.0923 16
1580 43.1222 17
1581 43.1503 18
1582 43.1785 18
1583 43.2016 22
1584 43.227 20
1585 43.2587 16
1586 43.2818 22
1587 43.31 18
1588 43.3367 19
1589 43.3621 20
1590 43.3888 19
1591 43.4205 16
1592 43.4522 16
1593 43.4742 23
1594 43.5041 17
1595 43.5323 18
1596 43.564 16
1597 43.5957 16
1598 43.6274 16
1599 43.6527 20
1600 43.6825 17
1601 43.7092 19
1602 43.7409 16
1603 43.7726 16
1604 43.7992 19
1605 43.8309 16
1606 43.8626 16
1607 43.8893 19
1608 43.9191 17
1609 43.9458 19
1610 43.9711 20
1611 44.0028 16
1612 44.0309 18
1613 44.0591 18
1614 44.0907 16
1615 44.1224 16
1616 44.1541 16
1617 44.1858 16
1618 44.2175 16
1619 44.2492 16
1620 44.2773 18
1621 44.3055 18
1622 44.3336 18
1623 44.3653 16
1624 44.397 16
1625 44.4236 19
1626 44.4518 18
1627 44.4784 19
1628 44.5038 20
1629 44.5279 21
1630 44.556 18
1631 44.5876 16
1632 44.613 20
1633 44.6396 19
1634 44.6713 16
1635 44.701 17
1636 44.7264 20
1637 44.758 16
1638 44.7833 20
1639 44.8086 20
1640 44.8368 18
1641 44.8684 16
1642 44.9 16
1643 44.9282 18
1644 44.9598 16
1645 44.9879 18
1646 45.0196 16
1647 45.0512 16
1648 45.0732 23
1649 45.1048 16
1650 45.1346 17
1651 45.1576 22
1652 45.1893 16
1653 45.219 17
1654 45.2507 16
1655 45.2804 17
1656 45.3121 16
1657 45.3402 18
1658 45.3683 18
1659 45.3964 18
1660 45.4281 16
1661 45.4597 16
1662 45.48 25
1663 45.5053 20
1664 45.5306 20
1665 45.5559 20
1666 45.5857 17
1667 45.6154 17
1668 45.6408 20
1669 45.6724 16
1670 45.704 16
1671 45.727 22
1672 45.7537 19
1673 45.7853 16
1674 45.8169 16
1675 45.8486 16
1676 45.8739 20
1677 45.9055 16
1678 45.9371 16
1679 45.9624 20
1680 45.994 16
1681 46.0256 16
1682 46.0537 18
1683 46.0818 18
1684 46.1116 17
1685 46.1433 16
1686 46.1749 16
1687 46.2015 19
1688 46.2332 16
1689 46.2629 17
1690 46.2882 20
1691 46.3149 19
1692 46.3465 16
1693 46.3781 16
1694 46.4097 16
1695 46.4414 16
1696 46.473 16
1697 46.5046 16
1698 46.5327 18
1699 46.5625 17
1700 46.5941 16
1701 46.6258 16
1702 46.6574 16
1703 46.6856 18
1704 46.7154 17
1705 46.747 16
1706 46.7786 16
1707 46.8084 17
1708 46.8401 16
1709 46.8682 18
1710 46.8912 22
1711 46.9229 16
1712 46.9545 16
1713 46.9811 19
1714 47.0128 16
1715 47.0426 17
1716 47.0742 16
1717 47.104 17
1718 47.1357 16
1719 47.1638 18
1720 47.1954 16
1721 47.2221 19
1722 47.2487 19
1723 47.2728 21
1724 47.2764 142
1725 47.3046 18
1726 47.3215 30
1727 47.3468 20
1728 47.3699 22
1729 47.3887 27
1730 47.4168 18
1731 47.4399 22
1732 47.4652 20
1733 47.4919 19
1734 47.5149 22
1735 47.5447 17
1736 47.5764 16
1737 47.5994 22
1738 47.631 16
1739 47.6577 19
1740 47.6894 16
1741 47.721 16
1742 47.7492 18
1743 47.7808 16
1744 47.8089 18
1745 47.837 18
1746 47.8637 19
1747 47.8953 16
1748 47.9251 17
1749 47.9481 22
1750 47.9798 16
1751 48.0039 21
1752 48.0337 17
1753 48.0618 18
1754 48.0916 17
1755 48.1213 17
1756 48.1495 18
1757 48.1811 16
1758 48.2109 17
1759 48.2376 19
1760 48.2657 18
1761 48.2974 16
1762 48.3255 18
1763 48.3536 18
1764 48.3818 18
1765 48.4071 20
1766 48.4337 19
1767 48.4619 18
1768 48.4935 16
1769 48.5252 16
1770 48.5518 19
1771 48.5816 17
1772 48.6083 19
1773 48.6399 16
1774 48.6716 16
1775 48.6997 18
1776 48.7314 16
1777 48.758 19
1778 48.7822 21
1779 48.8103 18
1780 48.842 16
1781 48.8673 20
1782 48.8955 18
1783 48.9237 18
1784 48.9467 22
1785 48.9708 21
1786 48.999 18
1787 49.0306 16
1788 49.0623 16
1789 49.094 16
1790 49.1257 16
1791 49.1573 16
1792 49.189 16
1793 49.2206 16
1794 49.2473 19
1795 49.2789 16
1796 49.3106 16
1797 49.3387 18
1798 49.3704 16
1799 49.3934 22
1800 49.425 16
1801 49.4548 17
1802 49.483 18
1803 49.5146 16
1804 49.5463 16
1805 49.5744 18
1806 49.5985 21
1807 49.6266 18
1808 49.6519 20
1809 49.6836 16
1810 49.7153 16
1811 49.7434 18
1812 49.7687 20
1813 49.8004 16
1814 49.8321 16
1815 49.8637 16
1816 49.8879 21
1817 49.9177 17
1818 49.9494 16
1819 49.9714 23
1820 49.9996 18
1821 50.0278 18
1822 50.048 25
1823 50.0797 16
1824 50.1051 20
1825 50.1305 20
1826 50.1571 19
1827 50.1853 18
1828 50.2152 17
1829 50.2469 16
1830 50.2786 16
1831 50.3103 16
1832 50.3401 17
1833 50.3718 16
1834 50.4035 16
1835 50.4352 16
1836 50.4669 16
1837 50.4936 19
1838 50.5217 18
1839 50.5499 18
1840 50.5781 18
1841 50.6001 23
1842 50.616 32
1843 50.6476 16
1844 50.6758 18
1845 50.6999 21
1846 50.7316 16
1847 50.7597 18
1848 50.7879 18
1849 50.816 18
1850 50.8413 20
1851 50.873 16
1852 50.9046 16
1853 50.9327 18
1854 50.9609 18
1855 50.989 18
1856 51.0206 16
1857 51.0472 19
1858 51.0739 19
1859 51.1055 16
1860 51.1336 18
1861 51.1653 16
1862 51.1969 16
1863 51.2285 16
1864 51.2566 18
1865 51.2883 16
1866 51.3164 18
1867 51.348 16
1868 51.3797 16
1869 51.4113 16
1870 51.4429 16
1871 51.4711 18
1872 51.5008 17
1873 51.5274 19
1874 51.5572 17
1875 51.5888 16
1876 51.6204 16
1877 51.652 16
1878 51.6836 16
1879 51.7077 21
1880 51.7264 27
1881 51.758 16
1882 51.7896 16
1883 51.8163 19
1884 51.8416 20
1885 51.8713 17
1886 51.8994 18
1887 51.931 16
1888 51.9627 16
1889 51.9943 16
1890 52.0224 18
1891 52.0541 16
1892 52.0838 17
1893 52.1136 17
1894 52.1402 19
1895 52.1655 20
1896 52.1937 18
1897 52.2253 16
1898 52.2551 17
1899 52.2804 20
1900 52.307 19
1901 52.3387 16
1902 52.3628 21
1903 52.3925 17
1904 52.4242 16
1905 52.4523 18
1906 52.4804 18
1907 52.5121 16
1908 52.5374 20
1909 52.569 16
1910 52.5957 19
1911 52.6238 18
1912 52.652 18
1913 52.6801 18
1914 52.7099 17
1915 52.7381 18
1916 52.7697 16
1917 52.7964 19
1918 52.828 16
1919 52.8533 20
1920 52.8815 18
1921 52.9068 20
1922 52.9384 16
1923 52.9665 18
1924 52.9982 16
1925 53.0263 18
1926 53.0529 19
1927 53.0782 20
1928 53.1023 21
1929 53.1304 18
1930 53.162 16
1931 53.1901 18
1932 53.2183 18
1933 53.2449 19
1934 53.273 18
1935 53.3046 16
1936 53.3266 23
1937 53.3547 18
1938 53.3863 16
1939 53.4144 18
1940 53.4397 20
1941 53.4694 17
1942 53.4947 20
1943 53.5263 16
1944 53.5561 17
1945 53.5813 20
1946 53.6094 18
1947 53.6207 45
1948 53.6488 18
1949 53.6804 16
1950 53.712 16
1951 53.7417 17
1952 53.7698 18
1953 53.7964 19
1954 53.8194 22
1955 53.851 16
1956 53.8763 20
1957 53.903 19
1958 53.9283 20
1959 53.9536 20
1960 53.9833 17
1961 54.015 16
1962 54.038 22
1963 54.0646 19
1964 54.0963 16
1965 54.1279 16
1966 54.1532 20
1967 54.1813 18
1968 54.208 19
1969 54.2378 17
1970 54.2676 17
1971 54.2942 19
1972 54.3195 20
1973 54.3493 17
1974 54.3774 18
1975 54.4055 18
1976 54.4372 16
1977 54.4688 16
1978 54.5004 16
1979 54.532 16
1980 54.5601 18
1981 54.5842 21
1982 54.6159 16
1983 54.6412 20
1984 54.6728 16
1985 54.7044 16
1986 54.7341 17
1987 54.7622 18
1988 54.792 17
1989 54.8236 16
1990 54.8552 16
1991 54.8805 20
1992 54.9085 18
1993 54.9402 16
1994 54.9683 18
1995 54.9999 16
1996 55.0296 17
1997 55.0594 17
1998 55.0846 20
1999 55.1127 18
2000 55.1408 18
2001 55.1724 16
2002 55.1944 23
2003 55.2225 18
2004 55.2412 27
2005 55.2665 20
2006 55.2845 28
2007 55.3161 16
2008 55.3427 19
2009 55.3743 16
2010 55.4024 18
2011 55.4341 16
2012 55.4622 18
2013 55.4903 18
2014 55.5219 16
2015 55.5535 16
2016 55.5817 18
2017 55.6098 18
2018 55.6395 17
2019 55.6662 19
2020 55.6943 18
2021 55.7259 16
2022 55.7556 17
2023 55.7872 16
2024 55.8153 18
2025 55.8469 16
2026 55.8767 17
2027 55.9083 16
2028 55.9399 16
2029 55.9629 22
2030 55.9945 16
2031 56.0198 20
2032 56.0478 18
2033 56.0731 20
2034 56.1012 18
2035 56.1265 20
2036 56.1546 18
2037 56.1827 18
2038 56.208 20
2039 56.2321 21
2040 56.2587 19
2041 56.2868 18
2042 56.3134 19
2043 56.3415 18
2044 56.3713 17
2045 56.3979 19
2046 56.426 18
2047 56.4513 20
2048 56.4795 18
2049 56.5076 18
2050 56.5357 18
2051 56.5638 18
2052 56.5919 18
2053 56.6201 18
2054 56.6215 371
2055 56.647 20
2056 56.6739 19
2057 56.7058 16
2058 56.7377 16
2059 56.7608 22
2060 56.7927 16
2061 56.8227 17
2062 56.8482 20
2063 56.8801 16
2064 56.9084 18
2065 56.9402 16
2066 56.9685 18
2067 56.9927 21
2068 57.0245 16
2069 57.0563 16
2070 57.0846 18
2071 57.1164 16
2072 57.1431 19
2073 57.1714 18
2074 57.2013 17
2075 57.2267 20
2076 57.255 18
2077 57.2833 18
2078 57.3116 18
2079 57.3398 18
2080 57.3681 18
2081 57.3999 16
2082 57.4317 16
2083 57.4635 16
2084 57.4953 16
2085 57.5271 16
2086 57.5538 19
2087 57.5821 18
2088 57.5962 36
2089 57.6261 17
2090 57.6473 24
2091 57.6791 16
2092 57.7059 19
2093 57.7326 19
2094 57.7581 20
2095 57.7898 16
2096 57.8181 18
2097 57.848 17
2098 57.8798 16
2099 57.9097 17
2100 57.9364 19
2101 57.9618 20
2102 57.9886 19
2103 58.0203 16
2104 58.0502 17
2105 58.0801 17
2106 58.1083 18
2107 58.1366 18
2108 58.1648 18
2109 58.1966 16
2110 58.2264 17
2111 58.2547 18
2112 58.2829 18
2113 58.3146 16
2114 58.3445 17
2115 58.3727 18
2116 58.4009 18
2117 58.4251 21
2118 58.4533 18
2119 58.4832 17
2120 58.5086 20
2121 58.5231 35
2122 58.5513 18
2123 58.5812 17
2124 58.6066 20
2125 58.6383 16
2126 58.6651 19
2127 58.6933 18
2128 58.7215 18
2129 58.7497 18
2130 58.7796 17
2131 58.8078 18
2132 58.832 21
2133 58.8638 16
2134 58.8905 19
2135 58.9222 16
2136 58.954 16
2137 58.9839 17
2138 59.0156 16
2139 59.0473 16
2140 59.0791 16
2141 59.1073 18
2142 59.1294 23
2143 59.1592 17
2144 59.191 16
2145 59.2227 16
2146 59.2438 24
2147 59.2737 17
2148 59.2991 20
2149 59.3273 18
2150 59.3504 22
2151 59.3821 16
2152 59.4138 16
2153 59.4455 16
2154 59.4773 16
2155 59.509 16
2156 59.5407 16
2157 59.5705 17
2158 59.5988 18
2159 59.6269 18
2160 59.6551 18
2161 59.6833 18
2162 59.715 16
2163 59.7433 18
2164 59.7715 18
2165 59.8013 17
2166 59.833 16
2167 59.8629 17
2168 59.8849 23
2169 59.9166 16
2170 59.9483 16
2171 59.9751 19
2172 60.0068 16
2173 60.0385 16
2174 60.0702 16
2175 60.0984 18
2176 60.1266 18
2177 60.1547 18
2178 60.1829 18
2179 60.2111 18
2180 60.2314 25
2181 60.2581 19
2182 60.2848 19
2183 60.3115 19
2184 60.3432 16
2185 60.3749 16
2186 60.4047 17
2187 60.4314 19
2188 60.4631 16
2189 60.4948 16
2190 60.5265 16
2191 60.5546 18
2192 60.5845 17
2193 60.6126 18
2194 60.6443 16
2195 60.671 19
2196 60.7009 17
2197 60.7326 16
2198 60.7643 16
2199 60.7959 16
2200 60.8241 18
2201 60.8482 21
2202 60.8724 21
2203 60.8977 20
2204 60.9259 18
2205 60.954 18
2206 60.9822 18
2207 61.0104 18
2208 61.0385 18
2209 61.0702 16
2210 61.1018 16
2211 61.1335 16
2212 61.1616 18
2213 61.1811 26
2214 61.2128 16
2215 61.2445 16
2216 61.2726 18
2217 61.3024 17
2218 61.3341 16
2219 61.3657 16
2220 61.3939 18
2221 61.412 28
2222 61.4436 16
2223 61.4753 16
2224 61.5051 17
2225 61.5367 16
2226 61.5684 16
2227 61.5937 20
2228 61.6204 19
2229 61.652 16
2230 61.6802 18
2231 61.7069 19
2232 61.7385 16
2233 61.7702 16
2234 61.7968 19
2235 61.8222 20
2236 61.8463 21
2237 61.8744 18
2238 61.8985 21
2239 61.9302 16
2240 61.96 17
2241 61.983 22
2242 62.0146 16
2243 62.0321 29
2244 62.0602 18
2245 62.0855 20
2246 62.1075 23
2247 62.1357 18
2248 62.1623 19
2249 62.189 19
2250 62.2143 20
2251 62.2459 16
2252 62.27 21
2253 62.2982 18
2254 62.3298 16
2255 62.3615 16
2256 62.3896 18
2257 62.4194 17
2258 62.451 16
2259 62.4827 16
2260 62.5143 16
2261 62.5396 20
2262 62.5677 18
2263 62.5994 16
2264 62.626 19
2265 62.6577 16
2266 62.6893 16
2267 62.7134 21
2268 62.7432 17
2269 62.7698 19
2270 62.798 18
2271 62.8296 16
2272 62.8612 16
2273 62.8879 19
2274 62.916 18
2275 62.9426 19
2276 62.9742 16
2277 63.0058 16
2278 63.0374 16
2279 63.0672 17
2280 63.0988 16
2281 63.1304 16
2282 63.162 16
2283 63.1936 16
2284 63.2189 20
2285 63.247 18
2286 63.2711 21
2287 63.2992 18
2288 63.3232 21
2289 63.3549 16
2290 63.3846 17
2291 63.4162 16
2292 63.4392 22
2293 63.4658 19
2294 63.494 18
2295 63.5221 18
2296 63.5431 24
2297 63.5684 20
2298 63.5937 20
2299 63.6254 16
2300 63.6507 20
2301 63.6773 19
2302 63.7071 17
2303 63.7369 17
2304 63.7403 148
2305 63.7657 20
2306 63.7939 18
2307 63.8256 16
2308 63.8555 17
2309 63.8808 20
2310 63.9107 17
2311 63.9424 16
2312 63.9723 17
2313 64.004 16
2314 64.0357 16
2315 64.0545 27
2316 64.0812 19
2317 64.1094 18
2318 64.1411 16
2319 64.1728 16
2320 64.2045 16
2321 64.2344 17
2322 64.2611 19
2323 64.2928 16
2324 64.3209 18
2325 64.3491 18
2326 64.3808 16
2327 64.409 18
2328 64.4331 21
2329 64.4648 16
2330 64.4965 16
2331 64.5246 18
2332 64.5563 16
2333 64.5794 22
2334 64.611 16
2335 64.6377 19
2336 64.6675 17
2337 64.6992 16
2338 64.7273 18
2339 64.7526 20
2340 64.7843 16
2341 64.816 16
2342 64.8458 17
2343 64.8774 16
2344 64.9091 16
2345 64.9372 18
2346 64.9689 16
2347 64.997 18
2348 65.0252 18
2349 65.0533 18
2350 65.08 19
2351 65.1116 16
2352 65.1433 16
2353 65.1714 18
2354 65.1996 18
2355 65.2277 18
2356 65.2575 17
2357 65.2856 18
2358 65.3154 17
2359 65.3452 17
2360 65.3749 17
2361 65.3979 22
2362 65.4261 18
2363 65.4542 18
2364 65.4783 21
2365 65.5064 18
2366 65.5345 18
2367 65.5661 16
2368 65.5914 20
2369 65.6195 18
2370 65.6415 23
2371 65.6732 16
2372 65.7029 17
2373 65.731 18
2374 65.7577 19
2375 65.783 20
2376 65.8146 16
2377 65.8412 19
2378 65.8728 16
2379 65.9045 16
2380 65.9326 18
2381 65.9536 24
2382 65.9853 16
2383 66.0169 16
2384 66.0485 16
2385 66.0766 18
2386 66.1019 20
2387 66.13 18
2388 66.1616 16
2389 66.1914 17
2390 66.223 16
2391 66.2546 16
2392 66.2863 16
2393 66.3161 17
2394 66.3442 18
2395 66.3759 16
2396 66.4075 16
2397 66.4392 16
2398 66.4709 16
2399 66.5007 17
2400 66.5305 17
2401 66.5535 22
2402 66.5852 16
2403 66.6119 19
2404 66.636 21
2405 66.6627 19
2406 66.6925 17
2407 66.7223 17
2408 66.7434 24
2409 66.775 16
2410 66.8032 18
2411 66.8313 18
2412 66.8554 21
2413 66.8836 18
2414 66.9134 17
2415 66.9387 20
2416 66.9703 16
2417 66.9985 18
2418 67.0238 20
2419 67.0536 17
2420 67.0833 17
2421 67.1131 17
2422 67.1412 18
2423 67.1693 18
2424 67.1975 18
2425 67.2291 16
2426 67.2589 17
2427 67.2905 16
2428 67.3186 18
2429 67.3484 17
2430 67.38 16
2431 67.4081 18
2432 67.4363 18
2433 67.4679 16
2434 67.4995 16
2435 67.5276 18
2436 67.5592 16
2437 67.5873 18
2438 67.6139 19
2439 67.6455 16
2440 67.6772 16
2441 67.7053 18
2442 67.7369 16
2443 67.7589 23
2444 67.783 21
2445 67.8146 16
2446 67.8399 20
2447 67.8652 20
2448 67.8968 16
2449 67.9198 22
2450 67.9514 16
2451 67.983 16
2452 68.0096 19
2453 68.0412 16
2454 68.0728 16
2455 68.1009 18
2456 68.1184 29
2457 68.15 16
2458 68.1816 16
2459 68.2132 16
2460 68.243 17
2461 68.2583 33
2462 68.2899 16
2463 68.3215 16
2464 68.3513 17
2465 68.3688 29
2466 68.3969 18
2467 68.4285 16
2468 68.4538 20
2469 68.4805 19
2470 68.5122 16
2471 68.5438 16
2472 68.572 18
2473 68.5986 19
2474 68.6239 20
2475 68.6556 16
2476 68.6838 18
2477 68.7136 17
2478 68.7452 16
2479 68.775 17
2480 68.8067 16
2481 68.8384 16
2482 68.8665 18
2483 68.8982 16
2484 68.9264 18
2485 68.958 16
2486 68.9834 20
2487 69.0132 17
2488 69.0448 16
2489 69.073 18
2490 69.1047 16
2491 69.13 20
2492 69.1553 20
2493 69.1834 18
2494 69.2116 18
2495 69.2432 16
2496 69.2714 18
2497 69.2995 18
2498 69.3276 18
2499 69.3593 16
2500 69.3846 20
2501 69.4144 17
2502 69.446 16
2503 69.4776 16
2504 69.5042 19
2505 69.5358 16
2506 69.5656 17
2507 69.585 26
2508 69.6131 18
2509 69.6412 18
2510 69.6728 16
2511 69.7026 17
2512 69.7292 19
2513 69.7608 16
2514 69.7861 20
2515 69.8177 16
2516 69.8458 18
2517 69.8711 20
2518 69.9027 16
2519 69.9308 18
2520 69.9549 21
2521 69.9865 16
2522 70.0146 18
2523 70.0462 16
2524 70.0759 17
2525 70.104 18
2526 70.1306 19
2527 70.1604 17
2528 70.187 19
2529 70.211 21
2530 70.2391 18
2531 70.2707 16
2532 70.3023 16
2533 70.3304 18
2534 70.362 16
2535 70.3935 16
2536 70.4251 16
2537 70.4548 17
2538 70.4864 16
2539 70.518 16
2540 70.5496 16
2541 70.5762 19
2542 70.6077 16
2543 70.633 20
2544 70.6611 18
2545 70.6634 217
2546 70.6951 16
2547 70.7233 18
2548 70.7549 16
2549 70.7866 16
2550 70.8183 16
2551 70.845 19
2552 70.8691 21
2553 70.8958 19
2554 70.9211 20
2555 70.9528 16
2556 70.981 18
2557 71.0108 17
2558 71.039 18
2559 71.0643 20
2560 71.0942 17
2561 71.1259 16
2562 71.1576 16
2563 71.1893 16
2564 71.2159 19
2565 71.2426 19
2566 71.2743 16
2567 71.301 19
2568 71.3327 16
2569 71.3609 18
2570 71.389 18
2571 71.4172 18
2572 71.4453 18
2573 71.477 16
2574 71.5023 20
2575 71.534 16
2576 71.5657 16
2577 71.591 20
2578 71.6226 16
2579 71.6543 16
2580 71.6824 18
2581 71.7122 17
2582 71.7376 20
2583 71.7692 16
2584 71.8009 16
2585 71.8262 20
2586 71.856 17
2587 71.8841 18
2588 71.9071 22
2589 71.9388 16
2590 71.9686 17
2591 72.0003 16
2592 72.0319 16
2593 72.0573 20
2594 72.0803 22
2595 72.1057 20
2596 72.1338 18
2597 72.162 18
2598 72.1936 16
2599 72.219 20
2600 72.2506 16
2601 72.2773 19
2602 72.3054 18
2603 72.3308 20
2604 72.3625 16
2605 72.3855 22
2606 72.4108 20
2607 72.4425 16
2608 72.4723 17
2609 72.504 16
2610 72.5357 16
2611 72.5623 19
2612 72.5865 21
2613 72.6146 18
2614 72.6444 17
2615 72.6726 18
2616 72.7007 18
2617 72.7289 18
2618 72.7606 16
2619 72.7922 16
2620 72.8189 19
2621 72.8456 19
2622 72.8754 17
2623 72.9008 20
2624 72.9306 17
2625 72.9622 16
2626 72.9904 18
2627 73.0221 16
2628 73.0537 16
2629 73.0804 19
2630 73.1102 17
2631 73.1383 18
2632 73.1681 17
2633 73.1998 16
2634 73.2239 21
2635 73.252 18
2636 73.2802 18
2637 73.3118 16
2638 73.3399 18
2639 73.3666 19
2640 73.3982 16
2641 73.428 17
2642 73.4597 16
2643 73.4913 16
2644 73.5194 18
2645 73.5447 20
2646 73.5701 20
2647 73.5931 22
2648 73.6248 16
2649 73.6435 27
2650 73.6702 19
2651 73.6922 23
2652 73.7204 18
2653 73.752 16
2654 73.7837 16
2655 73.8119 18
2656 73.8385 19
2657 73.8702 16
2658 73.8983 18
2659 73.9299 16
2660 73.9616 16
2661 73.9897 18
2662 74.015 20
2663 74.0467 16
2664 74.0783 16
2665 74.1065 18
2666 74.1318 20
2667 74.1616 17
2668 74.1913 17
2669 74.2211 17
2670 74.2527 16
2671 74.2844 16
2672 74.3085 21
2673 74.3366 18
2674 74.3619 20
2675 74.3886 19
2676 74.4139 20
2677 74.438 21
2678 74.4647 19
2679 74.4963 16
2680 74.5245 18
2681 74.5498 20
2682 74.5796 17
2683 74.6113 16
2684 74.6394 18
2685 74.6676 18
2686 74.6992 16
2687 74.7274 18
2688 74.7555 18
2689 74.7837 18
2690 74.8104 19
2691 74.8402 17
2692 74.87 17
2693 74.8953 20
2694 74.927 16
2695 74.9586 16
2696 74.984 20
2697 75.0156 16
2698 75.0473 16
2699 75.079 16
2700 75.1107 16
2701 75.1389 18
2702 75.1671 18
2703 75.1988 16
2704 75.2286 17
2705 75.2568 18
2706 75.2849 18
2707 75.3166 16
2708 75.3448 18
2709 75.3764 16
2710 75.4046 18
2711 75.4363 16
2712 75.4679 16
2713 75.4977 17
2714 75.5259 18
2715 75.5512 20
2716 75.581 17
2717 75.6077 19
2718 75.633 20
2719 75.6583 20
2720 75.6881 17
2721 75.7197 16
2722 75.7451 20
2723 75.7638 27
2724 75.7892 20
2725 75.8173 18
2726 75.8489 16
2727 75.8719 22
2728 75.9001 18
2729 75.9221 23
2730 75.9474 20
2731 75.974 19
2732 75.9994 20
2733 76.0291 17
2734 76.0572 18
2735 76.0802 22
2736 76.1084 18
2737 76.14 16
2738 76.1681 18
2739 76.1997 16
2740 76.2313 16
2741 76.263 16
2742 76.2896 19
2743 76.3213 16
2744 76.3529 16
2745 76.3795 19
2746 76.4111 16
2747 76.4428 16
2748 76.447 120
2749 76.4681 24
2750 76.4963 18
2751 76.5279 16
2752 76.5467 27
2753 76.572 20
2754 76.6037 16
2755 76.6318 18
2756 76.6635 16
2757 76.6933 17
2758 76.725 16
2759 76.7517 19
2760 76.7758 21
2761 76.8039 18
2762 76.8356 16
2763 76.8623 19
2764 76.8904 18
2765 76.9221 16
2766 76.9474 20
2767 76.9756 18
2768 77.0072 16
2769 77.0389 16
2770 77.0706 16
2771 77.1023 16
2772 77.1264 21
2773 77.1581 16
2774 77.1848 19
2775 77.2101 20
2776 77.2399 17
2777 77.2652 20
2778 77.2969 16
2779 77.3268 17
2780 77.3566 17
2781 77.3864 17
2782 77.4181 16
2783 77.4422 21
2784 77.472 17
2785 77.5037 16
2786 77.5303 19
2787 77.5585 18
2788 77.5901 16
2789 77.6218 16
2790 77.65 18
2791 77.6753 20
2792 77.7007 20
2793 77.7324 16
2794 77.7622 17
2795 77.7939 16
2796 77.822 18
2797 77.8474 20
2798 77.879 16
2799 77.9021 22
2800 77.9302 18
2801 77.9533 22
2802 77.9831 17
2803 78.0084 20
2804 78.0382 17
2805 78.0663 18
2806 78.0945 18
2807 78.1212 19
2808 78.1528 16
2809 78.1846 16
2810 78.2127 18
2811 78.2426 17
2812 78.2743 16
2813 78.3041 17
2814 78.3262 23
2815 78.3578 16
2816 78.3895 16
2817 78.4177 18
2818 78.4494 16
2819 78.4748 20
2820 78.5065 16
2821 78.5346 18
2822 78.5645 17
2823 78.5898 20
2824 78.6196 17
2825 78.6407 24
2826 78.6649 21
2827 78.6966 16
2828 78.714 29
2829 78.7352 24
2830 78.7633 18
2831 78.79 19
2832 78.8216 16
2833 78.8514 17
2834 78.8812 17
2835 78.9129 16
2836 78.9395 19
2837 78.9662 19
2838 78.9979 16
2839 79.0245 19
2840 79.0562 16
2841 79.0843 18
2842 79.1073 22
2843 79.1304 22
2844 79.1601 17
2845 79.1842 21
2846 79.2124 18
2847 79.239 19
2848 79.262 22
2849 79.2937 16
2850 79.3167 22
2851 79.342 20
2852 79.3736 16
2853 79.4003 19
2854 79.4319 16
2855 79.4586 19
2856 79.4867 18
2857 79.5183 16
2858 79.5464 18
2859 79.5746 18
2860 79.6012 19
2861 79.6328 16
2862 79.6539 24
2863 79.682 18
2864 79.705 22
2865 79.7366 16
2866 79.7683 16
2867 79.7964 18
2868 79.828 16
2869 79.8596 16
2870 79.8913 16
2871 79.9229 16
2872 79.951 18
2873 79.9827 16
2874 80.0108 18
2875 80.0406 17
2876 80.0722 16
2877 80.1039 16
2878 80.1292 20
2879 80.1608 16
2880 80.189 18
2881 80.2206 16
2882 80.2522 16
2883 80.282 17
2884 80.3137 16
2885 80.3435 17
2886 80.3732 17
2887 80.4014 18
2888 80.4312 17
2889 80.4593 18
2890 80.491 16
2891 80.5164 20
2892 80.5189 199
2893 80.542 22
2894 80.5674 20
2895 80.5991 16
2896 80.6258 19
2897 80.6557 17
2898 80.6874 16
2899 80.7173 17
2900 80.7455 18
2901 80.7772 16
2902 80.8002 22
2903 80.8301 17
2904 80.8618 16
2905 80.8935 16
2906 80.9253 16
2907 80.9507 20
2908 80.9737 22
2909 80.9979 21
2910 81.0261 18
2911 81.0528 19
2912 81.0846 16
2913 81.1163 16
2914 81.148 16
2915 81.1762 18
2916 81.2044 18
2917 81.2298 20
2918 81.2615 16
2919 81.2897 18
2920 81.3034 37
2921 81.3333 17
2922 81.36 19
2923 81.3898 17
2924 81.4196 17
2925 81.4495 17
2926 81.4812 16
2927 81.5079 19
2928 81.5346 19
2929 81.5628 18
2930 81.591 18
2931 81.6192 18
2932 81.6509 16
2933 81.6826 16
2934 81.7124 17
2935 81.7441 16
2936 81.7758 16
2937 81.8011 20
2938 81.8328 16
2939 81.8595 19
2940 81.8912 16
2941 81.921 17
2942 81.9492 18
2943 81.9745 20
2944 82.0026 18
2945 82.0343 16
2946 82.066 16
2947 82.0942 18
2948 82.1258 16
2949 82.1575 16
2950 82.1857 18
2951 82.2139 18
2952 82.242 18
2953 82.2737 16
2954 82.3004 19
2955 82.3216 24
2956 82.3497 18
2957 82.3814 16
2958 82.4131 16
2959 82.4413 18
2960 82.4729 16
2961 82.5046 16
2962 82.5313 19
2963 82.5611 17
2964 82.5892 18
2965 82.6209 16
2966 82.6346 37
2967 82.6628 18
2968 82.6909 18
2969 82.7207 17
2970 82.7524 16
2971 82.7822 17
2972 82.8139 16
2973 82.8392 20
2974 82.8674 18
2975 82.8955 18
2976 82.9272 16
2977 82.9589 16
2978 82.987 18
2979 83.0187 16
2980 83.0417 22
2981 83.067 20
2982 83.0952 18
2983 83.1269 16
2984 83.148 24
2985 83.1797 16
2986 83.2114 16
2987 83.2412 17
2988 83.2694 18
2989 83.2975 18
2990 83.3257 18
2991 83.346 25
2992 83.3741 18
2993 83.4023 18
2994 83.4304 18
2995 83.4586 18
2996 83.4902 16
2997 83.5184 18
2998 83.5482 17
2999 83.5799 16
3000 83.6052 20
3001 83.6334 18
3002 83.6651 16
3003 83.6918 19
3004 83.7236 16
3005 83.7553 16
3006 83.787 16
3007 83.8151 18
3008 83.8469 16
3009 83.8786 16
3010 83.9103 16
3011 83.942 16
3012 83.965 22
3013 83.9932 18
3014 84.023 17
3015 84.0512 18
3016 84.0765 20
3017 84.1082 16
3018 84.1399 16
3019 84.1681 18
3020 84.1997 16
3021 84.2296 17
3022 84.2612 16
3023 84.2894 18
3024 84.3175 18
3025 84.3474 17
3026 84.3755 18
3027 84.4022 19
3028 84.4339 16
3029 84.4592 20
3030 84.4909 16
3031 84.512 24
3032 84.5386 19
3033 84.5703 16
3034 84.6001 17
3035 84.6254 20
3036 84.6552 17
3037 84.6869 16
3038 84.7167 17
3039 84.7433 19
3040 84.7686 20
3041 84.7968 18
3042 84.8266 17
3043 84.8582 16
3044 84.888 17
3045 84.9197 16
3046 84.9513 16
3047 84.978 19
3048 85.0097 16
3049 85.0327 22
3050 85.0608 18
3051 85.0925 16
3052 85.1191 19
3053 85.1473 18
3054 85.174 19
3055 85.2056 16
3056 85.2373 16
3057 85.269 16
3058 85.3006 16
3059 85.3323 16
3060 85.3605 18
3061 85.3921 16
3062 85.4162 21
3063 85.4392 22
3064 85.4646 20
3065 85.4899 20
3066 85.5152 20
3067 85.545 17
3068 85.5703 20
3069 85.6019 16
3070 85.6249 22
3071 85.6531 18
3072 85.6847 16
3073 85.71 20
3074 85.733 22
3075 85.7646 16
3076 85.7887 21
3077 85.8185 17
3078 85.8466 18
3079 85.8747 18
3080 85.9 20
3081 85.9267 19
3082 85.9583 16
3083 85.9881 17
3084 86.0197 16
3085 86.0495 17
3086 86.0792 17
3087 86.109 17
3088 86.1371 18
3089 86.1652 18
3090 86.1933 18
3091 86.225 16
3092 86.2566 16
3093 86.2863 17
3094 86.3144 18
3095 86.3426 18
3096 86.3742 16
3097 86.4058 16
3098 86.4374 16
3099 86.4604 22
3100 86.4921 16
3101 86.5237 16
3102 86.549 20
3103 86.5806 16
3104 86.606 20
3105 86.6313 20
3106 86.661 17
3107 86.6927 16
3108 86.7243 16
3109 86.7463 23
3110 86.7729 19
3111 86.8046 16
3112 86.8327 18
3113 86.8609 18
3114 86.8925 16
3115 86.9242 16
3116 86.9558 16
3117 86.984 18
3118 87.0121 18
3119 87.0388 19
3120 87.0669 18
3121 87.09 22
3122 87.1166 19
3123 87.1483 16
3124 87.18 16
3125 87.2081 18
3126 87.2362 18
3127 87.2679 16
3128 87.296 18
3129 87.3242 18
3130 87.3509 19
3131 87.3825 16
3132 87.4107 18
3133 87.4423 16
3134 87.474 16
3135 87.5021 18
3136 87.5073 97
3137 87.5315 21
3138 87.5631 16
3139 87.5948 16
3140 87.6265 16
3141 87.6547 18
3142 87.6814 19
3143 87.7067 20
3144 87.7288 23
3145 87.7541 20
3146 87.7771 22
3147 87.8088 16
3148 87.8405 16
3149 87.8686 18
3150 87.8984 17
3151 87.9282 17
3152 87.9564 18
3153 87.988 16
3154 88.0162 18
3155 88.0478 16
3156 88.0795 16
3157 88.1112 16
3158 88.1353 21
3159 88.1669 16
3160 88.1889 23
3161 88.2206 16
3162 88.2522 16
3163 88.2803 18
3164 88.3101 17
3165 88.3382 18
3166 88.3699 16
3167 88.4015 16
3168 88.4331 16
3169 88.4648 16
3170 88.4901 20
3171 88.5217 16
3172 88.5484 19
3173 88.5782 17
3174 88.6063 18
3175 88.6316 20
3176 88.6614 17
3177 88.6896 18
3178 88.7193 17
3179 88.751 16
3180 88.7792 18
3181 88.8108 16
3182 88.8425 16
3183 88.8678 20
3184 88.8959 18
3185 88.9257 17
3186 88.9555 17
3187 88.9822 19
3188 89.0075 20
3189 89.0392 16
3190 89.0622 22
3191 89.0888 19
3192 89.1155 19
3193 89.1408 20
3194 89.1662 20
3195 89.1979 16
3196 89.2246 19
3197 89.2544 17
3198 89.2842 17
3199 89.3096 20
3200 89.3337 21
3201 89.3604 19
3202 89.3921 16
3203 89.4238 16
3204 89.4505 19
3205 89.4758 20
3206 89.5075 16
3207 89.5391 16
3208 89.5708 16
3209 89.6025 16
3210 89.6323 17
3211 89.6639 16
3212 89.6921 18
3213 89.7132 24
3214 89.7413 18
3215 89.7695 18
3216 89.8012 16
3217 89.8328 16
3218 89.8581 20
3219 89.8812 22
3220 89.9128 16
3221 89.9426 17
3222 89.9743 16
3223 90.0024 18
3224 90.0341 16
3225 90.0607 19
3226 90.0924 16
3227 90.124 16
3228 90.1522 18
3229 90.1819 17
3230 90.2117 17
3231 90.2399 18
3232 90.2652 20
3233 90.2969 16
3234 90.3285 16
3235 90.3567 18
3236 90.3848 18
3237 90.4101 20
3238 90.4418 16
3239 90.4685 19
3240 90.4938 20
3241 90.5168 22
3242 90.5484 16
3243 90.5801 16
3244 90.6082 18
3245 90.6399 16
3246 90.6715 16
3247 90.7032 16
3248 90.7299 19
3249 90.7597 17
3250 90.7913 16
3251 90.8211 17
3252 90.8493 18
3253 90.8791 17
3254 90.9072 18
3255 90.937 17
3256 90.96 22
3257 90.9866 19
3258 91.0183 16
3259 91.0464 18
3260 91.078 16
3261 91.1097 16
3262 91.1413 16
3263 91.173 16
3264 91.1983 20
3265 91.2264 18
3266 91.2562 17
3267 91.2843 18
3268 91.3159 16
3269 91.3413 20
3270 91.3666 20
3271 91.3932 19
3272 91.4249 16
3273 91.4565 16
3274 91.4863 17
3275 91.5179 16
3276 91.5477 17
3277 91.5794 16
3278 91.606 19
3279 91.6281 23
3280 91.6578 17
3281 91.6876 17
3282 91.7143 19
3283 91.7441 17
3284 91.7738 17
3285 91.8036 17
3286 91.8318 18
3287 91.8571 20
3288 91.8887 16
3289 91.9056 30
3290 91.9337 18
3291 91.9618 18
3292 91.99 18
3293 92.0216 16
3294 92.0532 16
3295 92.083 17
3296 92.1147 16
3297 92.1463 16
3298 92.1694 22
3299 92.1992 17
3300 92.2308 16
3301 92.2575 19
3302 92.2856 18
3303 92.3137 18
3304 92.3404 19
3305 92.367 19
3306 92.3987 16
3307 92.4254 19
3308 92.4417 31
3309 92.4684 19
3310 92.4965 18
3311 92.5282 16
3312 92.5523 21
3313 92.5821 17
3314 92.6119 17
3315 92.6436 16
3316 92.6689 20
3317 92.7006 16
3318 92.7236 22
3319 92.7534 17
3320 92.7776 21
3321 92.8092 16
3322 92.8374 18
3323 92.8655 18
3324 92.8885 22
3325 92.9167 18
3326 92.9465 17
3327 92.9763 17
3328 93.0044 18
3329 93.0361 16
3330 93.0678 16
3331 93.0959 18
3332 93.1276 16
3333 93.1557 18
3334 93.1839 18
3335 93.2156 16
3336 93.2472 16
3337 93.277 17
3338 93.3068 17
3339 93.335 18
3340 93.3603 20
3341 93.387 19
3342 93.4136 19
3343 93.4418 18
3344 93.4699 18
3345 93.4929 22
3346 93.5159 22
3347 93.544 18
3348 93.5671 22
3349 93.5968 17
3350 93.6285 16
3351 93.6526 21
3352 93.6843 16
3353 93.7159 16
3354 93.7457 17
3355 93.7626 30
3356 93.7924 17
3357 93.824 16
3358 93.8421 28
3359 93.8719 17
3360 93.8949 22
3361 93.9266 16
3362 93.9547 18
3363 93.9789 21
3364 94.0105 16
3365 94.0403 17
3366 94.0656 20
3367 94.0973 16
3368 94.1271 17
3369 94.1537 19
3370 94.1835 17
3371 94.2117 18
3372 94.237 20
3373 94.2651 18
3374 94.2968 16
3375 94.3234 19
3376 94.3532 17
3377 94.3849 16
3378 94.413 18
3379 94.4383 20
3380 94.4681 17
3381 94.4963 18
3382 94.5204 21
3383 94.5485 18
3384 94.5802 16
3385 94.6118 16
3386 94.6434 16
3387 94.6687 20
3388 94.6969 18
3389 94.7222 20
3390 94.7538 16
3391 94.7804 19
3392 94.812 16
3393 94.8373 20
3394 94.869 16
3395 94.8956 19
3396 94.9272 16
3397 94.9553 18
3398 94.9794 21
3399 95.0075 18
3400 95.0391 16
3401 95.0689 17
3402 95.0722 156
3403 95.1003 18
3404 95.127 19
3405 95.1552 18
3406 95.185 17
3407 95.2132 18
3408 95.2352 23
3409 95.2669 16
3410 95.2967 17
3411 95.3284 16
3412 95.3601 16
3413 95.3918 16
3414 95.416 21
3415 95.4477 16
3416 95.4759 18
3417 95.5058 17
3418 95.5288 22
3419 95.5605 16
3420 95.5923 16
3421 95.624 16
3422 95.6538 17
3423 95.6805 19
3424 95.7123 16
3425 95.7364 21
3426 95.7681 16
3427 95.7998 16
3428 95.8315 16
3429 95.8597 18
3430 95.8879 18
3431 95.9161 18
3432 95.946 17
3433 95.9777 16
3434 96.0059 18
3435 96.028 23
3436 96.0579 17
3437 96.0896 16
3438 96.1213 16
3439 96.1531 16
3440 96.183 17
3441 96.2083 20
3442 96.2382 17
3443 96.2613 22
3444 96.288 19
3445 96.3147 19
3446 96.3464 16
3447 96.3782 16
3448 96.4064 18
3449 96.4285 23
3450 96.4552 19
3451 96.487 16
3452 96.5187 16
3453 96.5486 17
3454 96.5768 18
3455 96.5999 22
3456 96.6298 17
3457 96.6616 16
3458 96.6933 16
3459 96.7251 16
3460 96.7568 16
3461 96.7851 18
3462 96.8081 22
3463 96.8399 16
3464 96.8716 16
3465 96.8999 18
3466 96.9281 18
3467 96.9535 20
3468 96.9852 16
3469 97.0135 18
3470 97.0452 16
3471 97.0735 18
3472 97.1052 16
3473 97.137 16
3474 97.1687 16
3475 97.2005 16
3476 97.2287 18
3477 97.2554 19
3478 97.2872 16
3479 97.3189 16
3480 97.3471 18
3481 97.3789 16
3482 97.4056 19
3483 97.4338 18
3484 97.4605 19
3485 97.4859 20
3486 97.5141 18
3487 97.5361 23
3488 97.5603 21
3489 97.5902 17
3490 97.62 17
3491 97.6454 20
3492 97.6771 16
3493 97.7088 16
3494 97.7342 20
3495 97.7553 24
3496 97.787 16
3497 97.8187 16
3498 97.8468 18
3499 97.8785 16
3500 97.9067 18
3501 97.9348 18
3502 97.9665 16
3503 97.9981 16
3504 98.0212 22
3505 98.0493 18
3506 98.081 16
3507 98.1126 16
3508 98.1443 16
3509 98.1709 19
3510 98.2025 16
3511 98.2342 16
3512 98.2623 18
3513 98.294 16
3514 98.3256 16
3515 98.3572 16
3516 98.3889 16
3517 98.4205 16
3518 98.4471 19
3519 98.4724 20
3520 98.4991 19
3521 98.5232 21
3522 98.5513 18
3523 98.5794 18
3524 98.6023 22
3525 98.629 19
3526 98.6571 18
3527 98.6824 20
3528 98.7105 18
3529 98.7422 16
3530 98.7642 23
3531 98.7958 16
3532 98.8199 21
3533 98.8452 20
3534 98.8768 16
3535 98.9049 18
3536 98.9366 16
3537 98.9647 18
3538 98.9963 16
3539 99.028 16
3540 99.0596 16
3541 99.0912 16
3542 99.121 17
3543 99.1476 19
3544 99.1792 16
3545 99.2109 16
3546 99.2425 16
3547 99.2666 21
3548 99.2947 18
3549 99.3228 18
3550 99.3481 20
3551 99.3639 32
3552 99.3955 16
3553 99.4253 17
3554 99.4519 19
3555 99.48 18
3556 99.5081 18
3557 99.5269 27
3558 99.5585 16
3559 99.5901 16
3560 99.6217 16
3561 99.6534 16
3562 99.6815 18
3563 99.7131 16
3564 99.7372 21
3565 99.7653 18
3566 99.7951 17
3567 99.8267 16
3568 99.8548 18
3569 99.8815 19
3570 99.9096 18
3571 99.9362 19
3572 99.966 17
3573 99.9958 17
3574 100.024 18
3575 100.056 16
3576 100.084 18
3577 100.112 18
3578 100.143 16
3579 100.175 16
3580 100.207 16
3581 100.238 16
3582 100.268 17
3583 100.296 18
3584 100.323 19
3585 100.354 16
3586 100.384 17
3587 100.412 18
3588 100.442 17
3589 100.472 17
3590 100.499 19
3591 100.53 16
3592 100.56 17
3593 100.592 16
3594 100.623 16
3595 100.655 16
3596 100.682 19
3597 100.708 19
3598 100.736 18
3599 100.766 17
3600 100.794 18
3601 100.821 19
3602 100.844 22
3603 100.875 16
3604 100.879 140
3605 100.911 16
3606 100.935 21
3607 100.965 17
3608 100.994 17
3609 101.024 17
3610 101.056 16
3611 101.088 16
3612 101.116 18
3613 101.147 16
3614 101.17 22
3615 101.202 16
3616 101.23 18
3617 101.254 21
3618 101.276 23
3619 101.299 22
3620 101.326 19
3621 101.358 16
3622 101.389 16
3623 101.415 20
3624 101.446 16
3625 101.478 16
3626 101.5 23
3627 101.53 17
3628 101.561 16
3629 101.593 16
3630 101.625 16
3631 101.656 16
3632 101.684 18
3633 101.711 19
3634 101.741 17
3635 101.772 16
3636 101.798 20
3637 101.829 16
3638 101.861 16
3639 101.893 16
3640 101.924 16
3641 101.954 17
3642 101.984 17
3643 102.007 22
3644 102.036 17
3645 102.066 17
3646 102.093 19
3647 102.124 16
3648 102.152 18
3649 102.184 16
3650 102.216 16
3651 102.247 16
3652 102.279 16
3653 102.303 21
3654 102.335 16
3655 102.364 17
3656 102.393 18
3657 102.421 18
3658 102.434 38
3659 102.462 18
3660 102.486 21
3661 102.514 18
3662 102.525 46
3663 102.557 16
3664 102.581 21
3665 102.604 22
3666 102.626 23
3667 102.658 16
3668 102.688 17
3669 102.717 17
3670 102.745 18
3671 102.777 16
3672 102.809 16
3673 102.835 19
3674 102.867 16
3675 102.899 16
3676 102.922 22
3677 102.95 18
3678 102.978 18
3679 103.004 19
3680 103.036 16
3681 103.068 16
3682 103.099 16
3683 103.125 20
3684 103.156 16
3685 103.186 17
3686 103.209 22
3687 103.237 18
3688 103.26 22
3689 103.288 18
3690 103.32 16
3691 103.349 17
3692 103.378 18
3693 103.409 16
3694 103.433 21
3695 103.461 18
3696 103.489 18
3697 103.519 17
3698 103.545 20
3699 103.576 16
3700 103.601 20
3701 103.627 20
3702 103.656 17
3703 103.686 17
3704 103.707 24
3705 103.739 16
3706 103.763 21
3707 103.793 17
3708 103.824 16
3709 103.856 16
3710 103.888 16
3711 103.916 18
3712 103.947 16
3713 103.975 18
3714 103.987 43
3715 104.019 16
3716 104.047 18
3717 104.077 17
3718 104.103 19
3719 104.135 16
3720 104.165 17
3721 104.196 16
3722 104.225 18
3723 104.253 18
3724 104.281 18
3725 104.311 17
3726 104.334 22
3727 104.358 21
3728 104.387 17
3729 104.419 16
3730 104.451 16
3731 104.482 16
3732 104.514 16
3733 104.546 16
3734 104.572 19
3735 104.595 22
3736 104.623 18
3737 104.655 16
3738 104.679 21
3739 104.711 16
3740 104.741 17
3741 104.772 16
3742 104.802 17
3743 104.832 17
3744 104.856 21
3745 104.884 18
3746 104.912 18
3747 104.94 18
3748 104.972 16
3749 105.002 17
3750 105.03 18
3751 105.061 16
3752 105.087 20
3753 105.118 16
3754 105.15 16
3755 105.178 18
3756 105.205 19
3757 105.233 18
3758 105.261 18
3759 105.293 16
3760 105.324 16
3761 105.353 18
3762 105.381 18
3763 105.392 46
3764 105.418 19
3765 105.442 21
3766 105.474 16
3767 105.497 22
3768 105.527 17
3769 105.558 16
3770 105.587 18
3771 105.618 16
3772 105.648 17
3773 105.676 18
3774 105.704 18
3775 105.731 19
3776 105.762 16
3777 105.794 16
3778 105.822 18
3779 105.854 16
3780 105.88 19
3781 105.903 22
3782 105.933 17
3783 105.958 20
3784 105.987 18
3785 106.015 18
3786 106.046 16
3787 106.078 16
3788 106.106 18
3789 106.138 16
3790 106.167 17
3791 106.195 18
3792 106.227 16
3793 106.259 16
3794 106.29 16
3795 106.318 18
3796 106.344 20
3797 106.369 20
3798 106.393 21
3799 106.423 17
3800 106.446 22
3801 106.475 17
3802 106.501 20
3803 106.526 20
3804 106.558 16
3805 106.586 18
3806 106.617 16
3807 106.649 16
3808 106.679 17
3809 106.708 17
3810 106.736 18
3811 106.763 19
3812 106.795 16
3813 106.824 17
3814 106.856 16
3815 106.884 18
3816 106.914 17
3817 106.939 20
3818 106.969 17
3819 106.994 20
3820 107.017 22
3821 107.049 16
3822 107.08 16
3823 107.107 19
3824 107.138 16
3825 107.17 16
3826 107.2 17
3827 107.231 16
3828 107.258 19
3829 107.284 19
3830 107.316 16
3831 107.346 17
3832 107.372 19
3833 107.404 16
3834 107.428 21
3835 107.46 16
3836 107.491 16
3837 107.523 16
3838 107.548 20
3839 107.577 18
3840 107.606 17
3841 107.636 17
3842 107.668 16
3843 107.675 73
3844 107.7 20
3845 107.728 18
3846 107.757 18
3847 107.78 22
3848 107.811 16
3849 107.834 22
3850 107.863 18
3851 107.892 17
3852 107.924 16
3853 107.956 16
3854 107.988 16
3855 108.017 17
3856 108.049 16
3857 108.076 19
3858 108.108 16
3859 108.136 18
3860 108.167 16
3861 108.196 18
3862 108.217 24
3863 108.24 22
3864 108.268 18
3865 108.296 18
3866 108.328 16
3867 108.353 20
3868 108.385 16
3869 108.417 16
3870 108.443 19
3871 108.467 21
3872 108.497 17
3873 108.524 19
3874 108.556 16
3875 108.582 19
3876 108.614 16
3877 108.639 20
3878 108.671 16
3879 108.698 19
3880 108.729 16
3881 108.759 17
3882 108.791 16
3883 108.819 18
3884 108.851 16
3885 108.882 16
3886 108.908 20
3887 108.932 21
3888 108.963 16
3889 108.995 16
3890 109.018 22
3891 109.05 16
3892 109.078 18
3893 109.109 16
3894 109.13 24
3895 109.159 18
3896 109.188 17
3897 109.215 19
3898 109.247 16
3899 109.275 18
3900 109.303 18
3901 109.331 18
3902 109.359 18
3903 109.382 22
3904 109.414 16
3905 109.442 18
3906 109.47 18
3907 109.502 16
3908 109.533 16
3909 109.551 29
3910 109.582 16
3911 109.608 20
3912 109.639 16
3913 109.669 17
3914 109.692 22
3915 109.724 16
3916 109.75 19
3917 109.78 17
3918 109.805 20
3919 109.832 19
3920 109.862 17
3921 109.887 20
3922 109.919 16
3923 109.947 18
3924 109.953 89
3925 109.984 16
3926 110.004 26
3927 110.035 16
3928 110.061 20
3929 110.087 19
3930 110.116 18
3931 110.147 16
3932 110.175 18
3933 110.204 18
3934 110.235 16
3935 110.258 22
3936 110.29 16
3937 110.322 16
3938 110.353 16
3939 110.385 16
3940 110.41 20
3941 110.436 20
3942 110.467 16
3943 110.499 16
3944 110.524 20
3945 110.551 19
3946 110.579 18
3947 110.61 16
3948 110.636 20
3949 110.667 16
3950 110.699 16
3951 110.731 16
3952 110.76 17
3953 110.78 26
3954 110.811 16
3955 110.837 20
3956 110.868 16
3957 110.9 16
3958 110.925 20
3959 110.952 19
3960 110.984 16
3961 111.012 18
3962 111.04 18
3963 111.07 17
3964 111.095 20
3965 111.123 18
3966 111.148 20
3967 111.174 20
3968 111.202 18
3969 111.23 18
3970 111.258 18
3971 111.286 18
3972 111.318 16
3973 111.346 18
3974 111.371 20
3975 111.377 92
3976 111.402 20
3977 111.43 18
3978 111.457 19
3979 111.489 16
3980 111.519 17
3981 111.544 20
3982 111.574 17
3983 111.606 16
3984 111.637 16
3985 111.665 18
3986 111.692 19
3987 111.72 18
3988 111.748 18
3989 111.78 16
3990 111.812 16
3991 111.844 16
3992 111.875 16
3993 111.896 24
3994 111.928 16
3995 111.96 16
3996 111.991 16
3997 112.021 17
3998 112.053 16
3999 112.083 17
4000 112.104 24
4001 112.136 16
4002 112.167 16
4003 112.188 24
4004 112.217 18
4005 112.248 16
4006 112.28 16
4007 112.307 19
4008 112.335 18
4009 112.361 19
4010 112.387 20
4011 112.415 18
4012 112.447 16
4013 112.478 16
4014 112.504 20
4015 112.53 19
4016 112.558 18
4017 112.59 16
4018 112.613 22
4019 112.641 18
4020 112.673 16
4021 112.701 18
4022 112.733 16
4023 112.758 20
4024 112.786 18
4025 112.818 16
4026 112.85 16
4027 112.875 20
4028 112.907 16
4029 112.933 19
4030 112.959 20
4031 112.99 16
4032 113.019 18
4033 113.043 21
4034 113.074 16
4035 113.102 18
4036 113.132 17
4037 113.164 16
4038 113.196 16
4039 113.224 18
4040 113.252 18
4041 113.279 19
4042 113.303 21
4043 113.331 18
4044 113.355 21
4045 113.387 16
4046 113.415 18
4047 113.447 16
4048 113.478 16
4049 113.506 18
4050 113.535 18
4051 113.563 18
4052 113.609 11
4053 113.64 16
4054 113.669 18
4055 113.695 19
4056 113.724 18
4057 113.755 16
4058 113.787 16
4059 113.815 18
4060 113.837 23
4061 113.865 18
4062 113.893 18
4063 113.922 18
4064 113.953 16
4065 113.985 16
4066 114.017 16
4067 114.045 18
4068 114.073 18
4069 114.101 18
4070 114.131 17
4071 114.159 18
4072 114.187 18
4073 114.219 16
4074 114.249 17
4075 114.278 17
4076 114.31 16
4077 114.342 16
4078 114.365 22
4079 114.393 18
4080 114.421 18
4081 114.453 16
4082 114.481 18
4083 114.506 20
4084 114.531 20
4085 114.557 20
4086 114.588 16
4087 114.618 17
4088 114.652 15
4089 114.699 11
4090 114.75 10
4091 114.793 12
4092 114.845 10
4093 114.897 10
4094 114.95 10
4095 114.988 14
4096 115.032 12
4097 115.077 12
4098 115.13 10
4099 115.185 10
4100 115.239 10
4101 115.295 10
4102 115.33 16
4103 115.387 10
4104 115.434 12
4105 115.475 14
4106 115.527 11
4107 115.58 11
4108 115.634 11
4109 115.693 10
4110 115.752 10
4111 115.802 12
4112 115.862 10
4113 115.923 10
4114 115.974 12
4115 116.036 10
4116 116.098 10
4117 116.161 10
4118 116.209 13
4119 116.272 10
4120 116.335 10
4121 116.398 10
4122 116.462 10
4123 116.526 10
4124 116.59 10
4125 116.654 10
4126 116.719 10
4127 116.784 10
4128 116.838 12
4129 116.903 10
4130 116.969 10
4131 117.034 10
4132 117.1 10
4133 117.166 10
4134 117.226 11
4135 117.267 16
4136 117.322 12
4137 117.388 10
4138 117.449 11
4139 117.515 10
4140 117.582 10
4141 117.637 12
4142 117.698 11
4143 117.765 10
4144 117.832 10
4145 117.887 12
4146 117.954 10
4147 118.021 10
4148 118.088 10
4149 118.155 10
4150 118.222 10
4151 118.289 10
4152 118.356 10
4153 118.423 10
4154 118.49 10
4155 118.538 14
4156 118.605 10
4157 118.661 12
4158 118.728 10
4159 118.789 11
4160 118.845 12
4161 118.907 11
4162 118.974 10
4163 119.041 10
4164 119.108 10
4165 119.176 10
4166 119.243 10
4167 119.31 10
4168 119.366 12
4169 119.434 10
4170 119.501 10
4171 119.557 12
4172 119.624 10
4173 119.686 11
4174 119.753 10
4175 119.82 10
4176 119.888 10
4177 119.955 10
4178 120.022 10
4179 120.09 10
4180 120.157 10
4181 120.218 11
4182 120.286 10
4183 120.342 12
4184 120.409 10
4185 120.476 10
4186 120.544 10
4187 120.611 10
4188 120.672 11
4189 120.74 10
4190 120.796 12
4191 120.852 12
4192 120.913 11
4193 120.98 10
4194 121.048 10
4195 121.104 12
4196 121.152 14
4197 121.219 10
4198 121.281 11
4199 121.348 10
4200 121.409 11
4201 121.477 10
4202 121.544 10
4203 121.611 10
4204 121.667 12
4205 121.724 12
4206 121.785 11
4207 121.852 10
4208 121.908 12
4209 121.976 10
4210 122.037 11
4211 122.104 10
4212 122.172 10
4213 122.239 10
4214 122.301 11
4215 122.362 11
4216 122.429 10
4217 122.497 10
4218 122.545 14
4219 122.612 10
4220 122.657 15
4221 122.725 10
4222 122.792 10
4223 122.849 12
4224 122.9 13
4225 122.968 10
4226 123.035 10
4227 123.092 12
4228 123.159 10
4229 123.227 10
4230 123.294 10
4231 123.362 10
4232 123.429 10
4233 123.49 11
4234 123.558 10
4235 123.625 10
4236 123.681 12
4237 123.749 10
4238 123.816 10
4239 123.884 10
4240 123.926 16
4241 123.993 10
4242 124.055 11
4243 124.111 12
4244 124.178 10
4245 124.246 10
4246 124.307 11
4247 124.363 12
4248 124.415 13
4249 124.471 12
4250 124.539 10
4251 124.595 12
4252 124.651 12
4253 124.707 12
4254 124.775 10
4255 124.823 14
4256 124.891 10
4257 124.958 10
4258 125.006 14
4259 125.074 10
4260 125.141 10
4261 125.189 14
4262 125.257 10
4263 125.309 13
4264 125.361 13
4265 125.428 10
4266 125.484 12
4267 125.536 13
4268 125.604 10
4269 125.671 10
4270 125.739 10
4271 125.806 10
4272 125.874 10
4273 125.926 13
4274 125.987 11
4275 126.055 10
4276 126.122 10
4277 126.171 14
4278 126.232 11
4279 126.288 12
4280 126.356 10
4281 126.418 11
4282 126.479 11
4283 126.536 12
4284 126.592 12
4285 126.66 10
4286 126.721 11
4287 126.759 18
4288 126.815 12
4289 126.876 11
4290 126.944 10
4291 127.012 10
4292 127.068 12
4293 127.136 10
4294 127.192 12
4295 127.26 10
4296 127.316 12
4297 127.378 11
4298 127.439 11
4299 127.501 11
4300 127.562 11
4301 127.63 10
4302 127.698 10
4303 127.759 11
4304 127.801 16
4305 127.858 12
4306 127.91 13
4307 127.978 10
4308 128.045 10
4309 128.113 10
4310 128.181 10
4311 128.248 10
4312 128.305 12
4313 128.35 15
4314 128.411 11
4315 128.479 10
4316 128.546 10
4317 128.614 10
4318 128.682 10
4319 128.749 10
4320 128.806 12
4321 128.862 12
4322 128.93 10
4323 128.997 10
4324 129.065 10
4325 129.107 16
4326 129.159 13
4327 129.22 11
4328 129.288 10
4329 129.356 10
4330 129.423 10
4331 129.48 12
4332 129.519 17
4333 129.553 20
4334 129.615 11
4335 129.682 10
4336 129.734 13
4337 129.786 13
4338 129.848 11
4339 129.916 10
4340 129.968 13
4341 130.035 10
4342 130.092 12
4343 130.159 10
4344 130.227 10
4345 130.279 13
4346 130.346 10
4347 130.414 10
4348 130.482 10
4349 130.534 13
4350 130.59 12
4351 130.658 10
4352 130.714 12
4353 130.771 12
4354 130.832 11
4355 130.9 10
4356 130.967 10
4357 131.02 13
4358 131.087 10
4359 131.155 10
4360 131.222 10
4361 131.29 10
4362 131.346 12
4363 131.403 12
4364 131.464 11
4365 131.521 12
4366 131.588 10
4367 131.656 10
4368 131.717 11
4369 131.774 12
4370 131.841 10
4371 131.909 10
4372 131.97 11
4373 132.027 12
4374 132.083 12
4375 132.144 11
4376 132.19 15
4377 132.246 12
4378 132.313 10
4379 132.362 14
4380 132.429 10
4381 132.497 10
4382 132.565 10
4383 132.626 11
4384 132.694 10
4385 132.761 10
4386 132.829 10
4387 132.885 12
4388 132.928 16
4389 132.984 12
4390 133.022 18
4391 133.089 10
4392 133.157 10
4393 133.218 11
4394 133.261 16
4395 133.313 13
4396 133.38 10
4397 133.436 12
4398 133.479 16
4399 133.514 19
4400 133.563 14
4401 133.63 10
4402 133.687 12
4403 133.754 10
4404 133.811 12
4405 133.851 17
4406 133.907 12
4407 133.975 10
4408 134.036 11
4409 134.104 10
4410 134.16 12
4411 134.222 11
4412 134.278 12
4413 134.345 10
4414 134.413 10
4415 134.475 11
4416 134.531 12
4417 134.599 10
4418 134.655 12
4419 134.722 10
4420 134.784 11
4421 134.852 10
4422 134.908 12
4423 134.964 12
4424 135.032 10
4425 135.088 12
4426 135.136 14
4427 135.198 11
4428 135.265 10
4429 135.333 10
4430 135.395 11
4431 135.447 13
4432 135.503 12
4433 135.559 12
4434 135.611 13
4435 135.663 13
4436 135.731 10
4437 135.798 10
4438 135.866 10
4439 135.934 10
4440 135.995 11
4441 136.063 10
4442 136.124 11
4443 136.192 10
4444 136.248 12
4445 136.305 12
4446 136.372 10
4447 136.44 10
4448 136.507 10
4449 136.575 10
4450 136.643 10
4451 136.71 10
4452 136.778 10
4453 136.846 10
4454 136.902 12
4455 136.97 10
4456 137.037 10
4457 137.105 10
4458 137.172 10
4459 137.229 12
4460 137.296 10
4461 137.364 10
4462 137.416 13
4463 137.478 11
4464 137.545 10
4465 137.602 12
4466 137.658 12
4467 137.726 10
4468 137.782 12
4469 137.844 11
4470 137.905 11
4471 137.967 11
4472 138.035 10
4473 138.102 10
4474 138.17 10
4475 138.238 10
4476 138.294 12
4477 138.351 12
4478 138.418 10
4479 138.486 10
4480 138.511 27
4481 138.568 12
4482 138.629 11
4483 138.697 10
4484 138.758 11
4485 138.826 10
4486 138.894 10
4487 138.942 14
4488 139.01 10
4489 139.058 14
4490 139.12 11
4491 139.162 16
4492 139.23 10
4493 139.297 10
4494 139.349 13
4495 139.417 10
4496 139.479 11
4497 139.546 10
4498 139.591 15
4499 139.659 10
4500 139.715 12
4501 139.783 10
4502 139.851 10
4503 139.918 10
4504 139.975 12
4505 140.031 12
4506 140.069 18
4507 140.125 12
4508 140.186 11
4509 140.248 11
4510 140.3 13
4511 140.368 10
4512 140.429 11
4513 140.491 11
4514 140.552 11
4515 140.613 11
4516 140.67 12
4517 140.737 10
4518 140.794 12
4519 140.85 12
4520 140.918 10
4521 140.985 10
4522 141.053 10
4523 141.12 10
4524 141.188 10
4525 141.233 15
4526 141.281 14
4527 141.349 10
4528 141.417 10
4529 141.484 10
4530 141.54 12
4531 141.597 12
4532 141.611 48
4533 141.678 10
4534 141.746 10
4535 141.802 12
4536 141.859 12
4537 141.911 13
4538 141.978 10
4539 141.991 52
4540 142.059 10
4541 142.115 12
4542 142.177 11
4543 142.233 12
4544 142.301 10
4545 142.369 10
4546 142.43 11
4547 142.486 12
4548 142.554 10
4549 142.622 10
4550 142.689 10
4551 142.746 12
4552 142.802 12
4553 142.87 10
4554 142.922 13
4555 142.989 10
4556 143.003 51
4557 143.033 22
4558 143.09 12
4559 143.135 15
4560 143.197 11
4561 143.253 12
4562 143.314 11
4563 143.382 10
4564 143.444 11
4565 143.505 11
4566 143.567 11
4567 143.615 14
4568 143.683 10
4569 143.751 10
4570 143.818 10
4571 143.886 10
4572 143.942 12
4573 143.98 18
4574 144.032 13
4575 144.089 12
4576 144.156 10
4577 144.199 16
4578 144.266 10
4579 144.334 10
4580 144.402 10
4581 144.458 12
4582 144.526 10
4583 144.582 12
4584 144.613 22
4585 144.675 11
4586 144.742 10
4587 144.804 11
4588 144.856 13
4589 144.901 15
4590 144.939 18
4591 145.007 10
4592 145.063 12
4593 145.12 12
4594 145.176 12
4595 145.232 12
4596 145.3 10
4597 145.352 13
4598 145.42 10
4599 145.462 16
4600 145.53 10
4601 145.592 11
4602 145.659 10
4603 145.727 10
4604 145.795 10
4605 145.863 10
4606 145.93 10
4607 145.998 10
4608 146.066 10
4609 146.114 14
4610 146.171 12
4611 146.238 10
4612 146.29 13
4613 146.336 15
4614 146.392 12
4615 146.46 10
4616 146.505 15
4617 146.572 10
4618 146.64 10
4619 146.708 10
4620 146.764 12
4621 146.809 15
4622 146.866 12
4623 146.933 10
4624 147.001 10
4625 147.053 13
4626 147.11 12
4627 147.166 12
4628 147.234 10
4629 147.286 13
4630 147.342 12
4631 147.398 12
4632 147.466 10
4633 147.518 13
4634 147.586 10
4635 147.634 14
4636 147.702 10
4637 147.758 12
4638 147.826 10
4639 147.893 10
4640 147.955 11
4641 148.022 10
4642 148.09 10
4643 148.158 10
4644 148.225 10
4645 148.287 11
4646 148.354 10
4647 148.394 17
4648 148.462 10
4649 148.53 10
4650 148.597 10
4651 148.645 14
4652 148.702 12
4653 148.769 10
4654 148.837 10
4655 148.905 10
4656 148.961 12
4657 149.029 10
4658 149.077 14
4659 149.133 12
4660 149.201 10
4661 149.269 10
4662 149.33 11
4663 149.398 10
4664 149.454 12
4665 149.502 14
4666 149.57 10
4667 149.631 11
4668 149.683 13
4669 149.745 11
4670 149.812 10
4671 149.843 22
4672 149.895 13
4673 149.951 12
4674 150.019 10
4675 150.075 12
4676 150.143 10
4677 150.21 10
4678 150.278 10
4679 150.305 25
4680 150.373 10
4681 150.429 12
4682 150.497 10
4683 150.564 10
4684 150.62 12
4685 150.688 10
4686 150.756 10
4687 150.812 12
4688 150.873 11
4689 150.93 12
4690 150.986 12
4691 151.054 10
4692 151.121 10
4693 151.169 14
4694 151.221 13
4695 151.283 11
4696 151.344 11
4697 151.406 11
4698 151.462 12
4699 151.507 15
4700 151.564 12
4701 151.631 10
4702 151.659 24
4703 151.727 10
4704 151.794 10
4705 151.851 12
4706 151.907 12
4707 151.969 11
4708 152.025 12
4709 152.093 10
4710 152.16 10
4711 152.228 10
4712 152.295 10
4713 152.357 11
4714 152.418 11
4715 152.486 10
4716 152.542 12
4717 152.594 13
4718 152.662 10
4719 152.729 10
4720 152.791 11
4721 152.858 10
4722 152.914 12
4723 152.982 10
4724 153.038 12
4725 153.106 10
4726 153.14 20
4727 153.201 11
4728 153.269 10
4729 153.33 11
4730 153.398 10
4731 153.465 10
4732 153.533 10
4733 153.601 10
4734 153.668 10
4735 153.736 10
4736 153.792 12
4737 153.834 16
4738 153.886 13
4739 153.954 10
4740 154.022 10
4741 154.07 14
4742 154.115 15
4743 154.183 10
4744 154.25 10
4745 154.318 10
4746 154.374 12
4747 154.442 10
4748 154.51 10
4749 154.577 10
4750 154.645 10
4751 154.713 10
4752 154.78 10
4753 154.829 14
4754 154.862 20
4755 154.93 10
4756 154.986 12
4757 155.054 10
4758 155.09 19
4759 155.157 10
4760 155.205 14
4761 155.262 12
4762 155.318 12
4763 155.375 12
4764 155.442 10
4765 155.494 13
4766 155.562 10
4767 155.629 10
4768 155.686 12
4769 155.753 10
4770 155.821 10
4771 155.873 13
4772 155.941 10
4773 155.986 15
4774 156.053 10
4775 156.121 10
4776 156.183 11
4777 156.25 10
4778 156.312 11
4779 156.364 13
4780 156.431 10
4781 156.499 10
4782 156.566 10
4783 156.618 13
4784 156.68 11
4785 156.736 12
4786 156.793 12
4787 156.849 12
4788 156.917 10
4789 156.984 10
4790 157.052 10
4791 157.104 13
4792 157.171 10
4793 157.239 10
4794 157.307 10
4795 157.374 10
4796 157.442 10
4797 157.509 10
4798 157.577 10
4799 157.645 10
4800 157.712 10
4801 157.761 14
4802 157.828 10
4803 157.896 10
4804 157.963 10
4805 158.02 12
4806 158.076 12
4807 158.144 10
4808 158.183 17
4809 158.223 17
4810 158.275 13
4811 158.332 12
4812 158.384 13
4813 158.451 10
4814 158.513 11
4815 158.561 14
4816 158.629 10
4817 158.696 10
4818 158.758 11
4819 158.81 13
4820 158.877 10
4821 158.945 10
4822 159.012 10
4823 159.08 10
4824 159.142 11
4825 159.209 10
4826 159.277 10
4827 159.344 10
4828 159.412 10
4829 159.468 12
4830 159.525 12
4831 159.592 10
4832 159.654 11
4833 159.721 10
4834 159.789 10
4835 159.856 10
4836 159.913 12
4837 159.95 18
4838 160.012 11
4839 160.068 12
4840 160.136 10
4841 160.203 10
4842 160.271 10
4843 160.323 13
4844 160.379 12
4845 160.447 10
4846 160.503 12
4847 160.571 10
4848 160.602 22
4849 160.644 16
4850 160.711 10
4851 160.773 11
4852 160.834 11
4853 160.896 11
4854 160.963 10
4855 161.031 10
4856 161.099 10
4857 161.147 14
4858 161.203 12
4859 161.271 10
4860 161.338 10
4861 161.406 10
4862 161.473 10
4863 161.541 10
4864 161.593 13
4865 161.649 12
4866 161.711 11
4867 161.767 12
4868 161.828 11
4869 161.885 12
4870 161.937 13
4871 162.004 10
4872 162.072 10
4873 162.139 10
4874 162.196 12
4875 162.241 15
4876 162.302 11
4877 162.351 14
4878 162.393 16
4879 162.46 10
4880 162.528 10
4881 162.584 12
4882 162.652 10
4883 162.719 10
4884 162.781 11
4885 162.837 12
4886 162.905 10
4887 162.972 10
4888 163.04 10
4889 163.096 12
4890 163.153 12
4891 163.209 12
4892 163.277 10
4893 163.344 10
4894 163.393 14
4895 163.46 10
4896 163.522 11
4897 163.59 10
4898 163.657 10
4899 163.719 11
4900 163.786 10
4901 163.854 10
4902 163.91 12
4903 163.978 10
4904 164.046 10
4905 164.113 10
4906 164.156 16
4907 164.223 10
4908 164.285 11
4909 164.341 12
4910 164.409 10
4911 164.476 10
4912 164.544 10
4913 164.612 10
4914 164.668 12
4915 164.736 10
4916 164.803 10
4917 164.871 10
4918 164.938 10
4919 164.978 17
4920 165.04 11
4921 165.107 10
4922 165.175 10
4923 165.243 10
4924 165.31 10
4925 165.367 12
4926 165.434 10
4927 165.502 10
4928 165.57 10
4929 165.607 18
4930 165.669 11
4931 165.73 11
4932 165.787 12
4933 165.839 13
4934 165.895 12
4935 165.963 10
4936 166.024 11
4937 166.092 10
4938 166.153 11
4939 166.221 10
4940 166.289 10
4941 166.35 11
4942 166.418 10
4943 166.479 11
4944 166.547 10
4945 166.608 11
4946 166.665 12
4947 166.732 10
4948 166.8 10
4949 166.856 12
4950 166.924 10
4951 166.969 15
4952 167.03 11
4953 167.082 13
4954 167.15 10
4955 167.218 10
4956 167.285 10
4957 167.353 10
4958 167.421 10
4959 167.488 10
4960 167.54 13
4961 167.608 10
4962 167.675 10
4963 167.743 10
4964 167.785 16
4965 167.853 10
4966 167.92 10
4967 167.988 10
4968 168.056 10
4969 168.123 10
4970 168.191 10
4971 168.243 13
4972 168.31 10
4973 168.367 12
4974 168.434 10
4975 168.502 10
4976 168.57 10
4977 168.615 15
4978 168.682 10
4979 168.75 10
4980 168.817 10
4981 168.879 11
4982 168.94 11
4983 168.982 16
4984 169.05 10
4985 169.106 12
4986 169.174 10
4987 169.235 11
4988 169.278 16
4989 169.339 11
4990 169.395 12
4991 169.457 11
4992 169.524 10
4993 169.586 11
4994 169.653 10
4995 169.702 14
4996 169.769 10
4997 169.825 12
4998 169.882 12
4999 169.93 14
5000 169.992 11
5001 170.053 11
5002 170.101 14
5003 170.144 16
5004 170.211 10
5005 170.279 10
5006 170.346 10
5007 170.414 10
5008 170.482 10
5009 170.549 10
5010 170.594 15
5011 170.651 12
5012 170.718 10
5013 170.767 14
5014 170.812 15
5015 170.879 10
5016 170.947 10
5017 171.015 10
5018 171.082 10
5019 171.139 12
5020 171.206 10
5021 171.258 13
5022 171.307 14
5023 171.363 12
5024 171.411 14
5025 171.479 10
5026 171.546 10
5027 171.598 13
5028 171.655 12
5029 171.707 13
5030 171.774 10
5031 171.842 10
5032 171.894 13
5033 171.95 12
5034 172.007 12
5035 172.063 12
5036 172.131 10
5037 172.183 13
5038 172.25 10
5039 172.318 10
5040 172.385 10
5041 172.425 17
5042 172.477 13
5043 172.504 25
5044 172.561 12
5045 172.628 10
5046 172.676 14
5047 172.744 10
5048 172.806 11
5049 172.873 10
5050 172.935 11
5051 173.002 10
5052 173.064 11
5053 173.131 10
5054 173.183 13
5055 173.245 11
5056 173.301 12
5057 173.353 13
5058 173.405 13
5059 173.473 10
5060 173.529 12
5061 173.586 12
5062 173.653 10
5063 173.721 10
5064 173.777 12
5065 173.845 10
5066 173.912 10
5067 173.974 11
5068 174.042 10
5069 174.109 10
5070 174.125 43
5071 174.177 13
5072 174.229 13
5073 174.281 13
5074 174.349 10
5075 174.416 10
5076 174.484 10
5077 174.552 10
5078 174.619 10
5079 174.659 17
5080 174.727 10
5081 174.779 13
5082 174.835 12
5083 174.897 11
5084 174.964 10
5085 175.013 14
5086 175.08 10
5087 175.137 12
5088 175.204 10
5089 175.272 10
5090 175.34 10
5091 175.396 12
5092 175.444 14
5093 175.501 12
5094 175.568 10
5095 175.636 10
5096 175.703 10
5097 175.771 10
5098 175.827 12
5099 175.895 10
5100 175.963 10
5101 176.03 10
5102 176.087 12
5103 176.139 13
5104 176.195 12
5105 176.257 11
5106 176.318 11
5107 176.386 10
5108 176.447 11
5109 176.509 11
5110 176.576 10
5111 176.644 10
5112 176.711 10
5113 176.768 12
5114 176.813 15
5115 176.88 10
5116 176.932 13
5117 177 10
5118 177.048 14
5119 177.116 10
5120 177.183 10
5121 177.251 10
5122 177.303 13
5123 177.359 12
5124 177.416 12
5125 177.483 10
5126 177.54 12
5127 177.596 12
5128 177.664 10
5129 177.731 10
5130 177.799 10
5131 177.866 10
5132 177.934 10
5133 178.002 10
5134 178.05 14
5135 178.106 12
5136 178.168 11
5137 178.229 11
5138 178.297 10
5139 178.349 13
5140 178.41 11
5141 178.478 10
5142 178.546 10
5143 178.602 12
5144 178.67 10
5145 178.737 10
5146 178.789 13
5147 178.857 10
5148 178.925 10
5149 178.992 10
5150 179.06 10
5151 179.127 10
5152 179.189 11
5153 179.256 10
5154 179.313 12
5155 179.38 10
5156 179.437 12
5157 179.485 14
5158 179.537 13
5159 179.589 13
5160 179.631 16
5161 179.699 10
5162 179.766 10
5163 179.834 10
5164 179.901 10
5165 179.969 10
5166 180.036 10
5167 180.098 11
5168 180.154 12
5169 180.203 14
5170 180.27 10
5171 180.338 10
5172 180.405 10
5173 180.454 14
5174 180.51 12
5175 180.566 12
5176 180.634 10
5177 180.701 10
5178 180.763 11
5179 180.83 10
5180 180.898 10
5181 180.954 12
5182 181.01 12
5183 181.072 11
5184 181.133 11
5185 181.201 10
5186 181.268 10
5187 181.336 10
5188 181.392 12
5189 181.449 12
5190 181.516 10
5191 181.578 11
5192 181.645 10
5193 181.707 11
5194 181.768 11
5195 181.777 71
5196 181.845 10
5197 181.913 10
5198 181.969 12
5199 182.005 19
5200 182.072 10
5201 182.14 10
5202 182.201 11
5203 182.263 11
5204 182.33 10
5205 182.387 12
5206 182.454 10
5207 182.516 11
5208 182.584 10
5209 182.651 10
5210 182.7 14
5211 182.752 13
5212 182.819 10
5213 182.864 15
5214 182.926 11
5215 182.951 27
5216 183.007 12
5217 183.069 11
5218 183.121 13
5219 183.156 19
5220 183.224 10
5221 183.292 10
5222 183.353 11
5223 183.421 10
5224 183.443 31
5225 183.504 11
5226 183.572 10
5227 183.591 36
5228 183.647 12
5229 183.709 11
5230 183.754 15
5231 183.816 11
5232 183.884 10
5233 183.951 10
5234 184.019 10
5235 184.064 15
5236 184.132 10
5237 184.2 10
5238 184.256 12
5239 184.324 10
5240 184.385 11
5241 184.442 12
5242 184.509 10
5243 184.577 10
5244 184.601 28
5245 184.658 12
5246 184.725 10
5247 184.793 10
5248 184.829 19
5249 184.896 10
5250 184.964 10
5251 185.026 11
5252 185.093 10
5253 185.161 10
5254 185.217 12
5255 185.285 10
5256 185.347 11
5257 185.381 20
5258 185.448 10
5259 185.497 14
5260 185.558 11
5261 185.626 10
5262 185.687 11
5263 185.755 10
5264 185.823 10
5265 185.879 12
5266 185.947 10
5267 186.004 12
5268 186.071 10
5269 186.128 12
5270 186.173 15
5271 186.221 14
5272 186.25 24
5273 186.317 10
5274 186.374 12
5275 186.43 12
5276 186.498 10
5277 186.56 11
5278 186.602 16
5279 186.658 12
5280 186.71 13
5281 186.772 11
5282 186.828 12
5283 186.896 10
5284 186.964 10
5285 187.031 10
5286 187.099 10
5287 187.167 10
5288 187.234 10
5289 187.302 10
5290 187.344 16
5291 187.412 10
5292 187.469 12
5293 187.525 12
5294 187.593 10
5295 187.649 12
5296 187.71 11
5297 187.778 10
5298 187.84 11
5299 187.907 10
5300 187.964 12
5301 188.031 10
5302 188.088 12
5303 188.155 10
5304 188.223 10
5305 188.291 10
5306 188.339 14
5307 188.395 12
5308 188.463 10
5309 188.505 16
5310 188.573 10
5311 188.641 10
5312 188.708 10
5313 188.76 13
5314 188.828 10
5315 188.895 10
5316 188.952 12
5317 189.008 12
5318 189.065 12
5319 189.126 11
5320 189.194 10
5321 189.261 10
5322 189.329 10
5323 189.369 17
5324 189.425 12
5325 189.493 10
5326 189.56 10
5327 189.628 10
5328 189.695 10
5329 189.763 10
5330 189.831 10
5331 189.898 10
5332 189.95 13
5333 190.012 11
5334 190.08 10
5335 190.147 10
5336 190.189 16
5337 190.257 10
5338 190.325 10
5339 190.392 10
5340 190.46 10
5341 190.528 10
5342 190.595 10
5343 190.663 10
5344 190.73 10
5345 190.798 10
5346 190.866 10
5347 190.933 10
5348 191.001 10
5349 191.069 10
5350 191.136 10
5351 191.188 13
5352 191.23 16
5353 191.298 10
5354 191.366 10
5355 191.433 10
5356 191.501 10
5357 191.569 10
5358 191.625 12
5359 191.686 11
5360 191.754 10
5361 191.81 12
5362 191.872 11
5363 191.933 11
5364 191.978 15
5365 192.035 12
5366 192.091 12
5367 192.147 12
5368 192.215 10
5369 192.282 10
5370 192.344 11
5371 192.4 12
5372 192.456 12
5373 192.524 10
5374 192.592 10
5375 192.659 10
5376 192.707 14
5377 192.764 12
5378 192.82 12
5379 192.888 10
5380 192.955 10
5381 193.023 10
5382 193.079 12
5383 193.136 12
5384 193.203 10
5385 193.271 10
5386 193.327 12
5387 193.383 12
5388 193.451 10
5389 193.496 15
5390 193.552 12
5391 193.614 11
5392 193.651 18
5393 193.719 10
5394 193.767 14
5395 193.829 11
5396 193.871 16
5397 193.927 12
5398 193.995 10
5399 194.062 10
5400 194.119 12
5401 194.186 10
5402 194.243 12
5403 194.295 13
5404 194.351 12
5405 194.419 10
5406 194.48 11
5407 194.532 13
5408 194.6 10
5409 194.652 13
5410 194.708 12
5411 194.77 11
5412 194.831 11
5413 194.892 11
5414 194.96 10
5415 195.028 10
5416 195.084 12
5417 195.14 12
5418 195.188 14
5419 195.24 13
5420 195.308 10
5421 195.376 10
5422 195.432 12
5423 195.474 16
5424 195.542 10
5425 195.598 12
5426 195.665 10
5427 195.727 11
5428 195.794 10
5429 195.839 15
5430 195.896 12
5431 195.963 10
5432 196.005 16
5433 196.073 10
5434 196.121 14
5435 196.189 10
5436 196.241 13
5437 196.297 12
5438 196.365 10
5439 196.432 10
5440 196.494 11
5441 196.55 12
5442 196.602 13
5443 196.658 12
5444 196.715 12
5445 196.782 10
5446 196.844 11
5447 196.905 11
5448 196.925 34
5449 196.986 11
5450 197.048 11
5451 197.104 12
5452 197.172 10
5453 197.228 12
5454 197.296 10
5455 197.352 12
5456 197.42 10
5457 197.481 11
5458 197.549 10
5459 197.617 10
5460 197.673 12
5461 197.721 14
5462 197.766 15
5463 197.819 13
5464 197.88 11
5465 197.948 10
5466 198.004 12
5467 198.065 11
5468 198.122 12
5469 198.189 10
5470 198.251 11
5471 198.319 10
5472 198.375 12
5473 198.431 12
5474 198.499 10
5475 198.555 12
5476 198.623 10
5477 198.679 12
5478 198.713 20
5479 198.774 11
5480 198.836 11
5481 198.892 12
5482 198.96 10
5483 199.008 14
5484 199.076 10
5485 199.128 13
5486 199.195 10
5487 199.247 13
5488 199.296 14
5489 199.363 10
5490 199.42 12
5491 199.481 11
5492 199.533 13
5493 199.589 12
5494 199.657 10
5495 199.713 12
5496 199.77 12
5497 199.831 11
5498 199.899 10
5499 199.96 11
5500 200.028 10
5501 200.084 12
5502 200.146 11
5503 200.213 10
5504 200.275 11
5505 200.317 16
5506 200.378 11
5507 200.44 11
5508 200.507 10
5509 200.549 16
5510 200.617 10
5511 200.685 10
5512 200.733 14
5513 200.8 10
5514 200.849 14
5515 200.916 10
5516 200.984 10
5517 201.051 10
5518 201.119 10
5519 201.187 10
5520 201.254 10
5521 201.302 14
5522 201.37 10
5523 201.438 10
5524 201.505 10
5525 201.567 11
5526 201.634 10
5527 201.696 11
5528 201.752 12
5529 201.82 10
5530 201.881 11
5531 201.949 10
5532 202.01 11
5533 202.078 10
5534 202.139 11
5535 202.207 10
5536 202.274 10
5537 202.326 13
5538 202.364 18
5539 202.432 10
5540 202.488 12
5541 202.549 11
5542 202.611 11
5543 202.678 10
5544 202.74 11
5545 202.796 12
5546 202.858 11
5547 202.925 10
5548 202.993 10
5549 203.045 13
5550 203.082 18
5551 203.131 14
5552 203.192 11
5553 203.26 10
5554 203.308 14
5555 203.376 10
5556 203.437 11
5557 203.505 10
5558 203.572 10
5559 203.629 12
5560 203.658 23
5561 203.719 11
5562 203.787 10
5563 203.855 10
5564 203.897 16
5565 203.965 10
5566 204.026 11
5567 204.094 10
5568 204.161 10
5569 204.223 11
5570 204.29 10
5571 204.358 10
5572 204.426 10
5573 204.482 12
5574 204.55 10
5575 204.595 15
5576 204.656 11
5577 204.718 11
5578 204.77 13
5579 204.837 10
5580 204.905 10
5581 204.957 13
5582 205.024 10
5583 205.086 11
5584 205.153 10
5585 205.221 10
5586 205.289 10
5587 205.356 10
5588 205.418 11
5589 205.485 10
5590 205.553 10
5591 205.614 11
5592 205.682 10
5593 205.749 10
5594 205.806 12
5595 205.854 14
5596 205.902 14
5597 205.959 12
5598 206.015 12
5599 206.072 12
5600 206.128 12
5601 206.195 10
5602 206.257 11
5603 206.318 11
5604 206.38 11
5605 206.447 10
5606 206.504 12
5607 206.552 14
5608 206.608 12
5609 206.676 10
5610 206.738 11
5611 206.79 13
5612 206.857 10
5613 206.925 10
5614 206.992 10
5615 207.037 15
5616 207.105 10
5617 207.173 10
5618 207.24 10
5619 207.308 10
5620 207.364 12
5621 207.431 10
5622 207.471 17
5623 207.533 11
5624 207.578 15
5625 207.634 12
5626 207.695 11
5627 207.744 14
5628 207.8 12
5629 207.856 12
5630 207.913 12
5631 207.965 13
5632 208.032 10
5633 208.088 12
5634 208.145 12
5635 208.201 12
5636 208.253 13
5637 208.32 10
5638 208.388 10
5639 208.456 10
5640 208.523 10
5641 208.591 10
5642 208.658 10
5643 208.726 10
5644 208.793 10
5645 208.838 15
5646 208.9 11
5647 208.956 12
5648 209.012 12
5649 209.08 10
5650 209.147 10
5651 209.215 10
5652 209.283 10
5653 209.35 10
5654 209.418 10
5655 209.485 10
5656 209.547 11
5657 209.614 10
5658 209.682 10
5659 209.715 20
5660 209.772 12
5661 209.839 10
5662 209.901 11
5663 209.957 12
5664 210.024 10
5665 210.081 12
5666 210.148 10
5667 210.216 10
5668 210.272 12
5669 210.34 10
5670 210.407 10
5671 210.449 16
5672 210.517 10
5673 210.565 14
5674 210.627 11
5675 210.65 29
5676 210.717 10
5677 210.774 12
5678 210.841 10
5679 210.909 10
5680 210.965 12
5681 211.033 10
5682 211.1 10
5683 211.152 13
5684 211.22 10
5685 211.288 10
5686 211.344 12
5687 211.405 11
5688 211.462 12
5689 211.514 13
5690 211.546 21
5691 211.594 14
5692 211.662 10
5693 211.729 10
5694 211.797 10
5695 211.865 10
5696 211.921 12
5697 211.973 13
5698 212.021 14
5699 212.083 11
5700 212.15 10
5701 212.199 14
5702 212.26 11
5703 212.308 14
5704 212.357 14
5705 212.399 16
5706 212.466 10
5707 212.523 12
5708 212.584 11
5709 212.652 10
5710 212.719 10
5711 212.762 16
5712 212.818 12
5713 212.886 10
5714 212.893 86
5715 212.945 13
5716 213.007 11
5717 213.038 22
5718 213.094 12
5719 213.162 10
5720 213.229 10
5721 213.297 10
5722 213.364 10
5723 213.432 10
5724 213.5 10
5725 213.567 10
5726 213.635 10
5727 213.691 12
5728 213.759 10
5729 213.827 10
5730 213.894 10
5731 213.962 10
5732 214.01 14
5733 214.078 10
5734 214.145 10
5735 214.213 10
5736 214.281 10
5737 214.348 10
5738 214.416 10
5739 214.483 10
5740 214.551 10
5741 214.619 10
5742 214.667 14
5743 214.703 19
5744 214.755 13
5745 214.803 14
5746 214.859 12
5747 214.916 12
5748 214.983 10
5749 215.035 13
5750 215.091 12
5751 215.148 12
5752 215.215 10
5753 215.272 12
5754 215.339 10
5755 215.407 10
5756 215.475 10
5757 215.542 10
5758 215.599 12
5759 215.655 12
5760 215.677 31
5761 215.744 10
5762 215.796 13
5763 215.864 10
5764 215.931 10
5765 215.993 11
5766 216.061 10
5767 216.128 10
5768 216.184 12
5769 216.241 12
5770 216.297 12
5771 216.353 12
5772 216.405 13
5773 216.454 14
5774 216.521 10
5775 216.589 10
5776 216.657 10
5777 216.724 10
5778 216.786 11
5779 216.853 10
5780 216.915 11
5781 216.971 12
5782 217.019 14
5783 217.087 10
5784 217.148 11
5785 217.216 10
5786 217.284 10
5787 217.351 10
5788 217.408 12
5789 217.464 12
5790 217.532 10
5791 217.584 13
5792 217.651 10
5793 217.719 10
5794 217.775 12
5795 217.843 10
5796 217.895 13
5797 217.956 11
5798 218.024 10
5799 218.092 10
5800 218.153 11
5801 218.209 12
5802 218.231 31
5803 218.293 11
5804 218.349 12
5805 218.417 10
5806 218.484 10
5807 218.552 10
5808 218.62 10
5809 218.687 10
5810 218.744 12
5811 218.811 10
5812 218.868 12
5813 218.929 11
5814 218.997 10
5815 219.064 10
5816 219.132 10
5817 219.188 12
5818 219.245 12
5819 219.301 12
5820 219.369 10
5821 219.417 14
5822 219.448 22
5823 219.51 11
5824 219.577 10
5825 219.645 10
5826 219.713 10
5827 219.774 11
5828 219.842 10
5829 219.894 13
5830 219.939 15
5831 219.995 12
5832 220.063 10
5833 220.119 12
5834 220.187 10
5835 220.243 12
5836 220.292 14
5837 220.359 10
5838 220.416 12
5839 220.472 12
5840 220.54 10
5841 220.596 12
5842 220.664 10
5843 220.716 13
5844 220.783 10
5845 220.845 11
5846 220.912 10
5847 220.964 13
5848 221.021 12
5849 221.088 10
5850 221.156 10
5851 221.212 12
5852 221.274 11
5853 221.309 19
5854 221.377 10
5855 221.433 12
5856 221.482 14
5857 221.549 10
5858 221.606 12
5859 221.673 10
5860 221.741 10
5861 221.793 13
5862 221.835 16
5863 221.892 12
5864 221.959 10
5865 222.027 10
5866 222.083 12
5867 222.151 10
5868 222.212 11
5869 222.28 10
5870 222.325 15
5871 222.392 10
5872 222.449 12
5873 222.51 11
5874 222.578 10
5875 222.645 10
5876 222.707 11
5877 222.774 10
5878 222.836 11
5879 222.888 13
5880 222.944 12
5881 223.012 10
5882 223.079 10
5883 223.131 13
5884 223.199 10
5885 223.267 10
5886 223.334 10
5887 223.396 11
5888 223.463 10
5889 223.531 10
5890 223.598 10
5891 223.647 14
5892 223.703 12
5893 223.771 10
5894 223.838 10
5895 223.906 10
5896 223.974 10
5897 224.041 10
5898 224.103 11
5899 224.155 13
5900 224.216 11
5901 224.284 10
5902 224.351 10
5903 224.413 11
5904 224.48 10
5905 224.532 13
5906 224.581 14
5907 224.648 10
5908 224.71 11
5909 224.777 10
5910 224.82 16
5911 224.872 13
5912 224.939 10
5913 225.007 10
5914 225.063 12
5915 225.119 12
5916 225.187 10
5917 225.248 11
5918 225.296 14
5919 225.364 10
5920 225.406 16
5921 225.468 11
5922 225.535 10
5923 225.603 10
5924 225.664 11
5925 225.721 12
5926 225.769 14
5927 225.825 12
5928 225.893 10
5929 225.96 10
5930 226.016 12
5931 226.084 10
5932 226.145 11
5933 226.213 10
5934 226.274 11
5935 226.342 10
5936 226.41 10
5937 226.466 12
5938 226.533 10
5939 226.601 10
5940 226.657 12
5941 226.725 10
5942 226.793 10
5943 226.849 12
5944 226.916 10
5945 226.968 13
5946 227.025 12
5947 227.086 11
5948 227.143 12
5949 227.21 10
5950 227.278 10
5951 227.334 12
5952 227.402 10
5953 227.469 10
5954 227.514 15
5955 227.582 10
5956 227.65 10
5957 227.717 10
5958 227.785 10
5959 227.853 10
5960 227.895 16
5961 227.962 10
5962 228.03 10
5963 228.078 14
5964 228.14 11
5965 228.207 10
5966 228.245 18
5967 228.29 15
5968 228.358 10
5969 228.425 10
5970 228.482 12
5971 228.538 12
5972 228.606 10
5973 228.673 10
5974 228.741 10
5975 228.809 10
5976 228.865 12
5977 228.933 10
5978 228.981 14
5979 229.048 10
5980 229.097 14
5981 229.164 10
5982 229.192 24
5983 229.254 11
5984 229.31 12
5985 229.358 14
5986 229.426 10
5987 229.494 10
5988 229.561 10
5989 229.629 10
5990 229.696 10
5991 229.764 10
5992 229.832 10
5993 229.899 10
5994 229.967 10
5995 230.034 10
5996 230.079 15
5997 230.141 11
5998 230.208 10
5999 230.265 12
vvvv>>>>G
>>>>>>>>^
^^>^^>^^^
^#######^
^<<>>>>>^
^<<>>>>>^

